Log file open, 07/17/18 15:02:06
LogWindows: Failed to load 'aqProf.dll' (GetLastError=126)
LogWindows: File 'aqProf.dll' does not exist
LogWindows: Failed to load 'VtuneApi.dll' (GetLastError=126)
LogWindows: File 'VtuneApi.dll' does not exist
LogWindows: Failed to load 'VtuneApi32e.dll' (GetLastError=126)
LogWindows: File 'VtuneApi32e.dll' does not exist
LogInit: Display: Running engine for game: ArchVisDemo
LogPlatformFile: Not using cached read wrapper
LogInit: Display: RandInit(893634210) SRandInit(893634210).
LogInit: Read version file with build ID '3944462'
LogInit: Overriding engine version to CL 4033788, compatible CL 3944462
LogInit: Registered custom module enumerator with build ID '3944462'
LogTaskGraph: Started task graph with 5 named threads and 11 total threads with 3 sets of task threads.
LogStats: Stats thread started at 0.152170
LogD3D11RHI: Aftermath initialized
LogICUInternationalization: Display: ICU TimeZone Detection - Raw Offset: +5:30, Platform Override: ''
LogModuleManager: Display: Found up-to-date module file ../../../Engine/Plugins/2D/Paper2D/Binaries/Win64/UE4Editor-Paper2D.dll (API version 3944462).
LogModuleManager: Display: Found up-to-date module file ../../../Engine/Plugins/2D/Paper2D/Binaries/Win64/UE4Editor-Paper2DEditor.dll (API version 3944462).
LogModuleManager: Display: Found up-to-date module file ../../../Engine/Plugins/2D/Paper2D/Binaries/Win64/UE4Editor-PaperSpriteSheetImporter.dll (API version 3944462).
LogModuleManager: Display: Found up-to-date module file ../../../Engine/Plugins/2D/Paper2D/Binaries/Win64/UE4Editor-PaperTiledImporter.dll (API version 3944462).
LogModuleManager: Display: Found up-to-date module file ../../../Engine/Plugins/2D/Paper2D/Binaries/Win64/UE4Editor-SmartSnapping.dll (API version 3944462).
LogModuleManager: Display: Found up-to-date module file ../../../Engine/Plugins/Blendables/LightPropagationVolume/Binaries/Win64/UE4Editor-LightPropagationVolumeRuntime.dll (API version 3944462).
LogModuleManager: Display: Found up-to-date module file ../../../Engine/Plugins/Blendables/LightPropagationVolume/Binaries/Win64/UE4Editor-LightPropagationVolumeEditor.dll (API version 3944462).
LogModuleManager: Display: Found up-to-date module file ../../../Engine/Plugins/Developer/CLionSourceCodeAccess/Binaries/Win64/UE4Editor-CLionSourceCodeAccess.dll (API version 3944462).
LogModuleManager: Display: Found up-to-date module file ../../../Engine/Plugins/Developer/GitSourceControl/Binaries/Win64/UE4Editor-GitSourceControl.dll (API version 3944462).
LogModuleManager: Display: Found up-to-date module file ../../../Engine/Plugins/Developer/PerforceSourceControl/Binaries/Win64/UE4Editor-PerforceSourceControl.dll (API version 3944462).
LogModuleManager: Display: Found up-to-date module file ../../../Engine/Plugins/Developer/SubversionSourceControl/Binaries/Win64/UE4Editor-SubversionSourceControl.dll (API version 3944462).
LogModuleManager: Display: Found up-to-date module file ../../../Engine/Plugins/Developer/UObjectPlugin/Binaries/Win64/UE4Editor-UObjectPlugin.dll (API version 3944462).
LogModuleManager: Display: Found up-to-date module file ../../../Engine/Plugins/Developer/VisualStudioCodeSourceCodeAccess/Binaries/Win64/UE4Editor-VisualStudioCodeSourceCodeAccess.dll (API version 3944462).
LogModuleManager: Display: Found up-to-date module file ../../../Engine/Plugins/Developer/VisualStudioSourceCodeAccess/Binaries/Win64/UE4Editor-VisualStudioSourceCodeAccess.dll (API version 3944462).
LogModuleManager: Display: Found up-to-date module file ../../../Engine/Plugins/Editor/AssetManagerEditor/Binaries/Win64/UE4Editor-AssetManagerEditor.dll (API version 3944462).
LogModuleManager: Display: Found up-to-date module file ../../../Engine/Plugins/Editor/CryptoKeys/Binaries/Win64/UE4Editor-CryptoKeys.dll (API version 3944462).
LogModuleManager: Display: Found up-to-date module file ../../../Engine/Plugins/Editor/CryptoKeys/Binaries/Win64/UE4Editor-CryptoKeysOpenSSL.dll (API version 3944462).
LogModuleManager: Display: Found up-to-date module file ../../../Engine/Plugins/Editor/DataValidation/Binaries/Win64/UE4Editor-DataValidation.dll (API version 3944462).
LogModuleManager: Display: Found up-to-date module file ../../../Engine/Plugins/Editor/FacialAnimation/Binaries/Win64/UE4Editor-FacialAnimation.dll (API version 3944462).
LogModuleManager: Display: Found up-to-date module file ../../../Engine/Plugins/Editor/FacialAnimation/Binaries/Win64/UE4Editor-FacialAnimationEditor.dll (API version 3944462).
LogModuleManager: Display: Found up-to-date module file ../../../Engine/Plugins/Editor/GameplayTagsEditor/Binaries/Win64/UE4Editor-GameplayTagsEditor.dll (API version 3944462).
LogModuleManager: Display: Found up-to-date module file ../../../Engine/Plugins/Editor/MobileLauncherProfileWizard/Binaries/Win64/UE4Editor-MobileLauncherProfileWizard.dll (API version 3944462).
LogModuleManager: Display: Found up-to-date module file ../../../Engine/Plugins/Editor/PluginBrowser/Binaries/Win64/UE4Editor-PluginBrowser.dll (API version 3944462).
LogModuleManager: Display: Found up-to-date module file ../../../Engine/Plugins/Editor/SpeedTreeImporter/Binaries/Win64/UE4Editor-SpeedTreeImporter.dll (API version 3944462).
LogModuleManager: Display: Found up-to-date module file ../../../Engine/Plugins/Enterprise/DatasmithContent/Binaries/Win64/UE4Editor-DatasmithContent.dll (API version 3944462).
LogModuleManager: Display: Found up-to-date module file ../../../Engine/Plugins/Experimental/AlembicImporter/Binaries/Win64/UE4Editor-AlembicImporter.dll (API version 3944462).
LogModuleManager: Display: Found up-to-date module file ../../../Engine/Plugins/Experimental/AlembicImporter/Binaries/Win64/UE4Editor-AlembicLibrary.dll (API version 3944462).
LogModuleManager: Display: Found up-to-date module file ../../../Engine/Plugins/Experimental/CharacterAI/Binaries/Win64/UE4Editor-CharacterAI.dll (API version 3944462).
LogModuleManager: Display: Found up-to-date module file ../../../Engine/Plugins/Experimental/HTML5Networking/Binaries/Win64/UE4Editor-HTML5Networking.dll (API version 3944462).
LogModuleManager: Display: Found up-to-date module file ../../../Engine/Plugins/Media/AndroidMedia/Binaries/Win64/UE4Editor-AndroidMediaEditor.dll (API version 3944462).
LogModuleManager: Display: Found up-to-date module file ../../../Engine/Plugins/Media/AndroidMedia/Binaries/Win64/UE4Editor-AndroidMediaFactory.dll (API version 3944462).
LogModuleManager: Display: Found up-to-date module file ../../../Engine/Plugins/Media/AvfMedia/Binaries/Win64/UE4Editor-AvfMediaEditor.dll (API version 3944462).
LogModuleManager: Display: Found up-to-date module file ../../../Engine/Plugins/Media/AvfMedia/Binaries/Win64/UE4Editor-AvfMediaFactory.dll (API version 3944462).
LogModuleManager: Display: Found up-to-date module file ../../../Engine/Plugins/Media/AvfMedia/Binaries/Win64/UE4Editor-AvfMediaFactory.dll (API version 3944462).
LogModuleManager: Display: Found up-to-date module file ../../../Engine/Plugins/Media/ImgMedia/Binaries/Win64/UE4Editor-ImgMedia.dll (API version 3944462).
LogModuleManager: Display: Found up-to-date module file ../../../Engine/Plugins/Media/ImgMedia/Binaries/Win64/UE4Editor-ImgMediaEditor.dll (API version 3944462).
LogModuleManager: Display: Found up-to-date module file ../../../Engine/Plugins/Media/ImgMedia/Binaries/Win64/UE4Editor-ImgMediaFactory.dll (API version 3944462).
LogModuleManager: Display: Found up-to-date module file ../../../Engine/Plugins/Media/ImgMedia/Binaries/Win64/UE4Editor-ImgMediaFactory.dll (API version 3944462).
LogModuleManager: Display: Found up-to-date module file ../../../Engine/Plugins/Media/ImgMedia/Binaries/Win64/UE4Editor-OpenExrWrapper.dll (API version 3944462).
LogModuleManager: Display: Found up-to-date module file ../../../Engine/Plugins/Media/LinearTimecode/Binaries/Win64/UE4Editor-LinearTimecode.dll (API version 3944462).
LogModuleManager: Display: Found up-to-date module file ../../../Engine/Plugins/Media/MediaCompositing/Binaries/Win64/UE4Editor-MediaCompositing.dll (API version 3944462).
LogModuleManager: Display: Found up-to-date module file ../../../Engine/Plugins/Media/MediaCompositing/Binaries/Win64/UE4Editor-MediaCompositingEditor.dll (API version 3944462).
LogModuleManager: Display: Found up-to-date module file ../../../Engine/Plugins/Media/MediaPlayerEditor/Binaries/Win64/UE4Editor-MediaPlayerEditor.dll (API version 3944462).
LogModuleManager: Display: Found up-to-date module file ../../../Engine/Plugins/Media/WmfMedia/Binaries/Win64/UE4Editor-WmfMedia.dll (API version 3944462).
LogModuleManager: Display: Found up-to-date module file ../../../Engine/Plugins/Media/WmfMedia/Binaries/Win64/UE4Editor-WmfMediaEditor.dll (API version 3944462).
LogModuleManager: Display: Found up-to-date module file ../../../Engine/Plugins/Media/WmfMedia/Binaries/Win64/UE4Editor-WmfMediaFactory.dll (API version 3944462).
LogModuleManager: Display: Found up-to-date module file ../../../Engine/Plugins/Media/WmfMedia/Binaries/Win64/UE4Editor-WmfMediaFactory.dll (API version 3944462).
LogModuleManager: Display: Found up-to-date module file ../../../Engine/Plugins/Messaging/TcpMessaging/Binaries/Win64/UE4Editor-TcpMessaging.dll (API version 3944462).
LogModuleManager: Display: Found up-to-date module file ../../../Engine/Plugins/Messaging/UdpMessaging/Binaries/Win64/UE4Editor-UdpMessaging.dll (API version 3944462).
LogModuleManager: Display: Found up-to-date module file ../../../Engine/Plugins/MovieScene/ActorSequence/Binaries/Win64/UE4Editor-ActorSequence.dll (API version 3944462).
LogModuleManager: Display: Found up-to-date module file ../../../Engine/Plugins/MovieScene/LevelSequenceEditor/Binaries/Win64/UE4Editor-LevelSequenceEditor.dll (API version 3944462).
LogModuleManager: Display: Found up-to-date module file ../../../Engine/Plugins/MovieScene/MatineeToLevelSequence/Binaries/Win64/UE4Editor-MatineeToLevelSequence.dll (API version 3944462).
LogModuleManager: Display: Found up-to-date module file ../../../Engine/Plugins/NetcodeUnitTest/NetcodeUnitTest/Binaries/Win64/UE4Editor-NetcodeUnitTest.dll (API version 3944462).
LogModuleManager: Display: Found up-to-date module file ../../../Engine/Plugins/NetcodeUnitTest/NUTUnrealEngine4/Binaries/Win64/UE4Editor-NUTUnrealEngine4.dll (API version 3944462).
LogModuleManager: Display: Found up-to-date module file ../../../Engine/Plugins/Online/OnlineSubsystem/Binaries/Win64/UE4Editor-OnlineSubsystem.dll (API version 3944462).
LogModuleManager: Display: Found up-to-date module file ../../../Engine/Plugins/Runtime/AndroidPermission/Binaries/Win64/UE4Editor-AndroidPermission.dll (API version 3944462).
LogModuleManager: Display: Found up-to-date module file ../../../Engine/Plugins/Online/OnlineSubsystemNull/Binaries/Win64/UE4Editor-OnlineSubsystemNull.dll (API version 3944462).
LogModuleManager: Display: Found up-to-date module file ../../../Engine/Plugins/Online/OnlineSubsystemUtils/Binaries/Win64/UE4Editor-OnlineSubsystemUtils.dll (API version 3944462).
LogModuleManager: Display: Found up-to-date module file ../../../Engine/Plugins/Online/OnlineSubsystemUtils/Binaries/Win64/UE4Editor-OnlineBlueprintSupport.dll (API version 3944462).
LogModuleManager: Display: Found up-to-date module file ../../../Engine/Plugins/Runtime/AndroidDeviceProfileSelector/Binaries/Win64/UE4Editor-AndroidDeviceProfileSelector.dll (API version 3944462).
LogModuleManager: Display: Found up-to-date module file ../../../Engine/Plugins/Runtime/AppleARKit/Binaries/Win64/UE4Editor-AppleARKit.dll (API version 3944462).
LogModuleManager: Display: Found up-to-date module file ../../../Engine/Plugins/Runtime/ProceduralMeshComponent/Binaries/Win64/UE4Editor-ProceduralMeshComponent.dll (API version 3944462).
LogModuleManager: Display: Found up-to-date module file ../../../Engine/Plugins/Runtime/ProceduralMeshComponent/Binaries/Win64/UE4Editor-ProceduralMeshComponentEditor.dll (API version 3944462).
LogModuleManager: Display: Found up-to-date module file ../../../Engine/Plugins/Animation/LiveLink/Binaries/Win64/UE4Editor-LiveLink.dll (API version 3944462).
LogModuleManager: Display: Found up-to-date module file ../../../Engine/Plugins/Animation/LiveLink/Binaries/Win64/UE4Editor-LiveLinkEditor.dll (API version 3944462).
LogModuleManager: Display: Found up-to-date module file ../../../Engine/Plugins/Runtime/ArchVisCharacter/Binaries/Win64/UE4Editor-ArchVisCharacter.dll (API version 3944462).
LogModuleManager: Display: Found up-to-date module file ../../../Engine/Plugins/Runtime/AudioCapture/Binaries/Win64/UE4Editor-AudioCapture.dll (API version 3944462).
LogModuleManager: Display: Found up-to-date module file ../../../Engine/Plugins/Runtime/AudioCapture/Binaries/Win64/UE4Editor-AudioCaptureEditor.dll (API version 3944462).
LogModuleManager: Display: Found up-to-date module file ../../../Engine/Plugins/Runtime/CableComponent/Binaries/Win64/UE4Editor-CableComponent.dll (API version 3944462).
LogModuleManager: Display: Found up-to-date module file ../../../Engine/Plugins/Runtime/CustomMeshComponent/Binaries/Win64/UE4Editor-CustomMeshComponent.dll (API version 3944462).
LogModuleManager: Display: Found up-to-date module file ../../../Engine/Plugins/Runtime/ExampleDeviceProfileSelector/Binaries/Win64/UE4Editor-ExampleDeviceProfileSelector.dll (API version 3944462).
LogModuleManager: Display: Found up-to-date module file ../../../Engine/Plugins/Runtime/ImmediatePhysics/Binaries/Win64/UE4Editor-ImmediatePhysics.dll (API version 3944462).
LogModuleManager: Display: Found up-to-date module file ../../../Engine/Plugins/Runtime/ImmediatePhysics/Binaries/Win64/UE4Editor-ImmediatePhysicsEditor.dll (API version 3944462).
LogModuleManager: Display: Found up-to-date module file ../../../Engine/Plugins/Runtime/LocationServicesBPLibrary/Binaries/Win64/UE4Editor-LocationServicesBPLibrary.dll (API version 3944462).
LogModuleManager: Display: Found up-to-date module file ../../../Engine/Plugins/Runtime/MobilePatchingUtils/Binaries/Win64/UE4Editor-MobilePatchingUtils.dll (API version 3944462).
LogModuleManager: Display: Found up-to-date module file ../../../Engine/Plugins/Runtime/Oculus/OculusVR/Binaries/Win64/UE4Editor-OculusHMD.dll (API version 3944462).
LogModuleManager: Display: Found up-to-date module file ../../../Engine/Plugins/Runtime/Oculus/OculusVR/Binaries/Win64/UE4Editor-OculusInput.dll (API version 3944462).
LogModuleManager: Display: Found up-to-date module file ../../../Engine/Plugins/Runtime/Oculus/OculusVR/Binaries/Win64/UE4Editor-OculusEditor.dll (API version 3944462).
LogModuleManager: Display: Found up-to-date module file ../../../Engine/Plugins/Runtime/PhysXVehicles/Binaries/Win64/UE4Editor-PhysXVehicles.dll (API version 3944462).
LogModuleManager: Display: Found up-to-date module file ../../../Engine/Plugins/Runtime/PhysXVehicles/Binaries/Win64/UE4Editor-PhysXVehiclesEditor.dll (API version 3944462).
LogModuleManager: Display: Found up-to-date module file ../../../Engine/Plugins/Runtime/RuntimePhysXCooking/Binaries/Win64/UE4Editor-RuntimePhysXCooking.dll (API version 3944462).
LogModuleManager: Display: Found up-to-date module file ../../../Engine/Plugins/Runtime/Steam/SteamVR/Binaries/Win64/UE4Editor-SteamVR.dll (API version 3944462).
LogModuleManager: Display: Found up-to-date module file ../../../Engine/Plugins/Runtime/Steam/SteamVR/Binaries/Win64/UE4Editor-SteamVRController.dll (API version 3944462).
LogModuleManager: Display: Found up-to-date module file ../../../Engine/Plugins/Runtime/WindowsMoviePlayer/Binaries/Win64/UE4Editor-WindowsMoviePlayer.dll (API version 3944462).
LogPluginManager: Mounting plugin Paper2D
LogPluginManager: Mounting plugin LiveLink
LogPluginManager: Mounting plugin LightPropagationVolume
LogPluginManager: Mounting plugin CLionSourceCodeAccess
LogPluginManager: Mounting plugin CodeLiteSourceCodeAccess
LogPluginManager: Mounting plugin GitSourceControl
LogPluginManager: Mounting plugin KDevelopSourceCodeAccess
LogPluginManager: Mounting plugin NullSourceCodeAccess
LogPluginManager: Mounting plugin PerforceSourceControl
LogPluginManager: Mounting plugin SubversionSourceControl
LogPluginManager: Mounting plugin UObjectPlugin
LogPluginManager: Mounting plugin VisualStudioCodeSourceCodeAccess
LogPluginManager: Mounting plugin VisualStudioSourceCodeAccess
LogPluginManager: Mounting plugin XCodeSourceCodeAccess
LogPluginManager: Mounting plugin AssetManagerEditor
LogPluginManager: Mounting plugin CryptoKeys
LogPluginManager: Mounting plugin DataValidation
LogPluginManager: Mounting plugin FacialAnimation
LogPluginManager: Mounting plugin GameplayTagsEditor
LogPluginManager: Mounting plugin MobileLauncherProfileWizard
LogPluginManager: Mounting plugin PluginBrowser
LogPluginManager: Mounting plugin SpeedTreeImporter
LogPluginManager: Mounting plugin DatasmithContent
LogPluginManager: Mounting plugin AlembicImporter
LogPluginManager: Mounting plugin CharacterAI
LogPluginManager: Mounting plugin HTML5Networking
LogPluginManager: Mounting plugin AndroidMedia
LogPluginManager: Mounting plugin AvfMedia
LogPluginManager: Mounting plugin ImgMedia
LogPluginManager: Mounting plugin LinearTimecode
LogPluginManager: Mounting plugin MediaCompositing
LogPluginManager: Mounting plugin MediaPlayerEditor
LogPluginManager: Mounting plugin WmfMedia
LogPluginManager: Mounting plugin TcpMessaging
LogPluginManager: Mounting plugin UdpMessaging
LogPluginManager: Mounting plugin ActorSequence
LogPluginManager: Mounting plugin LevelSequenceEditor
LogPluginManager: Mounting plugin MatineeToLevelSequence
LogPluginManager: Mounting plugin NetcodeUnitTest
LogPluginManager: Mounting plugin NUTUnrealEngine4
LogPluginManager: Mounting plugin OnlineSubsystemGooglePlay
LogPluginManager: Mounting plugin OnlineSubsystemIOS
LogPluginManager: Mounting plugin OnlineSubsystem
LogPluginManager: Mounting plugin OnlineSubsystemNull
LogPluginManager: Mounting plugin OnlineSubsystemUtils
LogPluginManager: Mounting plugin AndroidDeviceProfileSelector
LogPluginManager: Mounting plugin AndroidMoviePlayer
LogPluginManager: Mounting plugin AndroidPermission
LogPluginManager: Mounting plugin AppleARKit
LogPluginManager: Mounting plugin AppleMoviePlayer
LogPluginManager: Mounting plugin ArchVisCharacter
LogPluginManager: Mounting plugin AudioCapture
LogPluginManager: Mounting plugin CableComponent
LogPluginManager: Mounting plugin CustomMeshComponent
LogPluginManager: Mounting plugin ExampleDeviceProfileSelector
LogPluginManager: Mounting plugin GoogleCloudMessaging
LogPluginManager: Mounting plugin ImmediatePhysics
LogPluginManager: Mounting plugin IOSDeviceProfileSelector
LogPluginManager: Mounting plugin LinuxDeviceProfileSelector
LogPluginManager: Mounting plugin LocationServicesBPLibrary
LogPluginManager: Mounting plugin MobilePatchingUtils
LogPluginManager: Mounting plugin OculusVR
LogPluginManager: Plugin shader directory ../../../Engine/Plugins/Runtime/Oculus/OculusVR/Shaders found
LogPluginManager: Mapping shader source directory ../../../Engine/Plugins/Runtime/Oculus/OculusVR/Shaders to virtual directory /Plugin/OculusVR
LogPluginManager: Mounting plugin PhysXVehicles
LogPluginManager: Mounting plugin ProceduralMeshComponent
LogPluginManager: Mounting plugin RuntimePhysXCooking
LogPluginManager: Mounting plugin SteamVR
LogPluginManager: Mounting plugin WindowsMoviePlayer
LogStreaming: Display: Took  2.017s to configure plugins.
LogInit: Using libcurl 7.47.1
LogInit:  - built for x86_64-pc-win32
LogInit:  - supports SSL with OpenSSL/1.0.2g
LogInit:  - supports HTTP deflate (compression) using libz 1.2.8
LogInit:  - other features:
LogInit:      CURL_VERSION_SSL
LogInit:      CURL_VERSION_LIBZ
LogInit:      CURL_VERSION_IPV6
LogInit:      CURL_VERSION_ASYNCHDNS
LogInit:      CURL_VERSION_LARGEFILE
LogInit:      CURL_VERSION_IDN
LogInit:  CurlRequestOptions (configurable via config and command line):
LogInit:  - bVerifyPeer = false  - Libcurl will NOT verify peer certificate
LogInit:  - bUseHttpProxy = false  - Libcurl will NOT use HTTP proxy
LogInit:  - bDontReuseConnections = false  - Libcurl will reuse connections
LogInit:  - CertBundlePath = nullptr  - Libcurl will use whatever was configured at build time.
LogInit:  - MaxHostConnections = 16  - Libcurl will limit the number of connections to a host
LogInit:  - LocalHostAddr = Default
LogInit: WinSock: version 1.1 (2.2), MaxSocks=32767, MaxUdp=65467
LogInit: WinSock: I am LAPTOP-SNI5BBA7 (192.168.0.21:0)
LogInit: Build: ++UE4+Release-4.19-CL-4033788
LogInit: Engine Version: 4.19.2-4033788+++UE4+Release-4.19
LogInit: Compatible Engine Version: 4.19.0-3944462+++UE4+Release-4.19
LogInit: Net CL: 3944462
LogDevObjectVersion: Number of dev versions registered: 18
LogDevObjectVersion:   Dev-Blueprints (B0D832E4-1F89-4F0D-ACCF-7EB736FD4AA2): 10
LogDevObjectVersion:   Dev-Build (E1C64328-A22C-4D53-A36C-8E866417BD8C): 0
LogDevObjectVersion:   Dev-Core (375EC13C-06E4-48FB-B500-84F0262A717E): 2
LogDevObjectVersion:   Dev-Editor (E4B068ED-F494-42E9-A231-DA0B2E46BB41): 23
LogDevObjectVersion:   Dev-Framework (CFFC743F-43B0-4480-9391-14DF171D2073): 33
LogDevObjectVersion:   Dev-Mobile (B02B49B5-BB20-44E9-A304-32B752E40360): 2
LogDevObjectVersion:   Dev-Networking (A4E4105C-59A1-49B5-A7C5-40C4547EDFEE): 0
LogDevObjectVersion:   Dev-Online (39C831C9-5AE6-47DC-9A44-9C173E1C8E7C): 0
LogDevObjectVersion:   Dev-Physics (78F01B33-EBEA-4F98-B9B4-84EACCB95AA2): 0
LogDevObjectVersion:   Dev-Platform (6631380F-2D4D-43E0-8009-CF276956A95A): 0
LogDevObjectVersion:   Dev-Rendering (12F88B9F-8875-4AFC-A67C-D90C383ABD29): 25
LogDevObjectVersion:   Dev-Sequencer (7B5AE74C-D270-4C10-A958-57980B212A5A): 6
LogDevObjectVersion:   Dev-VR (D7296918-1DD6-4BDD-9DE2-64A83CC13884): 1
LogDevObjectVersion:   Dev-LoadTimes (C2A15278-BFE7-4AFE-6C17-90FF531DF755): 1
LogDevObjectVersion:   Private-Geometry (6EACA3D4-40EC-4CC1-B786-8BED09428FC5): 2
LogDevObjectVersion:   Dev-AnimPhys (29E575DD-E0A3-4627-9D10-D276232CDCEA): 16
LogDevObjectVersion:   Dev-ReflectionCapture (6B266CEC-1EC7-4B8F-A30B-E4D90942FC07): 1
LogDevObjectVersion:   Dev-Automation (0DF73D61-A23F-47EA-B727-89E90C41499A): 1
LogInit: Compiled (64-bit): Apr 27 2018 02:06:57
LogInit: Compiled with Visual C++: 19.00.24215.01
LogInit: Build Configuration: Development
LogInit: Branch Name: ++UE4+Release-4.19
LogInit: Command Line: 
LogInit: Base Directory: C:/Program Files/Epic Games/UE_4.19/Engine/Binaries/Win64/
LogInit: Installed Engine Build: 1
LogStreaming: Display: Took  0.053s to delete old logs.
LogInit: Presizing for max 8388607 objects, including 0 objects not considered by GC, pre-allocating 0 bytes for permanent pool.
LogInit: Object subsystem initialized
[2018.07.17-09.32.08:696][  0]LogInit: Selected Device Profile: [Windows]
[2018.07.17-09.32.08:697][  0]LogInit: Applying CVar settings loaded from the selected device profile: [Windows]
[2018.07.17-09.32.08:813][  0]LogInit: Computer: LAPTOP-SNI5BBA7
[2018.07.17-09.32.08:813][  0]LogInit: User: Shweta
[2018.07.17-09.32.08:813][  0]LogInit: CPU Page size=4096, Cores=2
[2018.07.17-09.32.08:813][  0]LogInit: High frequency timer resolution =2.835937 MHz
[2018.07.17-09.32.08:813][  0]LogMemory: Memory total: Physical=7.9GB (8GB approx)
[2018.07.17-09.32.08:813][  0]LogMemory: Platform Memory Stats for Windows
[2018.07.17-09.32.08:813][  0]LogMemory: Process Physical Memory: 272.54 MB used, 272.54 MB peak
[2018.07.17-09.32.08:813][  0]LogMemory: Process Virtual Memory: 266.06 MB used, 266.06 MB peak
[2018.07.17-09.32.08:813][  0]LogMemory: Physical Memory: 6029.04 MB used,  2045.37 MB free, 8074.41 MB total
[2018.07.17-09.32.08:813][  0]LogMemory: Virtual Memory: 4781.83 MB used,  2045.37 MB free, 134217728.00 MB total
[2018.07.17-09.32.08:898][  0]LogInit: Using OS detected language (en-US).
[2018.07.17-09.32.08:898][  0]LogInit: Using OS detected locale (en-US).
[2018.07.17-09.32.09:288][  0]LogTextLocalizationManager: No specific localization for 'en-US' exists, so the 'en' localization will be used.
[2018.07.17-09.32.10:716][  0]LogStreaming: Display: Took  1.819s to EndInitTextLocalization.
[2018.07.17-09.32.10:717][  0]LogInit: Setting process to per monitor DPI aware
[2018.07.17-09.32.10:752][  0]LogSlate: New Slate User Created.  User Index 0, Is Virtual User: 0
[2018.07.17-09.32.10:752][  0]LogSlate: Slate User Registered.  User Index 0, Is Virtual User: 0
[2018.07.17-09.32.21:732][  0]LogD3D11RHI: D3D11 adapters:
[2018.07.17-09.32.21:760][  0]LogD3D11RHI:    0. 'Intel(R) HD Graphics 620' (Feature Level 11_0)
[2018.07.17-09.32.21:760][  0]LogD3D11RHI:       128/0/4037 MB DedicatedVideo/DedicatedSystem/SharedSystem, Outputs:1, VendorId:0x8086
[2018.07.17-09.32.21:764][  0]LogD3D11RHI:    1. 'Microsoft Basic Render Driver' (Feature Level 11_0)
[2018.07.17-09.32.21:764][  0]LogD3D11RHI:       0/0/4037 MB DedicatedVideo/DedicatedSystem/SharedSystem, Outputs:0, VendorId:0x1414
[2018.07.17-09.32.21:764][  0]LogD3D11RHI: Chosen D3D11 Adapter: 0
[2018.07.17-09.32.21:775][  0]LogD3D11RHI: Creating new Direct3DDevice
[2018.07.17-09.32.21:775][  0]LogD3D11RHI:     GPU DeviceId: 0x5916 (for the marketing name, search the web for "GPU Device Id")
[2018.07.17-09.32.21:775][  0]LogWindows: EnumDisplayDevices:
[2018.07.17-09.32.21:776][  0]LogWindows:    0. 'Intel(R) HD Graphics 620' (P:1 D:1)
[2018.07.17-09.32.21:776][  0]LogWindows:    1. 'Intel(R) HD Graphics 620' (P:0 D:0)
[2018.07.17-09.32.21:776][  0]LogWindows:    2. 'Intel(R) HD Graphics 620' (P:0 D:0)
[2018.07.17-09.32.21:776][  0]LogWindows: DebugString: GetVideoDriverDetailsInvalid PrimaryIsNotTheChoosenAdapter GetVideoDriverDetailsInvalid PrimaryIsNotTheChoosenAdapter GetVideoDriverDetailsInvalid PrimaryIsNotTheChoosenAdapter FoundDriverCount:0 
[2018.07.17-09.32.21:776][  0]LogD3D11RHI:     Adapter Name: Intel(R) HD Graphics 620
[2018.07.17-09.32.21:776][  0]LogD3D11RHI:   Driver Version: Unknown (internal:Unknown, unified:Unknown)
[2018.07.17-09.32.21:776][  0]LogD3D11RHI:      Driver Date: Unknown
[2018.07.17-09.32.21:776][  0]LogRHI: Texture pool is 1502 MB (70% of 2146 MB)
[2018.07.17-09.32.21:786][  0]LogD3D11RHI: Async texture creation enabled
[2018.07.17-09.32.21:797][  0]LogD3D11RHI: GPU Timing Frequency: 12.000000 (Debug: 2 0)
[2018.07.17-09.32.21:799][  0]LogShaderCompilers: Guid format shader working directory is -66 characters bigger than the processId version (../../../../../../Users/Shweta/Documents/GitHub/theshwetapatil/Epic-Approved-UE4-Certification-UE4/ArchVisDemoV2/Intermediate/Shaders/WorkingDirectory/15928/).
[2018.07.17-09.32.21:799][  0]LogShaderCompilers: Cleaned the shader compiler working directory 'C:/Users/Shweta/AppData/Local/Temp/UnrealShaderWorkingDir/3916BD82419F35277D4C9FB8BABFB6D8/'.
[2018.07.17-09.32.22:589][  0]LogTemp: Display: Loaded TP AllDesktopTargetPlatform
[2018.07.17-09.32.22:601][  0]LogTemp: Display: Loaded TP MacClientTargetPlatform
[2018.07.17-09.32.22:614][  0]LogTemp: Display: Loaded TP MacNoEditorTargetPlatform
[2018.07.17-09.32.22:626][  0]LogTemp: Display: Loaded TP MacServerTargetPlatform
[2018.07.17-09.32.22:661][  0]LogTemp: Display: Loaded TP MacTargetPlatform
[2018.07.17-09.32.22:674][  0]LogTemp: Display: Loaded TP WindowsClientTargetPlatform
[2018.07.17-09.32.22:686][  0]LogTemp: Display: Loaded TP WindowsNoEditorTargetPlatform
[2018.07.17-09.32.22:699][  0]LogTemp: Display: Loaded TP WindowsServerTargetPlatform
[2018.07.17-09.32.22:705][  0]LogTemp: Display: Loaded TP WindowsTargetPlatform
[2018.07.17-09.32.22:716][  0]LogTemp: Display: Loaded TP Android_ASTCTargetPlatform
[2018.07.17-09.32.22:727][  0]LogTemp: Display: Loaded TP Android_ATCTargetPlatform
[2018.07.17-09.32.22:738][  0]LogTemp: Display: Loaded TP Android_DXTTargetPlatform
[2018.07.17-09.32.22:749][  0]LogTemp: Display: Loaded TP Android_ETC1aTargetPlatform
[2018.07.17-09.32.22:759][  0]LogTemp: Display: Loaded TP Android_ETC1TargetPlatform
[2018.07.17-09.32.22:770][  0]LogTemp: Display: Loaded TP Android_ETC2TargetPlatform
[2018.07.17-09.32.22:792][  0]LogTemp: Display: Loaded TP Android_MultiTargetPlatform
[2018.07.17-09.32.22:792][  0]LogTemp: Display: Loaded TP Android_PVRTCTargetPlatform
[2018.07.17-09.32.22:828][  0]LogTemp: Display: Loaded TP AndroidTargetPlatform
[2018.07.17-09.32.22:829][  0]LogTemp: Display: Loaded TP HTML5TargetPlatform
[2018.07.17-09.32.22:884][  0]LogTemp: Display: Loaded TP IOSTargetPlatform
[2018.07.17-09.32.22:895][  0]LogTemp: Display: Loaded TP TVOSTargetPlatform
[2018.07.17-09.32.22:906][  0]LogTemp: Display: Loaded TP LinuxClientTargetPlatform
[2018.07.17-09.32.22:919][  0]LogTemp: Display: Loaded TP LinuxNoEditorTargetPlatform
[2018.07.17-09.32.22:932][  0]LogTemp: Display: Loaded TP LinuxServerTargetPlatform
[2018.07.17-09.32.22:977][  0]LogTemp: Display: Loaded TP LinuxTargetPlatform
[2018.07.17-09.32.22:978][  0]LogTargetPlatformManager: Display: Building Assets For Windows
[2018.07.17-09.32.23:138][  0]LogXGEController: Cannot use XGE Controller as Incredibuild is not installed on this machine.
[2018.07.17-09.32.23:138][  0]LogShaderCompilers: Cannot use XGE Shader Compiler as Incredibuild is not installed on this machine.
[2018.07.17-09.32.23:138][  0]LogShaderCompilers: Display: Using Local Shader Compiler.
[2018.07.17-09.32.27:744][  0]LogDerivedDataCache: Display: Max Cache Size: 512 MB
[2018.07.17-09.32.29:039][  0]LogDerivedDataCache: Loaded boot cache 1.30s 74MB C:/Users/Shweta/AppData/Local/UnrealEngine/4.19/DerivedDataCache/Boot.ddc.
[2018.07.17-09.32.29:039][  0]LogDerivedDataCache: Display: Loaded Boot cache: C:/Users/Shweta/AppData/Local/UnrealEngine/4.19/DerivedDataCache/Boot.ddc
[2018.07.17-09.32.29:040][  0]LogDerivedDataCache: FDerivedDataBackendGraph:  Pak pak cache file ../../../../../../Users/Shweta/Documents/GitHub/theshwetapatil/Epic-Approved-UE4-Certification-UE4/ArchVisDemoV2/DerivedDataCache/DDC.ddp not found, will not use a pak cache.
[2018.07.17-09.32.29:040][  0]LogDerivedDataCache: Unable to find inner node Pak for hierarchical cache Hierarchy.
[2018.07.17-09.32.29:040][  0]LogDerivedDataCache: FDerivedDataBackendGraph:  CompressedPak pak cache file ../../../../../../Users/Shweta/Documents/GitHub/theshwetapatil/Epic-Approved-UE4-Certification-UE4/ArchVisDemoV2/DerivedDataCache/Compressed.ddp not found, will not use a pak cache.
[2018.07.17-09.32.29:040][  0]LogDerivedDataCache: Unable to find inner node CompressedPak for hierarchical cache Hierarchy.
[2018.07.17-09.32.29:201][  0]LogDerivedDataCache: Display: Pak cache opened for reading ../../../Engine/DerivedDataCache/Compressed.ddp.
[2018.07.17-09.32.29:213][  0]LogDerivedDataCache: Using Local data cache path C:/Users/Shweta/AppData/Local/UnrealEngine/Common/DerivedDataCache: Writable
[2018.07.17-09.32.29:213][  0]LogDerivedDataCache: Shared data cache path not found in *engine.ini, will not use an Shared cache.
[2018.07.17-09.32.29:213][  0]LogDerivedDataCache: Unable to find inner node Shared for hierarchical cache Hierarchy.
[2018.07.17-09.32.29:230][  0]LogMaterial: Verifying Global Shaders for PCD3D_SM5
[2018.07.17-09.32.29:230][  0]LogSlate: Using Freetype 2.6.0
[2018.07.17-09.32.29:231][  0]LogSlate: SlateFontCache - WITH_FREETYPE: 1, WITH_HARFBUZZ: 1
[2018.07.17-09.32.29:231][  0]LogSlate: SlateFontCache - WITH_FREETYPE: 1, WITH_HARFBUZZ: 1
[2018.07.17-09.32.36:598][  0]LogAssetRegistry: FAssetRegistry took 0.0413 seconds to start up
[2018.07.17-09.32.36:903][  0]LogInit: Selected Device Profile: [Windows]
[2018.07.17-09.32.37:324][  0]LogSimplygon: Simplygon DLL not present - disabling.
[2018.07.17-09.32.37:326][  0]LogMeshReduction: Using SimplygonSwarm for distributed automatic mesh merging
[2018.07.17-09.32.37:327][  0]LogMeshReduction: Using QuadricMeshReduction for automatic static mesh reduction
[2018.07.17-09.32.37:327][  0]LogMeshReduction: No automatic skeletal mesh reduction module available
[2018.07.17-09.32.37:327][  0]LogMeshReduction: No automatic mesh merging module available
[2018.07.17-09.32.37:327][  0]LogMeshMerging: No automatic mesh merging module available
[2018.07.17-09.32.37:355][  0]LogNetVersion: ArchVisDemo , NetCL: 3944462, EngineNetVer: 2, GameNetVer: 0 (Checksum: 677477482)
[2018.07.17-09.32.38:230][  0]LogPackageLocalizationCache: Processed 9 localized package path(s) for 2 prioritized culture(s) in 0.501451 seconds
[2018.07.17-09.32.38:239][  0]LogUObjectArray: 36728 objects as part of root set at end of initial load.
[2018.07.17-09.32.38:239][  0]LogUObjectAllocator: 7314312 out of 0 bytes used by permanent object pool.
[2018.07.17-09.32.38:239][  0]LogUObjectArray: CloseDisregardForGC: 0/0 objects in disregard for GC pool
[2018.07.17-09.33.32:612][  0]LogTcpMessaging: Initializing TcpMessaging bridge
[2018.07.17-09.33.32:730][  0]LogUdpMessaging: Initializing bridge on interface 0.0.0.0:0 to multicast group 230.0.0.1:6666.
[2018.07.17-09.33.33:703][  0]SourceControl: Source control is disabled
[2018.07.17-09.33.33:703][  0]SourceControl: Source control is disabled
[2018.07.17-09.33.33:740][  0]SourceControl: Source control is disabled
[2018.07.17-09.33.33:761][  0]SourceControl: Source control is disabled
[2018.07.17-09.33.35:474][  0]LogAndroidPermission: UAndroidPermissionCallbackProxy::GetInstance
[2018.07.17-09.33.35:813][  0]LogOcInput: OculusInput pre-init called
[2018.07.17-09.33.36:237][  0]LogEngine: Initializing Engine...
[2018.07.17-09.33.36:239][  0]LogHMD: Failed to initialize OpenVR with code 110
[2018.07.17-09.33.36:240][  0]LogStats: UGameplayTagsManager::ConstructGameplayTagTree: Construct from data asset -  0.000 s
[2018.07.17-09.33.36:240][  0]LogStats: UGameplayTagsManager::ConstructGameplayTagTree: GameplayTagTreeChangedEvent.Broadcast -  0.000 s
[2018.07.17-09.33.36:583][  0]LogAIModule: Creating AISystem for world Untitled
[2018.07.17-09.33.36:630][  0]LogInit: XAudio2 using 'Speaker/HP (Realtek High Definition Audio)' : 2 channels at 48 kHz using 32 bits per sample (channel mask 0x3)
[2018.07.17-09.33.36:661][  0]LogInit: FAudioDevice initialized.
[2018.07.17-09.33.36:901][  0]LogDerivedDataCache: Saved boot cache 0.24s 74MB C:/Users/Shweta/AppData/Local/UnrealEngine/4.19/DerivedDataCache/Boot.ddc.
[2018.07.17-09.33.36:923][  0]LogInit: Texture streaming: Enabled
[2018.07.17-09.33.37:091][  0]LogEngineSessionManager: EngineSessionManager initialized
[2018.07.17-09.33.37:092][  0]LogEngineSessionManager: EngineSessionManager sent abnormal shutdown report. Type=Crashed, SessionId={071D68F1-4FA4-769F-714E-689306C66949}
[2018.07.17-09.33.37:190][  0]LogInit: Transaction tracking system initialized
[2018.07.17-09.33.37:611][  0]BlueprintLog: New page: Editor Load
[2018.07.17-09.33.38:630][  0]LocalizationService: Localization service is disabled
[2018.07.17-09.33.39:463][  0]LogConsoleResponse: Display: 
[2018.07.17-09.33.40:938][  0]LogCook: Display: Max memory allowance for cook 16384mb min free memory 0mb
[2018.07.17-09.33.40:938][  0]LogCook: Display: Mobile HDR setting 1
[2018.07.17-09.33.40:938][  0]LogGameplayTags: Display: UGameplayTagsManager::DoneAddingNativeTags. DelegateIsBound: 0
[2018.07.17-09.33.40:938][  0]LogStats: UGameplayTagsManager::ConstructGameplayTagTree: Construct from data asset -  0.000 s
[2018.07.17-09.33.40:938][  0]LogStats: UGameplayTagsManager::ConstructGameplayTagTree: GameplayTagTreeChangedEvent.Broadcast -  0.000 s
[2018.07.17-09.33.41:694][  0]LogFileCache: Scanning file cache for directory 'C:/Users/Shweta/Documents/GitHub/theshwetapatil/Epic-Approved-UE4-Certification-UE4/ArchVisDemoV2/Content/' took 0.17s
[2018.07.17-09.33.45:798][  0]SourceControl: Source control is disabled
[2018.07.17-09.33.45:799][  0]Cmd: MAP LOAD FILE="../../../Engine/Content/Maps/Templates/Template_Default.umap" TEMPLATE=1 SHOWPROGRESS=1 FEATURELEVEL=3
[2018.07.17-09.33.45:957][  0]LightingResults: New page: Lighting Build
[2018.07.17-09.33.45:996][  0]MapCheck: New page: Map Check
[2018.07.17-09.33.45:997][  0]LightingResults: New page: Lighting Build
[2018.07.17-09.33.47:160][  0]LogAIModule: Creating AISystem for world Untitled_1
[2018.07.17-09.33.47:175][  0]LogEditorServer: Finished looking for orphan Actors (0.000 secs)
[2018.07.17-09.33.47:212][  0]Cmd: MAP CHECKDEP NOCLEARLOG
[2018.07.17-09.33.47:267][  0]MapCheck: Map check complete: 0 Error(s), 0 Warning(s), took 54.559ms to complete.
[2018.07.17-09.33.47:267][  0]LogFileHelpers: Loading map 'Template_Default' took 1.468
[2018.07.17-09.33.47:765][  0]LogCollectionManager: Loaded 0 collections in 0.002030 seconds
[2018.07.17-09.33.47:857][  0]LogFileCache: Scanning file cache for directory 'C:/Users/Shweta/Documents/GitHub/theshwetapatil/Epic-Approved-UE4-Certification-UE4/ArchVisDemoV2/Saved/Collections/' took 0.01s
[2018.07.17-09.33.47:857][  0]LogFileCache: Scanning file cache for directory 'C:/Users/Shweta/Documents/GitHub/theshwetapatil/Epic-Approved-UE4-Certification-UE4/ArchVisDemoV2/Content/Developers/Shweta/Collections/' took 0.01s
[2018.07.17-09.33.47:857][  0]LogFileCache: Scanning file cache for directory 'C:/Users/Shweta/Documents/GitHub/theshwetapatil/Epic-Approved-UE4-Certification-UE4/ArchVisDemoV2/Content/Collections/' took 0.01s
[2018.07.17-09.33.47:857][  0]LogCollectionManager: Rebuilt the GUID cache for 0 collections in 0.000000 seconds
[2018.07.17-09.33.47:869][  0]LogContentBrowser: Native class hierarchy populated in 0.0115 seconds. Added 2452 classes and 558 folders.
[2018.07.17-09.33.47:950][  0]LogContentBrowser: Native class hierarchy updated for 'WidgetCarousel' in 0.0002 seconds. Added 0 classes and 0 folders.
[2018.07.17-09.33.51:921][  0]LogContentBrowser: Native class hierarchy updated for 'AddContentDialog' in 0.0003 seconds. Added 0 classes and 0 folders.
[2018.07.17-09.33.51:957][  0]LogContentBrowser: Native class hierarchy updated for 'SceneOutliner' in 0.0003 seconds. Added 1 classes and 2 folders.
[2018.07.17-09.33.51:983][  0]LogSlate: Took 0.000233 seconds to synchronously load lazily loaded font '../../../Engine/Content/Slate/Fonts/Roboto-Regular.ttf' (155K)
[2018.07.17-09.33.51:985][  0]LogSlate: Took 0.000227 seconds to synchronously load lazily loaded font '../../../Engine/Content/Slate/Fonts/Roboto-Bold.ttf' (160K)
[2018.07.17-09.33.52:074][  0]LogSlate: Took 0.082486 seconds to synchronously load lazily loaded font '../../../Engine/Content/Editor/Slate/Fonts/FontAwesome.ttf' (139K)
[2018.07.17-09.33.52:254][  0]LogRenderer: Reallocating scene render targets to support 796x372 Format 10 NumSamples 1 (Frame:1).
[2018.07.17-09.33.53:074][  0]LogContentBrowser: Native class hierarchy updated for 'HierarchicalLODOutliner' in 0.0003 seconds. Added 0 classes and 0 folders.
[2018.07.17-09.33.53:074][  0]LogLoad: (Engine Initialization) Total time: 116.86 seconds
[2018.07.17-09.33.53:074][  0]LogLoad: (Engine Initialization) Total Blueprint compile time: 0.00 seconds
[2018.07.17-09.33.53:093][  0]LogWindowsTextInputMethodSystem: Display: IME system now deactivated.
[2018.07.17-09.33.53:111][  0]LogContentStreaming: Texture pool size now 1000 MB
[2018.07.17-09.33.53:151][  1]LogAssetRegistry: Asset discovery search completed in 76.5760 seconds
[2018.07.17-09.33.53:153][  1]LogCollectionManager: Rebuilt the object cache for 0 collections in 0.000000 seconds (found 0 objects)
[2018.07.17-09.33.53:153][  1]LogCollectionManager: Fixed up redirectors for 0 collections in 0.000053 seconds (updated 0 objects)
[2018.07.17-09.33.57:188][ 81]LogSlate: Took 0.017639 seconds to synchronously load lazily loaded font '../../../Engine/Content/Slate/Fonts/Roboto-Light.ttf' (167K)
[2018.07.17-09.34.10:146][184]LogSlate: FSceneViewport::OnFocusLost() reason 2
[2018.07.17-09.34.12:173][304]LogSlate: FSceneViewport::OnFocusLost() reason 2
[2018.07.17-09.34.15:336][387]Cmd: MAP LOAD FILE="../../../../../../Users/Shweta/Documents/GitHub/theshwetapatil/Epic-Approved-UE4-Certification-UE4/ArchVisDemoV2/Content/Maps/_room_light.umap" TEMPLATE=0 SHOWPROGRESS=1 FEATURELEVEL=3
[2018.07.17-09.34.15:339][387]LogSlate: Took 0.000195 seconds to synchronously load lazily loaded font '../../../Engine/Content/Slate/Fonts/Roboto-Light.ttf' (167K)
[2018.07.17-09.34.15:351][387]LightingResults: New page: Lighting Build
[2018.07.17-09.34.15:353][387]LoadErrors: New page: Loading map: _room_light.umap
[2018.07.17-09.34.15:356][387]MapCheck: New page: Map Check
[2018.07.17-09.34.15:356][387]LightingResults: New page: Lighting Build
[2018.07.17-09.34.24:670][387]LogAIModule: Creating AISystem for world _room_light
[2018.07.17-09.34.24:682][387]LogEditorServer: Finished looking for orphan Actors (0.000 secs)
[2018.07.17-09.34.24:806][387]Cmd: MAP CHECKDEP NOCLEARLOG
[2018.07.17-09.34.24:873][387]MapCheck: Map check complete: 0 Error(s), 0 Warning(s), took 67.372ms to complete.
[2018.07.17-09.34.24:873][387]LogFileHelpers: Loading map '_room_light' took 9.539
[2018.07.17-09.34.24:875][387]LogSlate: Window 'Open Level' being destroyed
[2018.07.17-09.34.39:547][816]LogSlate: FSceneViewport::OnFocusLost() reason 0
[2018.07.17-09.35.25:637][413]LogSlate: FSceneViewport::OnFocusLost() reason 2
[2018.07.17-09.35.25:765][413]LogSavePackage: Save=71.30ms
[2018.07.17-09.35.25:765][413]LogSavePackage: Moving '../../../../../../Users/Shweta/Documents/GitHub/theshwetapatil/Epic-Approved-UE4-Certification-UE4/ArchVisDemoV2/Saved/_room_light4D42D1F3417055D9C7BF83BBB29E872A.tmp' to '../../../../../../Users/Shweta/Documents/GitHub/theshwetapatil/Epic-Approved-UE4-Certification-UE4/ArchVisDemoV2/Content/Maps/_room_light.umap'
[2018.07.17-09.35.25:768][413]LogSavePackage: Display: Finished SavePackage ../../../../../../Users/Shweta/Documents/GitHub/theshwetapatil/Epic-Approved-UE4-Certification-UE4/ArchVisDemoV2/Content/Maps/_room_light.umap
[2018.07.17-09.35.26:222][413]LogSavePackage: Save=407.97ms
[2018.07.17-09.35.26:222][413]LogSavePackage: Moving '../../../../../../Users/Shweta/Documents/GitHub/theshwetapatil/Epic-Approved-UE4-Certification-UE4/ArchVisDemoV2/Saved/_room_light_BuiltData347E41FF4A0245AE4B6E72B2A210D88A.tmp' to '../../../../../../Users/Shweta/Documents/GitHub/theshwetapatil/Epic-Approved-UE4-Certification-UE4/ArchVisDemoV2/Content/Maps/_room_light_BuiltData.uasset'
[2018.07.17-09.35.26:223][413]LogSavePackage: Display: Finished SavePackage ../../../../../../Users/Shweta/Documents/GitHub/theshwetapatil/Epic-Approved-UE4-Certification-UE4/ArchVisDemoV2/Content/Maps/_room_light_BuiltData.uasset
[2018.07.17-09.35.26:730][430]LogSlate: FSceneViewport::OnFocusLost() reason 2
[2018.07.17-09.35.40:499][216]LogSlate: FSceneViewport::OnFocusLost() reason 0
[2018.07.17-09.36.03:388][173]LogSlate: FSceneViewport::OnFocusLost() reason 0
[2018.07.17-09.36.23:090][949]LogEditorViewport: Clicking Background
[2018.07.17-09.36.26:205][ 70]Cmd: TRANSACTION UNDO
[2018.07.17-09.36.26:205][ 70]LogEditorTransaction: Undo Clicking Background
[2018.07.17-09.36.26:764][ 87]Cmd: TRANSACTION UNDO
[2018.07.17-09.36.26:764][ 87]LogEditorTransaction: Undo Set Scale
[2018.07.17-09.36.36:066][299]LogD3D11RHI: Timed out while waiting for GPU to catch up. (0.5 s)
[2018.07.17-09.36.36:068][299]LogSlate: FSceneViewport::OnFocusLost() reason 0
[2018.07.17-09.36.36:087][300]LogD3D11RHI: Error: Result failed 
 at D:\Build\++UE4+Release-4.19+Compile\Sync\Engine\Source\Runtime\Windows\D3D11RHI\Private\D3D11Viewport.cpp:303 
 with error DXGI_ERROR_DEVICE_REMOVED DXGI_ERROR_DEVICE_HUNG
[2018.07.17-09.36.36:087][300]LogWindows: Windows GetLastError: The operation completed successfully. (0)
[2018.07.17-09.36.42:878][300]LogWindows: Windows GetLastError: The operation completed successfully. (0)
[2018.07.17-09.36.42:878][300]LogWindows: Error: === Critical error: ===
[2018.07.17-09.36.42:878][300]LogWindows: Error: 
[2018.07.17-09.36.42:878][300]LogWindows: Error: Fatal error: [File:D:\Build\++UE4+Release-4.19+Compile\Sync\Engine\Source\Runtime\RenderCore\Private\RenderingThread.cpp] [Line: 819] 
[2018.07.17-09.36.42:878][300]LogWindows: Error: Rendering thread exception:
[2018.07.17-09.36.42:878][300]LogWindows: Error: Fatal error: [File:D:\Build\++UE4+Release-4.19+Compile\Sync\Engine\Source\Runtime\Windows\D3D11RHI\Private\D3D11Util.cpp] [Line: 182] 
[2018.07.17-09.36.42:878][300]LogWindows: Error: Unreal Engine is exiting due to D3D device being lost. (Error: 0x887A0006 - 'HUNG')
[2018.07.17-09.36.42:878][300]LogWindows: Error: 
[2018.07.17-09.36.42:878][300]LogWindows: Error: 
[2018.07.17-09.36.42:878][300]LogWindows: Error: [Callstack] 0x0000000018FCA388 KERNELBASE.dll!UnknownFunction []
[2018.07.17-09.36.42:878][300]LogWindows: Error: [Callstack] 0x00000000028D7884 UE4Editor-ApplicationCore.dll!UnknownFunction []
[2018.07.17-09.36.42:878][300]LogWindows: Error: [Callstack] 0x00000000E6DE6D9B UE4Editor-Core.dll!UnknownFunction []
[2018.07.17-09.36.42:878][300]LogWindows: Error: [Callstack] 0x00000000E6D21949 UE4Editor-Core.dll!UnknownFunction []
[2018.07.17-09.36.42:878][300]LogWindows: Error: [Callstack] 0x00000000AA6BA0CF UE4Editor-D3D11RHI.dll!UnknownFunction []
[2018.07.17-09.36.42:878][300]LogWindows: Error: [Callstack] 0x00000000AA6BE5E0 UE4Editor-D3D11RHI.dll!UnknownFunction []
[2018.07.17-09.36.42:878][300]LogWindows: Error: [Callstack] 0x00000000AA69D62A UE4Editor-D3D11RHI.dll!UnknownFunction []
[2018.07.17-09.36.42:878][300]LogWindows: Error: [Callstack] 0x00000000AA69D58C UE4Editor-D3D11RHI.dll!UnknownFunction []
[2018.07.17-09.36.42:878][300]LogWindows: Error: [Callstack] 0x00000000AA6AAADF UE4Editor-D3D11RHI.dll!UnknownFunction []
[2018.07.17-09.36.42:878][300]LogWindows: Error: [Callstack] 0x00000000F439F0B6 UE4Editor-RHI.dll!UnknownFunction []
[2018.07.17-09.36.42:878][300]LogWindows: Error: [Callstack] 0x00000000AA481FF8 UE4Editor-SlateRHIRenderer.dll!UnknownFunction []
[2018.07.17-09.36.42:878][300]LogWindows: Error: [Callstack] 0x00000000AA487C4C UE4Editor-SlateRHIRenderer.dll!UnknownFunction []
[2018.07.17-09.36.42:878][300]LogWindows: Error: [Callstack] 0x00000000E6BFB713 UE4Editor-Core.dll!UnknownFunction []
[2018.07.17-09.36.42:878][300]LogWindows: Error: [Callstack] 0x00000000E6BFBD3A UE4Editor-Core.dll!UnknownFunction []
[2018.07.17-09.36.42:878][300]LogWindows: Error: [Callstack] 0x0000000002C93CC9 UE4Editor-RenderCore.dll!UnknownFunction []
[2018.07.17-09.36.42:878][300]LogWindows: Error: [Callstack] 0x0000000002C94CF6 UE4Editor-RenderCore.dll!UnknownFunction []
[2018.07.17-09.36.42:878][300]LogWindows: Error: [Callstack] 0x00000000E6FC9FFC UE4Editor-Core.dll!UnknownFunction []
[2018.07.17-09.36.42:878][300]LogWindows: Error: [Callstack] 0x00000000E6FBED63 UE4Editor-Core.dll!UnknownFunction []
[2018.07.17-09.36.42:878][300]LogWindows: Error: [Callstack] 0x000000001BE83034 KERNEL32.DLL!UnknownFunction []
[2018.07.17-09.36.42:878][300]LogWindows: Error: [Callstack] 0x000000001C321431 ntdll.dll!UnknownFunction []
[2018.07.17-09.36.42:878][300]LogWindows: Error: [Callstack] 0x000000001C321431 ntdll.dll!UnknownFunction []
[2018.07.17-09.36.42:878][300]LogWindows: Error: 
[2018.07.17-09.36.42:878][300]LogWindows: Error: 
[2018.07.17-09.36.42:878][300]LogWindows: Error: 
[2018.07.17-09.36.42:878][300]LogWindows: Error: 
[2018.07.17-09.36.42:892][300]LogExit: Executing StaticShutdownAfterError
[2018.07.17-09.36.42:933][300]LogWindows: FPlatformMisc::RequestExit(1)
[2018.07.17-09.36.42:987][300]Log file closed, 07/17/18 15:06:42
