Log file open, 07/14/18 10:39:32
LogWindows: Failed to load 'aqProf.dll' (GetLastError=126)
LogWindows: File 'aqProf.dll' does not exist
LogWindows: Failed to load 'VtuneApi.dll' (GetLastError=126)
LogWindows: File 'VtuneApi.dll' does not exist
LogWindows: Failed to load 'VtuneApi32e.dll' (GetLastError=126)
LogWindows: File 'VtuneApi32e.dll' does not exist
LogInit: Display: Running engine for game: ArchVisDemo
LogPlatformFile: Not using cached read wrapper
LogInit: Display: RandInit(908296954) SRandInit(908296955).
LogInit: Read version file with build ID '3944462'
LogInit: Overriding engine version to CL 4033788, compatible CL 3944462
LogInit: Registered custom module enumerator with build ID '3944462'
LogTaskGraph: Started task graph with 5 named threads and 11 total threads with 3 sets of task threads.
LogStats: Stats thread started at 0.279172
LogD3D11RHI: Aftermath initialized
LogICUInternationalization: Display: ICU TimeZone Detection - Raw Offset: +5:30, Platform Override: ''
LogModuleManager: Display: Found up-to-date module file ../../../Engine/Plugins/2D/Paper2D/Binaries/Win64/UE4Editor-Paper2D.dll (API version 3944462).
LogModuleManager: Display: Found up-to-date module file ../../../Engine/Plugins/2D/Paper2D/Binaries/Win64/UE4Editor-Paper2DEditor.dll (API version 3944462).
LogModuleManager: Display: Found up-to-date module file ../../../Engine/Plugins/2D/Paper2D/Binaries/Win64/UE4Editor-PaperSpriteSheetImporter.dll (API version 3944462).
LogModuleManager: Display: Found up-to-date module file ../../../Engine/Plugins/2D/Paper2D/Binaries/Win64/UE4Editor-PaperTiledImporter.dll (API version 3944462).
LogModuleManager: Display: Found up-to-date module file ../../../Engine/Plugins/2D/Paper2D/Binaries/Win64/UE4Editor-SmartSnapping.dll (API version 3944462).
LogModuleManager: Display: Found up-to-date module file ../../../Engine/Plugins/Blendables/LightPropagationVolume/Binaries/Win64/UE4Editor-LightPropagationVolumeRuntime.dll (API version 3944462).
LogModuleManager: Display: Found up-to-date module file ../../../Engine/Plugins/Blendables/LightPropagationVolume/Binaries/Win64/UE4Editor-LightPropagationVolumeEditor.dll (API version 3944462).
LogModuleManager: Display: Found up-to-date module file ../../../Engine/Plugins/Developer/CLionSourceCodeAccess/Binaries/Win64/UE4Editor-CLionSourceCodeAccess.dll (API version 3944462).
LogModuleManager: Display: Found up-to-date module file ../../../Engine/Plugins/Developer/GitSourceControl/Binaries/Win64/UE4Editor-GitSourceControl.dll (API version 3944462).
LogModuleManager: Display: Found up-to-date module file ../../../Engine/Plugins/Developer/PerforceSourceControl/Binaries/Win64/UE4Editor-PerforceSourceControl.dll (API version 3944462).
LogModuleManager: Display: Found up-to-date module file ../../../Engine/Plugins/Developer/SubversionSourceControl/Binaries/Win64/UE4Editor-SubversionSourceControl.dll (API version 3944462).
LogModuleManager: Display: Found up-to-date module file ../../../Engine/Plugins/Developer/UObjectPlugin/Binaries/Win64/UE4Editor-UObjectPlugin.dll (API version 3944462).
LogModuleManager: Display: Found up-to-date module file ../../../Engine/Plugins/Developer/VisualStudioCodeSourceCodeAccess/Binaries/Win64/UE4Editor-VisualStudioCodeSourceCodeAccess.dll (API version 3944462).
LogModuleManager: Display: Found up-to-date module file ../../../Engine/Plugins/Developer/VisualStudioSourceCodeAccess/Binaries/Win64/UE4Editor-VisualStudioSourceCodeAccess.dll (API version 3944462).
LogModuleManager: Display: Found up-to-date module file ../../../Engine/Plugins/Editor/AssetManagerEditor/Binaries/Win64/UE4Editor-AssetManagerEditor.dll (API version 3944462).
LogModuleManager: Display: Found up-to-date module file ../../../Engine/Plugins/Editor/CryptoKeys/Binaries/Win64/UE4Editor-CryptoKeys.dll (API version 3944462).
LogModuleManager: Display: Found up-to-date module file ../../../Engine/Plugins/Editor/CryptoKeys/Binaries/Win64/UE4Editor-CryptoKeysOpenSSL.dll (API version 3944462).
LogModuleManager: Display: Found up-to-date module file ../../../Engine/Plugins/Editor/DataValidation/Binaries/Win64/UE4Editor-DataValidation.dll (API version 3944462).
LogModuleManager: Display: Found up-to-date module file ../../../Engine/Plugins/Editor/FacialAnimation/Binaries/Win64/UE4Editor-FacialAnimation.dll (API version 3944462).
LogModuleManager: Display: Found up-to-date module file ../../../Engine/Plugins/Editor/FacialAnimation/Binaries/Win64/UE4Editor-FacialAnimationEditor.dll (API version 3944462).
LogModuleManager: Display: Found up-to-date module file ../../../Engine/Plugins/Editor/GameplayTagsEditor/Binaries/Win64/UE4Editor-GameplayTagsEditor.dll (API version 3944462).
LogModuleManager: Display: Found up-to-date module file ../../../Engine/Plugins/Editor/MobileLauncherProfileWizard/Binaries/Win64/UE4Editor-MobileLauncherProfileWizard.dll (API version 3944462).
LogModuleManager: Display: Found up-to-date module file ../../../Engine/Plugins/Editor/PluginBrowser/Binaries/Win64/UE4Editor-PluginBrowser.dll (API version 3944462).
LogModuleManager: Display: Found up-to-date module file ../../../Engine/Plugins/Editor/SpeedTreeImporter/Binaries/Win64/UE4Editor-SpeedTreeImporter.dll (API version 3944462).
LogModuleManager: Display: Found up-to-date module file ../../../Engine/Plugins/Enterprise/DatasmithContent/Binaries/Win64/UE4Editor-DatasmithContent.dll (API version 3944462).
LogModuleManager: Display: Found up-to-date module file ../../../Engine/Plugins/Experimental/AlembicImporter/Binaries/Win64/UE4Editor-AlembicImporter.dll (API version 3944462).
LogModuleManager: Display: Found up-to-date module file ../../../Engine/Plugins/Experimental/AlembicImporter/Binaries/Win64/UE4Editor-AlembicLibrary.dll (API version 3944462).
LogModuleManager: Display: Found up-to-date module file ../../../Engine/Plugins/Experimental/CharacterAI/Binaries/Win64/UE4Editor-CharacterAI.dll (API version 3944462).
LogModuleManager: Display: Found up-to-date module file ../../../Engine/Plugins/Experimental/HTML5Networking/Binaries/Win64/UE4Editor-HTML5Networking.dll (API version 3944462).
LogModuleManager: Display: Found up-to-date module file ../../../Engine/Plugins/Media/AndroidMedia/Binaries/Win64/UE4Editor-AndroidMediaEditor.dll (API version 3944462).
LogModuleManager: Display: Found up-to-date module file ../../../Engine/Plugins/Media/AndroidMedia/Binaries/Win64/UE4Editor-AndroidMediaFactory.dll (API version 3944462).
LogModuleManager: Display: Found up-to-date module file ../../../Engine/Plugins/Media/AvfMedia/Binaries/Win64/UE4Editor-AvfMediaEditor.dll (API version 3944462).
LogModuleManager: Display: Found up-to-date module file ../../../Engine/Plugins/Media/AvfMedia/Binaries/Win64/UE4Editor-AvfMediaFactory.dll (API version 3944462).
LogModuleManager: Display: Found up-to-date module file ../../../Engine/Plugins/Media/AvfMedia/Binaries/Win64/UE4Editor-AvfMediaFactory.dll (API version 3944462).
LogModuleManager: Display: Found up-to-date module file ../../../Engine/Plugins/Media/ImgMedia/Binaries/Win64/UE4Editor-ImgMedia.dll (API version 3944462).
LogModuleManager: Display: Found up-to-date module file ../../../Engine/Plugins/Media/ImgMedia/Binaries/Win64/UE4Editor-ImgMediaEditor.dll (API version 3944462).
LogModuleManager: Display: Found up-to-date module file ../../../Engine/Plugins/Media/ImgMedia/Binaries/Win64/UE4Editor-ImgMediaFactory.dll (API version 3944462).
LogModuleManager: Display: Found up-to-date module file ../../../Engine/Plugins/Media/ImgMedia/Binaries/Win64/UE4Editor-ImgMediaFactory.dll (API version 3944462).
LogModuleManager: Display: Found up-to-date module file ../../../Engine/Plugins/Media/ImgMedia/Binaries/Win64/UE4Editor-OpenExrWrapper.dll (API version 3944462).
LogModuleManager: Display: Found up-to-date module file ../../../Engine/Plugins/Media/LinearTimecode/Binaries/Win64/UE4Editor-LinearTimecode.dll (API version 3944462).
LogModuleManager: Display: Found up-to-date module file ../../../Engine/Plugins/Media/MediaCompositing/Binaries/Win64/UE4Editor-MediaCompositing.dll (API version 3944462).
LogModuleManager: Display: Found up-to-date module file ../../../Engine/Plugins/Media/MediaCompositing/Binaries/Win64/UE4Editor-MediaCompositingEditor.dll (API version 3944462).
LogModuleManager: Display: Found up-to-date module file ../../../Engine/Plugins/Media/MediaPlayerEditor/Binaries/Win64/UE4Editor-MediaPlayerEditor.dll (API version 3944462).
LogModuleManager: Display: Found up-to-date module file ../../../Engine/Plugins/Media/WmfMedia/Binaries/Win64/UE4Editor-WmfMedia.dll (API version 3944462).
LogModuleManager: Display: Found up-to-date module file ../../../Engine/Plugins/Media/WmfMedia/Binaries/Win64/UE4Editor-WmfMediaEditor.dll (API version 3944462).
LogModuleManager: Display: Found up-to-date module file ../../../Engine/Plugins/Media/WmfMedia/Binaries/Win64/UE4Editor-WmfMediaFactory.dll (API version 3944462).
LogModuleManager: Display: Found up-to-date module file ../../../Engine/Plugins/Media/WmfMedia/Binaries/Win64/UE4Editor-WmfMediaFactory.dll (API version 3944462).
LogModuleManager: Display: Found up-to-date module file ../../../Engine/Plugins/Messaging/TcpMessaging/Binaries/Win64/UE4Editor-TcpMessaging.dll (API version 3944462).
LogModuleManager: Display: Found up-to-date module file ../../../Engine/Plugins/Messaging/UdpMessaging/Binaries/Win64/UE4Editor-UdpMessaging.dll (API version 3944462).
LogModuleManager: Display: Found up-to-date module file ../../../Engine/Plugins/MovieScene/ActorSequence/Binaries/Win64/UE4Editor-ActorSequence.dll (API version 3944462).
LogModuleManager: Display: Found up-to-date module file ../../../Engine/Plugins/MovieScene/LevelSequenceEditor/Binaries/Win64/UE4Editor-LevelSequenceEditor.dll (API version 3944462).
LogModuleManager: Display: Found up-to-date module file ../../../Engine/Plugins/MovieScene/MatineeToLevelSequence/Binaries/Win64/UE4Editor-MatineeToLevelSequence.dll (API version 3944462).
LogModuleManager: Display: Found up-to-date module file ../../../Engine/Plugins/NetcodeUnitTest/NetcodeUnitTest/Binaries/Win64/UE4Editor-NetcodeUnitTest.dll (API version 3944462).
LogModuleManager: Display: Found up-to-date module file ../../../Engine/Plugins/NetcodeUnitTest/NUTUnrealEngine4/Binaries/Win64/UE4Editor-NUTUnrealEngine4.dll (API version 3944462).
LogModuleManager: Display: Found up-to-date module file ../../../Engine/Plugins/Online/OnlineSubsystem/Binaries/Win64/UE4Editor-OnlineSubsystem.dll (API version 3944462).
LogModuleManager: Display: Found up-to-date module file ../../../Engine/Plugins/Runtime/AndroidPermission/Binaries/Win64/UE4Editor-AndroidPermission.dll (API version 3944462).
LogModuleManager: Display: Found up-to-date module file ../../../Engine/Plugins/Online/OnlineSubsystemNull/Binaries/Win64/UE4Editor-OnlineSubsystemNull.dll (API version 3944462).
LogModuleManager: Display: Found up-to-date module file ../../../Engine/Plugins/Online/OnlineSubsystemUtils/Binaries/Win64/UE4Editor-OnlineSubsystemUtils.dll (API version 3944462).
LogModuleManager: Display: Found up-to-date module file ../../../Engine/Plugins/Online/OnlineSubsystemUtils/Binaries/Win64/UE4Editor-OnlineBlueprintSupport.dll (API version 3944462).
LogModuleManager: Display: Found up-to-date module file ../../../Engine/Plugins/Runtime/AndroidDeviceProfileSelector/Binaries/Win64/UE4Editor-AndroidDeviceProfileSelector.dll (API version 3944462).
LogModuleManager: Display: Found up-to-date module file ../../../Engine/Plugins/Runtime/AppleARKit/Binaries/Win64/UE4Editor-AppleARKit.dll (API version 3944462).
LogModuleManager: Display: Found up-to-date module file ../../../Engine/Plugins/Runtime/ProceduralMeshComponent/Binaries/Win64/UE4Editor-ProceduralMeshComponent.dll (API version 3944462).
LogModuleManager: Display: Found up-to-date module file ../../../Engine/Plugins/Runtime/ProceduralMeshComponent/Binaries/Win64/UE4Editor-ProceduralMeshComponentEditor.dll (API version 3944462).
LogModuleManager: Display: Found up-to-date module file ../../../Engine/Plugins/Animation/LiveLink/Binaries/Win64/UE4Editor-LiveLink.dll (API version 3944462).
LogModuleManager: Display: Found up-to-date module file ../../../Engine/Plugins/Animation/LiveLink/Binaries/Win64/UE4Editor-LiveLinkEditor.dll (API version 3944462).
LogModuleManager: Display: Found up-to-date module file ../../../Engine/Plugins/Runtime/ArchVisCharacter/Binaries/Win64/UE4Editor-ArchVisCharacter.dll (API version 3944462).
LogModuleManager: Display: Found up-to-date module file ../../../Engine/Plugins/Runtime/AudioCapture/Binaries/Win64/UE4Editor-AudioCapture.dll (API version 3944462).
LogModuleManager: Display: Found up-to-date module file ../../../Engine/Plugins/Runtime/AudioCapture/Binaries/Win64/UE4Editor-AudioCaptureEditor.dll (API version 3944462).
LogModuleManager: Display: Found up-to-date module file ../../../Engine/Plugins/Runtime/CableComponent/Binaries/Win64/UE4Editor-CableComponent.dll (API version 3944462).
LogModuleManager: Display: Found up-to-date module file ../../../Engine/Plugins/Runtime/CustomMeshComponent/Binaries/Win64/UE4Editor-CustomMeshComponent.dll (API version 3944462).
LogModuleManager: Display: Found up-to-date module file ../../../Engine/Plugins/Runtime/ExampleDeviceProfileSelector/Binaries/Win64/UE4Editor-ExampleDeviceProfileSelector.dll (API version 3944462).
LogModuleManager: Display: Found up-to-date module file ../../../Engine/Plugins/Runtime/ImmediatePhysics/Binaries/Win64/UE4Editor-ImmediatePhysics.dll (API version 3944462).
LogModuleManager: Display: Found up-to-date module file ../../../Engine/Plugins/Runtime/ImmediatePhysics/Binaries/Win64/UE4Editor-ImmediatePhysicsEditor.dll (API version 3944462).
LogModuleManager: Display: Found up-to-date module file ../../../Engine/Plugins/Runtime/LocationServicesBPLibrary/Binaries/Win64/UE4Editor-LocationServicesBPLibrary.dll (API version 3944462).
LogModuleManager: Display: Found up-to-date module file ../../../Engine/Plugins/Runtime/MobilePatchingUtils/Binaries/Win64/UE4Editor-MobilePatchingUtils.dll (API version 3944462).
LogModuleManager: Display: Found up-to-date module file ../../../Engine/Plugins/Runtime/Oculus/OculusVR/Binaries/Win64/UE4Editor-OculusHMD.dll (API version 3944462).
LogModuleManager: Display: Found up-to-date module file ../../../Engine/Plugins/Runtime/Oculus/OculusVR/Binaries/Win64/UE4Editor-OculusInput.dll (API version 3944462).
LogModuleManager: Display: Found up-to-date module file ../../../Engine/Plugins/Runtime/Oculus/OculusVR/Binaries/Win64/UE4Editor-OculusEditor.dll (API version 3944462).
LogModuleManager: Display: Found up-to-date module file ../../../Engine/Plugins/Runtime/PhysXVehicles/Binaries/Win64/UE4Editor-PhysXVehicles.dll (API version 3944462).
LogModuleManager: Display: Found up-to-date module file ../../../Engine/Plugins/Runtime/PhysXVehicles/Binaries/Win64/UE4Editor-PhysXVehiclesEditor.dll (API version 3944462).
LogModuleManager: Display: Found up-to-date module file ../../../Engine/Plugins/Runtime/RuntimePhysXCooking/Binaries/Win64/UE4Editor-RuntimePhysXCooking.dll (API version 3944462).
LogModuleManager: Display: Found up-to-date module file ../../../Engine/Plugins/Runtime/Steam/SteamVR/Binaries/Win64/UE4Editor-SteamVR.dll (API version 3944462).
LogModuleManager: Display: Found up-to-date module file ../../../Engine/Plugins/Runtime/Steam/SteamVR/Binaries/Win64/UE4Editor-SteamVRController.dll (API version 3944462).
LogModuleManager: Display: Found up-to-date module file ../../../Engine/Plugins/Runtime/WindowsMoviePlayer/Binaries/Win64/UE4Editor-WindowsMoviePlayer.dll (API version 3944462).
LogPluginManager: Mounting plugin Paper2D
LogPluginManager: Mounting plugin LiveLink
LogPluginManager: Mounting plugin LightPropagationVolume
LogPluginManager: Mounting plugin CLionSourceCodeAccess
LogPluginManager: Mounting plugin CodeLiteSourceCodeAccess
LogPluginManager: Mounting plugin GitSourceControl
LogPluginManager: Mounting plugin KDevelopSourceCodeAccess
LogPluginManager: Mounting plugin NullSourceCodeAccess
LogPluginManager: Mounting plugin PerforceSourceControl
LogPluginManager: Mounting plugin SubversionSourceControl
LogPluginManager: Mounting plugin UObjectPlugin
LogPluginManager: Mounting plugin VisualStudioCodeSourceCodeAccess
LogPluginManager: Mounting plugin VisualStudioSourceCodeAccess
LogPluginManager: Mounting plugin XCodeSourceCodeAccess
LogPluginManager: Mounting plugin AssetManagerEditor
LogPluginManager: Mounting plugin CryptoKeys
LogPluginManager: Mounting plugin DataValidation
LogPluginManager: Mounting plugin FacialAnimation
LogPluginManager: Mounting plugin GameplayTagsEditor
LogPluginManager: Mounting plugin MobileLauncherProfileWizard
LogPluginManager: Mounting plugin PluginBrowser
LogPluginManager: Mounting plugin SpeedTreeImporter
LogPluginManager: Mounting plugin DatasmithContent
LogPluginManager: Mounting plugin AlembicImporter
LogPluginManager: Mounting plugin CharacterAI
LogPluginManager: Mounting plugin HTML5Networking
LogPluginManager: Mounting plugin AndroidMedia
LogPluginManager: Mounting plugin AvfMedia
LogPluginManager: Mounting plugin ImgMedia
LogPluginManager: Mounting plugin LinearTimecode
LogPluginManager: Mounting plugin MediaCompositing
LogPluginManager: Mounting plugin MediaPlayerEditor
LogPluginManager: Mounting plugin WmfMedia
LogPluginManager: Mounting plugin TcpMessaging
LogPluginManager: Mounting plugin UdpMessaging
LogPluginManager: Mounting plugin ActorSequence
LogPluginManager: Mounting plugin LevelSequenceEditor
LogPluginManager: Mounting plugin MatineeToLevelSequence
LogPluginManager: Mounting plugin NetcodeUnitTest
LogPluginManager: Mounting plugin NUTUnrealEngine4
LogPluginManager: Mounting plugin OnlineSubsystemGooglePlay
LogPluginManager: Mounting plugin OnlineSubsystemIOS
LogPluginManager: Mounting plugin OnlineSubsystem
LogPluginManager: Mounting plugin OnlineSubsystemNull
LogPluginManager: Mounting plugin OnlineSubsystemUtils
LogPluginManager: Mounting plugin AndroidDeviceProfileSelector
LogPluginManager: Mounting plugin AndroidMoviePlayer
LogPluginManager: Mounting plugin AndroidPermission
LogPluginManager: Mounting plugin AppleARKit
LogPluginManager: Mounting plugin AppleMoviePlayer
LogPluginManager: Mounting plugin ArchVisCharacter
LogPluginManager: Mounting plugin AudioCapture
LogPluginManager: Mounting plugin CableComponent
LogPluginManager: Mounting plugin CustomMeshComponent
LogPluginManager: Mounting plugin ExampleDeviceProfileSelector
LogPluginManager: Mounting plugin GoogleCloudMessaging
LogPluginManager: Mounting plugin ImmediatePhysics
LogPluginManager: Mounting plugin IOSDeviceProfileSelector
LogPluginManager: Mounting plugin LinuxDeviceProfileSelector
LogPluginManager: Mounting plugin LocationServicesBPLibrary
LogPluginManager: Mounting plugin MobilePatchingUtils
LogPluginManager: Mounting plugin OculusVR
LogPluginManager: Plugin shader directory ../../../Engine/Plugins/Runtime/Oculus/OculusVR/Shaders found
LogPluginManager: Mapping shader source directory ../../../Engine/Plugins/Runtime/Oculus/OculusVR/Shaders to virtual directory /Plugin/OculusVR
LogPluginManager: Mounting plugin PhysXVehicles
LogPluginManager: Mounting plugin ProceduralMeshComponent
LogPluginManager: Mounting plugin RuntimePhysXCooking
LogPluginManager: Mounting plugin SteamVR
LogPluginManager: Mounting plugin WindowsMoviePlayer
LogStreaming: Display: Took  7.004s to configure plugins.
LogInit: Using libcurl 7.47.1
LogInit:  - built for x86_64-pc-win32
LogInit:  - supports SSL with OpenSSL/1.0.2g
LogInit:  - supports HTTP deflate (compression) using libz 1.2.8
LogInit:  - other features:
LogInit:      CURL_VERSION_SSL
LogInit:      CURL_VERSION_LIBZ
LogInit:      CURL_VERSION_IPV6
LogInit:      CURL_VERSION_ASYNCHDNS
LogInit:      CURL_VERSION_LARGEFILE
LogInit:      CURL_VERSION_IDN
LogInit:  CurlRequestOptions (configurable via config and command line):
LogInit:  - bVerifyPeer = false  - Libcurl will NOT verify peer certificate
LogInit:  - bUseHttpProxy = false  - Libcurl will NOT use HTTP proxy
LogInit:  - bDontReuseConnections = false  - Libcurl will reuse connections
LogInit:  - CertBundlePath = nullptr  - Libcurl will use whatever was configured at build time.
LogInit:  - MaxHostConnections = 16  - Libcurl will limit the number of connections to a host
LogInit:  - LocalHostAddr = Default
LogInit: WinSock: version 1.1 (2.2), MaxSocks=32767, MaxUdp=65467
LogInit: WinSock: I am LAPTOP-SNI5BBA7 (192.168.0.21:0)
LogInit: Build: ++UE4+Release-4.19-CL-4033788
LogInit: Engine Version: 4.19.2-4033788+++UE4+Release-4.19
LogInit: Compatible Engine Version: 4.19.0-3944462+++UE4+Release-4.19
LogInit: Net CL: 3944462
LogDevObjectVersion: Number of dev versions registered: 18
LogDevObjectVersion:   Dev-Blueprints (B0D832E4-1F89-4F0D-ACCF-7EB736FD4AA2): 10
LogDevObjectVersion:   Dev-Build (E1C64328-A22C-4D53-A36C-8E866417BD8C): 0
LogDevObjectVersion:   Dev-Core (375EC13C-06E4-48FB-B500-84F0262A717E): 2
LogDevObjectVersion:   Dev-Editor (E4B068ED-F494-42E9-A231-DA0B2E46BB41): 23
LogDevObjectVersion:   Dev-Framework (CFFC743F-43B0-4480-9391-14DF171D2073): 33
LogDevObjectVersion:   Dev-Mobile (B02B49B5-BB20-44E9-A304-32B752E40360): 2
LogDevObjectVersion:   Dev-Networking (A4E4105C-59A1-49B5-A7C5-40C4547EDFEE): 0
LogDevObjectVersion:   Dev-Online (39C831C9-5AE6-47DC-9A44-9C173E1C8E7C): 0
LogDevObjectVersion:   Dev-Physics (78F01B33-EBEA-4F98-B9B4-84EACCB95AA2): 0
LogDevObjectVersion:   Dev-Platform (6631380F-2D4D-43E0-8009-CF276956A95A): 0
LogDevObjectVersion:   Dev-Rendering (12F88B9F-8875-4AFC-A67C-D90C383ABD29): 25
LogDevObjectVersion:   Dev-Sequencer (7B5AE74C-D270-4C10-A958-57980B212A5A): 6
LogDevObjectVersion:   Dev-VR (D7296918-1DD6-4BDD-9DE2-64A83CC13884): 1
LogDevObjectVersion:   Dev-LoadTimes (C2A15278-BFE7-4AFE-6C17-90FF531DF755): 1
LogDevObjectVersion:   Private-Geometry (6EACA3D4-40EC-4CC1-B786-8BED09428FC5): 2
LogDevObjectVersion:   Dev-AnimPhys (29E575DD-E0A3-4627-9D10-D276232CDCEA): 16
LogDevObjectVersion:   Dev-ReflectionCapture (6B266CEC-1EC7-4B8F-A30B-E4D90942FC07): 1
LogDevObjectVersion:   Dev-Automation (0DF73D61-A23F-47EA-B727-89E90C41499A): 1
LogInit: Compiled (64-bit): Apr 27 2018 02:06:57
LogInit: Compiled with Visual C++: 19.00.24215.01
LogInit: Build Configuration: Development
LogInit: Branch Name: ++UE4+Release-4.19
LogInit: Command Line:  
LogInit: Base Directory: C:/Program Files/Epic Games/UE_4.19/Engine/Binaries/Win64/
LogInit: Installed Engine Build: 1
LogStreaming: Display: Took  0.043s to delete old logs.
LogInit: Presizing for max 8388607 objects, including 0 objects not considered by GC, pre-allocating 0 bytes for permanent pool.
LogInit: Object subsystem initialized
[2018.07.14-05.09.40:678][  0]LogInit: Selected Device Profile: [Windows]
[2018.07.14-05.09.40:679][  0]LogInit: Applying CVar settings loaded from the selected device profile: [Windows]
[2018.07.14-05.09.40:798][  0]LogInit: Computer: LAPTOP-SNI5BBA7
[2018.07.14-05.09.40:798][  0]LogInit: User: Shweta
[2018.07.14-05.09.40:798][  0]LogInit: CPU Page size=4096, Cores=2
[2018.07.14-05.09.40:798][  0]LogInit: High frequency timer resolution =2.835938 MHz
[2018.07.14-05.09.40:798][  0]LogMemory: Memory total: Physical=7.9GB (8GB approx)
[2018.07.14-05.09.40:798][  0]LogMemory: Platform Memory Stats for Windows
[2018.07.14-05.09.40:798][  0]LogMemory: Process Physical Memory: 273.43 MB used, 273.43 MB peak
[2018.07.14-05.09.40:798][  0]LogMemory: Process Virtual Memory: 266.05 MB used, 266.05 MB peak
[2018.07.14-05.09.40:798][  0]LogMemory: Physical Memory: 5254.02 MB used,  2820.39 MB free, 8074.41 MB total
[2018.07.14-05.09.40:798][  0]LogMemory: Virtual Memory: 4781.84 MB used,  2820.39 MB free, 134217728.00 MB total
[2018.07.14-05.09.41:795][  0]LogInit: Using OS detected language (en-US).
[2018.07.14-05.09.41:795][  0]LogInit: Using OS detected locale (en-US).
[2018.07.14-05.09.42:222][  0]LogTextLocalizationManager: No specific localization for 'en-US' exists, so the 'en' localization will be used.
[2018.07.14-05.09.43:744][  0]LogStreaming: Display: Took  2.026s to EndInitTextLocalization.
[2018.07.14-05.09.43:745][  0]LogInit: Setting process to per monitor DPI aware
[2018.07.14-05.09.45:271][  0]LogSlate: New Slate User Created.  User Index 0, Is Virtual User: 0
[2018.07.14-05.09.45:272][  0]LogSlate: Slate User Registered.  User Index 0, Is Virtual User: 0
[2018.07.14-05.09.56:502][  0]LogD3D11RHI: D3D11 adapters:
[2018.07.14-05.09.56:831][  0]LogD3D11RHI:    0. 'Intel(R) HD Graphics 620' (Feature Level 11_0)
[2018.07.14-05.09.56:831][  0]LogD3D11RHI:       128/0/4037 MB DedicatedVideo/DedicatedSystem/SharedSystem, Outputs:1, VendorId:0x8086
[2018.07.14-05.09.57:040][  0]LogD3D11RHI:    1. 'Microsoft Basic Render Driver' (Feature Level 11_0)
[2018.07.14-05.09.57:040][  0]LogD3D11RHI:       0/0/4037 MB DedicatedVideo/DedicatedSystem/SharedSystem, Outputs:0, VendorId:0x1414
[2018.07.14-05.09.57:040][  0]LogD3D11RHI: Chosen D3D11 Adapter: 0
[2018.07.14-05.09.57:135][  0]LogD3D11RHI: Creating new Direct3DDevice
[2018.07.14-05.09.57:136][  0]LogD3D11RHI:     GPU DeviceId: 0x5916 (for the marketing name, search the web for "GPU Device Id")
[2018.07.14-05.09.57:136][  0]LogWindows: EnumDisplayDevices:
[2018.07.14-05.09.57:136][  0]LogWindows:    0. 'Intel(R) HD Graphics 620' (P:1 D:1)
[2018.07.14-05.09.57:137][  0]LogWindows:    1. 'Intel(R) HD Graphics 620' (P:0 D:0)
[2018.07.14-05.09.57:138][  0]LogWindows:    2. 'Intel(R) HD Graphics 620' (P:0 D:0)
[2018.07.14-05.09.57:138][  0]LogWindows: DebugString: GetVideoDriverDetailsInvalid PrimaryIsNotTheChoosenAdapter GetVideoDriverDetailsInvalid PrimaryIsNotTheChoosenAdapter GetVideoDriverDetailsInvalid PrimaryIsNotTheChoosenAdapter FoundDriverCount:0 
[2018.07.14-05.09.57:138][  0]LogD3D11RHI:     Adapter Name: Intel(R) HD Graphics 620
[2018.07.14-05.09.57:184][  0]LogD3D11RHI:   Driver Version: Unknown (internal:Unknown, unified:Unknown)
[2018.07.14-05.09.57:184][  0]LogD3D11RHI:      Driver Date: Unknown
[2018.07.14-05.09.57:304][  0]LogRHI: Texture pool is 1502 MB (70% of 2146 MB)
[2018.07.14-05.09.57:310][  0]LogD3D11RHI: Async texture creation enabled
[2018.07.14-05.09.57:736][  0]LogD3D11RHI: GPU Timing Frequency: 12.000000 (Debug: 2 0)
[2018.07.14-05.09.57:878][  0]LogShaderCompilers: Guid format shader working directory is -65 characters bigger than the processId version (../../../../../../Users/Shweta/Documents/GitHub/theshwetapatil/Epic-Approved-UE4-Certification-UE4/ArchVisDemoV2/Intermediate/Shaders/WorkingDirectory/9408/).
[2018.07.14-05.09.57:906][  0]LogShaderCompilers: Cleaned the shader compiler working directory 'C:/Users/Shweta/AppData/Local/Temp/UnrealShaderWorkingDir/1D675E264CE4AE226E1CE9848212899B/'.
[2018.07.14-05.10.02:602][  0]LogTemp: Display: Loaded TP AllDesktopTargetPlatform
[2018.07.14-05.10.02:690][  0]LogTemp: Display: Loaded TP MacClientTargetPlatform
[2018.07.14-05.10.02:758][  0]LogTemp: Display: Loaded TP MacNoEditorTargetPlatform
[2018.07.14-05.10.02:825][  0]LogTemp: Display: Loaded TP MacServerTargetPlatform
[2018.07.14-05.10.03:116][  0]LogTemp: Display: Loaded TP MacTargetPlatform
[2018.07.14-05.10.03:259][  0]LogTemp: Display: Loaded TP WindowsClientTargetPlatform
[2018.07.14-05.10.03:376][  0]LogTemp: Display: Loaded TP WindowsNoEditorTargetPlatform
[2018.07.14-05.10.03:467][  0]LogTemp: Display: Loaded TP WindowsServerTargetPlatform
[2018.07.14-05.10.03:549][  0]LogTemp: Display: Loaded TP WindowsTargetPlatform
[2018.07.14-05.10.03:678][  0]LogTemp: Display: Loaded TP Android_ASTCTargetPlatform
[2018.07.14-05.10.03:788][  0]LogTemp: Display: Loaded TP Android_ATCTargetPlatform
[2018.07.14-05.10.03:856][  0]LogTemp: Display: Loaded TP Android_DXTTargetPlatform
[2018.07.14-05.10.03:971][  0]LogTemp: Display: Loaded TP Android_ETC1aTargetPlatform
[2018.07.14-05.10.04:097][  0]LogTemp: Display: Loaded TP Android_ETC1TargetPlatform
[2018.07.14-05.10.04:243][  0]LogTemp: Display: Loaded TP Android_ETC2TargetPlatform
[2018.07.14-05.10.04:424][  0]LogTemp: Display: Loaded TP Android_MultiTargetPlatform
[2018.07.14-05.10.04:424][  0]LogTemp: Display: Loaded TP Android_PVRTCTargetPlatform
[2018.07.14-05.10.04:525][  0]LogTemp: Display: Loaded TP AndroidTargetPlatform
[2018.07.14-05.10.04:568][  0]LogTemp: Display: Loaded TP HTML5TargetPlatform
[2018.07.14-05.10.04:925][  0]LogTemp: Display: Loaded TP IOSTargetPlatform
[2018.07.14-05.10.04:982][  0]LogTemp: Display: Loaded TP TVOSTargetPlatform
[2018.07.14-05.10.05:054][  0]LogTemp: Display: Loaded TP LinuxClientTargetPlatform
[2018.07.14-05.10.05:119][  0]LogTemp: Display: Loaded TP LinuxNoEditorTargetPlatform
[2018.07.14-05.10.05:154][  0]LogTemp: Display: Loaded TP LinuxServerTargetPlatform
[2018.07.14-05.10.05:434][  0]LogTemp: Display: Loaded TP LinuxTargetPlatform
[2018.07.14-05.10.05:434][  0]LogTargetPlatformManager: Display: Building Assets For Windows
[2018.07.14-05.10.08:529][  0]LogXGEController: Cleaning working directory: C:/Users/Shweta/AppData/Local/Temp/UnrealXGEWorkingDir/
[2018.07.14-05.10.08:530][  0]LogXGEController: Cannot use XGE Controller as Incredibuild is not installed on this machine.
[2018.07.14-05.10.08:530][  0]LogShaderCompilers: Cannot use XGE Shader Compiler as Incredibuild is not installed on this machine.
[2018.07.14-05.10.08:530][  0]LogShaderCompilers: Display: Using Local Shader Compiler.
[2018.07.14-05.10.16:482][  0]LogDerivedDataCache: Display: Max Cache Size: 512 MB
[2018.07.14-05.10.17:504][  0]LogDerivedDataCache: Loaded boot cache 1.02s 74MB C:/Users/Shweta/AppData/Local/UnrealEngine/4.19/DerivedDataCache/Boot.ddc.
[2018.07.14-05.10.17:504][  0]LogDerivedDataCache: Display: Loaded Boot cache: C:/Users/Shweta/AppData/Local/UnrealEngine/4.19/DerivedDataCache/Boot.ddc
[2018.07.14-05.10.17:504][  0]LogDerivedDataCache: FDerivedDataBackendGraph:  Pak pak cache file ../../../../../../Users/Shweta/Documents/GitHub/theshwetapatil/Epic-Approved-UE4-Certification-UE4/ArchVisDemoV2/DerivedDataCache/DDC.ddp not found, will not use a pak cache.
[2018.07.14-05.10.17:504][  0]LogDerivedDataCache: Unable to find inner node Pak for hierarchical cache Hierarchy.
[2018.07.14-05.10.17:506][  0]LogDerivedDataCache: FDerivedDataBackendGraph:  CompressedPak pak cache file ../../../../../../Users/Shweta/Documents/GitHub/theshwetapatil/Epic-Approved-UE4-Certification-UE4/ArchVisDemoV2/DerivedDataCache/Compressed.ddp not found, will not use a pak cache.
[2018.07.14-05.10.17:506][  0]LogDerivedDataCache: Unable to find inner node CompressedPak for hierarchical cache Hierarchy.
[2018.07.14-05.10.17:527][  0]LogDerivedDataCache: Display: Pak cache opened for reading ../../../Engine/DerivedDataCache/Compressed.ddp.
[2018.07.14-05.10.17:540][  0]LogDerivedDataCache: Using Local data cache path C:/Users/Shweta/AppData/Local/UnrealEngine/Common/DerivedDataCache: Writable
[2018.07.14-05.10.17:540][  0]LogDerivedDataCache: Shared data cache path not found in *engine.ini, will not use an Shared cache.
[2018.07.14-05.10.17:540][  0]LogDerivedDataCache: Unable to find inner node Shared for hierarchical cache Hierarchy.
[2018.07.14-05.10.17:606][  0]LogMaterial: Verifying Global Shaders for PCD3D_SM5
[2018.07.14-05.10.17:653][  0]LogSlate: Using Freetype 2.6.0
[2018.07.14-05.10.17:722][  0]LogSlate: SlateFontCache - WITH_FREETYPE: 1, WITH_HARFBUZZ: 1
[2018.07.14-05.10.17:722][  0]LogSlate: SlateFontCache - WITH_FREETYPE: 1, WITH_HARFBUZZ: 1
[2018.07.14-05.10.28:821][  0]LogAssetRegistry: FAssetRegistry took 0.0268 seconds to start up
[2018.07.14-05.10.34:517][  0]LogInit: Selected Device Profile: [Windows]
[2018.07.14-05.10.35:463][  0]LogSimplygon: Simplygon DLL not present - disabling.
[2018.07.14-05.10.35:521][  0]LogMeshReduction: Using SimplygonSwarm for distributed automatic mesh merging
[2018.07.14-05.10.35:543][  0]LogMeshReduction: Using QuadricMeshReduction for automatic static mesh reduction
[2018.07.14-05.10.35:564][  0]LogMeshReduction: No automatic skeletal mesh reduction module available
[2018.07.14-05.10.35:564][  0]LogMeshReduction: No automatic mesh merging module available
[2018.07.14-05.10.35:564][  0]LogMeshMerging: No automatic mesh merging module available
[2018.07.14-05.10.35:762][  0]LogNetVersion: ArchVisDemo , NetCL: 3944462, EngineNetVer: 2, GameNetVer: 0 (Checksum: 677477482)
[2018.07.14-05.10.39:002][  0]LogPackageLocalizationCache: Processed 9 localized package path(s) for 2 prioritized culture(s) in 0.149624 seconds
[2018.07.14-05.10.39:152][  0]LogUObjectArray: 36728 objects as part of root set at end of initial load.
[2018.07.14-05.10.39:152][  0]LogUObjectAllocator: 7314312 out of 0 bytes used by permanent object pool.
[2018.07.14-05.10.39:152][  0]LogUObjectArray: CloseDisregardForGC: 0/0 objects in disregard for GC pool
[2018.07.14-05.11.11:043][  0]LogTcpMessaging: Initializing TcpMessaging bridge
[2018.07.14-05.11.11:124][  0]LogUdpMessaging: Initializing bridge on interface 0.0.0.0:0 to multicast group 230.0.0.1:6666.
[2018.07.14-05.11.11:969][  0]SourceControl: Source control is disabled
[2018.07.14-05.11.11:969][  0]SourceControl: Source control is disabled
[2018.07.14-05.11.12:073][  0]SourceControl: Source control is disabled
[2018.07.14-05.11.12:112][  0]SourceControl: Source control is disabled
[2018.07.14-05.11.13:328][  0]LogAndroidPermission: UAndroidPermissionCallbackProxy::GetInstance
[2018.07.14-05.11.13:798][  0]LogOcInput: OculusInput pre-init called
[2018.07.14-05.11.14:129][  0]LogEngine: Initializing Engine...
[2018.07.14-05.11.14:130][  0]LogHMD: Failed to initialize OpenVR with code 110
[2018.07.14-05.11.14:132][  0]LogStats: UGameplayTagsManager::ConstructGameplayTagTree: Construct from data asset -  0.000 s
[2018.07.14-05.11.14:132][  0]LogStats: UGameplayTagsManager::ConstructGameplayTagTree: GameplayTagTreeChangedEvent.Broadcast -  0.000 s
[2018.07.14-05.11.14:640][  0]LogAIModule: Creating AISystem for world Untitled
[2018.07.14-05.11.14:670][  0]LogInit: XAudio2 using 'Speaker/HP (Realtek High Definition Audio)' : 2 channels at 48 kHz using 32 bits per sample (channel mask 0x3)
[2018.07.14-05.11.14:699][  0]LogInit: FAudioDevice initialized.
[2018.07.14-05.11.14:946][  0]LogDerivedDataCache: Saved boot cache 0.25s 74MB C:/Users/Shweta/AppData/Local/UnrealEngine/4.19/DerivedDataCache/Boot.ddc.
[2018.07.14-05.11.14:974][  0]LogInit: Texture streaming: Enabled
[2018.07.14-05.11.15:071][  0]LogEngineSessionManager: EngineSessionManager initialized
[2018.07.14-05.11.15:134][  0]LogInit: Transaction tracking system initialized
[2018.07.14-05.11.15:352][  0]BlueprintLog: New page: Editor Load
[2018.07.14-05.11.15:944][  0]LocalizationService: Localization service is disabled
[2018.07.14-05.11.16:817][  0]LogConsoleResponse: Display: 
[2018.07.14-05.11.17:967][  0]LogCook: Display: Max memory allowance for cook 16384mb min free memory 0mb
[2018.07.14-05.11.17:967][  0]LogCook: Display: Mobile HDR setting 1
[2018.07.14-05.11.17:967][  0]LogGameplayTags: Display: UGameplayTagsManager::DoneAddingNativeTags. DelegateIsBound: 0
[2018.07.14-05.11.17:967][  0]LogStats: UGameplayTagsManager::ConstructGameplayTagTree: Construct from data asset -  0.000 s
[2018.07.14-05.11.17:968][  0]LogStats: UGameplayTagsManager::ConstructGameplayTagTree: GameplayTagTreeChangedEvent.Broadcast -  0.000 s
[2018.07.14-05.11.19:372][  0]LogFileCache: Scanning file cache for directory 'C:/Users/Shweta/Documents/GitHub/theshwetapatil/Epic-Approved-UE4-Certification-UE4/ArchVisDemoV2/Content/' took 0.02s
[2018.07.14-05.11.21:138][  0]SourceControl: Source control is disabled
[2018.07.14-05.11.21:139][  0]Cmd: MAP LOAD FILE="../../../Engine/Content/Maps/Templates/Template_Default.umap" TEMPLATE=1 SHOWPROGRESS=1 FEATURELEVEL=3
[2018.07.14-05.11.21:139][  0]LightingResults: New page: Lighting Build
[2018.07.14-05.11.21:204][  0]MapCheck: New page: Map Check
[2018.07.14-05.11.21:204][  0]LightingResults: New page: Lighting Build
[2018.07.14-05.11.21:541][  0]LogAIModule: Creating AISystem for world Untitled_1
[2018.07.14-05.11.21:551][  0]LogEditorServer: Finished looking for orphan Actors (0.000 secs)
[2018.07.14-05.11.21:604][  0]Cmd: MAP CHECKDEP NOCLEARLOG
[2018.07.14-05.11.21:681][  0]MapCheck: Map check complete: 0 Error(s), 0 Warning(s), took 76.313ms to complete.
[2018.07.14-05.11.21:681][  0]LogFileHelpers: Loading map 'Template_Default' took 0.543
[2018.07.14-05.11.22:209][  0]LogCollectionManager: Loaded 0 collections in 0.003354 seconds
[2018.07.14-05.11.22:301][  0]LogFileCache: Scanning file cache for directory 'C:/Users/Shweta/Documents/GitHub/theshwetapatil/Epic-Approved-UE4-Certification-UE4/ArchVisDemoV2/Saved/Collections/' took 0.02s
[2018.07.14-05.11.22:301][  0]LogFileCache: Scanning file cache for directory 'C:/Users/Shweta/Documents/GitHub/theshwetapatil/Epic-Approved-UE4-Certification-UE4/ArchVisDemoV2/Content/Developers/Shweta/Collections/' took 0.00s
[2018.07.14-05.11.22:301][  0]LogFileCache: Scanning file cache for directory 'C:/Users/Shweta/Documents/GitHub/theshwetapatil/Epic-Approved-UE4-Certification-UE4/ArchVisDemoV2/Content/Collections/' took 0.00s
[2018.07.14-05.11.22:301][  0]LogCollectionManager: Rebuilt the GUID cache for 0 collections in 0.000000 seconds
[2018.07.14-05.11.22:315][  0]LogContentBrowser: Native class hierarchy populated in 0.0139 seconds. Added 2452 classes and 558 folders.
[2018.07.14-05.11.22:448][  0]LogContentBrowser: Native class hierarchy updated for 'WidgetCarousel' in 0.0002 seconds. Added 0 classes and 0 folders.
[2018.07.14-05.11.24:472][  0]LogContentBrowser: Native class hierarchy updated for 'AddContentDialog' in 0.0006 seconds. Added 0 classes and 0 folders.
[2018.07.14-05.11.24:554][  0]LogContentBrowser: Native class hierarchy updated for 'SceneOutliner' in 0.0003 seconds. Added 1 classes and 2 folders.
[2018.07.14-05.11.24:707][  0]LogSlate: Took 0.134850 seconds to synchronously load lazily loaded font '../../../Engine/Content/Slate/Fonts/Roboto-Regular.ttf' (155K)
[2018.07.14-05.11.24:815][  0]LogSlate: Took 0.105331 seconds to synchronously load lazily loaded font '../../../Engine/Content/Slate/Fonts/Roboto-Bold.ttf' (160K)
[2018.07.14-05.11.24:843][  0]LogSlate: Took 0.018744 seconds to synchronously load lazily loaded font '../../../Engine/Content/Editor/Slate/Fonts/FontAwesome.ttf' (139K)
[2018.07.14-05.11.25:000][  0]LogRenderer: Reallocating scene render targets to support 792x372 Format 10 NumSamples 1 (Frame:1).
[2018.07.14-05.11.26:158][  0]LogSlate: FSceneViewport::OnFocusLost() reason 2
[2018.07.14-05.11.26:229][  0]LogSlate: Window 'Tutorials' being destroyed
[2018.07.14-05.11.26:336][  0]LogContentBrowser: Native class hierarchy updated for 'HierarchicalLODOutliner' in 0.0003 seconds. Added 0 classes and 0 folders.
[2018.07.14-05.11.26:336][  0]LogLoad: (Engine Initialization) Total time: 183.38 seconds
[2018.07.14-05.11.26:336][  0]LogLoad: (Engine Initialization) Total Blueprint compile time: 0.00 seconds
[2018.07.14-05.11.26:703][  0]LogContentStreaming: Texture pool size now 1000 MB
[2018.07.14-05.11.26:775][  0]LogSlate: Took 0.000260 seconds to synchronously load lazily loaded font '../../../Engine/Content/Slate/Fonts/Roboto-Light.ttf' (167K)
[2018.07.14-05.11.27:354][  2]LogAssetRegistry: Asset discovery search completed in 58.5560 seconds
[2018.07.14-05.11.27:358][  2]LogCollectionManager: Rebuilt the object cache for 0 collections in 0.000000 seconds (found 0 objects)
[2018.07.14-05.11.27:358][  2]LogCollectionManager: Fixed up redirectors for 0 collections in 0.000079 seconds (updated 0 objects)
[2018.07.14-05.15.09:034][829]LogSlate: FSceneViewport::OnFocusLost() reason 0
[2018.07.14-05.15.14:674][460]Cmd: MODE GRID=0
[2018.07.14-05.15.15:996][509]Cmd: MODE GRID=1
[2018.07.14-05.15.39:652][394]Cmd: BRUSH ADD SELECTNEWBRUSH
[2018.07.14-05.15.46:669][642]LogSlate: FSceneViewport::OnFocusLost() reason 0
[2018.07.14-05.15.53:834][901]LogSlate: FSceneViewport::OnFocusLost() reason 0
[2018.07.14-05.16.02:842][224]LogEditorViewport: Clicking on Actor (context menu): Brush (Box Brush)
[2018.07.14-05.16.02:899][224]LogSlate: FSceneViewport::OnFocusLost() reason 2
[2018.07.14-05.16.19:903][575]Cmd: TRANSACTION UNDO
[2018.07.14-05.16.19:903][575]LogEditorTransaction: Undo Move Actors
[2018.07.14-05.16.19:922][575]LogGeometryMode: Warning: Unable to find 1 Poly(s) in new BSP
[2018.07.14-05.16.19:922][575]LogGeometryMode: Warning: Unable to resolve BoxBrush Brush in new BSP, see above
[2018.07.14-05.16.19:922][575]LogGeometryMode: Warning: Unable to find all previously selected geometry data, resetting selection
[2018.07.14-05.16.19:951][575]LogSlate: Took 0.001091 seconds to synchronously load lazily loaded font '../../../Engine/Content/Slate/Fonts/Roboto-Light.ttf' (167K)
[2018.07.14-05.16.50:210][230]LogSlate: FSceneViewport::OnFocusLost() reason 0
[2018.07.14-05.16.57:058][285]LogSlate: Window 'Extrude Coordinates Mode Warning' being destroyed
[2018.07.14-05.17.43:433][878]Cmd: TRANSACTION UNDO
[2018.07.14-05.17.43:434][878]LogEditorTransaction: Undo Move Actors
[2018.07.14-05.17.43:449][878]LogGeometryMode: Warning: Unable to find 1 Poly(s) in new BSP
[2018.07.14-05.17.43:449][878]LogGeometryMode: Warning: Unable to resolve BoxBrush Brush in new BSP, see above
[2018.07.14-05.17.43:449][878]LogGeometryMode: Warning: Unable to find all previously selected geometry data, resetting selection
[2018.07.14-05.17.54:652][252]Cmd: TRANSACTION UNDO
[2018.07.14-05.17.54:652][252]LogEditorTransaction: Undo Move Actors
[2018.07.14-05.17.54:973][272]Cmd: TRANSACTION UNDO
[2018.07.14-05.17.54:973][272]LogEditorTransaction: Undo Modifier [Extrude]
[2018.07.14-05.17.55:471][317]Cmd: TRANSACTION UNDO
[2018.07.14-05.17.55:471][317]LogEditorTransaction: Undo Modifier [Extrude]
[2018.07.14-05.17.55:849][341]Cmd: TRANSACTION UNDO
[2018.07.14-05.17.55:850][341]LogEditorTransaction: Undo Modifier [Extrude]
[2018.07.14-05.17.56:280][356]Cmd: TRANSACTION UNDO
[2018.07.14-05.17.56:280][356]LogEditorTransaction: Undo Modifier [Extrude]
[2018.07.14-05.17.56:691][370]Cmd: TRANSACTION UNDO
[2018.07.14-05.17.56:692][370]LogEditorTransaction: Undo Modifier [Extrude]
[2018.07.14-05.17.57:069][383]Cmd: TRANSACTION UNDO
[2018.07.14-05.17.57:069][383]LogEditorTransaction: Undo Move Actors
[2018.07.14-05.17.57:103][383]LogGeometryMode: Warning: Unable to find 1 Poly(s) in new BSP
[2018.07.14-05.17.57:103][383]LogGeometryMode: Warning: Unable to resolve BoxBrush Brush in new BSP, see above
[2018.07.14-05.17.57:103][383]LogGeometryMode: Warning: Unable to find all previously selected geometry data, resetting selection
[2018.07.14-05.17.57:414][394]Cmd: TRANSACTION UNDO
[2018.07.14-05.17.57:414][394]LogEditorTransaction: Undo Modifier [Extrude]
[2018.07.14-05.17.58:001][414]Cmd: TRANSACTION UNDO
[2018.07.14-05.17.58:001][414]LogEditorTransaction: Undo Move Actors
[2018.07.14-05.17.58:033][414]LogGeometryMode: Warning: Unable to find 1 Poly(s) in new BSP
[2018.07.14-05.17.58:033][414]LogGeometryMode: Warning: Unable to resolve BoxBrush Brush in new BSP, see above
[2018.07.14-05.17.58:033][414]LogGeometryMode: Warning: Unable to find all previously selected geometry data, resetting selection
[2018.07.14-05.18.32:861][578]LogEditorViewport: Clicking on Actor (context menu): BP_Sky_Sphere_C (Sky Sphere)
[2018.07.14-05.18.32:936][578]LogSlate: FSceneViewport::OnFocusLost() reason 2
[2018.07.14-05.18.56:946][411]LogSlate: FSceneViewport::OnFocusLost() reason 0
[2018.07.14-05.18.59:310][470]LogActorComponent: UnregisterComponent: (/Engine/Transient.SphereBrushComponent) Not registered. Aborting.
[2018.07.14-05.19.15:589][ 46]Cmd: BRUSH ADD SELECTNEWBRUSH
[2018.07.14-05.19.25:305][382]Cmd: TRANSACTION UNDO
[2018.07.14-05.19.25:306][382]LogEditorTransaction: Undo Move Actors
[2018.07.14-05.19.29:258][542]Cmd: TRANSACTION UNDO
[2018.07.14-05.19.29:259][542]LogEditorTransaction: Undo Brush Add
[2018.07.14-05.19.31:119][632]LogSlate: FSceneViewport::OnFocusLost() reason 0
[2018.07.14-05.19.38:706][947]Cmd: BRUSH ADD SELECTNEWBRUSH
[2018.07.14-05.19.48:448][289]Cmd: TRANSACTION UNDO
[2018.07.14-05.19.48:448][289]LogEditorTransaction: Undo Brush Add
[2018.07.14-05.19.50:663][368]LogSlate: FSceneViewport::OnFocusLost() reason 0
[2018.07.14-05.19.57:245][613]Cmd: BRUSH ADD SELECTNEWBRUSH
[2018.07.14-05.20.03:464][832]LogSlate: FSceneViewport::OnFocusLost() reason 0
[2018.07.14-05.20.33:200][865]LogSlate: FSceneViewport::OnFocusLost() reason 0
[2018.07.14-05.20.44:561][262]LogSlate: FSceneViewport::OnFocusLost() reason 0
[2018.07.14-05.20.49:024][525]LogEditorViewport: Clicking on Actor (LMB): Brush (Linear Stair Brush)
[2018.07.14-05.21.36:688][184]LogSlate: FSceneViewport::OnFocusLost() reason 2
[2018.07.14-05.22.29:301][683]LogSavePackage: Save=43.45ms
[2018.07.14-05.22.29:301][683]LogSavePackage: Moving '../../../../../../Users/Shweta/Documents/GitHub/theshwetapatil/Epic-Approved-UE4-Certification-UE4/ArchVisDemoV2/Saved/Untitled_1_Auto1F4FADAAE46173542879387B100E9A3E4.tmp' to '../../../../../../Users/Shweta/Documents/GitHub/theshwetapatil/Epic-Approved-UE4-Certification-UE4/ArchVisDemoV2/Saved/Autosaves/Temp/Untitled_1_Auto1.umap'
[2018.07.14-05.22.29:302][683]LogSavePackage: Display: Finished SavePackage ../../../../../../Users/Shweta/Documents/GitHub/theshwetapatil/Epic-Approved-UE4-Certification-UE4/ArchVisDemoV2/Saved/Autosaves/Temp/Untitled_1_Auto1.umap
[2018.07.14-05.22.29:304][683]LogFileHelpers: Editor autosave (incl. sublevels) for '/Temp/Untitled_1' took 0.065
[2018.07.14-05.22.29:304][683]LogFileHelpers: Editor autosave (incl. sublevels) for all levels took 0.065
[2018.07.14-05.24.30:973][932]LogEditorViewport: Clicking on Actor (LMB): BP_Sky_Sphere_C (Sky Sphere)
[2018.07.14-05.25.13:654][404]LogSlate: FSceneViewport::OnFocusLost() reason 0
[2018.07.14-05.25.18:568][580]LogSlate: FSceneViewport::OnFocusLost() reason 0
[2018.07.14-05.25.24:949][803]Cmd: TRANSACTION UNDO
[2018.07.14-05.25.24:949][803]LogEditorTransaction: Undo Select Brush Surface
[2018.07.14-05.25.30:990][ 10]Cmd: TRANSACTION UNDO
[2018.07.14-05.25.30:990][ 10]LogEditorTransaction: Undo Select Brush Surface
[2018.07.14-05.25.41:031][357]LogSlate: FSceneViewport::OnFocusLost() reason 0
[2018.07.14-05.25.55:314][961]LogEditorViewport: Clicking on Actor (LMB): StaticMeshActor (Floor)
[2018.07.14-05.26.01:640][168]LogEditorViewport: Clicking on Actor (LMB): BP_Sky_Sphere_C (Sky Sphere)
[2018.07.14-05.26.47:669][742]LogSlate: FSceneViewport::OnFocusLost() reason 0
[2018.07.14-05.26.56:698][ 60]LogSlate: FSceneViewport::OnFocusLost() reason 0
[2018.07.14-05.27.01:025][213]LogSlate: FSceneViewport::OnFocusLost() reason 0
[2018.07.14-05.27.07:282][438]LogSlate: FSceneViewport::OnFocusLost() reason 0
[2018.07.14-05.27.18:670][838]LogSlate: FSceneViewport::OnFocusLost() reason 2
[2018.07.14-05.27.28:755][838]LogSlate: Window 'Save Level As' being destroyed
[2018.07.14-05.28.17:107][527]Cmd: BRUSH ADD SELECTNEWBRUSH
[2018.07.14-05.28.18:672][583]LogSlate: FSceneViewport::OnFocusLost() reason 0
[2018.07.14-05.28.25:605][832]LogSlate: FSceneViewport::OnFocusLost() reason 0
[2018.07.14-05.28.49:325][667]LogEditorViewport: Clicking on Actor (LMB): StaticMeshActor (Floor)
[2018.07.14-05.28.52:890][780]LogSlate: FSceneViewport::OnFocusLost() reason 0
[2018.07.14-05.28.57:933][988]LogEditorViewport: Clicking on Actor (LMB): StaticMeshActor (Floor)
[2018.07.14-05.29.00:215][ 60]LogSlate: FSceneViewport::OnFocusLost() reason 0
[2018.07.14-05.29.19:104][873]LogEditorViewport: Clicking on Actor (LMB): StaticMeshActor (Floor)
[2018.07.14-05.29.22:863][991]LogSlate: FSceneViewport::OnFocusLost() reason 0
[2018.07.14-05.30.10:321][198]LogSlate: FSceneViewport::OnFocusLost() reason 0
[2018.07.14-05.32.09:551][111]LogSlate: FSceneViewport::OnFocusLost() reason 2
[2018.07.14-05.32.51:565][755]LogSavePackage: Save=79.27ms
[2018.07.14-05.32.51:565][755]LogSavePackage: Moving '../../../../../../Users/Shweta/Documents/GitHub/theshwetapatil/Epic-Approved-UE4-Certification-UE4/ArchVisDemoV2/Saved/Untitled_1_Auto2DBC288904B6A11DB4AC09384716E65CF.tmp' to '../../../../../../Users/Shweta/Documents/GitHub/theshwetapatil/Epic-Approved-UE4-Certification-UE4/ArchVisDemoV2/Saved/Autosaves/Temp/Untitled_1_Auto2.umap'
[2018.07.14-05.32.51:566][755]LogSavePackage: Display: Finished SavePackage ../../../../../../Users/Shweta/Documents/GitHub/theshwetapatil/Epic-Approved-UE4-Certification-UE4/ArchVisDemoV2/Saved/Autosaves/Temp/Untitled_1_Auto2.umap
[2018.07.14-05.32.51:568][755]LogFileHelpers: Editor autosave (incl. sublevels) for '/Temp/Untitled_1' took 0.102
[2018.07.14-05.32.51:568][755]LogFileHelpers: Editor autosave (incl. sublevels) for all levels took 0.102
[2018.07.14-05.33.46:854][733]LogSlate: FSceneViewport::OnFocusLost() reason 2
[2018.07.14-05.34.41:285][866]Cmd: ACTOR HIDE SELECTED
[2018.07.14-05.34.46:193][ 45]Cmd: ACTOR UNHIDE ALL
[2018.07.14-05.35.46:396][429]LogSlate: Window 'Save Level As' being destroyed
[2018.07.14-05.35.46:555][429]LogAIModule: Creating AISystem for world _staircase_bridge
[2018.07.14-05.35.46:639][429]LogSavePackage: Save=37.77ms
[2018.07.14-05.35.46:639][429]LogSavePackage: Moving '../../../../../../Users/Shweta/Documents/GitHub/theshwetapatil/Epic-Approved-UE4-Certification-UE4/ArchVisDemoV2/Saved/_staircase_bridgeCED751EC445A78437CAAEE9DD5989CA9.tmp' to '../../../../../../Users/Shweta/Documents/GitHub/theshwetapatil/Epic-Approved-UE4-Certification-UE4/ArchVisDemoV2/Content/Maps/_staircase_bridge.umap'
[2018.07.14-05.35.46:642][429]LogSavePackage: Display: Finished SavePackage ../../../../../../Users/Shweta/Documents/GitHub/theshwetapatil/Epic-Approved-UE4-Certification-UE4/ArchVisDemoV2/Content/Maps/_staircase_bridge.umap
[2018.07.14-05.35.46:668][429]LogSavePackage: Save=15.32ms
[2018.07.14-05.35.46:668][429]LogSavePackage: Moving '../../../../../../Users/Shweta/Documents/GitHub/theshwetapatil/Epic-Approved-UE4-Certification-UE4/ArchVisDemoV2/Saved/_staircase_bridge_BuiltDataD5B96C3742E9DB2A1E503887E3A45D53.tmp' to '../../../../../../Users/Shweta/Documents/GitHub/theshwetapatil/Epic-Approved-UE4-Certification-UE4/ArchVisDemoV2/Content/Maps/_staircase_bridge_BuiltData.uasset'
[2018.07.14-05.35.46:669][429]LogSavePackage: Display: Finished SavePackage ../../../../../../Users/Shweta/Documents/GitHub/theshwetapatil/Epic-Approved-UE4-Certification-UE4/ArchVisDemoV2/Content/Maps/_staircase_bridge_BuiltData.uasset
[2018.07.14-05.35.46:676][429]LogFileHelpers: Saving map '_staircase_bridge' took 0.272
[2018.07.14-05.35.56:408][532]LogSlate: Window 'Save Content' being destroyed
[2018.07.14-05.36.12:363][532]LogSlate: Window 'Save Level As' being destroyed
[2018.07.14-05.36.12:476][532]LogAIModule: Creating AISystem for world Staircase_Bridge_Demo
[2018.07.14-05.36.12:538][532]LogSavePackage: Save=43.30ms
[2018.07.14-05.36.12:538][532]LogSavePackage: Moving '../../../../../../Users/Shweta/Documents/GitHub/theshwetapatil/Epic-Approved-UE4-Certification-UE4/ArchVisDemoV2/Saved/Staircase_Bridge_Demo6ECB10D6472A77F49466ED88308A398F.tmp' to '../../../../../../Users/Shweta/Documents/GitHub/theshwetapatil/Epic-Approved-UE4-Certification-UE4/ArchVisDemoV2/Content/Staircase_Bridge_Demo.umap'
[2018.07.14-05.36.12:540][532]LogSavePackage: Display: Finished SavePackage ../../../../../../Users/Shweta/Documents/GitHub/theshwetapatil/Epic-Approved-UE4-Certification-UE4/ArchVisDemoV2/Content/Staircase_Bridge_Demo.umap
[2018.07.14-05.36.12:544][532]LogFileHelpers: Saving map 'Staircase_Bridge_Demo' took 0.174
[2018.07.14-05.36.12:602][532]LogSlate: Window 'ArchVisDemo - Unreal Editor' being destroyed
[2018.07.14-05.36.12:814][533]Cmd: QUIT_EDITOR
[2018.07.14-05.36.13:032][533]LogWindowsTextInputMethodSystem: Display: IME system now deactivated.
[2018.07.14-05.36.13:057][533]LogSlate: Slate User Destroyed.  User Index 0, Is Virtual User: 0
[2018.07.14-05.36.13:057][533]LogExit: Preparing to exit.
[2018.07.14-05.36.14:082][533]LogDirectoryWatcher: A directory notification for 'C:/Users/Shweta/Documents/GitHub/theshwetapatil/Epic-Approved-UE4-Certification-UE4/ArchVisDemoV2/Content/' was aborted.
[2018.07.14-05.36.14:108][533]LogExit: Editor shut down
[2018.07.14-05.36.14:137][533]LogExit: Transaction tracking system shut down
[2018.07.14-05.36.14:199][533]LogDirectoryWatcher: A directory notification for '../../../Engine/Content/' was aborted.
[2018.07.14-05.36.14:199][533]LogDirectoryWatcher: A directory notification for '../../../../../../Users/Shweta/Documents/GitHub/theshwetapatil/Epic-Approved-UE4-Certification-UE4/ArchVisDemoV2/Content/' was aborted.
[2018.07.14-05.36.14:199][533]LogDirectoryWatcher: A directory notification for '../../Plugins/2D/Paper2D/Content/' was aborted.
[2018.07.14-05.36.14:199][533]LogDirectoryWatcher: A directory notification for '../../Plugins/Enterprise/DatasmithContent/Content/' was aborted.
[2018.07.14-05.36.14:199][533]LogDirectoryWatcher: A directory notification for '../../Plugins/Media/MediaCompositing/Content/' was aborted.
[2018.07.14-05.36.14:199][533]LogDirectoryWatcher: A directory notification for '../../Plugins/Runtime/AppleARKit/Content/' was aborted.
[2018.07.14-05.36.14:199][533]LogDirectoryWatcher: A directory notification for '../../Plugins/Runtime/Oculus/OculusVR/Content/' was aborted.
[2018.07.14-05.36.14:199][533]LogDirectoryWatcher: A directory notification for '../../Plugins/Runtime/Steam/SteamVR/Content/' was aborted.
[2018.07.14-05.36.14:270][533]LogExit: Object subsystem successfully closed.
[2018.07.14-05.36.14:283][533]LogShaderCompilers: Display: Shaders left to compile 0
[2018.07.14-05.36.14:287][533]LogD3D11RHI: Shutdown
[2018.07.14-05.36.14:287][533]LogD3D11RHI: CleanupD3DDevice
[2018.07.14-05.36.14:317][533]LogD3D11RHI: ~FD3D11DynamicRHI
[2018.07.14-05.36.14:335][533]LogModuleManager: Shutting down and abandoning module HierarchicalLODOutliner (576)
[2018.07.14-05.36.14:335][533]LogModuleManager: Shutting down and abandoning module SceneOutliner (574)
[2018.07.14-05.36.14:335][533]LogModuleManager: Shutting down and abandoning module AddContentDialog (572)
[2018.07.14-05.36.14:335][533]LogDirectoryWatcher: A directory notification for 'C:/Program Files/Epic Games/UE_4.19/FeaturePacks/' was aborted.
[2018.07.14-05.36.14:336][533]LogModuleManager: Shutting down and abandoning module WidgetCarousel (571)
[2018.07.14-05.36.14:336][533]LogModuleManager: Shutting down and abandoning module EditorWidgets (568)
[2018.07.14-05.36.14:336][533]LogModuleManager: Shutting down and abandoning module CollectionManager (566)
[2018.07.14-05.36.14:336][533]LogDirectoryWatcher: A directory notification for 'C:/Users/Shweta/Documents/GitHub/theshwetapatil/Epic-Approved-UE4-Certification-UE4/ArchVisDemoV2/Content/Collections/' was aborted.
[2018.07.14-05.36.14:337][533]LogDirectoryWatcher: A directory notification for 'C:/Users/Shweta/Documents/GitHub/theshwetapatil/Epic-Approved-UE4-Certification-UE4/ArchVisDemoV2/Content/Developers/Shweta/Collections/' was aborted.
[2018.07.14-05.36.14:337][533]LogDirectoryWatcher: A directory notification for 'C:/Users/Shweta/Documents/GitHub/theshwetapatil/Epic-Approved-UE4-Certification-UE4/ArchVisDemoV2/Saved/Collections/' was aborted.
[2018.07.14-05.36.14:337][533]LogModuleManager: Shutting down and abandoning module HierarchicalLODUtilities (564)
[2018.07.14-05.36.14:337][533]LogModuleManager: Shutting down and abandoning module StatsViewer (562)
[2018.07.14-05.36.14:337][533]LogModuleManager: Shutting down and abandoning module FoliageEdit (560)
[2018.07.14-05.36.14:337][533]LogModuleManager: Shutting down and abandoning module LandscapeEditor (558)
[2018.07.14-05.36.14:337][533]LogModuleManager: Shutting down and abandoning module MeshPaintMode (556)
[2018.07.14-05.36.14:337][533]LogModuleManager: Shutting down and abandoning module SceneDepthPickerMode (554)
[2018.07.14-05.36.14:337][533]LogModuleManager: Shutting down and abandoning module ActorPickerMode (552)
[2018.07.14-05.36.14:337][533]LogModuleManager: Shutting down and abandoning module GeometryMode (550)
[2018.07.14-05.36.14:337][533]LogModuleManager: Shutting down and abandoning module TextureAlignMode (548)
[2018.07.14-05.36.14:337][533]LogModuleManager: Shutting down and abandoning module BspMode (546)
[2018.07.14-05.36.14:337][533]LogModuleManager: Shutting down and abandoning module PIEPreviewDeviceProfileSelector (544)
[2018.07.14-05.36.14:337][533]LogModuleManager: Shutting down and abandoning module HardwareSurvey (542)
[2018.07.14-05.36.14:337][533]LogModuleManager: Shutting down and abandoning module SequenceRecorderSections (540)
[2018.07.14-05.36.14:337][533]LogModuleManager: Shutting down and abandoning module AutomationWorker (538)
[2018.07.14-05.36.14:337][533]LogModuleManager: Shutting down and abandoning module AudioCaptureEditor (536)
[2018.07.14-05.36.14:337][533]LogModuleManager: Shutting down and abandoning module SequenceRecorder (535)
[2018.07.14-05.36.14:337][533]LogModuleManager: Shutting down and abandoning module MatineeToLevelSequence (532)
[2018.07.14-05.36.14:337][533]LogModuleManager: Shutting down and abandoning module LevelSequenceEditor (530)
[2018.07.14-05.36.14:337][533]LogModuleManager: Shutting down and abandoning module PlacementMode (529)
[2018.07.14-05.36.14:337][533]LogModuleManager: Shutting down and abandoning module MaterialEditor (528)
[2018.07.14-05.36.14:337][533]LogModuleManager: Shutting down and abandoning module WmfMediaFactory (524)
[2018.07.14-05.36.14:337][533]LogModuleManager: Shutting down and abandoning module WmfMediaEditor (522)
[2018.07.14-05.36.14:337][533]LogModuleManager: Shutting down and abandoning module MediaPlayerEditor (520)
[2018.07.14-05.36.14:337][533]LogModuleManager: Shutting down and abandoning module OpenExrWrapper (518)
[2018.07.14-05.36.14:337][533]LogModuleManager: Shutting down and abandoning module ImgMediaFactory (516)
[2018.07.14-05.36.14:338][533]LogModuleManager: Shutting down and abandoning module ImgMediaEditor (514)
[2018.07.14-05.36.14:338][533]LogModuleManager: Shutting down and abandoning module AvfMediaFactory (512)
[2018.07.14-05.36.14:338][533]LogModuleManager: Shutting down and abandoning module AvfMediaEditor (510)
[2018.07.14-05.36.14:338][533]LogModuleManager: Shutting down and abandoning module AndroidMediaFactory (508)
[2018.07.14-05.36.14:338][533]LogModuleManager: Shutting down and abandoning module AndroidMediaEditor (506)
[2018.07.14-05.36.14:338][533]LogModuleManager: Shutting down and abandoning module CharacterAI (504)
[2018.07.14-05.36.14:338][533]LogModuleManager: Shutting down and abandoning module SmartSnapping (502)
[2018.07.14-05.36.14:338][533]LogModuleManager: Shutting down and abandoning module SessionServices (500)
[2018.07.14-05.36.14:338][533]LogModuleManager: Shutting down and abandoning module ViewportSnapping (498)
[2018.07.14-05.36.14:338][533]LogModuleManager: Shutting down and abandoning module ViewportInteraction (496)
[2018.07.14-05.36.14:338][533]LogModuleManager: Shutting down and abandoning module ClothPainter (494)
[2018.07.14-05.36.14:338][533]LogModuleManager: Shutting down and abandoning module SkeletalMeshEditor (493)
[2018.07.14-05.36.14:338][533]LogModuleManager: Shutting down and abandoning module LogVisualizer (490)
[2018.07.14-05.36.14:338][533]LogModuleManager: Shutting down and abandoning module IntroTutorials (488)
[2018.07.14-05.36.14:338][533]LogModuleManager: Shutting down and abandoning module GameProjectGeneration (487)
[2018.07.14-05.36.14:338][533]LogModuleManager: Shutting down and abandoning module IOSPlatformEditor (484)
[2018.07.14-05.36.14:338][533]LogModuleManager: Shutting down and abandoning module HTML5PlatformEditor (482)
[2018.07.14-05.36.14:338][533]LogModuleManager: Shutting down and abandoning module AndroidPlatformEditor (480)
[2018.07.14-05.36.14:338][533]LogModuleManager: Shutting down and abandoning module AndroidDeviceDetection (479)
[2018.07.14-05.36.14:415][533]LogModuleManager: Shutting down and abandoning module WindowsPlatformEditor (476)
[2018.07.14-05.36.14:415][533]LogModuleManager: Shutting down and abandoning module IOSRuntimeSettings (474)
[2018.07.14-05.36.14:415][533]LogModuleManager: Shutting down and abandoning module AndroidRuntimeSettings (472)
[2018.07.14-05.36.14:415][533]LogModuleManager: Shutting down and abandoning module InputBindingEditor (470)
[2018.07.14-05.36.14:415][533]LogModuleManager: Shutting down and abandoning module MergeActors (468)
[2018.07.14-05.36.14:416][533]LogModuleManager: Shutting down and abandoning module LocalizationDashboard (466)
[2018.07.14-05.36.14:416][533]LogModuleManager: Shutting down and abandoning module LocalizationService (465)
[2018.07.14-05.36.14:416][533]LogModuleManager: Shutting down and abandoning module HardwareTargeting (462)
[2018.07.14-05.36.14:416][533]LogModuleManager: Shutting down and abandoning module DeviceProfileEditor (460)
[2018.07.14-05.36.14:416][533]LogModuleManager: Shutting down and abandoning module UndoHistory (458)
[2018.07.14-05.36.14:416][533]LogModuleManager: Shutting down and abandoning module XmlParser (456)
[2018.07.14-05.36.14:416][533]LogModuleManager: Shutting down and abandoning module Blutility (454)
[2018.07.14-05.36.14:416][533]LogModuleManager: Shutting down and abandoning module ProjectSettingsViewer (452)
[2018.07.14-05.36.14:416][533]LogModuleManager: Shutting down and abandoning module ProjectTargetPlatformEditor (451)
[2018.07.14-05.36.14:417][533]LogModuleManager: Shutting down and abandoning module EditorSettingsViewer (448)
[2018.07.14-05.36.14:417][533]LogModuleManager: Shutting down and abandoning module SettingsEditor (446)
[2018.07.14-05.36.14:417][533]LogModuleManager: Shutting down and abandoning module ProjectLauncher (444)
[2018.07.14-05.36.14:417][533]LogModuleManager: Shutting down and abandoning module SessionFrontend (442)
[2018.07.14-05.36.14:417][533]LogModuleManager: Shutting down and abandoning module ProfilerClient (440)
[2018.07.14-05.36.14:417][533]LogModuleManager: Shutting down and abandoning module DeviceManager (438)
[2018.07.14-05.36.14:417][533]LogModuleManager: Shutting down and abandoning module TargetDeviceServices (437)
[2018.07.14-05.36.14:482][533]LogModuleManager: Shutting down and abandoning module AutomationController (434)
[2018.07.14-05.36.14:482][533]LogModuleManager: Shutting down and abandoning module AutomationWindow (432)
[2018.07.14-05.36.14:482][533]LogModuleManager: Shutting down and abandoning module Layers (430)
[2018.07.14-05.36.14:482][533]LogModuleManager: Shutting down and abandoning module ComponentVisualizers (428)
[2018.07.14-05.36.14:482][533]LogModuleManager: Shutting down and abandoning module DetailCustomizations (426)
[2018.07.14-05.36.14:483][533]LogModuleManager: Shutting down and abandoning module PackagesDialog (424)
[2018.07.14-05.36.14:483][533]LogModuleManager: Shutting down and abandoning module Persona (422)
[2018.07.14-05.36.14:483][533]LogModuleManager: Shutting down and abandoning module AdvancedPreviewScene (421)
[2018.07.14-05.36.14:484][533]LogModuleManager: Shutting down and abandoning module AnimGraph (419)
[2018.07.14-05.36.14:484][533]LogModuleManager: Shutting down and abandoning module Kismet (416)
[2018.07.14-05.36.14:485][533]LogModuleManager: Shutting down and abandoning module GraphEditor (414)
[2018.07.14-05.36.14:485][533]LogModuleManager: Shutting down and abandoning module ClassViewer (412)
[2018.07.14-05.36.14:490][533]LogModuleManager: Shutting down and abandoning module Toolbox (410)
[2018.07.14-05.36.14:490][533]LogModuleManager: Shutting down and abandoning module ModuleUI (408)
[2018.07.14-05.36.14:490][533]LogModuleManager: Shutting down and abandoning module MovieSceneTools (406)
[2018.07.14-05.36.14:490][533]LogModuleManager: Shutting down and abandoning module OutputLog (404)
[2018.07.14-05.36.14:490][533]LogModuleManager: Shutting down and abandoning module GammaUI (402)
[2018.07.14-05.36.14:490][533]LogModuleManager: Shutting down and abandoning module Documentation (400)
[2018.07.14-05.36.14:491][533]LogModuleManager: Shutting down and abandoning module MovieSceneTracks (398)
[2018.07.14-05.36.14:491][533]LogModuleManager: Shutting down and abandoning module MovieScene (396)
[2018.07.14-05.36.14:491][533]LogModuleManager: Shutting down and abandoning module StreamingPauseRendering (394)
[2018.07.14-05.36.14:491][533]LogModuleManager: Shutting down and abandoning module LauncherPlatform (392)
[2018.07.14-05.36.14:491][533]LogModuleManager: Shutting down and abandoning module AnalyticsET (390)
[2018.07.14-05.36.14:491][533]LogModuleManager: Shutting down and abandoning module PortalServices (388)
[2018.07.14-05.36.14:491][533]LogModuleManager: Shutting down and abandoning module PortalRpc (386)
[2018.07.14-05.36.14:491][533]LogModuleManager: Shutting down and abandoning module MessagingRpc (384)
[2018.07.14-05.36.14:491][533]LogModuleManager: Shutting down and abandoning module AIModule (382)
[2018.07.14-05.36.14:491][533]LogModuleManager: Shutting down and abandoning module GameplayDebugger (381)
[2018.07.14-05.36.14:491][533]LogModuleManager: Shutting down and abandoning module AITestSuite (379)
[2018.07.14-05.36.14:491][533]LogModuleManager: Shutting down and abandoning module DesktopPlatform (376)
[2018.07.14-05.36.14:492][533]LogModuleManager: Shutting down and abandoning module ProfilerService (374)
[2018.07.14-05.36.14:601][533]LogModuleManager: Shutting down and abandoning module TaskGraph (372)
[2018.07.14-05.36.14:601][533]LogModuleManager: Shutting down and abandoning module SteamVRController (370)
[2018.07.14-05.36.14:601][533]LogModuleManager: Shutting down and abandoning module ProceduralMeshComponentEditor (368)
[2018.07.14-05.36.14:601][533]LogModuleManager: Shutting down and abandoning module ProceduralMeshComponent (366)
[2018.07.14-05.36.14:601][533]LogModuleManager: Shutting down and abandoning module OculusInput (364)
[2018.07.14-05.36.14:601][533]LogModuleManager: Shutting down and abandoning module MobilePatchingUtils (362)
[2018.07.14-05.36.14:601][533]LogModuleManager: Shutting down and abandoning module CustomMeshComponent (360)
[2018.07.14-05.36.14:601][533]LogModuleManager: Shutting down and abandoning module CableComponent (358)
[2018.07.14-05.36.14:601][533]LogModuleManager: Shutting down and abandoning module AudioCapture (356)
[2018.07.14-05.36.14:601][533]LogModuleManager: Shutting down and abandoning module ArchVisCharacter (354)
[2018.07.14-05.36.14:601][533]LogModuleManager: Shutting down and abandoning module AndroidPermission (352)
[2018.07.14-05.36.14:601][533]LogModuleManager: Shutting down and abandoning module NUTUnrealEngine4 (348)
[2018.07.14-05.36.14:601][533]LogModuleManager: Shutting down and abandoning module NetcodeUnitTest (346)
[2018.07.14-05.36.14:601][533]LogModuleManager: Shutting down and abandoning module MediaCompositingEditor (344)
[2018.07.14-05.36.14:601][533]LogModuleManager: Shutting down and abandoning module MediaCompositing (342)
[2018.07.14-05.36.14:601][533]LogModuleManager: Shutting down and abandoning module LinearTimecode (340)
[2018.07.14-05.36.14:602][533]LogModuleManager: Shutting down and abandoning module ImgMedia (338)
[2018.07.14-05.36.14:608][533]LogModuleManager: Shutting down and abandoning module HTML5Networking (336)
[2018.07.14-05.36.14:608][533]LogModuleManager: Shutting down and abandoning module AlembicImporter (334)
[2018.07.14-05.36.14:608][533]LogModuleManager: Shutting down and abandoning module AlembicLibrary (333)
[2018.07.14-05.36.14:608][533]LogModuleManager: Shutting down and abandoning module GeometryCache (332)
[2018.07.14-05.36.14:608][533]LogModuleManager: Shutting down and abandoning module GeometryCacheEd (331)
[2018.07.14-05.36.14:608][533]LogModuleManager: Shutting down and abandoning module DatasmithContent (326)
[2018.07.14-05.36.14:608][533]LogModuleManager: Shutting down and abandoning module SpeedTreeImporter (324)
[2018.07.14-05.36.14:608][533]LogModuleManager: Shutting down and abandoning module PluginBrowser (322)
[2018.07.14-05.36.14:608][533]LogModuleManager: Shutting down and abandoning module MobileLauncherProfileWizard (320)
[2018.07.14-05.36.14:609][533]LogModuleManager: Shutting down and abandoning module CryptoKeysOpenSSL (318)
[2018.07.14-05.36.14:609][533]LogModuleManager: Shutting down and abandoning module CryptoKeys (316)
[2018.07.14-05.36.14:609][533]LogModuleManager: Shutting down and abandoning module VisualStudioSourceCodeAccess (314)
[2018.07.14-05.36.14:609][533]LogModuleManager: Shutting down and abandoning module VisualStudioCodeSourceCodeAccess (312)
[2018.07.14-05.36.14:609][533]LogModuleManager: Shutting down and abandoning module UObjectPlugin (310)
[2018.07.14-05.36.14:609][533]LogModuleManager: Shutting down and abandoning module SubversionSourceControl (308)
[2018.07.14-05.36.14:609][533]LogModuleManager: Shutting down and abandoning module PerforceSourceControl (306)
[2018.07.14-05.36.14:609][533]LogModuleManager: Shutting down and abandoning module GitSourceControl (304)
[2018.07.14-05.36.14:609][533]LogModuleManager: Shutting down and abandoning module SourceControl (303)
[2018.07.14-05.36.14:609][533]LogModuleManager: Shutting down and abandoning module CLionSourceCodeAccess (300)
[2018.07.14-05.36.14:609][533]LogModuleManager: Shutting down and abandoning module LightPropagationVolumeEditor (298)
[2018.07.14-05.36.14:609][533]LogModuleManager: Shutting down and abandoning module PaperTiledImporter (296)
[2018.07.14-05.36.14:609][533]LogModuleManager: Shutting down and abandoning module PaperSpriteSheetImporter (294)
[2018.07.14-05.36.14:609][533]LogModuleManager: Shutting down and abandoning module Paper2DEditor (292)
[2018.07.14-05.36.14:609][533]LogModuleManager: Shutting down and abandoning module MeshPaint (291)
[2018.07.14-05.36.14:610][533]LogModuleManager: Shutting down and abandoning module RuntimePhysXCooking (288)
[2018.07.14-05.36.14:610][533]LogModuleManager: Shutting down and abandoning module PhysXVehiclesEditor (286)
[2018.07.14-05.36.14:610][533]LogModuleManager: Shutting down and abandoning module PhysXVehicles (284)
[2018.07.14-05.36.14:610][533]LogModuleManager: Shutting down and abandoning module OculusEditor (282)
[2018.07.14-05.36.14:610][533]LogModuleManager: Shutting down and abandoning module LocationServicesBPLibrary (280)
[2018.07.14-05.36.14:610][533]LogModuleManager: Shutting down and abandoning module ImmediatePhysicsEditor (278)
[2018.07.14-05.36.14:610][533]LogModuleManager: Shutting down and abandoning module ImmediatePhysics (276)
[2018.07.14-05.36.14:610][533]LogModuleManager: Shutting down and abandoning module ActorSequence (274)
[2018.07.14-05.36.14:610][533]LogModuleManager: Shutting down and abandoning module UdpMessaging (272)
[2018.07.14-05.36.14:711][533]LogModuleManager: Shutting down and abandoning module TcpMessaging (270)
[2018.07.14-05.36.14:947][533]LogModuleManager: Shutting down and abandoning module GameplayTagsEditor (268)
[2018.07.14-05.36.14:947][533]LogModuleManager: Shutting down and abandoning module FacialAnimationEditor (266)
[2018.07.14-05.36.14:947][533]LogModuleManager: Shutting down and abandoning module FacialAnimation (264)
[2018.07.14-05.36.14:947][533]LogModuleManager: Shutting down and abandoning module DataValidation (262)
[2018.07.14-05.36.14:947][533]LogModuleManager: Shutting down and abandoning module AssetManagerEditor (260)
[2018.07.14-05.36.14:948][533]LogModuleManager: Shutting down and abandoning module LevelEditor (259)
[2018.07.14-05.36.14:948][533]LogModuleManager: Shutting down and abandoning module PixelInspectorModule (258)
[2018.07.14-05.36.14:948][533]LogModuleManager: Shutting down and abandoning module CommonMenuExtensions (256)
[2018.07.14-05.36.14:949][533]LogModuleManager: Shutting down and abandoning module MainFrame (254)
[2018.07.14-05.36.14:949][533]LogModuleManager: Shutting down and abandoning module HotReload (253)
[2018.07.14-05.36.14:949][533]LogModuleManager: Shutting down and abandoning module ContentBrowser (249)
[2018.07.14-05.36.14:950][533]LogModuleManager: Shutting down and abandoning module TreeMap (247)
[2018.07.14-05.36.14:950][533]LogModuleManager: Shutting down and abandoning module LightPropagationVolumeRuntime (244)
[2018.07.14-05.36.14:950][533]LogModuleManager: Shutting down and abandoning module LiveLinkEditor (242)
[2018.07.14-05.36.14:950][533]LogModuleManager: Shutting down and abandoning module LiveLink (240)
[2018.07.14-05.36.15:370][533]LogModuleManager: Shutting down and abandoning module Paper2D (238)
[2018.07.14-05.36.15:370][533]LogModuleManager: Shutting down and abandoning module WindowsMoviePlayer (236)
[2018.07.14-05.36.15:370][533]LogModuleManager: Shutting down and abandoning module WmfMedia (234)
[2018.07.14-05.36.15:373][533]LogModuleManager: Shutting down and abandoning module Media (233)
[2018.07.14-05.36.15:379][533]LogModuleManager: Shutting down and abandoning module PacketHandler (230)
[2018.07.14-05.36.15:379][533]LogModuleManager: Shutting down and abandoning module ClothingSystemEditor (228)
[2018.07.14-05.36.15:379][533]LogModuleManager: Shutting down and abandoning module ClothingSystemRuntime (226)
[2018.07.14-05.36.15:379][533]LogModuleManager: Shutting down and abandoning module MediaAssets (224)
[2018.07.14-05.36.15:379][533]LogModuleManager: Shutting down and abandoning module Overlay (222)
[2018.07.14-05.36.15:379][533]LogModuleManager: Shutting down and abandoning module OverlayEditor (221)
[2018.07.14-05.36.15:379][533]LogModuleManager: Shutting down and abandoning module VREditor (218)
[2018.07.14-05.36.15:379][533]LogModuleManager: Shutting down and abandoning module StringTableEditor (216)
[2018.07.14-05.36.15:379][533]LogModuleManager: Shutting down and abandoning module GameplayTasksEditor (214)
[2018.07.14-05.36.15:379][533]LogModuleManager: Shutting down and abandoning module BehaviorTreeEditor (212)
[2018.07.14-05.36.15:379][533]LogModuleManager: Shutting down and abandoning module FunctionalTesting (210)
[2018.07.14-05.36.15:379][533]LogModuleManager: Shutting down and abandoning module CollisionAnalyzer (208)
[2018.07.14-05.36.15:379][533]LogModuleManager: Shutting down and abandoning module WorkspaceMenuStructure (207)
[2018.07.14-05.36.15:379][533]LogModuleManager: Shutting down and abandoning module UMG (204)
[2018.07.14-05.36.15:380][533]LogModuleManager: Shutting down and abandoning module UMGEditor (203)
[2018.07.14-05.36.15:380][533]LogModuleManager: Shutting down and abandoning module Sequencer (202)
[2018.07.14-05.36.15:380][533]LogModuleManager: Shutting down and abandoning module MessageLog (199)
[2018.07.14-05.36.15:380][533]LogModuleManager: Shutting down and abandoning module SlateReflector (194)
[2018.07.14-05.36.15:380][533]LogModuleManager: Shutting down and abandoning module Slate (192)
[2018.07.14-05.36.15:380][533]LogModuleManager: Shutting down and abandoning module EditorStyle (190)
[2018.07.14-05.36.15:382][533]LogModuleManager: Shutting down and abandoning module MRMesh (188)
[2018.07.14-05.36.15:382][533]LogModuleManager: Shutting down and abandoning module SourceCodeAccess (186)
[2018.07.14-05.36.15:382][533]LogModuleManager: Shutting down and abandoning module HeadMountedDisplay (184)
[2018.07.14-05.36.15:382][533]LogModuleManager: Shutting down and abandoning module XAudio2 (182)
[2018.07.14-05.36.15:382][533]LogModuleManager: Shutting down and abandoning module Networking (180)
[2018.07.14-05.36.15:382][533]LogModuleManager: Shutting down and abandoning module Core (178)
[2018.07.14-05.36.15:382][533]LogModuleManager: Shutting down and abandoning module LevelSequence (176)
[2018.07.14-05.36.15:382][533]LogModuleManager: Shutting down and abandoning module KismetCompiler (174)
[2018.07.14-05.36.15:382][533]LogModuleManager: Shutting down and abandoning module MeshUtilities (172)
[2018.07.14-05.36.15:382][533]LogModuleManager: Shutting down and abandoning module MeshMergeUtilities (171)
[2018.07.14-05.36.15:382][533]LogModuleManager: Shutting down and abandoning module MeshReductionInterface (170)
[2018.07.14-05.36.15:382][533]LogModuleManager: Shutting down and abandoning module SimplygonSwarm (169)
[2018.07.14-05.36.15:382][533]LogModuleManager: Shutting down and abandoning module SimplygonMeshReduction (167)
[2018.07.14-05.36.15:382][533]LogModuleManager: Shutting down and abandoning module QuadricMeshReduction (165)
[2018.07.14-05.36.15:382][533]LogModuleManager: Shutting down and abandoning module MaterialBaking (161)
[2018.07.14-05.36.15:382][533]LogModuleManager: Shutting down and abandoning module DirectoryWatcher (157)
[2018.07.14-05.36.15:383][533]LogModuleManager: Shutting down and abandoning module DerivedDataCache (154)
[2018.07.14-05.36.15:423][533]LogDerivedDataCache: Shutdown
[2018.07.14-05.36.15:423][533]LogModuleManager: Shutting down and abandoning module XGEController (152)
[2018.07.14-05.36.15:423][533]LogXGEController: Cleaning working directory: C:/Users/Shweta/AppData/Local/Temp/UnrealXGEWorkingDir/
[2018.07.14-05.36.15:423][533]LogModuleManager: Shutting down and abandoning module TargetPlatform (150)
[2018.07.14-05.36.15:423][533]LogModuleManager: Shutting down and abandoning module VulkanShaderFormat (149)
[2018.07.14-05.36.15:424][533]LogModuleManager: Shutting down and abandoning module ShaderFormatVectorVM (147)
[2018.07.14-05.36.15:424][533]LogModuleManager: Shutting down and abandoning module ShaderFormatOpenGL (145)
[2018.07.14-05.36.15:424][533]LogModuleManager: Shutting down and abandoning module ShaderFormatD3D (143)
[2018.07.14-05.36.15:424][533]LogModuleManager: Shutting down and abandoning module MetalShaderFormat (141)
[2018.07.14-05.36.15:424][533]LogModuleManager: Shutting down and abandoning module TextureFormatUncompressed (139)
[2018.07.14-05.36.15:424][533]LogModuleManager: Shutting down and abandoning module TextureFormatPVR (137)
[2018.07.14-05.36.15:424][533]LogModuleManager: Shutting down and abandoning module TextureFormatDXT (135)
[2018.07.14-05.36.15:424][533]LogModuleManager: Shutting down and abandoning module TextureFormatIntelISPCTexComp (133)
[2018.07.14-05.36.15:424][533]LogModuleManager: Shutting down and abandoning module TextureFormatASTC (131)
[2018.07.14-05.36.15:424][533]LogModuleManager: Shutting down and abandoning module ImageWrapper (130)
[2018.07.14-05.36.15:424][533]LogModuleManager: Shutting down and abandoning module TextureFormatAndroid (127)
[2018.07.14-05.36.15:424][533]LogModuleManager: Shutting down and abandoning module AudioFormatOpus (125)
[2018.07.14-05.36.15:424][533]LogModuleManager: Shutting down and abandoning module AudioFormatOgg (123)
[2018.07.14-05.36.15:424][533]LogModuleManager: Shutting down and abandoning module AudioFormatADPCM (121)
[2018.07.14-05.36.15:424][533]LogModuleManager: Shutting down and abandoning module LinuxTargetPlatform (119)
[2018.07.14-05.36.15:424][533]LogModuleManager: Shutting down and abandoning module LinuxServerTargetPlatform (117)
[2018.07.14-05.36.15:424][533]LogModuleManager: Shutting down and abandoning module LinuxNoEditorTargetPlatform (115)
[2018.07.14-05.36.15:424][533]LogModuleManager: Shutting down and abandoning module LinuxClientTargetPlatform (113)
[2018.07.14-05.36.15:424][533]LogModuleManager: Shutting down and abandoning module TVOSTargetPlatform (111)
[2018.07.14-05.36.15:424][533]LogModuleManager: Shutting down and abandoning module Messaging (109)
[2018.07.14-05.36.15:424][533]LogModuleManager: Shutting down and abandoning module IOSTargetPlatform (107)
[2018.07.14-05.36.15:424][533]LogModuleManager: Shutting down and abandoning module HTML5TargetPlatform (105)
[2018.07.14-05.36.15:424][533]LogModuleManager: Shutting down and abandoning module AndroidTargetPlatform (103)
[2018.07.14-05.36.15:424][533]LogModuleManager: Shutting down and abandoning module Android_PVRTCTargetPlatform (101)
[2018.07.14-05.36.15:424][533]LogModuleManager: Shutting down and abandoning module Android_MultiTargetPlatform (99)
[2018.07.14-05.36.15:424][533]LogModuleManager: Shutting down and abandoning module Android_ETC2TargetPlatform (97)
[2018.07.14-05.36.15:424][533]LogModuleManager: Shutting down and abandoning module Android_ETC1TargetPlatform (95)
[2018.07.14-05.36.15:424][533]LogModuleManager: Shutting down and abandoning module Android_ETC1aTargetPlatform (93)
[2018.07.14-05.36.15:424][533]LogModuleManager: Shutting down and abandoning module Android_DXTTargetPlatform (91)
[2018.07.14-05.36.15:425][533]LogModuleManager: Shutting down and abandoning module Android_ATCTargetPlatform (89)
[2018.07.14-05.36.15:425][533]LogModuleManager: Shutting down and abandoning module Android_ASTCTargetPlatform (87)
[2018.07.14-05.36.15:425][533]LogModuleManager: Shutting down and abandoning module WindowsTargetPlatform (85)
[2018.07.14-05.36.15:425][533]LogModuleManager: Shutting down and abandoning module WindowsServerTargetPlatform (83)
[2018.07.14-05.36.15:425][533]LogModuleManager: Shutting down and abandoning module WindowsNoEditorTargetPlatform (81)
[2018.07.14-05.36.15:425][533]LogModuleManager: Shutting down and abandoning module WindowsClientTargetPlatform (79)
[2018.07.14-05.36.15:425][533]LogModuleManager: Shutting down and abandoning module MacTargetPlatform (77)
[2018.07.14-05.36.15:425][533]LogModuleManager: Shutting down and abandoning module MacServerTargetPlatform (75)
[2018.07.14-05.36.15:425][533]LogModuleManager: Shutting down and abandoning module MacNoEditorTargetPlatform (73)
[2018.07.14-05.36.15:425][533]LogModuleManager: Shutting down and abandoning module MacClientTargetPlatform (71)
[2018.07.14-05.36.15:425][533]LogModuleManager: Shutting down and abandoning module AllDesktopTargetPlatform (69)
[2018.07.14-05.36.15:425][533]LogModuleManager: Shutting down and abandoning module InputCore (66)
[2018.07.14-05.36.15:425][533]LogModuleManager: Shutting down and abandoning module Settings (64)
[2018.07.14-05.36.15:425][533]LogModuleManager: Shutting down and abandoning module PhysXCooking (62)
[2018.07.14-05.36.15:425][533]LogModuleManager: Shutting down and abandoning module SteamVR (60)
[2018.07.14-05.36.15:425][533]LogModuleManager: Shutting down and abandoning module OculusHMD (58)
[2018.07.14-05.36.15:425][533]LogModuleManager: Shutting down and abandoning module ExampleDeviceProfileSelector (56)
[2018.07.14-05.36.15:425][533]LogModuleManager: Shutting down and abandoning module AppleARKit (54)
[2018.07.14-05.36.15:425][533]LogModuleManager: Shutting down and abandoning module AugmentedReality (51)
[2018.07.14-05.36.15:425][533]LogModuleManager: Shutting down and abandoning module OnlineBlueprintSupport (48)
[2018.07.14-05.36.15:425][533]LogModuleManager: Shutting down and abandoning module OnlineSubsystem (44)
[2018.07.14-05.36.15:425][533]LogModuleManager: Shutting down and abandoning module XMPP (43)
[2018.07.14-05.36.15:425][533]LogModuleManager: Shutting down and abandoning module HTTP (41)
[2018.07.14-05.36.15:425][533]LogHttp: Display: Http module shutting down, but needs to wait on 1 outstanding Http requests:
[2018.07.14-05.36.15:425][533]LogHttp: Display: 	verb=[POST] url=[https://datarouter.ol.epicgames.com/datarouter/api/v1/public/data?SessionID=%7B052331E1-44F2-F620-1A12-A1BCBDEE94D2%7D&AppID=UEEditor.Rocket.Release&AppVersion=4.19.2-4033788%2B%2B%2BUE4%2BRelease-4.19&UserID=c76cbc614dc4c6a1dc888b8aa3470b3f%7C57113a4ef07749e899daf8a54070ea17%7C6d46c3db-d58f-4b5d-93cd-6fe936b97061&AppEnvironment=datacollector-binary&UploadType=eteventstream] status=Processing
[2018.07.14-05.36.15:432][533]LogModuleManager: Shutting down and abandoning module SSL (40)
[2018.07.14-05.36.15:433][533]LogModuleManager: Shutting down and abandoning module AnimationModifiers (36)
[2018.07.14-05.36.15:433][533]LogModuleManager: Shutting down and abandoning module PropertyEditor (35)
[2018.07.14-05.36.15:433][533]LogModuleManager: Shutting down and abandoning module AudioEditor (32)
[2018.07.14-05.36.15:433][533]LogModuleManager: Shutting down and abandoning module TextureCompressor (30)
[2018.07.14-05.36.15:433][533]LogModuleManager: Shutting down and abandoning module ShaderCore (28)
[2018.07.14-05.36.15:433][533]LogModuleManager: Shutting down and abandoning module Landscape (26)
[2018.07.14-05.36.15:433][533]LogModuleManager: Shutting down and abandoning module SlateRHIRenderer (24)
[2018.07.14-05.36.15:434][533]LogModuleManager: Shutting down and abandoning module OpenGLDrv (22)
[2018.07.14-05.36.15:434][533]LogModuleManager: Shutting down and abandoning module D3D11RHI (20)
[2018.07.14-05.36.15:434][533]LogModuleManager: Shutting down and abandoning module AnimGraphRuntime (18)
[2018.07.14-05.36.15:434][533]LogModuleManager: Shutting down and abandoning module Renderer (16)
[2018.07.14-05.36.15:434][533]LogModuleManager: Shutting down and abandoning module Engine (14)
[2018.07.14-05.36.15:434][533]LogModuleManager: Shutting down and abandoning module CoreUObject (12)
[2018.07.14-05.36.15:434][533]LogModuleManager: Shutting down and abandoning module NetworkFile (10)
[2018.07.14-05.36.15:434][533]LogModuleManager: Shutting down and abandoning module CookedIterativeFile (8)
[2018.07.14-05.36.15:434][533]LogModuleManager: Shutting down and abandoning module StreamingFile (6)
[2018.07.14-05.36.15:434][533]LogModuleManager: Shutting down and abandoning module SandboxFile (4)
[2018.07.14-05.36.15:434][533]LogModuleManager: Shutting down and abandoning module PakFile (2)
[2018.07.14-05.36.15:438][533]LogExit: Exiting.
[2018.07.14-05.36.15:453][533]Log file closed, 07/14/18 11:06:15
