Log file open, 07/22/18 12:39:54
LogWindows: Failed to load 'aqProf.dll' (GetLastError=126)
LogWindows: File 'aqProf.dll' does not exist
LogWindows: Failed to load 'VtuneApi.dll' (GetLastError=126)
LogWindows: File 'VtuneApi.dll' does not exist
LogWindows: Failed to load 'VtuneApi32e.dll' (GetLastError=126)
LogWindows: File 'VtuneApi32e.dll' does not exist
LogInit: Display: Running engine for game: ArchVisDemo
LogPlatformFile: Not using cached read wrapper
LogInit: Display: RandInit(955321594) SRandInit(955321594).
LogInit: Read version file with build ID '3944462'
LogInit: Overriding engine version to CL 4033788, compatible CL 3944462
LogInit: Registered custom module enumerator with build ID '3944462'
LogTaskGraph: Started task graph with 5 named threads and 11 total threads with 3 sets of task threads.
LogStats: Stats thread started at 17.062543
LogD3D11RHI: Aftermath initialized
LogICUInternationalization: Display: ICU TimeZone Detection - Raw Offset: +5:30, Platform Override: ''
LogModuleManager: Display: Found up-to-date module file ../../../Engine/Plugins/2D/Paper2D/Binaries/Win64/UE4Editor-Paper2D.dll (API version 3944462).
LogModuleManager: Display: Found up-to-date module file ../../../Engine/Plugins/2D/Paper2D/Binaries/Win64/UE4Editor-Paper2DEditor.dll (API version 3944462).
LogModuleManager: Display: Found up-to-date module file ../../../Engine/Plugins/2D/Paper2D/Binaries/Win64/UE4Editor-PaperSpriteSheetImporter.dll (API version 3944462).
LogModuleManager: Display: Found up-to-date module file ../../../Engine/Plugins/2D/Paper2D/Binaries/Win64/UE4Editor-PaperTiledImporter.dll (API version 3944462).
LogModuleManager: Display: Found up-to-date module file ../../../Engine/Plugins/2D/Paper2D/Binaries/Win64/UE4Editor-SmartSnapping.dll (API version 3944462).
LogModuleManager: Display: Found up-to-date module file ../../../Engine/Plugins/Blendables/LightPropagationVolume/Binaries/Win64/UE4Editor-LightPropagationVolumeRuntime.dll (API version 3944462).
LogModuleManager: Display: Found up-to-date module file ../../../Engine/Plugins/Blendables/LightPropagationVolume/Binaries/Win64/UE4Editor-LightPropagationVolumeEditor.dll (API version 3944462).
LogModuleManager: Display: Found up-to-date module file ../../../Engine/Plugins/Developer/CLionSourceCodeAccess/Binaries/Win64/UE4Editor-CLionSourceCodeAccess.dll (API version 3944462).
LogModuleManager: Display: Found up-to-date module file ../../../Engine/Plugins/Developer/GitSourceControl/Binaries/Win64/UE4Editor-GitSourceControl.dll (API version 3944462).
LogModuleManager: Display: Found up-to-date module file ../../../Engine/Plugins/Developer/PerforceSourceControl/Binaries/Win64/UE4Editor-PerforceSourceControl.dll (API version 3944462).
LogModuleManager: Display: Found up-to-date module file ../../../Engine/Plugins/Developer/SubversionSourceControl/Binaries/Win64/UE4Editor-SubversionSourceControl.dll (API version 3944462).
LogModuleManager: Display: Found up-to-date module file ../../../Engine/Plugins/Developer/UObjectPlugin/Binaries/Win64/UE4Editor-UObjectPlugin.dll (API version 3944462).
LogModuleManager: Display: Found up-to-date module file ../../../Engine/Plugins/Developer/VisualStudioCodeSourceCodeAccess/Binaries/Win64/UE4Editor-VisualStudioCodeSourceCodeAccess.dll (API version 3944462).
LogModuleManager: Display: Found up-to-date module file ../../../Engine/Plugins/Developer/VisualStudioSourceCodeAccess/Binaries/Win64/UE4Editor-VisualStudioSourceCodeAccess.dll (API version 3944462).
LogModuleManager: Display: Found up-to-date module file ../../../Engine/Plugins/Editor/AssetManagerEditor/Binaries/Win64/UE4Editor-AssetManagerEditor.dll (API version 3944462).
LogModuleManager: Display: Found up-to-date module file ../../../Engine/Plugins/Editor/CryptoKeys/Binaries/Win64/UE4Editor-CryptoKeys.dll (API version 3944462).
LogModuleManager: Display: Found up-to-date module file ../../../Engine/Plugins/Editor/CryptoKeys/Binaries/Win64/UE4Editor-CryptoKeysOpenSSL.dll (API version 3944462).
LogModuleManager: Display: Found up-to-date module file ../../../Engine/Plugins/Editor/DataValidation/Binaries/Win64/UE4Editor-DataValidation.dll (API version 3944462).
LogModuleManager: Display: Found up-to-date module file ../../../Engine/Plugins/Editor/FacialAnimation/Binaries/Win64/UE4Editor-FacialAnimation.dll (API version 3944462).
LogModuleManager: Display: Found up-to-date module file ../../../Engine/Plugins/Editor/FacialAnimation/Binaries/Win64/UE4Editor-FacialAnimationEditor.dll (API version 3944462).
LogModuleManager: Display: Found up-to-date module file ../../../Engine/Plugins/Editor/GameplayTagsEditor/Binaries/Win64/UE4Editor-GameplayTagsEditor.dll (API version 3944462).
LogModuleManager: Display: Found up-to-date module file ../../../Engine/Plugins/Editor/MobileLauncherProfileWizard/Binaries/Win64/UE4Editor-MobileLauncherProfileWizard.dll (API version 3944462).
LogModuleManager: Display: Found up-to-date module file ../../../Engine/Plugins/Editor/PluginBrowser/Binaries/Win64/UE4Editor-PluginBrowser.dll (API version 3944462).
LogModuleManager: Display: Found up-to-date module file ../../../Engine/Plugins/Editor/SpeedTreeImporter/Binaries/Win64/UE4Editor-SpeedTreeImporter.dll (API version 3944462).
LogModuleManager: Display: Found up-to-date module file ../../../Engine/Plugins/Enterprise/DatasmithContent/Binaries/Win64/UE4Editor-DatasmithContent.dll (API version 3944462).
LogModuleManager: Display: Found up-to-date module file ../../../Engine/Plugins/Experimental/AlembicImporter/Binaries/Win64/UE4Editor-AlembicImporter.dll (API version 3944462).
LogModuleManager: Display: Found up-to-date module file ../../../Engine/Plugins/Experimental/AlembicImporter/Binaries/Win64/UE4Editor-AlembicLibrary.dll (API version 3944462).
LogModuleManager: Display: Found up-to-date module file ../../../Engine/Plugins/Experimental/CharacterAI/Binaries/Win64/UE4Editor-CharacterAI.dll (API version 3944462).
LogModuleManager: Display: Found up-to-date module file ../../../Engine/Plugins/Experimental/HTML5Networking/Binaries/Win64/UE4Editor-HTML5Networking.dll (API version 3944462).
LogModuleManager: Display: Found up-to-date module file ../../../Engine/Plugins/Media/AndroidMedia/Binaries/Win64/UE4Editor-AndroidMediaEditor.dll (API version 3944462).
LogModuleManager: Display: Found up-to-date module file ../../../Engine/Plugins/Media/AndroidMedia/Binaries/Win64/UE4Editor-AndroidMediaFactory.dll (API version 3944462).
LogModuleManager: Display: Found up-to-date module file ../../../Engine/Plugins/Media/AvfMedia/Binaries/Win64/UE4Editor-AvfMediaEditor.dll (API version 3944462).
LogModuleManager: Display: Found up-to-date module file ../../../Engine/Plugins/Media/AvfMedia/Binaries/Win64/UE4Editor-AvfMediaFactory.dll (API version 3944462).
LogModuleManager: Display: Found up-to-date module file ../../../Engine/Plugins/Media/AvfMedia/Binaries/Win64/UE4Editor-AvfMediaFactory.dll (API version 3944462).
LogModuleManager: Display: Found up-to-date module file ../../../Engine/Plugins/Media/ImgMedia/Binaries/Win64/UE4Editor-ImgMedia.dll (API version 3944462).
LogModuleManager: Display: Found up-to-date module file ../../../Engine/Plugins/Media/ImgMedia/Binaries/Win64/UE4Editor-ImgMediaEditor.dll (API version 3944462).
LogModuleManager: Display: Found up-to-date module file ../../../Engine/Plugins/Media/ImgMedia/Binaries/Win64/UE4Editor-ImgMediaFactory.dll (API version 3944462).
LogModuleManager: Display: Found up-to-date module file ../../../Engine/Plugins/Media/ImgMedia/Binaries/Win64/UE4Editor-ImgMediaFactory.dll (API version 3944462).
LogModuleManager: Display: Found up-to-date module file ../../../Engine/Plugins/Media/ImgMedia/Binaries/Win64/UE4Editor-OpenExrWrapper.dll (API version 3944462).
LogModuleManager: Display: Found up-to-date module file ../../../Engine/Plugins/Media/LinearTimecode/Binaries/Win64/UE4Editor-LinearTimecode.dll (API version 3944462).
LogModuleManager: Display: Found up-to-date module file ../../../Engine/Plugins/Media/MediaCompositing/Binaries/Win64/UE4Editor-MediaCompositing.dll (API version 3944462).
LogModuleManager: Display: Found up-to-date module file ../../../Engine/Plugins/Media/MediaCompositing/Binaries/Win64/UE4Editor-MediaCompositingEditor.dll (API version 3944462).
LogModuleManager: Display: Found up-to-date module file ../../../Engine/Plugins/Media/MediaPlayerEditor/Binaries/Win64/UE4Editor-MediaPlayerEditor.dll (API version 3944462).
LogModuleManager: Display: Found up-to-date module file ../../../Engine/Plugins/Media/WmfMedia/Binaries/Win64/UE4Editor-WmfMedia.dll (API version 3944462).
LogModuleManager: Display: Found up-to-date module file ../../../Engine/Plugins/Media/WmfMedia/Binaries/Win64/UE4Editor-WmfMediaEditor.dll (API version 3944462).
LogModuleManager: Display: Found up-to-date module file ../../../Engine/Plugins/Media/WmfMedia/Binaries/Win64/UE4Editor-WmfMediaFactory.dll (API version 3944462).
LogModuleManager: Display: Found up-to-date module file ../../../Engine/Plugins/Media/WmfMedia/Binaries/Win64/UE4Editor-WmfMediaFactory.dll (API version 3944462).
LogModuleManager: Display: Found up-to-date module file ../../../Engine/Plugins/Messaging/TcpMessaging/Binaries/Win64/UE4Editor-TcpMessaging.dll (API version 3944462).
LogModuleManager: Display: Found up-to-date module file ../../../Engine/Plugins/Messaging/UdpMessaging/Binaries/Win64/UE4Editor-UdpMessaging.dll (API version 3944462).
LogModuleManager: Display: Found up-to-date module file ../../../Engine/Plugins/MovieScene/ActorSequence/Binaries/Win64/UE4Editor-ActorSequence.dll (API version 3944462).
LogModuleManager: Display: Found up-to-date module file ../../../Engine/Plugins/MovieScene/LevelSequenceEditor/Binaries/Win64/UE4Editor-LevelSequenceEditor.dll (API version 3944462).
LogModuleManager: Display: Found up-to-date module file ../../../Engine/Plugins/MovieScene/MatineeToLevelSequence/Binaries/Win64/UE4Editor-MatineeToLevelSequence.dll (API version 3944462).
LogModuleManager: Display: Found up-to-date module file ../../../Engine/Plugins/NetcodeUnitTest/NetcodeUnitTest/Binaries/Win64/UE4Editor-NetcodeUnitTest.dll (API version 3944462).
LogModuleManager: Display: Found up-to-date module file ../../../Engine/Plugins/NetcodeUnitTest/NUTUnrealEngine4/Binaries/Win64/UE4Editor-NUTUnrealEngine4.dll (API version 3944462).
LogModuleManager: Display: Found up-to-date module file ../../../Engine/Plugins/Online/OnlineSubsystem/Binaries/Win64/UE4Editor-OnlineSubsystem.dll (API version 3944462).
LogModuleManager: Display: Found up-to-date module file ../../../Engine/Plugins/Runtime/AndroidPermission/Binaries/Win64/UE4Editor-AndroidPermission.dll (API version 3944462).
LogModuleManager: Display: Found up-to-date module file ../../../Engine/Plugins/Online/OnlineSubsystemNull/Binaries/Win64/UE4Editor-OnlineSubsystemNull.dll (API version 3944462).
LogModuleManager: Display: Found up-to-date module file ../../../Engine/Plugins/Online/OnlineSubsystemUtils/Binaries/Win64/UE4Editor-OnlineSubsystemUtils.dll (API version 3944462).
LogModuleManager: Display: Found up-to-date module file ../../../Engine/Plugins/Online/OnlineSubsystemUtils/Binaries/Win64/UE4Editor-OnlineBlueprintSupport.dll (API version 3944462).
LogModuleManager: Display: Found up-to-date module file ../../../Engine/Plugins/Runtime/AndroidDeviceProfileSelector/Binaries/Win64/UE4Editor-AndroidDeviceProfileSelector.dll (API version 3944462).
LogModuleManager: Display: Found up-to-date module file ../../../Engine/Plugins/Runtime/AppleARKit/Binaries/Win64/UE4Editor-AppleARKit.dll (API version 3944462).
LogModuleManager: Display: Found up-to-date module file ../../../Engine/Plugins/Runtime/ProceduralMeshComponent/Binaries/Win64/UE4Editor-ProceduralMeshComponent.dll (API version 3944462).
LogModuleManager: Display: Found up-to-date module file ../../../Engine/Plugins/Runtime/ProceduralMeshComponent/Binaries/Win64/UE4Editor-ProceduralMeshComponentEditor.dll (API version 3944462).
LogModuleManager: Display: Found up-to-date module file ../../../Engine/Plugins/Animation/LiveLink/Binaries/Win64/UE4Editor-LiveLink.dll (API version 3944462).
LogModuleManager: Display: Found up-to-date module file ../../../Engine/Plugins/Animation/LiveLink/Binaries/Win64/UE4Editor-LiveLinkEditor.dll (API version 3944462).
LogModuleManager: Display: Found up-to-date module file ../../../Engine/Plugins/Runtime/ArchVisCharacter/Binaries/Win64/UE4Editor-ArchVisCharacter.dll (API version 3944462).
LogModuleManager: Display: Found up-to-date module file ../../../Engine/Plugins/Runtime/AudioCapture/Binaries/Win64/UE4Editor-AudioCapture.dll (API version 3944462).
LogModuleManager: Display: Found up-to-date module file ../../../Engine/Plugins/Runtime/AudioCapture/Binaries/Win64/UE4Editor-AudioCaptureEditor.dll (API version 3944462).
LogModuleManager: Display: Found up-to-date module file ../../../Engine/Plugins/Runtime/CableComponent/Binaries/Win64/UE4Editor-CableComponent.dll (API version 3944462).
LogModuleManager: Display: Found up-to-date module file ../../../Engine/Plugins/Runtime/CustomMeshComponent/Binaries/Win64/UE4Editor-CustomMeshComponent.dll (API version 3944462).
LogModuleManager: Display: Found up-to-date module file ../../../Engine/Plugins/Runtime/ExampleDeviceProfileSelector/Binaries/Win64/UE4Editor-ExampleDeviceProfileSelector.dll (API version 3944462).
LogModuleManager: Display: Found up-to-date module file ../../../Engine/Plugins/Runtime/ImmediatePhysics/Binaries/Win64/UE4Editor-ImmediatePhysics.dll (API version 3944462).
LogModuleManager: Display: Found up-to-date module file ../../../Engine/Plugins/Runtime/ImmediatePhysics/Binaries/Win64/UE4Editor-ImmediatePhysicsEditor.dll (API version 3944462).
LogModuleManager: Display: Found up-to-date module file ../../../Engine/Plugins/Runtime/LocationServicesBPLibrary/Binaries/Win64/UE4Editor-LocationServicesBPLibrary.dll (API version 3944462).
LogModuleManager: Display: Found up-to-date module file ../../../Engine/Plugins/Runtime/MobilePatchingUtils/Binaries/Win64/UE4Editor-MobilePatchingUtils.dll (API version 3944462).
LogModuleManager: Display: Found up-to-date module file ../../../Engine/Plugins/Runtime/Oculus/OculusVR/Binaries/Win64/UE4Editor-OculusHMD.dll (API version 3944462).
LogModuleManager: Display: Found up-to-date module file ../../../Engine/Plugins/Runtime/Oculus/OculusVR/Binaries/Win64/UE4Editor-OculusInput.dll (API version 3944462).
LogModuleManager: Display: Found up-to-date module file ../../../Engine/Plugins/Runtime/Oculus/OculusVR/Binaries/Win64/UE4Editor-OculusEditor.dll (API version 3944462).
LogModuleManager: Display: Found up-to-date module file ../../../Engine/Plugins/Runtime/PhysXVehicles/Binaries/Win64/UE4Editor-PhysXVehicles.dll (API version 3944462).
LogModuleManager: Display: Found up-to-date module file ../../../Engine/Plugins/Runtime/PhysXVehicles/Binaries/Win64/UE4Editor-PhysXVehiclesEditor.dll (API version 3944462).
LogModuleManager: Display: Found up-to-date module file ../../../Engine/Plugins/Runtime/RuntimePhysXCooking/Binaries/Win64/UE4Editor-RuntimePhysXCooking.dll (API version 3944462).
LogModuleManager: Display: Found up-to-date module file ../../../Engine/Plugins/Runtime/Steam/SteamVR/Binaries/Win64/UE4Editor-SteamVR.dll (API version 3944462).
LogModuleManager: Display: Found up-to-date module file ../../../Engine/Plugins/Runtime/Steam/SteamVR/Binaries/Win64/UE4Editor-SteamVRController.dll (API version 3944462).
LogModuleManager: Display: Found up-to-date module file ../../../Engine/Plugins/Runtime/WindowsMoviePlayer/Binaries/Win64/UE4Editor-WindowsMoviePlayer.dll (API version 3944462).
LogPluginManager: Mounting plugin Paper2D
LogPluginManager: Mounting plugin LiveLink
LogPluginManager: Mounting plugin LightPropagationVolume
LogPluginManager: Mounting plugin CLionSourceCodeAccess
LogPluginManager: Mounting plugin CodeLiteSourceCodeAccess
LogPluginManager: Mounting plugin GitSourceControl
LogPluginManager: Mounting plugin KDevelopSourceCodeAccess
LogPluginManager: Mounting plugin NullSourceCodeAccess
LogPluginManager: Mounting plugin PerforceSourceControl
LogPluginManager: Mounting plugin SubversionSourceControl
LogPluginManager: Mounting plugin UObjectPlugin
LogPluginManager: Mounting plugin VisualStudioCodeSourceCodeAccess
LogPluginManager: Mounting plugin VisualStudioSourceCodeAccess
LogPluginManager: Mounting plugin XCodeSourceCodeAccess
LogPluginManager: Mounting plugin AssetManagerEditor
LogPluginManager: Mounting plugin CryptoKeys
LogPluginManager: Mounting plugin DataValidation
LogPluginManager: Mounting plugin FacialAnimation
LogPluginManager: Mounting plugin GameplayTagsEditor
LogPluginManager: Mounting plugin MobileLauncherProfileWizard
LogPluginManager: Mounting plugin PluginBrowser
LogPluginManager: Mounting plugin SpeedTreeImporter
LogPluginManager: Mounting plugin DatasmithContent
LogPluginManager: Mounting plugin AlembicImporter
LogPluginManager: Mounting plugin CharacterAI
LogPluginManager: Mounting plugin HTML5Networking
LogPluginManager: Mounting plugin AndroidMedia
LogPluginManager: Mounting plugin AvfMedia
LogPluginManager: Mounting plugin ImgMedia
LogPluginManager: Mounting plugin LinearTimecode
LogPluginManager: Mounting plugin MediaCompositing
LogPluginManager: Mounting plugin MediaPlayerEditor
LogPluginManager: Mounting plugin WmfMedia
LogPluginManager: Mounting plugin TcpMessaging
LogPluginManager: Mounting plugin UdpMessaging
LogPluginManager: Mounting plugin ActorSequence
LogPluginManager: Mounting plugin LevelSequenceEditor
LogPluginManager: Mounting plugin MatineeToLevelSequence
LogPluginManager: Mounting plugin NetcodeUnitTest
LogPluginManager: Mounting plugin NUTUnrealEngine4
LogPluginManager: Mounting plugin OnlineSubsystemGooglePlay
LogPluginManager: Mounting plugin OnlineSubsystemIOS
LogPluginManager: Mounting plugin OnlineSubsystem
LogPluginManager: Mounting plugin OnlineSubsystemNull
LogPluginManager: Mounting plugin OnlineSubsystemUtils
LogPluginManager: Mounting plugin AndroidDeviceProfileSelector
LogPluginManager: Mounting plugin AndroidMoviePlayer
LogPluginManager: Mounting plugin AndroidPermission
LogPluginManager: Mounting plugin AppleARKit
LogPluginManager: Mounting plugin AppleMoviePlayer
LogPluginManager: Mounting plugin ArchVisCharacter
LogPluginManager: Mounting plugin AudioCapture
LogPluginManager: Mounting plugin CableComponent
LogPluginManager: Mounting plugin CustomMeshComponent
LogPluginManager: Mounting plugin ExampleDeviceProfileSelector
LogPluginManager: Mounting plugin GoogleCloudMessaging
LogPluginManager: Mounting plugin ImmediatePhysics
LogPluginManager: Mounting plugin IOSDeviceProfileSelector
LogPluginManager: Mounting plugin LinuxDeviceProfileSelector
LogPluginManager: Mounting plugin LocationServicesBPLibrary
LogPluginManager: Mounting plugin MobilePatchingUtils
LogPluginManager: Mounting plugin OculusVR
LogPluginManager: Plugin shader directory ../../../Engine/Plugins/Runtime/Oculus/OculusVR/Shaders found
LogPluginManager: Mapping shader source directory ../../../Engine/Plugins/Runtime/Oculus/OculusVR/Shaders to virtual directory /Plugin/OculusVR
LogPluginManager: Mounting plugin PhysXVehicles
LogPluginManager: Mounting plugin ProceduralMeshComponent
LogPluginManager: Mounting plugin RuntimePhysXCooking
LogPluginManager: Mounting plugin SteamVR
LogPluginManager: Mounting plugin WindowsMoviePlayer
LogStreaming: Display: Took  6.945s to configure plugins.
LogInit: Using libcurl 7.47.1
LogInit:  - built for x86_64-pc-win32
LogInit:  - supports SSL with OpenSSL/1.0.2g
LogInit:  - supports HTTP deflate (compression) using libz 1.2.8
LogInit:  - other features:
LogInit:      CURL_VERSION_SSL
LogInit:      CURL_VERSION_LIBZ
LogInit:      CURL_VERSION_IPV6
LogInit:      CURL_VERSION_ASYNCHDNS
LogInit:      CURL_VERSION_LARGEFILE
LogInit:      CURL_VERSION_IDN
LogInit:  CurlRequestOptions (configurable via config and command line):
LogInit:  - bVerifyPeer = false  - Libcurl will NOT verify peer certificate
LogInit:  - bUseHttpProxy = false  - Libcurl will NOT use HTTP proxy
LogInit:  - bDontReuseConnections = false  - Libcurl will reuse connections
LogInit:  - CertBundlePath = nullptr  - Libcurl will use whatever was configured at build time.
LogInit:  - MaxHostConnections = 16  - Libcurl will limit the number of connections to a host
LogInit:  - LocalHostAddr = Default
LogInit: WinSock: version 1.1 (2.2), MaxSocks=32767, MaxUdp=65467
LogInit: WinSock: I am LAPTOP-SNI5BBA7 (192.168.0.21:0)
LogInit: Build: ++UE4+Release-4.19-CL-4033788
LogInit: Engine Version: 4.19.2-4033788+++UE4+Release-4.19
LogInit: Compatible Engine Version: 4.19.0-3944462+++UE4+Release-4.19
LogInit: Net CL: 3944462
LogDevObjectVersion: Number of dev versions registered: 18
LogDevObjectVersion:   Dev-Blueprints (B0D832E4-1F89-4F0D-ACCF-7EB736FD4AA2): 10
LogDevObjectVersion:   Dev-Build (E1C64328-A22C-4D53-A36C-8E866417BD8C): 0
LogDevObjectVersion:   Dev-Core (375EC13C-06E4-48FB-B500-84F0262A717E): 2
LogDevObjectVersion:   Dev-Editor (E4B068ED-F494-42E9-A231-DA0B2E46BB41): 23
LogDevObjectVersion:   Dev-Framework (CFFC743F-43B0-4480-9391-14DF171D2073): 33
LogDevObjectVersion:   Dev-Mobile (B02B49B5-BB20-44E9-A304-32B752E40360): 2
LogDevObjectVersion:   Dev-Networking (A4E4105C-59A1-49B5-A7C5-40C4547EDFEE): 0
LogDevObjectVersion:   Dev-Online (39C831C9-5AE6-47DC-9A44-9C173E1C8E7C): 0
LogDevObjectVersion:   Dev-Physics (78F01B33-EBEA-4F98-B9B4-84EACCB95AA2): 0
LogDevObjectVersion:   Dev-Platform (6631380F-2D4D-43E0-8009-CF276956A95A): 0
LogDevObjectVersion:   Dev-Rendering (12F88B9F-8875-4AFC-A67C-D90C383ABD29): 25
LogDevObjectVersion:   Dev-Sequencer (7B5AE74C-D270-4C10-A958-57980B212A5A): 6
LogDevObjectVersion:   Dev-VR (D7296918-1DD6-4BDD-9DE2-64A83CC13884): 1
LogDevObjectVersion:   Dev-LoadTimes (C2A15278-BFE7-4AFE-6C17-90FF531DF755): 1
LogDevObjectVersion:   Private-Geometry (6EACA3D4-40EC-4CC1-B786-8BED09428FC5): 2
LogDevObjectVersion:   Dev-AnimPhys (29E575DD-E0A3-4627-9D10-D276232CDCEA): 16
LogDevObjectVersion:   Dev-ReflectionCapture (6B266CEC-1EC7-4B8F-A30B-E4D90942FC07): 1
LogDevObjectVersion:   Dev-Automation (0DF73D61-A23F-47EA-B727-89E90C41499A): 1
LogInit: Compiled (64-bit): Apr 27 2018 02:06:57
LogInit: Compiled with Visual C++: 19.00.24215.01
LogInit: Build Configuration: Development
LogInit: Branch Name: ++UE4+Release-4.19
LogInit: Command Line:  
LogInit: Base Directory: C:/Program Files/Epic Games/UE_4.19/Engine/Binaries/Win64/
LogInit: Installed Engine Build: 1
LogStreaming: Display: Took  0.006s to delete old logs.
LogInit: Presizing for max 8388607 objects, including 0 objects not considered by GC, pre-allocating 0 bytes for permanent pool.
LogInit: Object subsystem initialized
[2018.07.22-07.10.03:837][  0]LogInit: Selected Device Profile: [Windows]
[2018.07.22-07.10.03:837][  0]LogInit: Applying CVar settings loaded from the selected device profile: [Windows]
[2018.07.22-07.10.04:115][  0]LogInit: Computer: LAPTOP-SNI5BBA7
[2018.07.22-07.10.04:115][  0]LogInit: User: Shweta
[2018.07.22-07.10.04:115][  0]LogInit: CPU Page size=4096, Cores=2
[2018.07.22-07.10.04:115][  0]LogInit: High frequency timer resolution =2.835940 MHz
[2018.07.22-07.10.04:122][  0]LogMemory: Memory total: Physical=7.9GB (8GB approx)
[2018.07.22-07.10.04:122][  0]LogMemory: Platform Memory Stats for Windows
[2018.07.22-07.10.04:122][  0]LogMemory: Process Physical Memory: 272.70 MB used, 272.70 MB peak
[2018.07.22-07.10.04:122][  0]LogMemory: Process Virtual Memory: 265.96 MB used, 265.96 MB peak
[2018.07.22-07.10.04:122][  0]LogMemory: Physical Memory: 5327.41 MB used,  2747.00 MB free, 8074.41 MB total
[2018.07.22-07.10.04:122][  0]LogMemory: Virtual Memory: 4781.83 MB used,  2747.00 MB free, 134217728.00 MB total
[2018.07.22-07.10.06:621][  0]LogInit: Using OS detected language (en-US).
[2018.07.22-07.10.06:621][  0]LogInit: Using OS detected locale (en-US).
[2018.07.22-07.10.07:096][  0]LogTextLocalizationManager: No specific localization for 'en-US' exists, so the 'en' localization will be used.
[2018.07.22-07.10.08:097][  0]LogStreaming: Display: Took  1.596s to EndInitTextLocalization.
[2018.07.22-07.10.08:128][  0]LogInit: Setting process to per monitor DPI aware
[2018.07.22-07.10.09:493][  0]LogSlate: New Slate User Created.  User Index 0, Is Virtual User: 0
[2018.07.22-07.10.09:493][  0]LogSlate: Slate User Registered.  User Index 0, Is Virtual User: 0
[2018.07.22-07.10.16:115][  0]LogD3D11RHI: D3D11 adapters:
[2018.07.22-07.10.16:241][  0]LogD3D11RHI:    0. 'Intel(R) HD Graphics 620' (Feature Level 11_0)
[2018.07.22-07.10.16:241][  0]LogD3D11RHI:       128/0/4037 MB DedicatedVideo/DedicatedSystem/SharedSystem, Outputs:1, VendorId:0x8086
[2018.07.22-07.10.16:265][  0]LogD3D11RHI:    1. 'Microsoft Basic Render Driver' (Feature Level 11_0)
[2018.07.22-07.10.16:265][  0]LogD3D11RHI:       0/0/4037 MB DedicatedVideo/DedicatedSystem/SharedSystem, Outputs:0, VendorId:0x1414
[2018.07.22-07.10.16:265][  0]LogD3D11RHI: Chosen D3D11 Adapter: 0
[2018.07.22-07.10.16:360][  0]LogD3D11RHI: Creating new Direct3DDevice
[2018.07.22-07.10.16:360][  0]LogD3D11RHI:     GPU DeviceId: 0x5916 (for the marketing name, search the web for "GPU Device Id")
[2018.07.22-07.10.16:360][  0]LogWindows: EnumDisplayDevices:
[2018.07.22-07.10.16:360][  0]LogWindows:    0. 'Intel(R) HD Graphics 620' (P:1 D:1)
[2018.07.22-07.10.16:361][  0]LogWindows:    1. 'Intel(R) HD Graphics 620' (P:0 D:0)
[2018.07.22-07.10.16:361][  0]LogWindows:    2. 'Intel(R) HD Graphics 620' (P:0 D:0)
[2018.07.22-07.10.16:362][  0]LogWindows: DebugString: GetVideoDriverDetailsInvalid PrimaryIsNotTheChoosenAdapter GetVideoDriverDetailsInvalid PrimaryIsNotTheChoosenAdapter GetVideoDriverDetailsInvalid PrimaryIsNotTheChoosenAdapter FoundDriverCount:0 
[2018.07.22-07.10.16:362][  0]LogD3D11RHI:     Adapter Name: Intel(R) HD Graphics 620
[2018.07.22-07.10.16:362][  0]LogD3D11RHI:   Driver Version: Unknown (internal:Unknown, unified:Unknown)
[2018.07.22-07.10.16:362][  0]LogD3D11RHI:      Driver Date: Unknown
[2018.07.22-07.10.16:363][  0]LogRHI: Texture pool is 1502 MB (70% of 2146 MB)
[2018.07.22-07.10.16:380][  0]LogD3D11RHI: Async texture creation enabled
[2018.07.22-07.10.16:876][  0]LogD3D11RHI: GPU Timing Frequency: 12.000000 (Debug: 2 0)
[2018.07.22-07.10.17:062][  0]LogShaderCompilers: Guid format shader working directory is -66 characters bigger than the processId version (../../../../../../Users/Shweta/Documents/GitHub/theshwetapatil/Epic-Approved-UE4-Certification-UE4/ArchVisDemoV2/Intermediate/Shaders/WorkingDirectory/13844/).
[2018.07.22-07.10.17:075][  0]LogShaderCompilers: Cleaned the shader compiler working directory 'C:/Users/Shweta/AppData/Local/Temp/UnrealShaderWorkingDir/A81AE7BC4D7430D9DA5714BBB56FEF09/'.
[2018.07.22-07.10.19:650][  0]LogTemp: Display: Loaded TP AllDesktopTargetPlatform
[2018.07.22-07.10.19:666][  0]LogTemp: Display: Loaded TP MacClientTargetPlatform
[2018.07.22-07.10.19:725][  0]LogTemp: Display: Loaded TP MacNoEditorTargetPlatform
[2018.07.22-07.10.19:739][  0]LogTemp: Display: Loaded TP MacServerTargetPlatform
[2018.07.22-07.10.19:796][  0]LogTemp: Display: Loaded TP MacTargetPlatform
[2018.07.22-07.10.19:812][  0]LogTemp: Display: Loaded TP WindowsClientTargetPlatform
[2018.07.22-07.10.19:826][  0]LogTemp: Display: Loaded TP WindowsNoEditorTargetPlatform
[2018.07.22-07.10.19:839][  0]LogTemp: Display: Loaded TP WindowsServerTargetPlatform
[2018.07.22-07.10.19:861][  0]LogTemp: Display: Loaded TP WindowsTargetPlatform
[2018.07.22-07.10.19:873][  0]LogTemp: Display: Loaded TP Android_ASTCTargetPlatform
[2018.07.22-07.10.19:885][  0]LogTemp: Display: Loaded TP Android_ATCTargetPlatform
[2018.07.22-07.10.19:897][  0]LogTemp: Display: Loaded TP Android_DXTTargetPlatform
[2018.07.22-07.10.19:909][  0]LogTemp: Display: Loaded TP Android_ETC1aTargetPlatform
[2018.07.22-07.10.19:923][  0]LogTemp: Display: Loaded TP Android_ETC1TargetPlatform
[2018.07.22-07.10.19:934][  0]LogTemp: Display: Loaded TP Android_ETC2TargetPlatform
[2018.07.22-07.10.19:957][  0]LogTemp: Display: Loaded TP Android_MultiTargetPlatform
[2018.07.22-07.10.19:957][  0]LogTemp: Display: Loaded TP Android_PVRTCTargetPlatform
[2018.07.22-07.10.19:983][  0]LogTemp: Display: Loaded TP AndroidTargetPlatform
[2018.07.22-07.10.19:985][  0]LogTemp: Display: Loaded TP HTML5TargetPlatform
[2018.07.22-07.10.20:140][  0]LogTemp: Display: Loaded TP IOSTargetPlatform
[2018.07.22-07.10.20:214][  0]LogTemp: Display: Loaded TP TVOSTargetPlatform
[2018.07.22-07.10.20:237][  0]LogTemp: Display: Loaded TP LinuxClientTargetPlatform
[2018.07.22-07.10.20:251][  0]LogTemp: Display: Loaded TP LinuxNoEditorTargetPlatform
[2018.07.22-07.10.20:263][  0]LogTemp: Display: Loaded TP LinuxServerTargetPlatform
[2018.07.22-07.10.20:287][  0]LogTemp: Display: Loaded TP LinuxTargetPlatform
[2018.07.22-07.10.20:287][  0]LogTargetPlatformManager: Display: Building Assets For Windows
[2018.07.22-07.10.23:393][  0]LogXGEController: Cleaning working directory: C:/Users/Shweta/AppData/Local/Temp/UnrealXGEWorkingDir/
[2018.07.22-07.10.23:426][  0]LogXGEController: Cannot use XGE Controller as Incredibuild is not installed on this machine.
[2018.07.22-07.10.23:488][  0]LogShaderCompilers: Cannot use XGE Shader Compiler as Incredibuild is not installed on this machine.
[2018.07.22-07.10.23:489][  0]LogShaderCompilers: Display: Using Local Shader Compiler.
[2018.07.22-07.10.29:823][  0]LogDerivedDataCache: Display: Max Cache Size: 512 MB
[2018.07.22-07.10.30:796][  0]LogDerivedDataCache: Loaded boot cache 0.97s 74MB C:/Users/Shweta/AppData/Local/UnrealEngine/4.19/DerivedDataCache/Boot.ddc.
[2018.07.22-07.10.30:796][  0]LogDerivedDataCache: Display: Loaded Boot cache: C:/Users/Shweta/AppData/Local/UnrealEngine/4.19/DerivedDataCache/Boot.ddc
[2018.07.22-07.10.30:796][  0]LogDerivedDataCache: FDerivedDataBackendGraph:  Pak pak cache file ../../../../../../Users/Shweta/Documents/GitHub/theshwetapatil/Epic-Approved-UE4-Certification-UE4/ArchVisDemoV2/DerivedDataCache/DDC.ddp not found, will not use a pak cache.
[2018.07.22-07.10.30:796][  0]LogDerivedDataCache: Unable to find inner node Pak for hierarchical cache Hierarchy.
[2018.07.22-07.10.30:796][  0]LogDerivedDataCache: FDerivedDataBackendGraph:  CompressedPak pak cache file ../../../../../../Users/Shweta/Documents/GitHub/theshwetapatil/Epic-Approved-UE4-Certification-UE4/ArchVisDemoV2/DerivedDataCache/Compressed.ddp not found, will not use a pak cache.
[2018.07.22-07.10.30:796][  0]LogDerivedDataCache: Unable to find inner node CompressedPak for hierarchical cache Hierarchy.
[2018.07.22-07.10.30:932][  0]LogDerivedDataCache: Display: Pak cache opened for reading ../../../Engine/DerivedDataCache/Compressed.ddp.
[2018.07.22-07.10.30:945][  0]LogDerivedDataCache: Using Local data cache path C:/Users/Shweta/AppData/Local/UnrealEngine/Common/DerivedDataCache: Writable
[2018.07.22-07.10.30:945][  0]LogDerivedDataCache: Shared data cache path not found in *engine.ini, will not use an Shared cache.
[2018.07.22-07.10.30:945][  0]LogDerivedDataCache: Unable to find inner node Shared for hierarchical cache Hierarchy.
[2018.07.22-07.10.31:157][  0]LogMaterial: Verifying Global Shaders for PCD3D_SM5
[2018.07.22-07.10.31:234][  0]LogSlate: Using Freetype 2.6.0
[2018.07.22-07.10.31:443][  0]LogSlate: SlateFontCache - WITH_FREETYPE: 1, WITH_HARFBUZZ: 1
[2018.07.22-07.10.31:443][  0]LogSlate: SlateFontCache - WITH_FREETYPE: 1, WITH_HARFBUZZ: 1
[2018.07.22-07.10.47:620][  0]LogAssetRegistry: FAssetRegistry took 0.0568 seconds to start up
[2018.07.22-07.10.57:799][  0]LogInit: Selected Device Profile: [Windows]
[2018.07.22-07.11.02:384][  0]LogSimplygon: Simplygon DLL not present - disabling.
[2018.07.22-07.11.02:531][  0]LogMeshReduction: Using SimplygonSwarm for distributed automatic mesh merging
[2018.07.22-07.11.02:549][  0]LogMeshReduction: Using QuadricMeshReduction for automatic static mesh reduction
[2018.07.22-07.11.02:549][  0]LogMeshReduction: No automatic skeletal mesh reduction module available
[2018.07.22-07.11.02:549][  0]LogMeshReduction: No automatic mesh merging module available
[2018.07.22-07.11.02:549][  0]LogMeshMerging: No automatic mesh merging module available
[2018.07.22-07.11.03:709][  0]LogNetVersion: ArchVisDemo , NetCL: 3944462, EngineNetVer: 2, GameNetVer: 0 (Checksum: 677477482)
[2018.07.22-07.11.14:717][  0]LogPackageLocalizationCache: Processed 9 localized package path(s) for 2 prioritized culture(s) in 0.286130 seconds
[2018.07.22-07.11.14:771][  0]LogUObjectArray: 36728 objects as part of root set at end of initial load.
[2018.07.22-07.11.14:771][  0]LogUObjectAllocator: 7314312 out of 0 bytes used by permanent object pool.
[2018.07.22-07.11.14:771][  0]LogUObjectArray: CloseDisregardForGC: 0/0 objects in disregard for GC pool
[2018.07.22-07.11.52:130][  0]LogTcpMessaging: Initializing TcpMessaging bridge
[2018.07.22-07.11.52:198][  0]LogUdpMessaging: Initializing bridge on interface 0.0.0.0:0 to multicast group 230.0.0.1:6666.
[2018.07.22-07.11.54:174][  0]SourceControl: Source control is disabled
[2018.07.22-07.11.54:175][  0]SourceControl: Source control is disabled
[2018.07.22-07.11.54:304][  0]SourceControl: Source control is disabled
[2018.07.22-07.11.54:407][  0]SourceControl: Source control is disabled
[2018.07.22-07.11.57:127][  0]LogAndroidPermission: UAndroidPermissionCallbackProxy::GetInstance
[2018.07.22-07.11.57:776][  0]LogOcInput: OculusInput pre-init called
[2018.07.22-07.11.59:231][  0]LogEngine: Initializing Engine...
[2018.07.22-07.11.59:360][  0]LogHMD: Failed to initialize OpenVR with code 110
[2018.07.22-07.11.59:412][  0]LogStats: UGameplayTagsManager::ConstructGameplayTagTree: Construct from data asset -  0.000 s
[2018.07.22-07.11.59:414][  0]LogStats: UGameplayTagsManager::ConstructGameplayTagTree: GameplayTagTreeChangedEvent.Broadcast -  0.000 s
[2018.07.22-07.12.01:770][  0]LogAIModule: Creating AISystem for world Untitled
[2018.07.22-07.12.02:473][  0]LogInit: XAudio2 using 'Speaker/HP (Realtek High Definition Audio)' : 2 channels at 48 kHz using 32 bits per sample (channel mask 0x3)
[2018.07.22-07.12.02:586][  0]LogInit: FAudioDevice initialized.
[2018.07.22-07.12.02:898][  0]LogDerivedDataCache: Saved boot cache 0.23s 74MB C:/Users/Shweta/AppData/Local/UnrealEngine/4.19/DerivedDataCache/Boot.ddc.
[2018.07.22-07.12.02:921][  0]LogInit: Texture streaming: Enabled
[2018.07.22-07.12.04:003][  0]LogEngineSessionManager: EngineSessionManager initialized
[2018.07.22-07.12.05:021][  0]LogInit: Transaction tracking system initialized
[2018.07.22-07.12.06:476][  0]BlueprintLog: New page: Editor Load
[2018.07.22-07.12.09:754][  0]LocalizationService: Localization service is disabled
[2018.07.22-07.12.12:965][  0]LogConsoleResponse: Display: 
[2018.07.22-07.12.20:353][  0]LogFileCache: Scanning file cache for directory 'C:/Users/Shweta/Documents/GitHub/theshwetapatil/Epic-Approved-UE4-Certification-UE4/ArchVisDemoV2/Content/' took 0.09s
[2018.07.22-07.12.20:353][  0]LogCook: Display: Max memory allowance for cook 16384mb min free memory 0mb
[2018.07.22-07.12.20:402][  0]LogCook: Display: Mobile HDR setting 1
[2018.07.22-07.12.20:433][  0]LogGameplayTags: Display: UGameplayTagsManager::DoneAddingNativeTags. DelegateIsBound: 0
[2018.07.22-07.12.20:434][  0]LogStats: UGameplayTagsManager::ConstructGameplayTagTree: Construct from data asset -  0.000 s
[2018.07.22-07.12.20:434][  0]LogStats: UGameplayTagsManager::ConstructGameplayTagTree: GameplayTagTreeChangedEvent.Broadcast -  0.000 s
[2018.07.22-07.12.25:146][  0]SourceControl: Source control is disabled
[2018.07.22-07.12.25:202][  0]Cmd: MAP LOAD FILE="../../../Engine/Content/Maps/Templates/Template_Default.umap" TEMPLATE=1 SHOWPROGRESS=1 FEATURELEVEL=3
[2018.07.22-07.12.25:267][  0]LightingResults: New page: Lighting Build
[2018.07.22-07.12.25:698][  0]MapCheck: New page: Map Check
[2018.07.22-07.12.25:698][  0]LightingResults: New page: Lighting Build
[2018.07.22-07.12.30:901][  0]LogAIModule: Creating AISystem for world Untitled_1
[2018.07.22-07.12.32:492][  0]LogEditorServer: Finished looking for orphan Actors (0.000 secs)
[2018.07.22-07.12.32:782][  0]Cmd: MAP CHECKDEP NOCLEARLOG
[2018.07.22-07.12.32:869][  0]MapCheck: Map check complete: 0 Error(s), 0 Warning(s), took 86.518ms to complete.
[2018.07.22-07.12.32:869][  0]LogFileHelpers: Loading map 'Template_Default' took 7.678
[2018.07.22-07.12.36:572][  0]LogCollectionManager: Loaded 0 collections in 0.004723 seconds
[2018.07.22-07.12.37:090][  0]LogFileCache: Scanning file cache for directory 'C:/Users/Shweta/Documents/GitHub/theshwetapatil/Epic-Approved-UE4-Certification-UE4/ArchVisDemoV2/Saved/Collections/' took 0.01s
[2018.07.22-07.12.37:090][  0]LogFileCache: Scanning file cache for directory 'C:/Users/Shweta/Documents/GitHub/theshwetapatil/Epic-Approved-UE4-Certification-UE4/ArchVisDemoV2/Content/Developers/Shweta/Collections/' took 0.02s
[2018.07.22-07.12.37:090][  0]LogFileCache: Scanning file cache for directory 'C:/Users/Shweta/Documents/GitHub/theshwetapatil/Epic-Approved-UE4-Certification-UE4/ArchVisDemoV2/Content/Collections/' took 0.01s
[2018.07.22-07.12.37:090][  0]LogCollectionManager: Rebuilt the GUID cache for 0 collections in 0.000001 seconds
[2018.07.22-07.12.37:164][  0]LogContentBrowser: Native class hierarchy populated in 0.0205 seconds. Added 2452 classes and 558 folders.
[2018.07.22-07.12.37:475][  0]LogContentBrowser: Native class hierarchy updated for 'WidgetCarousel' in 0.0003 seconds. Added 0 classes and 0 folders.
[2018.07.22-07.12.39:420][  0]LogContentBrowser: Native class hierarchy updated for 'AddContentDialog' in 0.0003 seconds. Added 0 classes and 0 folders.
[2018.07.22-07.12.39:719][  0]LogContentBrowser: Native class hierarchy updated for 'SceneOutliner' in 0.0003 seconds. Added 1 classes and 2 folders.
[2018.07.22-07.12.43:603][  0]LogSlate: Took 0.057876 seconds to synchronously load lazily loaded font '../../../Engine/Content/Slate/Fonts/Roboto-Regular.ttf' (155K)
[2018.07.22-07.12.43:705][  0]LogSlate: Took 0.026267 seconds to synchronously load lazily loaded font '../../../Engine/Content/Slate/Fonts/Roboto-Bold.ttf' (160K)
[2018.07.22-07.12.43:919][  0]LogSlate: Took 0.018962 seconds to synchronously load lazily loaded font '../../../Engine/Content/Editor/Slate/Fonts/FontAwesome.ttf' (139K)
[2018.07.22-07.12.45:699][  0]LogRenderer: Reallocating scene render targets to support 796x372 Format 10 NumSamples 1 (Frame:1).
[2018.07.22-07.12.49:916][  0]LogContentBrowser: Native class hierarchy updated for 'HierarchicalLODOutliner' in 0.0011 seconds. Added 0 classes and 0 folders.
[2018.07.22-07.12.49:916][  0]LogLoad: (Engine Initialization) Total time: 214.17 seconds
[2018.07.22-07.12.49:916][  0]LogLoad: (Engine Initialization) Total Blueprint compile time: 0.00 seconds
[2018.07.22-07.12.51:258][  0]LogContentStreaming: Texture pool size now 1000 MB
[2018.07.22-07.12.52:575][  2]LogAssetRegistry: Asset discovery search completed in 124.9927 seconds
[2018.07.22-07.12.52:697][  2]LogCollectionManager: Rebuilt the object cache for 0 collections in 0.000003 seconds (found 0 objects)
[2018.07.22-07.12.52:697][  2]LogCollectionManager: Fixed up redirectors for 0 collections in 0.011965 seconds (updated 0 objects)
[2018.07.22-07.12.56:129][ 12]LogSlate: Took 0.026071 seconds to synchronously load lazily loaded font '../../../Engine/Content/Slate/Fonts/Roboto-Light.ttf' (167K)
[2018.07.22-07.57.56:496][251]LogSlate: FSceneViewport::OnFocusLost() reason 2
[2018.07.22-07.57.58:011][414]LogSlate: FSceneViewport::OnFocusLost() reason 2
[2018.07.22-07.58.00:775][498]Cmd: MAP LOAD FILE="../../../../../../Users/Shweta/Documents/GitHub/theshwetapatil/Epic-Approved-UE4-Certification-UE4/ArchVisDemoV2/Content/Maps/_room_light.umap" TEMPLATE=0 SHOWPROGRESS=1 FEATURELEVEL=3
[2018.07.22-07.58.00:779][498]LogSlate: Took 0.000493 seconds to synchronously load lazily loaded font '../../../Engine/Content/Slate/Fonts/Roboto-Light.ttf' (167K)
[2018.07.22-07.58.00:790][498]LightingResults: New page: Lighting Build
[2018.07.22-07.58.00:793][498]LoadErrors: New page: Loading map: _room_light.umap
[2018.07.22-07.58.00:796][498]MapCheck: New page: Map Check
[2018.07.22-07.58.00:796][498]LightingResults: New page: Lighting Build
[2018.07.22-07.58.13:721][498]LogAIModule: Creating AISystem for world _room_light
[2018.07.22-07.58.13:911][498]LogEditorServer: Finished looking for orphan Actors (0.000 secs)
[2018.07.22-07.58.13:950][498]Cmd: MAP CHECKDEP NOCLEARLOG
[2018.07.22-07.58.14:015][498]MapCheck: Map check complete: 0 Error(s), 0 Warning(s), took 64.596ms to complete.
[2018.07.22-07.58.14:015][498]LogFileHelpers: Loading map '_room_light' took 13.241
[2018.07.22-07.58.14:040][498]LogSlate: Window 'Open Level' being destroyed
[2018.07.22-07.58.18:194][565]LogSlate: FSceneViewport::OnFocusLost() reason 0
[2018.07.22-07.58.35:101][ 60]LogSlate: FSceneViewport::OnFocusLost() reason 0
[2018.07.22-07.58.44:449][305]LogSlate: FSceneViewport::OnFocusLost() reason 2
[2018.07.22-07.58.45:354][305]LogSavePackage: Save=326.93ms
[2018.07.22-07.58.45:354][305]LogSavePackage: Moving '../../../../../../Users/Shweta/Documents/GitHub/theshwetapatil/Epic-Approved-UE4-Certification-UE4/ArchVisDemoV2/Saved/_room_light99F19FCE497BDD0072EB2B86720688CE.tmp' to '../../../../../../Users/Shweta/Documents/GitHub/theshwetapatil/Epic-Approved-UE4-Certification-UE4/ArchVisDemoV2/Content/Maps/_room_light.umap'
[2018.07.22-07.58.45:427][305]LogSavePackage: Display: Finished SavePackage ../../../../../../Users/Shweta/Documents/GitHub/theshwetapatil/Epic-Approved-UE4-Certification-UE4/ArchVisDemoV2/Content/Maps/_room_light.umap
[2018.07.22-07.58.46:472][305]LogSavePackage: Save=788.87ms
[2018.07.22-07.58.46:472][305]LogSavePackage: Moving '../../../../../../Users/Shweta/Documents/GitHub/theshwetapatil/Epic-Approved-UE4-Certification-UE4/ArchVisDemoV2/Saved/_room_light_BuiltData6534A69E46503ED0AAE5C8B970D4B7BD.tmp' to '../../../../../../Users/Shweta/Documents/GitHub/theshwetapatil/Epic-Approved-UE4-Certification-UE4/ArchVisDemoV2/Content/Maps/_room_light_BuiltData.uasset'
[2018.07.22-07.58.46:474][305]LogSavePackage: Display: Finished SavePackage ../../../../../../Users/Shweta/Documents/GitHub/theshwetapatil/Epic-Approved-UE4-Certification-UE4/ArchVisDemoV2/Content/Maps/_room_light_BuiltData.uasset
[2018.07.22-08.01.27:484][939]LogSavePackage: Save=81.32ms
[2018.07.22-08.01.27:484][939]LogSavePackage: Moving '../../../../../../Users/Shweta/Documents/GitHub/theshwetapatil/Epic-Approved-UE4-Certification-UE4/ArchVisDemoV2/Saved/_room_lightAACF37D44804D422D26AC7A99FB3CF02.tmp' to '../../../../../../Users/Shweta/Documents/GitHub/theshwetapatil/Epic-Approved-UE4-Certification-UE4/ArchVisDemoV2/Content/Maps/_room_light.umap'
[2018.07.22-08.01.27:487][939]LogSavePackage: Display: Finished SavePackage ../../../../../../Users/Shweta/Documents/GitHub/theshwetapatil/Epic-Approved-UE4-Certification-UE4/ArchVisDemoV2/Content/Maps/_room_light.umap
[2018.07.22-08.01.28:151][939]LogSavePackage: Save=631.58ms
[2018.07.22-08.01.28:152][939]LogSavePackage: Moving '../../../../../../Users/Shweta/Documents/GitHub/theshwetapatil/Epic-Approved-UE4-Certification-UE4/ArchVisDemoV2/Saved/_room_light_BuiltDataA0F084A04E241935CE86FD8088149535.tmp' to '../../../../../../Users/Shweta/Documents/GitHub/theshwetapatil/Epic-Approved-UE4-Certification-UE4/ArchVisDemoV2/Content/Maps/_room_light_BuiltData.uasset'
[2018.07.22-08.01.28:154][939]LogSavePackage: Display: Finished SavePackage ../../../../../../Users/Shweta/Documents/GitHub/theshwetapatil/Epic-Approved-UE4-Certification-UE4/ArchVisDemoV2/Content/Maps/_room_light_BuiltData.uasset
[2018.07.22-08.01.30:216][  3]LogSlate: FSceneViewport::OnFocusLost() reason 0
[2018.07.22-08.04.54:102][868]LogSlate: FSceneViewport::OnFocusLost() reason 0
[2018.07.22-08.05.06:350][334]LogSlate: Window 'Color Picker' being destroyed
[2018.07.22-08.05.55:453][ 14]LogSlate: FSceneViewport::OnFocusLost() reason 2
[2018.07.22-08.06.15:951][123]LogSlate: FSceneViewport::OnFocusLost() reason 2
[2018.07.22-08.06.16:239][124]LogSlate: FSceneViewport::OnFocusLost() reason 2
[2018.07.22-08.06.20:495][350]Cmd: SELECT NONE
[2018.07.22-08.06.37:486][852]LogSlate: FSceneViewport::OnFocusLost() reason 0
[2018.07.22-08.07.34:704][942]LogSlate: FSceneViewport::OnFocusLost() reason 0
[2018.07.22-08.07.51:227][473]LogSlate: FSceneViewport::OnFocusLost() reason 0
[2018.07.22-08.08.21:654][807]LogSavePackage: Save=89.15ms
[2018.07.22-08.08.21:654][807]LogSavePackage: Moving '../../../../../../Users/Shweta/Documents/GitHub/theshwetapatil/Epic-Approved-UE4-Certification-UE4/ArchVisDemoV2/Saved/_room_light3E76CAA94359A1A07BAE899134C28A06.tmp' to '../../../../../../Users/Shweta/Documents/GitHub/theshwetapatil/Epic-Approved-UE4-Certification-UE4/ArchVisDemoV2/Content/Maps/_room_light.umap'
[2018.07.22-08.08.21:656][807]LogSavePackage: Display: Finished SavePackage ../../../../../../Users/Shweta/Documents/GitHub/theshwetapatil/Epic-Approved-UE4-Certification-UE4/ArchVisDemoV2/Content/Maps/_room_light.umap
[2018.07.22-08.08.22:506][807]LogSavePackage: Save=684.36ms
[2018.07.22-08.08.22:506][807]LogSavePackage: Moving '../../../../../../Users/Shweta/Documents/GitHub/theshwetapatil/Epic-Approved-UE4-Certification-UE4/ArchVisDemoV2/Saved/_room_light_BuiltDataCB53661F439E16779AF3B7BE56807C12.tmp' to '../../../../../../Users/Shweta/Documents/GitHub/theshwetapatil/Epic-Approved-UE4-Certification-UE4/ArchVisDemoV2/Content/Maps/_room_light_BuiltData.uasset'
[2018.07.22-08.08.22:508][807]LogSavePackage: Display: Finished SavePackage ../../../../../../Users/Shweta/Documents/GitHub/theshwetapatil/Epic-Approved-UE4-Certification-UE4/ArchVisDemoV2/Content/Maps/_room_light_BuiltData.uasset
[2018.07.22-08.08.23:992][850]LogSlate: FSceneViewport::OnFocusLost() reason 2
[2018.07.22-08.08.25:091][942]MapCheck: New page: Map Check
[2018.07.22-08.08.25:241][942]LogSlate: FSceneViewport::OnFocusLost() reason 2
[2018.07.22-08.08.25:267][942]Cmd: MAP REBUILD ALLVISIBLE
[2018.07.22-08.08.25:296][942]LogEditorServer: Rebuildmap Clear paths rebuilt
[2018.07.22-08.08.26:034][942]LightingResults: New page: Lighting Build - Jul 22, 2018, 7:08:25 PM
[2018.07.22-08.08.27:242][942]LogSwarmInterface: [OpenConnection] Registering TCP channel ...
[2018.07.22-08.08.27:999][942]LogSwarmInterface: [OpenConnection] Connecting to agent ...
[2018.07.22-08.08.28:343][942]LogSwarmInterface: [TryOpenConnection] Testing the Agent
[2018.07.22-08.08.31:005][942]LogSwarmInterface: [TryOpenConnection] Opening Connection to Agent
[2018.07.22-08.08.31:005][942]LogSwarmInterface: [TryOpenConnection] Local Process ID is 13844
[2018.07.22-08.08.41:922][942]LogStaticLightingSystem: Running Lightmass w/ ImmediateImport mode ENABLED
[2018.07.22-08.08.41:922][942]LogStaticLightingSystem: Running Lightmass w/ ImmediateProcess mode ENABLED
[2018.07.22-08.08.41:922][942]LogStaticLightingSystem: Running Lightmass w/ Sorting mode ENABLED
[2018.07.22-08.08.41:922][942]LogStaticLightingSystem: Running Lightmass w/ Mapping paddings ENABLED
[2018.07.22-08.08.41:922][942]LogStaticLightingSystem: Running Lightmass w/ Mapping debug paddings DISABLED
[2018.07.22-08.08.43:138][942]LogEditorBuildUtils: Build time 0:17
[2018.07.22-08.09.21:333][774]LogSlate: FSceneViewport::OnFocusLost() reason 2
[2018.07.22-08.09.21:553][774]LogSavePackage: Save=154.54ms
[2018.07.22-08.09.21:553][774]LogSavePackage: Moving '../../../../../../Users/Shweta/Documents/GitHub/theshwetapatil/Epic-Approved-UE4-Certification-UE4/ArchVisDemoV2/Saved/_room_lightDD785A14403366609FB42DADFF5D8999.tmp' to '../../../../../../Users/Shweta/Documents/GitHub/theshwetapatil/Epic-Approved-UE4-Certification-UE4/ArchVisDemoV2/Content/Maps/_room_light.umap'
[2018.07.22-08.09.21:559][774]LogSavePackage: Display: Finished SavePackage ../../../../../../Users/Shweta/Documents/GitHub/theshwetapatil/Epic-Approved-UE4-Certification-UE4/ArchVisDemoV2/Content/Maps/_room_light.umap
[2018.07.22-08.09.22:709][774]LogSavePackage: Save=1086.07ms
[2018.07.22-08.09.22:709][774]LogSavePackage: Moving '../../../../../../Users/Shweta/Documents/GitHub/theshwetapatil/Epic-Approved-UE4-Certification-UE4/ArchVisDemoV2/Saved/_room_light_BuiltData86E1CA8A41AFBF5C5AA71481ACF1B8D2.tmp' to '../../../../../../Users/Shweta/Documents/GitHub/theshwetapatil/Epic-Approved-UE4-Certification-UE4/ArchVisDemoV2/Content/Maps/_room_light_BuiltData.uasset'
[2018.07.22-08.09.22:712][774]LogSavePackage: Display: Finished SavePackage ../../../../../../Users/Shweta/Documents/GitHub/theshwetapatil/Epic-Approved-UE4-Certification-UE4/ArchVisDemoV2/Content/Maps/_room_light_BuiltData.uasset
[2018.07.22-08.09.24:366][829]Job is a success!
[2018.07.22-08.09.24:441][830]LogSlate: FSceneViewport::OnFocusLost() reason 2
[2018.07.22-08.09.24:674][830]LogVolumetricLightmapImport: Imported Volumetric Lightmap in 0.093s
[2018.07.22-08.09.24:674][830]LogVolumetricLightmapImport:      Indirection Texture 16x16x16 = 0.0Mb
[2018.07.22-08.09.24:674][830]LogVolumetricLightmapImport:      BrickData 20x5x5 = 0.0Mb
[2018.07.22-08.09.24:674][830]LogVolumetricLightmapImport:      Bricks at Level
[2018.07.22-08.09.24:674][830]LogVolumetricLightmapImport:          0: 25.0% covering 100.0% of volume
[2018.07.22-08.09.24:674][830]LogVolumetricLightmapImport:          1: 25.0% covering 1.6% of volume
[2018.07.22-08.09.24:674][830]LogVolumetricLightmapImport:          2: 50.0% covering 0.0% of volume
[2018.07.22-08.09.27:757][830]LogTexture: Display: Building textures: HQ_Lightmap0_1 (AutoDXT, 1024X1024)
[2018.07.22-08.09.27:758][830]LogTexture: Display: Building textures: SkyOcclusion1_1 (AutoDXT, 1024X512)
[2018.07.22-08.09.27:758][830]LogTexture: Display: Building textures: LQ_Lightmap_0_1 (DXT1, 1024X1024)
[2018.07.22-08.09.27:758][830]LogTexture: Display: Building textures: SkyOcclusion1_2 (AutoDXT, 1024X512)
[2018.07.22-08.09.27:758][830]LogTexture: Display: Building textures: LQ_Lightmap_0_2 (DXT1, 1024X1024)
[2018.07.22-08.09.27:758][830]LogTexture: Display: Building textures: HQ_Lightmap0_2 (AutoDXT, 1024X1024)
[2018.07.22-08.09.27:758][830]LogTexture: Display: Building textures: SkyOcclusion1_3 (AutoDXT, 512X256)
[2018.07.22-08.09.27:758][830]LogTexture: Display: Building textures: HQ_Lightmap1_3 (AutoDXT, 512X512)
[2018.07.22-08.09.27:758][830]LogTexture: Display: Building textures: LQ_Lightmap_1_3 (DXT1, 512X512)
[2018.07.22-08.09.27:957][830]LogTexture: Display: Building textures: ShadowMapTexture2D_1 (BGRA8, 32X512)
[2018.07.22-08.09.28:041][830]LogTexture: Display: Building textures: ShadowMapTexture2D_0 (BGRA8, 1024X512)
[2018.07.22-08.09.28:524][830]Lightmass on LAPTOP-SNI5BBA7: 40.7 sec total, 2.16 sec importing, 413 ms setup, 2.65 sec photons, 34.5 sec processing, 0 ms extra exporting [106/106 mappings]. Threads: 2:18 min total, 1:31 min processing.
[2018.07.22-08.09.28:663][830]LogStaticLightingSystem: Illumination: 1:02 min (2.82 sec encoding lightmaps, 281 ms encoding shadowmaps)
[2018.07.22-08.09.28:663][830]LogStaticLightingSystem: Lightmap texture memory:  6.0 MB (3.3 MB streaming, 2.7 MB non-streaming), 6 textures
[2018.07.22-08.09.28:663][830]LogStaticLightingSystem: Shadowmap texture memory: 2.8 MB (2.7 MB streaming, 0.1 MB non-streaming), 2 textures
[2018.07.22-08.09.28:937][830]DumpUnbuiltLightIteractions
[2018.07.22-08.09.28:937][830]Lights with unbuilt interactions: 0
[2018.07.22-08.09.28:937][830]
[2018.07.22-08.09.28:937][830]Primitives with unbuilt interactions: 0
[2018.07.22-08.09.28:959][830]LogSlate: FSceneViewport::OnFocusLost() reason 2
[2018.07.22-08.09.29:518][831]Cmd: MAP CHECK NOTIFYRESULTS
[2018.07.22-08.09.29:519][831]MapCheck: New page: _room_light - Jul 22, 2018, 7:09:29 PM
[2018.07.22-08.09.29:961][831]MapCheck: Map check complete: 0 Error(s), 0 Warning(s), took 441.989ms to complete.
[2018.07.22-08.09.31:656][890]LogSlate: FSceneViewport::OnFocusLost() reason 2
[2018.07.22-08.09.31:780][890]LogSavePackage: Save=78.90ms
[2018.07.22-08.09.31:780][890]LogSavePackage: Moving '../../../../../../Users/Shweta/Documents/GitHub/theshwetapatil/Epic-Approved-UE4-Certification-UE4/ArchVisDemoV2/Saved/_room_lightB83D7A34430217F58473E681144453CB.tmp' to '../../../../../../Users/Shweta/Documents/GitHub/theshwetapatil/Epic-Approved-UE4-Certification-UE4/ArchVisDemoV2/Content/Maps/_room_light.umap'
[2018.07.22-08.09.31:783][890]LogSavePackage: Display: Finished SavePackage ../../../../../../Users/Shweta/Documents/GitHub/theshwetapatil/Epic-Approved-UE4-Certification-UE4/ArchVisDemoV2/Content/Maps/_room_light.umap
[2018.07.22-08.09.32:435][890]LogSavePackage: Save=619.91ms
[2018.07.22-08.09.32:436][890]LogSavePackage: Moving '../../../../../../Users/Shweta/Documents/GitHub/theshwetapatil/Epic-Approved-UE4-Certification-UE4/ArchVisDemoV2/Saved/_room_light_BuiltData3D9BCB414F9646826C96A481F9AF9D24.tmp' to '../../../../../../Users/Shweta/Documents/GitHub/theshwetapatil/Epic-Approved-UE4-Certification-UE4/ArchVisDemoV2/Content/Maps/_room_light_BuiltData.uasset'
[2018.07.22-08.09.32:440][890]LogSavePackage: Display: Finished SavePackage ../../../../../../Users/Shweta/Documents/GitHub/theshwetapatil/Epic-Approved-UE4-Certification-UE4/ArchVisDemoV2/Content/Maps/_room_light_BuiltData.uasset
[2018.07.22-08.09.46:552][384]LogSlate: FSceneViewport::OnFocusLost() reason 2
[2018.07.22-08.09.46:670][384]LogSavePackage: Save=79.61ms
[2018.07.22-08.09.46:670][384]LogSavePackage: Moving '../../../../../../Users/Shweta/Documents/GitHub/theshwetapatil/Epic-Approved-UE4-Certification-UE4/ArchVisDemoV2/Saved/_room_lightB5F92FF54B29714A417503B93DFA330A.tmp' to '../../../../../../Users/Shweta/Documents/GitHub/theshwetapatil/Epic-Approved-UE4-Certification-UE4/ArchVisDemoV2/Content/Maps/_room_light.umap'
[2018.07.22-08.09.46:671][384]LogSavePackage: Display: Finished SavePackage ../../../../../../Users/Shweta/Documents/GitHub/theshwetapatil/Epic-Approved-UE4-Certification-UE4/ArchVisDemoV2/Content/Maps/_room_light.umap
[2018.07.22-08.09.47:329][384]LogSavePackage: Save=623.38ms
[2018.07.22-08.09.47:330][384]LogSavePackage: Moving '../../../../../../Users/Shweta/Documents/GitHub/theshwetapatil/Epic-Approved-UE4-Certification-UE4/ArchVisDemoV2/Saved/_room_light_BuiltData9B99284D4FCBD276C85F9884AA11B370.tmp' to '../../../../../../Users/Shweta/Documents/GitHub/theshwetapatil/Epic-Approved-UE4-Certification-UE4/ArchVisDemoV2/Content/Maps/_room_light_BuiltData.uasset'
[2018.07.22-08.09.47:332][384]LogSavePackage: Display: Finished SavePackage ../../../../../../Users/Shweta/Documents/GitHub/theshwetapatil/Epic-Approved-UE4-Certification-UE4/ArchVisDemoV2/Content/Maps/_room_light_BuiltData.uasset
[2018.07.22-08.09.48:572][429]LogSlate: FSceneViewport::OnFocusLost() reason 0
[2018.07.22-08.09.49:002][438]LogSlate: Window 'ArchVisDemo - Unreal Editor' being destroyed
[2018.07.22-08.09.49:003][438]LogWindowsTextInputMethodSystem: Display: IME system now deactivated.
[2018.07.22-08.09.49:850][439]Cmd: QUIT_EDITOR
[2018.07.22-08.09.50:672][439]LogSlate: Slate User Destroyed.  User Index 0, Is Virtual User: 0
[2018.07.22-08.09.50:714][439]LogExit: Preparing to exit.
[2018.07.22-08.09.53:266][439]LogDirectoryWatcher: A directory notification for 'C:/Users/Shweta/Documents/GitHub/theshwetapatil/Epic-Approved-UE4-Certification-UE4/ArchVisDemoV2/Content/' was aborted.
[2018.07.22-08.09.53:724][439]LogExit: Editor shut down
[2018.07.22-08.09.53:785][439]LogExit: Transaction tracking system shut down
[2018.07.22-08.09.54:048][439]LogDirectoryWatcher: A directory notification for '../../../Engine/Content/' was aborted.
[2018.07.22-08.09.54:048][439]LogDirectoryWatcher: A directory notification for '../../../../../../Users/Shweta/Documents/GitHub/theshwetapatil/Epic-Approved-UE4-Certification-UE4/ArchVisDemoV2/Content/' was aborted.
[2018.07.22-08.09.54:048][439]LogDirectoryWatcher: A directory notification for '../../Plugins/2D/Paper2D/Content/' was aborted.
[2018.07.22-08.09.54:048][439]LogDirectoryWatcher: A directory notification for '../../Plugins/Enterprise/DatasmithContent/Content/' was aborted.
[2018.07.22-08.09.54:048][439]LogDirectoryWatcher: A directory notification for '../../Plugins/Media/MediaCompositing/Content/' was aborted.
[2018.07.22-08.09.54:048][439]LogDirectoryWatcher: A directory notification for '../../Plugins/Runtime/AppleARKit/Content/' was aborted.
[2018.07.22-08.09.54:048][439]LogDirectoryWatcher: A directory notification for '../../Plugins/Runtime/Oculus/OculusVR/Content/' was aborted.
[2018.07.22-08.09.54:048][439]LogDirectoryWatcher: A directory notification for '../../Plugins/Runtime/Steam/SteamVR/Content/' was aborted.
[2018.07.22-08.09.57:070][439]LogExit: Object subsystem successfully closed.
[2018.07.22-08.09.57:898][439]LogShaderCompilers: Display: Shaders left to compile 0
[2018.07.22-08.09.57:981][439]LogD3D11RHI: Shutdown
[2018.07.22-08.09.57:981][439]LogD3D11RHI: CleanupD3DDevice
[2018.07.22-08.09.58:063][439]LogD3D11RHI: ~FD3D11DynamicRHI
[2018.07.22-08.10.00:132][439]LogModuleManager: Shutting down and abandoning module HierarchicalLODOutliner (576)
[2018.07.22-08.10.00:132][439]LogModuleManager: Shutting down and abandoning module SceneOutliner (574)
[2018.07.22-08.10.00:132][439]LogModuleManager: Shutting down and abandoning module AddContentDialog (572)
[2018.07.22-08.10.00:155][439]LogDirectoryWatcher: A directory notification for 'C:/Program Files/Epic Games/UE_4.19/FeaturePacks/' was aborted.
[2018.07.22-08.10.00:179][439]LogModuleManager: Shutting down and abandoning module WidgetCarousel (571)
[2018.07.22-08.10.00:179][439]LogModuleManager: Shutting down and abandoning module EditorWidgets (568)
[2018.07.22-08.10.00:179][439]LogModuleManager: Shutting down and abandoning module CollectionManager (566)
[2018.07.22-08.10.00:263][439]LogDirectoryWatcher: A directory notification for 'C:/Users/Shweta/Documents/GitHub/theshwetapatil/Epic-Approved-UE4-Certification-UE4/ArchVisDemoV2/Content/Collections/' was aborted.
[2018.07.22-08.10.00:264][439]LogDirectoryWatcher: A directory notification for 'C:/Users/Shweta/Documents/GitHub/theshwetapatil/Epic-Approved-UE4-Certification-UE4/ArchVisDemoV2/Content/Developers/Shweta/Collections/' was aborted.
[2018.07.22-08.10.00:264][439]LogDirectoryWatcher: A directory notification for 'C:/Users/Shweta/Documents/GitHub/theshwetapatil/Epic-Approved-UE4-Certification-UE4/ArchVisDemoV2/Saved/Collections/' was aborted.
[2018.07.22-08.10.00:264][439]LogModuleManager: Shutting down and abandoning module HierarchicalLODUtilities (564)
[2018.07.22-08.10.00:276][439]LogModuleManager: Shutting down and abandoning module StatsViewer (562)
[2018.07.22-08.10.00:276][439]LogModuleManager: Shutting down and abandoning module FoliageEdit (560)
[2018.07.22-08.10.00:276][439]LogModuleManager: Shutting down and abandoning module LandscapeEditor (558)
[2018.07.22-08.10.00:309][439]LogModuleManager: Shutting down and abandoning module MeshPaintMode (556)
[2018.07.22-08.10.00:323][439]LogModuleManager: Shutting down and abandoning module SceneDepthPickerMode (554)
[2018.07.22-08.10.00:323][439]LogModuleManager: Shutting down and abandoning module ActorPickerMode (552)
[2018.07.22-08.10.00:324][439]LogModuleManager: Shutting down and abandoning module GeometryMode (550)
[2018.07.22-08.10.00:333][439]LogModuleManager: Shutting down and abandoning module TextureAlignMode (548)
[2018.07.22-08.10.00:333][439]LogModuleManager: Shutting down and abandoning module BspMode (546)
[2018.07.22-08.10.00:333][439]LogModuleManager: Shutting down and abandoning module PIEPreviewDeviceProfileSelector (544)
[2018.07.22-08.10.00:333][439]LogModuleManager: Shutting down and abandoning module HardwareSurvey (542)
[2018.07.22-08.10.00:333][439]LogModuleManager: Shutting down and abandoning module SequenceRecorderSections (540)
[2018.07.22-08.10.00:352][439]LogModuleManager: Shutting down and abandoning module AutomationWorker (538)
[2018.07.22-08.10.00:352][439]LogModuleManager: Shutting down and abandoning module AudioCaptureEditor (536)
[2018.07.22-08.10.00:352][439]LogModuleManager: Shutting down and abandoning module SequenceRecorder (535)
[2018.07.22-08.10.00:392][439]LogModuleManager: Shutting down and abandoning module MatineeToLevelSequence (532)
[2018.07.22-08.10.00:393][439]LogModuleManager: Shutting down and abandoning module LevelSequenceEditor (530)
[2018.07.22-08.10.00:452][439]LogModuleManager: Shutting down and abandoning module PlacementMode (529)
[2018.07.22-08.10.00:453][439]LogModuleManager: Shutting down and abandoning module MaterialEditor (528)
[2018.07.22-08.10.00:509][439]LogModuleManager: Shutting down and abandoning module WmfMediaFactory (524)
[2018.07.22-08.10.00:510][439]LogModuleManager: Shutting down and abandoning module WmfMediaEditor (522)
[2018.07.22-08.10.00:510][439]LogModuleManager: Shutting down and abandoning module MediaPlayerEditor (520)
[2018.07.22-08.10.00:552][439]LogModuleManager: Shutting down and abandoning module OpenExrWrapper (518)
[2018.07.22-08.10.00:552][439]LogModuleManager: Shutting down and abandoning module ImgMediaFactory (516)
[2018.07.22-08.10.00:552][439]LogModuleManager: Shutting down and abandoning module ImgMediaEditor (514)
[2018.07.22-08.10.00:552][439]LogModuleManager: Shutting down and abandoning module AvfMediaFactory (512)
[2018.07.22-08.10.00:552][439]LogModuleManager: Shutting down and abandoning module AvfMediaEditor (510)
[2018.07.22-08.10.00:553][439]LogModuleManager: Shutting down and abandoning module AndroidMediaFactory (508)
[2018.07.22-08.10.00:553][439]LogModuleManager: Shutting down and abandoning module AndroidMediaEditor (506)
[2018.07.22-08.10.00:553][439]LogModuleManager: Shutting down and abandoning module CharacterAI (504)
[2018.07.22-08.10.00:553][439]LogModuleManager: Shutting down and abandoning module SmartSnapping (502)
[2018.07.22-08.10.00:553][439]LogModuleManager: Shutting down and abandoning module SessionServices (500)
[2018.07.22-08.10.00:553][439]LogModuleManager: Shutting down and abandoning module ViewportSnapping (498)
[2018.07.22-08.10.00:553][439]LogModuleManager: Shutting down and abandoning module ViewportInteraction (496)
[2018.07.22-08.10.00:553][439]LogModuleManager: Shutting down and abandoning module ClothPainter (494)
[2018.07.22-08.10.00:577][439]LogModuleManager: Shutting down and abandoning module SkeletalMeshEditor (493)
[2018.07.22-08.10.00:606][439]LogModuleManager: Shutting down and abandoning module LogVisualizer (490)
[2018.07.22-08.10.00:624][439]LogModuleManager: Shutting down and abandoning module IntroTutorials (488)
[2018.07.22-08.10.00:659][439]LogModuleManager: Shutting down and abandoning module GameProjectGeneration (487)
[2018.07.22-08.10.00:707][439]LogModuleManager: Shutting down and abandoning module IOSPlatformEditor (484)
[2018.07.22-08.10.00:729][439]LogModuleManager: Shutting down and abandoning module HTML5PlatformEditor (482)
[2018.07.22-08.10.00:730][439]LogModuleManager: Shutting down and abandoning module AndroidPlatformEditor (480)
[2018.07.22-08.10.00:730][439]LogModuleManager: Shutting down and abandoning module AndroidDeviceDetection (479)
[2018.07.22-08.10.01:086][439]LogModuleManager: Shutting down and abandoning module WindowsPlatformEditor (476)
[2018.07.22-08.10.01:086][439]LogModuleManager: Shutting down and abandoning module IOSRuntimeSettings (474)
[2018.07.22-08.10.01:086][439]LogModuleManager: Shutting down and abandoning module AndroidRuntimeSettings (472)
[2018.07.22-08.10.01:086][439]LogModuleManager: Shutting down and abandoning module InputBindingEditor (470)
[2018.07.22-08.10.01:099][439]LogModuleManager: Shutting down and abandoning module MergeActors (468)
[2018.07.22-08.10.01:167][439]LogModuleManager: Shutting down and abandoning module LocalizationDashboard (466)
[2018.07.22-08.10.01:218][439]LogModuleManager: Shutting down and abandoning module LocalizationService (465)
[2018.07.22-08.10.01:239][439]LogModuleManager: Shutting down and abandoning module HardwareTargeting (462)
[2018.07.22-08.10.01:239][439]LogModuleManager: Shutting down and abandoning module DeviceProfileEditor (460)
[2018.07.22-08.10.01:253][439]LogModuleManager: Shutting down and abandoning module UndoHistory (458)
[2018.07.22-08.10.01:254][439]LogModuleManager: Shutting down and abandoning module XmlParser (456)
[2018.07.22-08.10.01:264][439]LogModuleManager: Shutting down and abandoning module Blutility (454)
[2018.07.22-08.10.01:264][439]LogModuleManager: Shutting down and abandoning module ProjectSettingsViewer (452)
[2018.07.22-08.10.01:265][439]LogModuleManager: Shutting down and abandoning module ProjectTargetPlatformEditor (451)
[2018.07.22-08.10.01:265][439]LogModuleManager: Shutting down and abandoning module EditorSettingsViewer (448)
[2018.07.22-08.10.01:266][439]LogModuleManager: Shutting down and abandoning module SettingsEditor (446)
[2018.07.22-08.10.01:317][439]LogModuleManager: Shutting down and abandoning module ProjectLauncher (444)
[2018.07.22-08.10.01:334][439]LogModuleManager: Shutting down and abandoning module SessionFrontend (442)
[2018.07.22-08.10.01:344][439]LogModuleManager: Shutting down and abandoning module ProfilerClient (440)
[2018.07.22-08.10.01:356][439]LogModuleManager: Shutting down and abandoning module DeviceManager (438)
[2018.07.22-08.10.01:368][439]LogModuleManager: Shutting down and abandoning module TargetDeviceServices (437)
[2018.07.22-08.10.01:484][439]LogModuleManager: Shutting down and abandoning module AutomationController (434)
[2018.07.22-08.10.01:513][439]LogModuleManager: Shutting down and abandoning module AutomationWindow (432)
[2018.07.22-08.10.01:592][439]LogModuleManager: Shutting down and abandoning module Layers (430)
[2018.07.22-08.10.01:666][439]LogModuleManager: Shutting down and abandoning module ComponentVisualizers (428)
[2018.07.22-08.10.01:666][439]LogModuleManager: Shutting down and abandoning module DetailCustomizations (426)
[2018.07.22-08.10.01:678][439]LogModuleManager: Shutting down and abandoning module PackagesDialog (424)
[2018.07.22-08.10.01:683][439]LogModuleManager: Shutting down and abandoning module Persona (422)
[2018.07.22-08.10.01:723][439]LogModuleManager: Shutting down and abandoning module AdvancedPreviewScene (421)
[2018.07.22-08.10.01:723][439]LogModuleManager: Shutting down and abandoning module AnimGraph (419)
[2018.07.22-08.10.01:723][439]LogModuleManager: Shutting down and abandoning module Kismet (416)
[2018.07.22-08.10.01:756][439]LogModuleManager: Shutting down and abandoning module GraphEditor (414)
[2018.07.22-08.10.01:813][439]LogModuleManager: Shutting down and abandoning module ClassViewer (412)
[2018.07.22-08.10.01:813][439]LogModuleManager: Shutting down and abandoning module Toolbox (410)
[2018.07.22-08.10.01:813][439]LogModuleManager: Shutting down and abandoning module ModuleUI (408)
[2018.07.22-08.10.01:832][439]LogModuleManager: Shutting down and abandoning module MovieSceneTools (406)
[2018.07.22-08.10.01:866][439]LogModuleManager: Shutting down and abandoning module OutputLog (404)
[2018.07.22-08.10.01:883][439]LogModuleManager: Shutting down and abandoning module GammaUI (402)
[2018.07.22-08.10.01:892][439]LogModuleManager: Shutting down and abandoning module Documentation (400)
[2018.07.22-08.10.01:892][439]LogModuleManager: Shutting down and abandoning module MovieSceneTracks (398)
[2018.07.22-08.10.01:892][439]LogModuleManager: Shutting down and abandoning module MovieScene (396)
[2018.07.22-08.10.01:893][439]LogModuleManager: Shutting down and abandoning module StreamingPauseRendering (394)
[2018.07.22-08.10.01:893][439]LogModuleManager: Shutting down and abandoning module LauncherPlatform (392)
[2018.07.22-08.10.01:893][439]LogModuleManager: Shutting down and abandoning module AnalyticsET (390)
[2018.07.22-08.10.01:893][439]LogModuleManager: Shutting down and abandoning module PortalServices (388)
[2018.07.22-08.10.01:893][439]LogModuleManager: Shutting down and abandoning module PortalRpc (386)
[2018.07.22-08.10.01:893][439]LogModuleManager: Shutting down and abandoning module MessagingRpc (384)
[2018.07.22-08.10.01:893][439]LogModuleManager: Shutting down and abandoning module AIModule (382)
[2018.07.22-08.10.01:893][439]LogModuleManager: Shutting down and abandoning module GameplayDebugger (381)
[2018.07.22-08.10.01:904][439]LogModuleManager: Shutting down and abandoning module AITestSuite (379)
[2018.07.22-08.10.01:916][439]LogModuleManager: Shutting down and abandoning module DesktopPlatform (376)
[2018.07.22-08.10.01:926][439]LogModuleManager: Shutting down and abandoning module ProfilerService (374)
[2018.07.22-08.10.02:161][439]LogModuleManager: Shutting down and abandoning module TaskGraph (372)
[2018.07.22-08.10.02:195][439]LogModuleManager: Shutting down and abandoning module SteamVRController (370)
[2018.07.22-08.10.02:195][439]LogModuleManager: Shutting down and abandoning module ProceduralMeshComponentEditor (368)
[2018.07.22-08.10.02:195][439]LogModuleManager: Shutting down and abandoning module ProceduralMeshComponent (366)
[2018.07.22-08.10.02:212][439]LogModuleManager: Shutting down and abandoning module OculusInput (364)
[2018.07.22-08.10.02:218][439]LogModuleManager: Shutting down and abandoning module MobilePatchingUtils (362)
[2018.07.22-08.10.02:218][439]LogModuleManager: Shutting down and abandoning module CustomMeshComponent (360)
[2018.07.22-08.10.02:218][439]LogModuleManager: Shutting down and abandoning module CableComponent (358)
[2018.07.22-08.10.02:223][439]LogModuleManager: Shutting down and abandoning module AudioCapture (356)
[2018.07.22-08.10.02:223][439]LogModuleManager: Shutting down and abandoning module ArchVisCharacter (354)
[2018.07.22-08.10.02:223][439]LogModuleManager: Shutting down and abandoning module AndroidPermission (352)
[2018.07.22-08.10.02:223][439]LogModuleManager: Shutting down and abandoning module NUTUnrealEngine4 (348)
[2018.07.22-08.10.02:224][439]LogModuleManager: Shutting down and abandoning module NetcodeUnitTest (346)
[2018.07.22-08.10.02:262][439]LogModuleManager: Shutting down and abandoning module MediaCompositingEditor (344)
[2018.07.22-08.10.02:262][439]LogModuleManager: Shutting down and abandoning module MediaCompositing (342)
[2018.07.22-08.10.02:262][439]LogModuleManager: Shutting down and abandoning module LinearTimecode (340)
[2018.07.22-08.10.02:262][439]LogModuleManager: Shutting down and abandoning module ImgMedia (338)
[2018.07.22-08.10.02:293][439]LogModuleManager: Shutting down and abandoning module HTML5Networking (336)
[2018.07.22-08.10.02:294][439]LogModuleManager: Shutting down and abandoning module AlembicImporter (334)
[2018.07.22-08.10.02:312][439]LogModuleManager: Shutting down and abandoning module AlembicLibrary (333)
[2018.07.22-08.10.02:312][439]LogModuleManager: Shutting down and abandoning module GeometryCache (332)
[2018.07.22-08.10.02:313][439]LogModuleManager: Shutting down and abandoning module GeometryCacheEd (331)
[2018.07.22-08.10.02:313][439]LogModuleManager: Shutting down and abandoning module DatasmithContent (326)
[2018.07.22-08.10.02:313][439]LogModuleManager: Shutting down and abandoning module SpeedTreeImporter (324)
[2018.07.22-08.10.02:313][439]LogModuleManager: Shutting down and abandoning module PluginBrowser (322)
[2018.07.22-08.10.02:369][439]LogModuleManager: Shutting down and abandoning module MobileLauncherProfileWizard (320)
[2018.07.22-08.10.02:403][439]LogModuleManager: Shutting down and abandoning module CryptoKeysOpenSSL (318)
[2018.07.22-08.10.02:424][439]LogModuleManager: Shutting down and abandoning module CryptoKeys (316)
[2018.07.22-08.10.02:424][439]LogModuleManager: Shutting down and abandoning module VisualStudioSourceCodeAccess (314)
[2018.07.22-08.10.02:424][439]LogModuleManager: Shutting down and abandoning module VisualStudioCodeSourceCodeAccess (312)
[2018.07.22-08.10.02:424][439]LogModuleManager: Shutting down and abandoning module UObjectPlugin (310)
[2018.07.22-08.10.02:424][439]LogModuleManager: Shutting down and abandoning module SubversionSourceControl (308)
[2018.07.22-08.10.02:456][439]LogModuleManager: Shutting down and abandoning module PerforceSourceControl (306)
[2018.07.22-08.10.02:503][439]LogModuleManager: Shutting down and abandoning module GitSourceControl (304)
[2018.07.22-08.10.02:512][439]LogModuleManager: Shutting down and abandoning module SourceControl (303)
[2018.07.22-08.10.02:541][439]LogModuleManager: Shutting down and abandoning module CLionSourceCodeAccess (300)
[2018.07.22-08.10.02:552][439]LogModuleManager: Shutting down and abandoning module LightPropagationVolumeEditor (298)
[2018.07.22-08.10.02:552][439]LogModuleManager: Shutting down and abandoning module PaperTiledImporter (296)
[2018.07.22-08.10.02:552][439]LogModuleManager: Shutting down and abandoning module PaperSpriteSheetImporter (294)
[2018.07.22-08.10.02:552][439]LogModuleManager: Shutting down and abandoning module Paper2DEditor (292)
[2018.07.22-08.10.02:575][439]LogModuleManager: Shutting down and abandoning module MeshPaint (291)
[2018.07.22-08.10.02:583][439]LogModuleManager: Shutting down and abandoning module RuntimePhysXCooking (288)
[2018.07.22-08.10.02:583][439]LogModuleManager: Shutting down and abandoning module PhysXVehiclesEditor (286)
[2018.07.22-08.10.02:583][439]LogModuleManager: Shutting down and abandoning module PhysXVehicles (284)
[2018.07.22-08.10.02:583][439]LogModuleManager: Shutting down and abandoning module OculusEditor (282)
[2018.07.22-08.10.02:583][439]LogModuleManager: Shutting down and abandoning module LocationServicesBPLibrary (280)
[2018.07.22-08.10.02:583][439]LogModuleManager: Shutting down and abandoning module ImmediatePhysicsEditor (278)
[2018.07.22-08.10.02:583][439]LogModuleManager: Shutting down and abandoning module ImmediatePhysics (276)
[2018.07.22-08.10.02:598][439]LogModuleManager: Shutting down and abandoning module ActorSequence (274)
[2018.07.22-08.10.02:598][439]LogModuleManager: Shutting down and abandoning module UdpMessaging (272)
[2018.07.22-08.10.02:715][439]LogModuleManager: Shutting down and abandoning module TcpMessaging (270)
[2018.07.22-08.10.02:830][439]LogModuleManager: Shutting down and abandoning module GameplayTagsEditor (268)
[2018.07.22-08.10.02:864][439]LogModuleManager: Shutting down and abandoning module FacialAnimationEditor (266)
[2018.07.22-08.10.02:864][439]LogModuleManager: Shutting down and abandoning module FacialAnimation (264)
[2018.07.22-08.10.02:864][439]LogModuleManager: Shutting down and abandoning module DataValidation (262)
[2018.07.22-08.10.02:864][439]LogModuleManager: Shutting down and abandoning module AssetManagerEditor (260)
[2018.07.22-08.10.02:889][439]LogModuleManager: Shutting down and abandoning module LevelEditor (259)
[2018.07.22-08.10.02:899][439]LogModuleManager: Shutting down and abandoning module PixelInspectorModule (258)
[2018.07.22-08.10.02:903][439]LogModuleManager: Shutting down and abandoning module CommonMenuExtensions (256)
[2018.07.22-08.10.02:904][439]LogModuleManager: Shutting down and abandoning module MainFrame (254)
[2018.07.22-08.10.02:904][439]LogModuleManager: Shutting down and abandoning module HotReload (253)
[2018.07.22-08.10.02:919][439]LogModuleManager: Shutting down and abandoning module ContentBrowser (249)
[2018.07.22-08.10.02:927][439]LogModuleManager: Shutting down and abandoning module TreeMap (247)
[2018.07.22-08.10.02:941][439]LogModuleManager: Shutting down and abandoning module LightPropagationVolumeRuntime (244)
[2018.07.22-08.10.02:942][439]LogModuleManager: Shutting down and abandoning module LiveLinkEditor (242)
[2018.07.22-08.10.02:956][439]LogModuleManager: Shutting down and abandoning module LiveLink (240)
[2018.07.22-08.10.03:030][439]LogModuleManager: Shutting down and abandoning module Paper2D (238)
[2018.07.22-08.10.03:047][439]LogModuleManager: Shutting down and abandoning module WindowsMoviePlayer (236)
[2018.07.22-08.10.03:060][439]LogModuleManager: Shutting down and abandoning module WmfMedia (234)
[2018.07.22-08.10.03:075][439]LogModuleManager: Shutting down and abandoning module Media (233)
[2018.07.22-08.10.03:081][439]LogModuleManager: Shutting down and abandoning module PacketHandler (230)
[2018.07.22-08.10.03:081][439]LogModuleManager: Shutting down and abandoning module ClothingSystemEditor (228)
[2018.07.22-08.10.03:081][439]LogModuleManager: Shutting down and abandoning module ClothingSystemRuntime (226)
[2018.07.22-08.10.03:113][439]LogModuleManager: Shutting down and abandoning module MediaAssets (224)
[2018.07.22-08.10.03:113][439]LogModuleManager: Shutting down and abandoning module Overlay (222)
[2018.07.22-08.10.03:113][439]LogModuleManager: Shutting down and abandoning module OverlayEditor (221)
[2018.07.22-08.10.03:113][439]LogModuleManager: Shutting down and abandoning module VREditor (218)
[2018.07.22-08.10.03:149][439]LogModuleManager: Shutting down and abandoning module StringTableEditor (216)
[2018.07.22-08.10.03:150][439]LogModuleManager: Shutting down and abandoning module GameplayTasksEditor (214)
[2018.07.22-08.10.03:150][439]LogModuleManager: Shutting down and abandoning module BehaviorTreeEditor (212)
[2018.07.22-08.10.03:218][439]LogModuleManager: Shutting down and abandoning module FunctionalTesting (210)
[2018.07.22-08.10.03:221][439]LogModuleManager: Shutting down and abandoning module CollisionAnalyzer (208)
[2018.07.22-08.10.03:244][439]LogModuleManager: Shutting down and abandoning module WorkspaceMenuStructure (207)
[2018.07.22-08.10.03:244][439]LogModuleManager: Shutting down and abandoning module UMG (204)
[2018.07.22-08.10.03:260][439]LogModuleManager: Shutting down and abandoning module UMGEditor (203)
[2018.07.22-08.10.03:316][439]LogModuleManager: Shutting down and abandoning module Sequencer (202)
[2018.07.22-08.10.03:363][439]LogModuleManager: Shutting down and abandoning module MessageLog (199)
[2018.07.22-08.10.03:363][439]LogModuleManager: Shutting down and abandoning module SlateReflector (194)
[2018.07.22-08.10.03:392][439]LogModuleManager: Shutting down and abandoning module Slate (192)
[2018.07.22-08.10.03:392][439]LogModuleManager: Shutting down and abandoning module EditorStyle (190)
[2018.07.22-08.10.03:401][439]LogModuleManager: Shutting down and abandoning module MRMesh (188)
[2018.07.22-08.10.03:401][439]LogModuleManager: Shutting down and abandoning module SourceCodeAccess (186)
[2018.07.22-08.10.03:401][439]LogModuleManager: Shutting down and abandoning module HeadMountedDisplay (184)
[2018.07.22-08.10.03:401][439]LogModuleManager: Shutting down and abandoning module XAudio2 (182)
[2018.07.22-08.10.03:401][439]LogModuleManager: Shutting down and abandoning module Networking (180)
[2018.07.22-08.10.03:401][439]LogModuleManager: Shutting down and abandoning module Core (178)
[2018.07.22-08.10.03:401][439]LogModuleManager: Shutting down and abandoning module LevelSequence (176)
[2018.07.22-08.10.03:418][439]LogModuleManager: Shutting down and abandoning module KismetCompiler (174)
[2018.07.22-08.10.03:418][439]LogModuleManager: Shutting down and abandoning module MeshUtilities (172)
[2018.07.22-08.10.03:430][439]LogModuleManager: Shutting down and abandoning module MeshMergeUtilities (171)
[2018.07.22-08.10.03:430][439]LogModuleManager: Shutting down and abandoning module MeshReductionInterface (170)
[2018.07.22-08.10.03:430][439]LogModuleManager: Shutting down and abandoning module SimplygonSwarm (169)
[2018.07.22-08.10.03:437][439]LogModuleManager: Shutting down and abandoning module SimplygonMeshReduction (167)
[2018.07.22-08.10.03:468][439]LogModuleManager: Shutting down and abandoning module QuadricMeshReduction (165)
[2018.07.22-08.10.03:480][439]LogModuleManager: Shutting down and abandoning module MaterialBaking (161)
[2018.07.22-08.10.03:493][439]LogModuleManager: Shutting down and abandoning module DirectoryWatcher (157)
[2018.07.22-08.10.03:529][439]LogModuleManager: Shutting down and abandoning module DerivedDataCache (154)
[2018.07.22-08.10.03:542][439]LogDerivedDataCache: Shutdown
[2018.07.22-08.10.03:542][439]LogModuleManager: Shutting down and abandoning module XGEController (152)
[2018.07.22-08.10.03:542][439]LogXGEController: Cleaning working directory: C:/Users/Shweta/AppData/Local/Temp/UnrealXGEWorkingDir/
[2018.07.22-08.10.03:543][439]LogModuleManager: Shutting down and abandoning module TargetPlatform (150)
[2018.07.22-08.10.03:562][439]LogModuleManager: Shutting down and abandoning module VulkanShaderFormat (149)
[2018.07.22-08.10.03:580][439]LogModuleManager: Shutting down and abandoning module ShaderFormatVectorVM (147)
[2018.07.22-08.10.03:594][439]LogModuleManager: Shutting down and abandoning module ShaderFormatOpenGL (145)
[2018.07.22-08.10.03:596][439]LogModuleManager: Shutting down and abandoning module ShaderFormatD3D (143)
[2018.07.22-08.10.03:617][439]LogModuleManager: Shutting down and abandoning module MetalShaderFormat (141)
[2018.07.22-08.10.03:646][439]LogModuleManager: Shutting down and abandoning module TextureFormatUncompressed (139)
[2018.07.22-08.10.03:646][439]LogModuleManager: Shutting down and abandoning module TextureFormatPVR (137)
[2018.07.22-08.10.03:647][439]LogModuleManager: Shutting down and abandoning module TextureFormatDXT (135)
[2018.07.22-08.10.03:647][439]LogModuleManager: Shutting down and abandoning module TextureFormatIntelISPCTexComp (133)
[2018.07.22-08.10.03:658][439]LogModuleManager: Shutting down and abandoning module TextureFormatASTC (131)
[2018.07.22-08.10.03:658][439]LogModuleManager: Shutting down and abandoning module ImageWrapper (130)
[2018.07.22-08.10.03:658][439]LogModuleManager: Shutting down and abandoning module TextureFormatAndroid (127)
[2018.07.22-08.10.03:659][439]LogModuleManager: Shutting down and abandoning module AudioFormatOpus (125)
[2018.07.22-08.10.03:659][439]LogModuleManager: Shutting down and abandoning module AudioFormatOgg (123)
[2018.07.22-08.10.03:659][439]LogModuleManager: Shutting down and abandoning module AudioFormatADPCM (121)
[2018.07.22-08.10.03:659][439]LogModuleManager: Shutting down and abandoning module LinuxTargetPlatform (119)
[2018.07.22-08.10.03:659][439]LogModuleManager: Shutting down and abandoning module LinuxServerTargetPlatform (117)
[2018.07.22-08.10.03:660][439]LogModuleManager: Shutting down and abandoning module LinuxNoEditorTargetPlatform (115)
[2018.07.22-08.10.03:660][439]LogModuleManager: Shutting down and abandoning module LinuxClientTargetPlatform (113)
[2018.07.22-08.10.03:660][439]LogModuleManager: Shutting down and abandoning module TVOSTargetPlatform (111)
[2018.07.22-08.10.03:660][439]LogModuleManager: Shutting down and abandoning module Messaging (109)
[2018.07.22-08.10.03:660][439]LogModuleManager: Shutting down and abandoning module IOSTargetPlatform (107)
[2018.07.22-08.10.03:661][439]LogModuleManager: Shutting down and abandoning module HTML5TargetPlatform (105)
[2018.07.22-08.10.03:661][439]LogModuleManager: Shutting down and abandoning module AndroidTargetPlatform (103)
[2018.07.22-08.10.03:661][439]LogModuleManager: Shutting down and abandoning module Android_PVRTCTargetPlatform (101)
[2018.07.22-08.10.03:661][439]LogModuleManager: Shutting down and abandoning module Android_MultiTargetPlatform (99)
[2018.07.22-08.10.03:661][439]LogModuleManager: Shutting down and abandoning module Android_ETC2TargetPlatform (97)
[2018.07.22-08.10.03:661][439]LogModuleManager: Shutting down and abandoning module Android_ETC1TargetPlatform (95)
[2018.07.22-08.10.03:661][439]LogModuleManager: Shutting down and abandoning module Android_ETC1aTargetPlatform (93)
[2018.07.22-08.10.03:661][439]LogModuleManager: Shutting down and abandoning module Android_DXTTargetPlatform (91)
[2018.07.22-08.10.03:661][439]LogModuleManager: Shutting down and abandoning module Android_ATCTargetPlatform (89)
[2018.07.22-08.10.03:661][439]LogModuleManager: Shutting down and abandoning module Android_ASTCTargetPlatform (87)
[2018.07.22-08.10.03:661][439]LogModuleManager: Shutting down and abandoning module WindowsTargetPlatform (85)
[2018.07.22-08.10.03:661][439]LogModuleManager: Shutting down and abandoning module WindowsServerTargetPlatform (83)
[2018.07.22-08.10.03:662][439]LogModuleManager: Shutting down and abandoning module WindowsNoEditorTargetPlatform (81)
[2018.07.22-08.10.03:662][439]LogModuleManager: Shutting down and abandoning module WindowsClientTargetPlatform (79)
[2018.07.22-08.10.03:662][439]LogModuleManager: Shutting down and abandoning module MacTargetPlatform (77)
[2018.07.22-08.10.03:662][439]LogModuleManager: Shutting down and abandoning module MacServerTargetPlatform (75)
[2018.07.22-08.10.03:662][439]LogModuleManager: Shutting down and abandoning module MacNoEditorTargetPlatform (73)
[2018.07.22-08.10.03:662][439]LogModuleManager: Shutting down and abandoning module MacClientTargetPlatform (71)
[2018.07.22-08.10.03:662][439]LogModuleManager: Shutting down and abandoning module AllDesktopTargetPlatform (69)
[2018.07.22-08.10.03:663][439]LogModuleManager: Shutting down and abandoning module InputCore (66)
[2018.07.22-08.10.03:663][439]LogModuleManager: Shutting down and abandoning module Settings (64)
[2018.07.22-08.10.03:663][439]LogModuleManager: Shutting down and abandoning module PhysXCooking (62)
[2018.07.22-08.10.03:663][439]LogModuleManager: Shutting down and abandoning module SteamVR (60)
[2018.07.22-08.10.03:663][439]LogModuleManager: Shutting down and abandoning module OculusHMD (58)
[2018.07.22-08.10.03:687][439]LogModuleManager: Shutting down and abandoning module ExampleDeviceProfileSelector (56)
[2018.07.22-08.10.03:687][439]LogModuleManager: Shutting down and abandoning module AppleARKit (54)
[2018.07.22-08.10.03:687][439]LogModuleManager: Shutting down and abandoning module AugmentedReality (51)
[2018.07.22-08.10.03:687][439]LogModuleManager: Shutting down and abandoning module OnlineBlueprintSupport (48)
[2018.07.22-08.10.03:688][439]LogModuleManager: Shutting down and abandoning module OnlineSubsystem (44)
[2018.07.22-08.10.03:737][439]LogModuleManager: Shutting down and abandoning module XMPP (43)
[2018.07.22-08.10.03:799][439]LogModuleManager: Shutting down and abandoning module HTTP (41)
[2018.07.22-08.10.03:820][439]LogHttp: Display: Http module shutting down, but needs to wait on 1 outstanding Http requests:
[2018.07.22-08.10.03:820][439]LogHttp: Display: 	verb=[POST] url=[https://datarouter.ol.epicgames.com/datarouter/api/v1/public/data?SessionID=%7BC6DBD8BC-4274-1D55-284D-F487039DB3E7%7D&AppID=UEEditor.Rocket.Release&AppVersion=4.19.2-4033788%2B%2B%2BUE4%2BRelease-4.19&UserID=c76cbc614dc4c6a1dc888b8aa3470b3f%7C57113a4ef07749e899daf8a54070ea17%7C6d46c3db-d58f-4b5d-93cd-6fe936b97061&AppEnvironment=datacollector-binary&UploadType=eteventstream] status=Processing
[2018.07.22-08.10.03:833][439]LogModuleManager: Shutting down and abandoning module SSL (40)
[2018.07.22-08.10.03:864][439]LogModuleManager: Shutting down and abandoning module AnimationModifiers (36)
[2018.07.22-08.10.03:901][439]LogModuleManager: Shutting down and abandoning module PropertyEditor (35)
[2018.07.22-08.10.03:906][439]LogModuleManager: Shutting down and abandoning module AudioEditor (32)
[2018.07.22-08.10.03:950][439]LogModuleManager: Shutting down and abandoning module TextureCompressor (30)
[2018.07.22-08.10.03:950][439]LogModuleManager: Shutting down and abandoning module ShaderCore (28)
[2018.07.22-08.10.03:950][439]LogModuleManager: Shutting down and abandoning module Landscape (26)
[2018.07.22-08.10.03:950][439]LogModuleManager: Shutting down and abandoning module SlateRHIRenderer (24)
[2018.07.22-08.10.03:987][439]LogModuleManager: Shutting down and abandoning module OpenGLDrv (22)
[2018.07.22-08.10.04:012][439]LogModuleManager: Shutting down and abandoning module D3D11RHI (20)
[2018.07.22-08.10.04:013][439]LogModuleManager: Shutting down and abandoning module AnimGraphRuntime (18)
[2018.07.22-08.10.04:034][439]LogModuleManager: Shutting down and abandoning module Renderer (16)
[2018.07.22-08.10.04:034][439]LogModuleManager: Shutting down and abandoning module Engine (14)
[2018.07.22-08.10.04:034][439]LogModuleManager: Shutting down and abandoning module CoreUObject (12)
[2018.07.22-08.10.04:034][439]LogModuleManager: Shutting down and abandoning module NetworkFile (10)
[2018.07.22-08.10.04:046][439]LogModuleManager: Shutting down and abandoning module CookedIterativeFile (8)
[2018.07.22-08.10.04:046][439]LogModuleManager: Shutting down and abandoning module StreamingFile (6)
[2018.07.22-08.10.04:061][439]LogModuleManager: Shutting down and abandoning module SandboxFile (4)
[2018.07.22-08.10.04:068][439]LogModuleManager: Shutting down and abandoning module PakFile (2)
[2018.07.22-08.10.04:111][439]LogExit: Exiting.
[2018.07.22-08.10.04:215][439]Log file closed, 07/22/18 13:40:04
