Log file open, 07/14/18 09:50:51
LogWindows: Failed to load 'aqProf.dll' (GetLastError=126)
LogWindows: File 'aqProf.dll' does not exist
LogWindows: Failed to load 'VtuneApi.dll' (GetLastError=126)
LogWindows: File 'VtuneApi.dll' does not exist
LogWindows: Failed to load 'VtuneApi32e.dll' (GetLastError=126)
LogWindows: File 'VtuneApi32e.dll' does not exist
LogInit: Display: Running engine for game: ArchVisDemo
LogPlatformFile: Not using cached read wrapper
LogInit: Display: RandInit(1201694248) SRandInit(1201694248).
LogInit: Read version file with build ID '3944462'
LogInit: Overriding engine version to CL 4033788, compatible CL 3944462
LogInit: Registered custom module enumerator with build ID '3944462'
LogTaskGraph: Started task graph with 5 named threads and 11 total threads with 3 sets of task threads.
LogStats: Stats thread started at 1.583419
LogD3D11RHI: Aftermath initialized
LogICUInternationalization: Display: ICU TimeZone Detection - Raw Offset: +5:30, Platform Override: ''
LogConfig: Warning: Failed to saved backup for config[Engine]
LogConfig: Warning: Failed to saved backup for config[Editor]
LogConfig: Warning: Failed to saved backup for config[Compat]
LogConfig: Warning: Failed to saved backup for config[Lightmass]
LogModuleManager: Display: Found up-to-date module file ../../../Engine/Plugins/2D/Paper2D/Binaries/Win64/UE4Editor-Paper2D.dll (API version 3944462).
LogModuleManager: Display: Found up-to-date module file ../../../Engine/Plugins/2D/Paper2D/Binaries/Win64/UE4Editor-Paper2DEditor.dll (API version 3944462).
LogModuleManager: Display: Found up-to-date module file ../../../Engine/Plugins/2D/Paper2D/Binaries/Win64/UE4Editor-PaperSpriteSheetImporter.dll (API version 3944462).
LogModuleManager: Display: Found up-to-date module file ../../../Engine/Plugins/2D/Paper2D/Binaries/Win64/UE4Editor-PaperTiledImporter.dll (API version 3944462).
LogModuleManager: Display: Found up-to-date module file ../../../Engine/Plugins/2D/Paper2D/Binaries/Win64/UE4Editor-SmartSnapping.dll (API version 3944462).
LogModuleManager: Display: Found up-to-date module file ../../../Engine/Plugins/Blendables/LightPropagationVolume/Binaries/Win64/UE4Editor-LightPropagationVolumeRuntime.dll (API version 3944462).
LogModuleManager: Display: Found up-to-date module file ../../../Engine/Plugins/Blendables/LightPropagationVolume/Binaries/Win64/UE4Editor-LightPropagationVolumeEditor.dll (API version 3944462).
LogModuleManager: Display: Found up-to-date module file ../../../Engine/Plugins/Developer/CLionSourceCodeAccess/Binaries/Win64/UE4Editor-CLionSourceCodeAccess.dll (API version 3944462).
LogModuleManager: Display: Found up-to-date module file ../../../Engine/Plugins/Developer/GitSourceControl/Binaries/Win64/UE4Editor-GitSourceControl.dll (API version 3944462).
LogModuleManager: Display: Found up-to-date module file ../../../Engine/Plugins/Developer/PerforceSourceControl/Binaries/Win64/UE4Editor-PerforceSourceControl.dll (API version 3944462).
LogModuleManager: Display: Found up-to-date module file ../../../Engine/Plugins/Developer/SubversionSourceControl/Binaries/Win64/UE4Editor-SubversionSourceControl.dll (API version 3944462).
LogModuleManager: Display: Found up-to-date module file ../../../Engine/Plugins/Developer/UObjectPlugin/Binaries/Win64/UE4Editor-UObjectPlugin.dll (API version 3944462).
LogModuleManager: Display: Found up-to-date module file ../../../Engine/Plugins/Developer/VisualStudioCodeSourceCodeAccess/Binaries/Win64/UE4Editor-VisualStudioCodeSourceCodeAccess.dll (API version 3944462).
LogModuleManager: Display: Found up-to-date module file ../../../Engine/Plugins/Developer/VisualStudioSourceCodeAccess/Binaries/Win64/UE4Editor-VisualStudioSourceCodeAccess.dll (API version 3944462).
LogModuleManager: Display: Found up-to-date module file ../../../Engine/Plugins/Editor/AssetManagerEditor/Binaries/Win64/UE4Editor-AssetManagerEditor.dll (API version 3944462).
LogModuleManager: Display: Found up-to-date module file ../../../Engine/Plugins/Editor/CryptoKeys/Binaries/Win64/UE4Editor-CryptoKeys.dll (API version 3944462).
LogModuleManager: Display: Found up-to-date module file ../../../Engine/Plugins/Editor/CryptoKeys/Binaries/Win64/UE4Editor-CryptoKeysOpenSSL.dll (API version 3944462).
LogModuleManager: Display: Found up-to-date module file ../../../Engine/Plugins/Editor/DataValidation/Binaries/Win64/UE4Editor-DataValidation.dll (API version 3944462).
LogModuleManager: Display: Found up-to-date module file ../../../Engine/Plugins/Editor/FacialAnimation/Binaries/Win64/UE4Editor-FacialAnimation.dll (API version 3944462).
LogModuleManager: Display: Found up-to-date module file ../../../Engine/Plugins/Editor/FacialAnimation/Binaries/Win64/UE4Editor-FacialAnimationEditor.dll (API version 3944462).
LogModuleManager: Display: Found up-to-date module file ../../../Engine/Plugins/Editor/GameplayTagsEditor/Binaries/Win64/UE4Editor-GameplayTagsEditor.dll (API version 3944462).
LogModuleManager: Display: Found up-to-date module file ../../../Engine/Plugins/Editor/MobileLauncherProfileWizard/Binaries/Win64/UE4Editor-MobileLauncherProfileWizard.dll (API version 3944462).
LogModuleManager: Display: Found up-to-date module file ../../../Engine/Plugins/Editor/PluginBrowser/Binaries/Win64/UE4Editor-PluginBrowser.dll (API version 3944462).
LogModuleManager: Display: Found up-to-date module file ../../../Engine/Plugins/Editor/SpeedTreeImporter/Binaries/Win64/UE4Editor-SpeedTreeImporter.dll (API version 3944462).
LogModuleManager: Display: Found up-to-date module file ../../../Engine/Plugins/Enterprise/DatasmithContent/Binaries/Win64/UE4Editor-DatasmithContent.dll (API version 3944462).
LogModuleManager: Display: Found up-to-date module file ../../../Engine/Plugins/Experimental/AlembicImporter/Binaries/Win64/UE4Editor-AlembicImporter.dll (API version 3944462).
LogModuleManager: Display: Found up-to-date module file ../../../Engine/Plugins/Experimental/AlembicImporter/Binaries/Win64/UE4Editor-AlembicLibrary.dll (API version 3944462).
LogModuleManager: Display: Found up-to-date module file ../../../Engine/Plugins/Experimental/CharacterAI/Binaries/Win64/UE4Editor-CharacterAI.dll (API version 3944462).
LogModuleManager: Display: Found up-to-date module file ../../../Engine/Plugins/Experimental/HTML5Networking/Binaries/Win64/UE4Editor-HTML5Networking.dll (API version 3944462).
LogModuleManager: Display: Found up-to-date module file ../../../Engine/Plugins/Media/AndroidMedia/Binaries/Win64/UE4Editor-AndroidMediaEditor.dll (API version 3944462).
LogModuleManager: Display: Found up-to-date module file ../../../Engine/Plugins/Media/AndroidMedia/Binaries/Win64/UE4Editor-AndroidMediaFactory.dll (API version 3944462).
LogModuleManager: Display: Found up-to-date module file ../../../Engine/Plugins/Media/AvfMedia/Binaries/Win64/UE4Editor-AvfMediaEditor.dll (API version 3944462).
LogModuleManager: Display: Found up-to-date module file ../../../Engine/Plugins/Media/AvfMedia/Binaries/Win64/UE4Editor-AvfMediaFactory.dll (API version 3944462).
LogModuleManager: Display: Found up-to-date module file ../../../Engine/Plugins/Media/AvfMedia/Binaries/Win64/UE4Editor-AvfMediaFactory.dll (API version 3944462).
LogModuleManager: Display: Found up-to-date module file ../../../Engine/Plugins/Media/ImgMedia/Binaries/Win64/UE4Editor-ImgMedia.dll (API version 3944462).
LogModuleManager: Display: Found up-to-date module file ../../../Engine/Plugins/Media/ImgMedia/Binaries/Win64/UE4Editor-ImgMediaEditor.dll (API version 3944462).
LogModuleManager: Display: Found up-to-date module file ../../../Engine/Plugins/Media/ImgMedia/Binaries/Win64/UE4Editor-ImgMediaFactory.dll (API version 3944462).
LogModuleManager: Display: Found up-to-date module file ../../../Engine/Plugins/Media/ImgMedia/Binaries/Win64/UE4Editor-ImgMediaFactory.dll (API version 3944462).
LogModuleManager: Display: Found up-to-date module file ../../../Engine/Plugins/Media/ImgMedia/Binaries/Win64/UE4Editor-OpenExrWrapper.dll (API version 3944462).
LogModuleManager: Display: Found up-to-date module file ../../../Engine/Plugins/Media/LinearTimecode/Binaries/Win64/UE4Editor-LinearTimecode.dll (API version 3944462).
LogModuleManager: Display: Found up-to-date module file ../../../Engine/Plugins/Media/MediaCompositing/Binaries/Win64/UE4Editor-MediaCompositing.dll (API version 3944462).
LogModuleManager: Display: Found up-to-date module file ../../../Engine/Plugins/Media/MediaCompositing/Binaries/Win64/UE4Editor-MediaCompositingEditor.dll (API version 3944462).
LogModuleManager: Display: Found up-to-date module file ../../../Engine/Plugins/Media/MediaPlayerEditor/Binaries/Win64/UE4Editor-MediaPlayerEditor.dll (API version 3944462).
LogModuleManager: Display: Found up-to-date module file ../../../Engine/Plugins/Media/WmfMedia/Binaries/Win64/UE4Editor-WmfMedia.dll (API version 3944462).
LogModuleManager: Display: Found up-to-date module file ../../../Engine/Plugins/Media/WmfMedia/Binaries/Win64/UE4Editor-WmfMediaEditor.dll (API version 3944462).
LogModuleManager: Display: Found up-to-date module file ../../../Engine/Plugins/Media/WmfMedia/Binaries/Win64/UE4Editor-WmfMediaFactory.dll (API version 3944462).
LogModuleManager: Display: Found up-to-date module file ../../../Engine/Plugins/Media/WmfMedia/Binaries/Win64/UE4Editor-WmfMediaFactory.dll (API version 3944462).
LogModuleManager: Display: Found up-to-date module file ../../../Engine/Plugins/Messaging/TcpMessaging/Binaries/Win64/UE4Editor-TcpMessaging.dll (API version 3944462).
LogModuleManager: Display: Found up-to-date module file ../../../Engine/Plugins/Messaging/UdpMessaging/Binaries/Win64/UE4Editor-UdpMessaging.dll (API version 3944462).
LogModuleManager: Display: Found up-to-date module file ../../../Engine/Plugins/MovieScene/ActorSequence/Binaries/Win64/UE4Editor-ActorSequence.dll (API version 3944462).
LogModuleManager: Display: Found up-to-date module file ../../../Engine/Plugins/MovieScene/LevelSequenceEditor/Binaries/Win64/UE4Editor-LevelSequenceEditor.dll (API version 3944462).
LogModuleManager: Display: Found up-to-date module file ../../../Engine/Plugins/MovieScene/MatineeToLevelSequence/Binaries/Win64/UE4Editor-MatineeToLevelSequence.dll (API version 3944462).
LogModuleManager: Display: Found up-to-date module file ../../../Engine/Plugins/NetcodeUnitTest/NetcodeUnitTest/Binaries/Win64/UE4Editor-NetcodeUnitTest.dll (API version 3944462).
LogModuleManager: Display: Found up-to-date module file ../../../Engine/Plugins/NetcodeUnitTest/NUTUnrealEngine4/Binaries/Win64/UE4Editor-NUTUnrealEngine4.dll (API version 3944462).
LogModuleManager: Display: Found up-to-date module file ../../../Engine/Plugins/Online/OnlineSubsystem/Binaries/Win64/UE4Editor-OnlineSubsystem.dll (API version 3944462).
LogModuleManager: Display: Found up-to-date module file ../../../Engine/Plugins/Runtime/AndroidPermission/Binaries/Win64/UE4Editor-AndroidPermission.dll (API version 3944462).
LogModuleManager: Display: Found up-to-date module file ../../../Engine/Plugins/Online/OnlineSubsystemNull/Binaries/Win64/UE4Editor-OnlineSubsystemNull.dll (API version 3944462).
LogModuleManager: Display: Found up-to-date module file ../../../Engine/Plugins/Online/OnlineSubsystemUtils/Binaries/Win64/UE4Editor-OnlineSubsystemUtils.dll (API version 3944462).
LogModuleManager: Display: Found up-to-date module file ../../../Engine/Plugins/Online/OnlineSubsystemUtils/Binaries/Win64/UE4Editor-OnlineBlueprintSupport.dll (API version 3944462).
LogModuleManager: Display: Found up-to-date module file ../../../Engine/Plugins/Runtime/AndroidDeviceProfileSelector/Binaries/Win64/UE4Editor-AndroidDeviceProfileSelector.dll (API version 3944462).
LogModuleManager: Display: Found up-to-date module file ../../../Engine/Plugins/Runtime/AppleARKit/Binaries/Win64/UE4Editor-AppleARKit.dll (API version 3944462).
LogModuleManager: Display: Found up-to-date module file ../../../Engine/Plugins/Runtime/ProceduralMeshComponent/Binaries/Win64/UE4Editor-ProceduralMeshComponent.dll (API version 3944462).
LogModuleManager: Display: Found up-to-date module file ../../../Engine/Plugins/Runtime/ProceduralMeshComponent/Binaries/Win64/UE4Editor-ProceduralMeshComponentEditor.dll (API version 3944462).
LogModuleManager: Display: Found up-to-date module file ../../../Engine/Plugins/Animation/LiveLink/Binaries/Win64/UE4Editor-LiveLink.dll (API version 3944462).
LogModuleManager: Display: Found up-to-date module file ../../../Engine/Plugins/Animation/LiveLink/Binaries/Win64/UE4Editor-LiveLinkEditor.dll (API version 3944462).
LogModuleManager: Display: Found up-to-date module file ../../../Engine/Plugins/Runtime/ArchVisCharacter/Binaries/Win64/UE4Editor-ArchVisCharacter.dll (API version 3944462).
LogModuleManager: Display: Found up-to-date module file ../../../Engine/Plugins/Runtime/AudioCapture/Binaries/Win64/UE4Editor-AudioCapture.dll (API version 3944462).
LogModuleManager: Display: Found up-to-date module file ../../../Engine/Plugins/Runtime/AudioCapture/Binaries/Win64/UE4Editor-AudioCaptureEditor.dll (API version 3944462).
LogModuleManager: Display: Found up-to-date module file ../../../Engine/Plugins/Runtime/CableComponent/Binaries/Win64/UE4Editor-CableComponent.dll (API version 3944462).
LogModuleManager: Display: Found up-to-date module file ../../../Engine/Plugins/Runtime/CustomMeshComponent/Binaries/Win64/UE4Editor-CustomMeshComponent.dll (API version 3944462).
LogModuleManager: Display: Found up-to-date module file ../../../Engine/Plugins/Runtime/ExampleDeviceProfileSelector/Binaries/Win64/UE4Editor-ExampleDeviceProfileSelector.dll (API version 3944462).
LogModuleManager: Display: Found up-to-date module file ../../../Engine/Plugins/Runtime/ImmediatePhysics/Binaries/Win64/UE4Editor-ImmediatePhysics.dll (API version 3944462).
LogModuleManager: Display: Found up-to-date module file ../../../Engine/Plugins/Runtime/ImmediatePhysics/Binaries/Win64/UE4Editor-ImmediatePhysicsEditor.dll (API version 3944462).
LogModuleManager: Display: Found up-to-date module file ../../../Engine/Plugins/Runtime/LocationServicesBPLibrary/Binaries/Win64/UE4Editor-LocationServicesBPLibrary.dll (API version 3944462).
LogModuleManager: Display: Found up-to-date module file ../../../Engine/Plugins/Runtime/MobilePatchingUtils/Binaries/Win64/UE4Editor-MobilePatchingUtils.dll (API version 3944462).
LogModuleManager: Display: Found up-to-date module file ../../../Engine/Plugins/Runtime/Oculus/OculusVR/Binaries/Win64/UE4Editor-OculusHMD.dll (API version 3944462).
LogModuleManager: Display: Found up-to-date module file ../../../Engine/Plugins/Runtime/Oculus/OculusVR/Binaries/Win64/UE4Editor-OculusInput.dll (API version 3944462).
LogModuleManager: Display: Found up-to-date module file ../../../Engine/Plugins/Runtime/Oculus/OculusVR/Binaries/Win64/UE4Editor-OculusEditor.dll (API version 3944462).
LogModuleManager: Display: Found up-to-date module file ../../../Engine/Plugins/Runtime/PhysXVehicles/Binaries/Win64/UE4Editor-PhysXVehicles.dll (API version 3944462).
LogModuleManager: Display: Found up-to-date module file ../../../Engine/Plugins/Runtime/PhysXVehicles/Binaries/Win64/UE4Editor-PhysXVehiclesEditor.dll (API version 3944462).
LogModuleManager: Display: Found up-to-date module file ../../../Engine/Plugins/Runtime/RuntimePhysXCooking/Binaries/Win64/UE4Editor-RuntimePhysXCooking.dll (API version 3944462).
LogModuleManager: Display: Found up-to-date module file ../../../Engine/Plugins/Runtime/Steam/SteamVR/Binaries/Win64/UE4Editor-SteamVR.dll (API version 3944462).
LogModuleManager: Display: Found up-to-date module file ../../../Engine/Plugins/Runtime/Steam/SteamVR/Binaries/Win64/UE4Editor-SteamVRController.dll (API version 3944462).
LogModuleManager: Display: Found up-to-date module file ../../../Engine/Plugins/Runtime/WindowsMoviePlayer/Binaries/Win64/UE4Editor-WindowsMoviePlayer.dll (API version 3944462).
LogPluginManager: Mounting plugin Paper2D
LogConfig: Warning: Failed to saved backup for config[Paper2D]
LogPluginManager: Mounting plugin LiveLink
LogConfig: Warning: Failed to saved backup for config[LiveLink]
LogPluginManager: Mounting plugin LightPropagationVolume
LogConfig: Warning: Failed to saved backup for config[LightPropagationVolume]
LogPluginManager: Mounting plugin CLionSourceCodeAccess
LogConfig: Warning: Failed to saved backup for config[CLionSourceCodeAccess]
LogPluginManager: Mounting plugin CodeLiteSourceCodeAccess
LogPluginManager: Mounting plugin GitSourceControl
LogPluginManager: Mounting plugin KDevelopSourceCodeAccess
LogConfig: Warning: Failed to saved backup for config[KDevelopSourceCodeAccess]
LogPluginManager: Mounting plugin NullSourceCodeAccess
LogPluginManager: Mounting plugin PerforceSourceControl
LogConfig: Warning: Failed to saved backup for config[PerforceSourceControl]
LogPluginManager: Mounting plugin SubversionSourceControl
LogPluginManager: Mounting plugin UObjectPlugin
LogConfig: Warning: Failed to saved backup for config[UObjectPlugin]
LogPluginManager: Mounting plugin VisualStudioCodeSourceCodeAccess
LogPluginManager: Mounting plugin VisualStudioSourceCodeAccess
LogPluginManager: Mounting plugin XCodeSourceCodeAccess
LogPluginManager: Mounting plugin AssetManagerEditor
LogPluginManager: Mounting plugin CryptoKeys
LogPluginManager: Mounting plugin DataValidation
LogPluginManager: Mounting plugin FacialAnimation
LogPluginManager: Mounting plugin GameplayTagsEditor
LogPluginManager: Mounting plugin MobileLauncherProfileWizard
LogPluginManager: Mounting plugin PluginBrowser
LogPluginManager: Mounting plugin SpeedTreeImporter
LogPluginManager: Mounting plugin DatasmithContent
LogPluginManager: Mounting plugin AlembicImporter
LogPluginManager: Mounting plugin CharacterAI
LogPluginManager: Mounting plugin HTML5Networking
LogPluginManager: Mounting plugin AndroidMedia
LogPluginManager: Mounting plugin AvfMedia
LogPluginManager: Mounting plugin ImgMedia
LogPluginManager: Mounting plugin LinearTimecode
LogPluginManager: Mounting plugin MediaCompositing
LogPluginManager: Mounting plugin MediaPlayerEditor
LogPluginManager: Mounting plugin WmfMedia
LogPluginManager: Mounting plugin TcpMessaging
LogPluginManager: Mounting plugin UdpMessaging
LogPluginManager: Mounting plugin ActorSequence
LogPluginManager: Mounting plugin LevelSequenceEditor
LogPluginManager: Mounting plugin MatineeToLevelSequence
LogPluginManager: Mounting plugin NetcodeUnitTest
LogPluginManager: Mounting plugin NUTUnrealEngine4
LogPluginManager: Mounting plugin OnlineSubsystemGooglePlay
LogPluginManager: Mounting plugin OnlineSubsystemIOS
LogPluginManager: Mounting plugin OnlineSubsystem
LogConfig: Warning: Failed to saved backup for config[OnlineSubsystem]
LogPluginManager: Mounting plugin OnlineSubsystemNull
LogPluginManager: Mounting plugin OnlineSubsystemUtils
LogPluginManager: Mounting plugin AndroidDeviceProfileSelector
LogPluginManager: Mounting plugin AndroidMoviePlayer
LogPluginManager: Mounting plugin AndroidPermission
LogPluginManager: Mounting plugin AppleARKit
LogPluginManager: Mounting plugin AppleMoviePlayer
LogPluginManager: Mounting plugin ArchVisCharacter
LogPluginManager: Mounting plugin AudioCapture
LogPluginManager: Mounting plugin CableComponent
LogPluginManager: Mounting plugin CustomMeshComponent
LogPluginManager: Mounting plugin ExampleDeviceProfileSelector
LogPluginManager: Mounting plugin GoogleCloudMessaging
LogPluginManager: Mounting plugin ImmediatePhysics
LogPluginManager: Mounting plugin IOSDeviceProfileSelector
LogPluginManager: Mounting plugin LinuxDeviceProfileSelector
LogPluginManager: Mounting plugin LocationServicesBPLibrary
LogPluginManager: Mounting plugin MobilePatchingUtils
LogPluginManager: Mounting plugin OculusVR
LogPluginManager: Plugin shader directory ../../../Engine/Plugins/Runtime/Oculus/OculusVR/Shaders found
LogPluginManager: Mapping shader source directory ../../../Engine/Plugins/Runtime/Oculus/OculusVR/Shaders to virtual directory /Plugin/OculusVR
LogPluginManager: Mounting plugin PhysXVehicles
LogConfig: Warning: Failed to saved backup for config[PhysXVehicles]
LogPluginManager: Mounting plugin ProceduralMeshComponent
LogConfig: Warning: Failed to saved backup for config[ProceduralMeshComponent]
LogPluginManager: Mounting plugin RuntimePhysXCooking
LogPluginManager: Mounting plugin SteamVR
LogPluginManager: Mounting plugin WindowsMoviePlayer
LogStreaming: Display: Took 15.071s to configure plugins.
LogInit: Using libcurl 7.47.1
LogInit:  - built for x86_64-pc-win32
LogInit:  - supports SSL with OpenSSL/1.0.2g
LogInit:  - supports HTTP deflate (compression) using libz 1.2.8
LogInit:  - other features:
LogInit:      CURL_VERSION_SSL
LogInit:      CURL_VERSION_LIBZ
LogInit:      CURL_VERSION_IPV6
LogInit:      CURL_VERSION_ASYNCHDNS
LogInit:      CURL_VERSION_LARGEFILE
LogInit:      CURL_VERSION_IDN
LogInit:  CurlRequestOptions (configurable via config and command line):
LogInit:  - bVerifyPeer = false  - Libcurl will NOT verify peer certificate
LogInit:  - bUseHttpProxy = false  - Libcurl will NOT use HTTP proxy
LogInit:  - bDontReuseConnections = false  - Libcurl will reuse connections
LogInit:  - CertBundlePath = nullptr  - Libcurl will use whatever was configured at build time.
LogInit:  - MaxHostConnections = 16  - Libcurl will limit the number of connections to a host
LogInit:  - LocalHostAddr = Default
LogInit: WinSock: version 1.1 (2.2), MaxSocks=32767, MaxUdp=65467
LogInit: WinSock: I am LAPTOP-SNI5BBA7 (192.168.0.21:0)
LogInit: Build: ++UE4+Release-4.19-CL-4033788
LogInit: Engine Version: 4.19.2-4033788+++UE4+Release-4.19
LogInit: Compatible Engine Version: 4.19.0-3944462+++UE4+Release-4.19
LogInit: Net CL: 3944462
LogDevObjectVersion: Number of dev versions registered: 18
LogDevObjectVersion:   Dev-Blueprints (B0D832E4-1F89-4F0D-ACCF-7EB736FD4AA2): 10
LogDevObjectVersion:   Dev-Build (E1C64328-A22C-4D53-A36C-8E866417BD8C): 0
LogDevObjectVersion:   Dev-Core (375EC13C-06E4-48FB-B500-84F0262A717E): 2
LogDevObjectVersion:   Dev-Editor (E4B068ED-F494-42E9-A231-DA0B2E46BB41): 23
LogDevObjectVersion:   Dev-Framework (CFFC743F-43B0-4480-9391-14DF171D2073): 33
LogDevObjectVersion:   Dev-Mobile (B02B49B5-BB20-44E9-A304-32B752E40360): 2
LogDevObjectVersion:   Dev-Networking (A4E4105C-59A1-49B5-A7C5-40C4547EDFEE): 0
LogDevObjectVersion:   Dev-Online (39C831C9-5AE6-47DC-9A44-9C173E1C8E7C): 0
LogDevObjectVersion:   Dev-Physics (78F01B33-EBEA-4F98-B9B4-84EACCB95AA2): 0
LogDevObjectVersion:   Dev-Platform (6631380F-2D4D-43E0-8009-CF276956A95A): 0
LogDevObjectVersion:   Dev-Rendering (12F88B9F-8875-4AFC-A67C-D90C383ABD29): 25
LogDevObjectVersion:   Dev-Sequencer (7B5AE74C-D270-4C10-A958-57980B212A5A): 6
LogDevObjectVersion:   Dev-VR (D7296918-1DD6-4BDD-9DE2-64A83CC13884): 1
LogDevObjectVersion:   Dev-LoadTimes (C2A15278-BFE7-4AFE-6C17-90FF531DF755): 1
LogDevObjectVersion:   Private-Geometry (6EACA3D4-40EC-4CC1-B786-8BED09428FC5): 2
LogDevObjectVersion:   Dev-AnimPhys (29E575DD-E0A3-4627-9D10-D276232CDCEA): 16
LogDevObjectVersion:   Dev-ReflectionCapture (6B266CEC-1EC7-4B8F-A30B-E4D90942FC07): 1
LogDevObjectVersion:   Dev-Automation (0DF73D61-A23F-47EA-B727-89E90C41499A): 1
LogInit: Compiled (64-bit): Apr 27 2018 02:06:57
LogInit: Compiled with Visual C++: 19.00.24215.01
LogInit: Build Configuration: Development
LogInit: Branch Name: ++UE4+Release-4.19
LogInit: Command Line:  
LogInit: Base Directory: C:/Program Files/Epic Games/UE_4.19/Engine/Binaries/Win64/
LogInit: Installed Engine Build: 1
LogStreaming: Display: Took  0.003s to delete old logs.
LogInit: Presizing for max 8388607 objects, including 0 objects not considered by GC, pre-allocating 0 bytes for permanent pool.
LogInit: Object subsystem initialized
[2018.07.14-04.21.11:197][  0]LogInit: Selected Device Profile: [Windows]
[2018.07.14-04.21.11:197][  0]LogInit: Applying CVar settings loaded from the selected device profile: [Windows]
[2018.07.14-04.21.11:335][  0]LogInit: Computer: LAPTOP-SNI5BBA7
[2018.07.14-04.21.11:335][  0]LogInit: User: Shweta
[2018.07.14-04.21.11:335][  0]LogInit: CPU Page size=4096, Cores=2
[2018.07.14-04.21.11:335][  0]LogInit: High frequency timer resolution =2.835938 MHz
[2018.07.14-04.21.11:335][  0]LogMemory: Memory total: Physical=7.9GB (8GB approx)
[2018.07.14-04.21.11:335][  0]LogMemory: Platform Memory Stats for Windows
[2018.07.14-04.21.11:335][  0]LogMemory: Process Physical Memory: 273.16 MB used, 273.16 MB peak
[2018.07.14-04.21.11:335][  0]LogMemory: Process Virtual Memory: 268.14 MB used, 268.14 MB peak
[2018.07.14-04.21.11:335][  0]LogMemory: Physical Memory: 6563.13 MB used,  1511.28 MB free, 8074.41 MB total
[2018.07.14-04.21.11:335][  0]LogMemory: Virtual Memory: 4788.71 MB used,  1511.28 MB free, 134217728.00 MB total
[2018.07.14-04.21.15:045][  0]LogInit: Using OS detected language (en-US).
[2018.07.14-04.21.15:045][  0]LogInit: Using OS detected locale (en-US).
[2018.07.14-04.21.16:156][  0]LogTextLocalizationManager: No specific localization for 'en-US' exists, so the 'en' localization will be used.
[2018.07.14-04.21.22:956][  0]LogStreaming: Display: Took  7.910s to EndInitTextLocalization.
[2018.07.14-04.21.22:956][  0]LogInit: Setting process to per monitor DPI aware
[2018.07.14-04.21.24:821][  0]LogSlate: New Slate User Created.  User Index 0, Is Virtual User: 0
[2018.07.14-04.21.24:821][  0]LogSlate: Slate User Registered.  User Index 0, Is Virtual User: 0
[2018.07.14-04.21.53:464][  0]LogD3D11RHI: D3D11 adapters:
[2018.07.14-04.21.53:511][  0]LogD3D11RHI:    0. 'Intel(R) HD Graphics 620' (Feature Level 11_0)
[2018.07.14-04.21.53:511][  0]LogD3D11RHI:       128/0/4037 MB DedicatedVideo/DedicatedSystem/SharedSystem, Outputs:1, VendorId:0x8086
[2018.07.14-04.21.53:967][  0]LogD3D11RHI:    1. 'Microsoft Basic Render Driver' (Feature Level 11_0)
[2018.07.14-04.21.53:967][  0]LogD3D11RHI:       0/0/4037 MB DedicatedVideo/DedicatedSystem/SharedSystem, Outputs:0, VendorId:0x1414
[2018.07.14-04.21.53:967][  0]LogD3D11RHI: Chosen D3D11 Adapter: 0
[2018.07.14-04.21.53:980][  0]LogD3D11RHI: Creating new Direct3DDevice
[2018.07.14-04.21.53:981][  0]LogD3D11RHI:     GPU DeviceId: 0x5916 (for the marketing name, search the web for "GPU Device Id")
[2018.07.14-04.21.53:981][  0]LogWindows: EnumDisplayDevices:
[2018.07.14-04.21.53:981][  0]LogWindows:    0. 'Intel(R) HD Graphics 620' (P:1 D:1)
[2018.07.14-04.21.53:982][  0]LogWindows:    1. 'Intel(R) HD Graphics 620' (P:0 D:0)
[2018.07.14-04.21.53:982][  0]LogWindows:    2. 'Intel(R) HD Graphics 620' (P:0 D:0)
[2018.07.14-04.21.53:983][  0]LogWindows: DebugString: GetVideoDriverDetailsInvalid PrimaryIsNotTheChoosenAdapter GetVideoDriverDetailsInvalid PrimaryIsNotTheChoosenAdapter GetVideoDriverDetailsInvalid PrimaryIsNotTheChoosenAdapter FoundDriverCount:0 
[2018.07.14-04.21.53:983][  0]LogD3D11RHI:     Adapter Name: Intel(R) HD Graphics 620
[2018.07.14-04.21.53:983][  0]LogD3D11RHI:   Driver Version: Unknown (internal:Unknown, unified:Unknown)
[2018.07.14-04.21.53:983][  0]LogD3D11RHI:      Driver Date: Unknown
[2018.07.14-04.21.53:983][  0]LogRHI: Texture pool is 1502 MB (70% of 2146 MB)
[2018.07.14-04.21.53:993][  0]LogD3D11RHI: Async texture creation enabled
[2018.07.14-04.21.54:006][  0]LogD3D11RHI: GPU Timing Frequency: 12.000000 (Debug: 2 0)
[2018.07.14-04.21.54:008][  0]LogShaderCompilers: Guid format shader working directory is -65 characters bigger than the processId version (../../../../../../Users/Shweta/Documents/GitHub/theshwetapatil/Epic-Approved-UE4-Certification-UE4/ArchVisDemoV2/Intermediate/Shaders/WorkingDirectory/5332/).
[2018.07.14-04.21.54:008][  0]LogShaderCompilers: Cleaned the shader compiler working directory 'C:/Users/Shweta/AppData/Local/Temp/UnrealShaderWorkingDir/5D63CD6E490268EA9E6D7E9367076B9B/'.
[2018.07.14-04.22.02:497][  0]LogTemp: Display: Loaded TP AllDesktopTargetPlatform
[2018.07.14-04.22.02:519][  0]LogTemp: Display: Loaded TP MacClientTargetPlatform
[2018.07.14-04.22.02:539][  0]LogTemp: Display: Loaded TP MacNoEditorTargetPlatform
[2018.07.14-04.22.02:562][  0]LogTemp: Display: Loaded TP MacServerTargetPlatform
[2018.07.14-04.22.02:602][  0]LogTemp: Display: Loaded TP MacTargetPlatform
[2018.07.14-04.22.02:623][  0]LogTemp: Display: Loaded TP WindowsClientTargetPlatform
[2018.07.14-04.22.02:644][  0]LogTemp: Display: Loaded TP WindowsNoEditorTargetPlatform
[2018.07.14-04.22.02:670][  0]LogTemp: Display: Loaded TP WindowsServerTargetPlatform
[2018.07.14-04.22.02:681][  0]LogTemp: Display: Loaded TP WindowsTargetPlatform
[2018.07.14-04.22.02:699][  0]LogTemp: Display: Loaded TP Android_ASTCTargetPlatform
[2018.07.14-04.22.02:718][  0]LogTemp: Display: Loaded TP Android_ATCTargetPlatform
[2018.07.14-04.22.02:736][  0]LogTemp: Display: Loaded TP Android_DXTTargetPlatform
[2018.07.14-04.22.02:755][  0]LogTemp: Display: Loaded TP Android_ETC1aTargetPlatform
[2018.07.14-04.22.02:773][  0]LogTemp: Display: Loaded TP Android_ETC1TargetPlatform
[2018.07.14-04.22.02:791][  0]LogTemp: Display: Loaded TP Android_ETC2TargetPlatform
[2018.07.14-04.22.02:828][  0]LogTemp: Display: Loaded TP Android_MultiTargetPlatform
[2018.07.14-04.22.02:828][  0]LogTemp: Display: Loaded TP Android_PVRTCTargetPlatform
[2018.07.14-04.22.02:857][  0]LogTemp: Display: Loaded TP AndroidTargetPlatform
[2018.07.14-04.22.02:859][  0]LogTemp: Display: Loaded TP HTML5TargetPlatform
[2018.07.14-04.22.03:182][  0]LogTemp: Display: Loaded TP IOSTargetPlatform
[2018.07.14-04.22.03:207][  0]LogTemp: Display: Loaded TP TVOSTargetPlatform
[2018.07.14-04.22.03:226][  0]LogTemp: Display: Loaded TP LinuxClientTargetPlatform
[2018.07.14-04.22.03:245][  0]LogTemp: Display: Loaded TP LinuxNoEditorTargetPlatform
[2018.07.14-04.22.03:264][  0]LogTemp: Display: Loaded TP LinuxServerTargetPlatform
[2018.07.14-04.22.03:423][  0]LogTemp: Display: Loaded TP LinuxTargetPlatform
[2018.07.14-04.22.03:423][  0]LogTargetPlatformManager: Display: Building Assets For Windows
[2018.07.14-04.22.08:469][  0]LogXGEController: Cannot use XGE Controller as Incredibuild is not installed on this machine.
[2018.07.14-04.22.08:469][  0]LogShaderCompilers: Cannot use XGE Shader Compiler as Incredibuild is not installed on this machine.
[2018.07.14-04.22.08:469][  0]LogShaderCompilers: Display: Using Local Shader Compiler.
[2018.07.14-04.22.40:448][  0]LogDerivedDataCache: Display: Max Cache Size: 512 MB
[2018.07.14-04.22.46:191][  0]LogDerivedDataCache: Loaded boot cache 5.74s 74MB C:/Users/Shweta/AppData/Local/UnrealEngine/4.19/DerivedDataCache/Boot.ddc.
[2018.07.14-04.22.46:191][  0]LogDerivedDataCache: Display: Loaded Boot cache: C:/Users/Shweta/AppData/Local/UnrealEngine/4.19/DerivedDataCache/Boot.ddc
[2018.07.14-04.22.46:191][  0]LogDerivedDataCache: FDerivedDataBackendGraph:  Pak pak cache file ../../../../../../Users/Shweta/Documents/GitHub/theshwetapatil/Epic-Approved-UE4-Certification-UE4/ArchVisDemoV2/DerivedDataCache/DDC.ddp not found, will not use a pak cache.
[2018.07.14-04.22.46:191][  0]LogDerivedDataCache: Unable to find inner node Pak for hierarchical cache Hierarchy.
[2018.07.14-04.22.46:192][  0]LogDerivedDataCache: FDerivedDataBackendGraph:  CompressedPak pak cache file ../../../../../../Users/Shweta/Documents/GitHub/theshwetapatil/Epic-Approved-UE4-Certification-UE4/ArchVisDemoV2/DerivedDataCache/Compressed.ddp not found, will not use a pak cache.
[2018.07.14-04.22.46:192][  0]LogDerivedDataCache: Unable to find inner node CompressedPak for hierarchical cache Hierarchy.
[2018.07.14-04.22.46:397][  0]LogDerivedDataCache: Display: Pak cache opened for reading ../../../Engine/DerivedDataCache/Compressed.ddp.
[2018.07.14-04.22.46:410][  0]LogDerivedDataCache: Using Local data cache path C:/Users/Shweta/AppData/Local/UnrealEngine/Common/DerivedDataCache: Writable
[2018.07.14-04.22.46:410][  0]LogDerivedDataCache: Shared data cache path not found in *engine.ini, will not use an Shared cache.
[2018.07.14-04.22.46:410][  0]LogDerivedDataCache: Unable to find inner node Shared for hierarchical cache Hierarchy.
[2018.07.14-04.22.46:431][  0]LogMaterial: Verifying Global Shaders for PCD3D_SM5
[2018.07.14-04.22.46:431][  0]LogSlate: Using Freetype 2.6.0
[2018.07.14-04.22.46:628][  0]LogSlate: SlateFontCache - WITH_FREETYPE: 1, WITH_HARFBUZZ: 1
[2018.07.14-04.22.46:629][  0]LogSlate: SlateFontCache - WITH_FREETYPE: 1, WITH_HARFBUZZ: 1
[2018.07.14-04.23.41:565][  0]LogAssetRegistry: FAssetRegistry took 0.0382 seconds to start up
[2018.07.14-04.23.49:150][  0]LogInit: Selected Device Profile: [Windows]
[2018.07.14-04.23.52:362][  0]LogAssetRegistry: Error: Failed to open file for write ../../../../../../Users/Shweta/Documents/GitHub/theshwetapatil/Epic-Approved-UE4-Certification-UE4/ArchVisDemoV2/Intermediate/CachedAssetRegistry.bin
[2018.07.14-04.23.52:362][  0]LogSimplygon: Simplygon DLL not present - disabling.
[2018.07.14-04.23.52:382][  0]LogMeshReduction: Using SimplygonSwarm for distributed automatic mesh merging
[2018.07.14-04.23.52:382][  0]LogMeshReduction: Using QuadricMeshReduction for automatic static mesh reduction
[2018.07.14-04.23.52:382][  0]LogMeshReduction: No automatic skeletal mesh reduction module available
[2018.07.14-04.23.52:383][  0]LogMeshReduction: No automatic mesh merging module available
[2018.07.14-04.23.52:383][  0]LogMeshMerging: No automatic mesh merging module available
[2018.07.14-04.23.52:460][  0]LogNetVersion: ArchVisDemo , NetCL: 3944462, EngineNetVer: 2, GameNetVer: 0 (Checksum: 677477482)
[2018.07.14-04.23.56:819][  0]LogConfig: Warning: Failed to saved backup for config[TemplateDefs]
[2018.07.14-04.23.58:501][  0]LogAssetRegistry: Error: Failed to open file for write ../../../../../../Users/Shweta/Documents/GitHub/theshwetapatil/Epic-Approved-UE4-Certification-UE4/ArchVisDemoV2/Intermediate/AssetRegistryCache/2657c409.bin
[2018.07.14-04.23.58:508][  0]LogAssetRegistry: Error: Failed to open file for write ../../../../../../Users/Shweta/Documents/GitHub/theshwetapatil/Epic-Approved-UE4-Certification-UE4/ArchVisDemoV2/Intermediate/AssetRegistryCache/1d5167fa.bin
[2018.07.14-04.23.58:516][  0]LogAssetRegistry: Error: Failed to open file for write ../../../../../../Users/Shweta/Documents/GitHub/theshwetapatil/Epic-Approved-UE4-Certification-UE4/ArchVisDemoV2/Intermediate/AssetRegistryCache/866581fd.bin
[2018.07.14-04.23.58:526][  0]LogFileManager: Warning: MoveFile was unable to move '../../../../../../Users/Shweta/Documents/GitHub/theshwetapatil/Epic-Approved-UE4-Certification-UE4/ArchVisDemoV2/Intermediate/AssetRegistryCache/94c5d5a7.bin.tmp' to '../../../../../../Users/Shweta/Documents/GitHub/theshwetapatil/Epic-Approved-UE4-Certification-UE4/ArchVisDemoV2/Intermediate/AssetRegistryCache/94c5d5a7.bin', retrying in .5s...
[2018.07.14-04.23.59:028][  0]LogFileManager: Warning: MoveFile was unable to move '../../../../../../Users/Shweta/Documents/GitHub/theshwetapatil/Epic-Approved-UE4-Certification-UE4/ArchVisDemoV2/Intermediate/AssetRegistryCache/94c5d5a7.bin.tmp' to '../../../../../../Users/Shweta/Documents/GitHub/theshwetapatil/Epic-Approved-UE4-Certification-UE4/ArchVisDemoV2/Intermediate/AssetRegistryCache/94c5d5a7.bin', retrying in .5s...
[2018.07.14-04.23.59:528][  0]LogFileManager: Warning: MoveFile was unable to move '../../../../../../Users/Shweta/Documents/GitHub/theshwetapatil/Epic-Approved-UE4-Certification-UE4/ArchVisDemoV2/Intermediate/AssetRegistryCache/94c5d5a7.bin.tmp' to '../../../../../../Users/Shweta/Documents/GitHub/theshwetapatil/Epic-Approved-UE4-Certification-UE4/ArchVisDemoV2/Intermediate/AssetRegistryCache/94c5d5a7.bin', retrying in .5s...
[2018.07.14-04.24.00:029][  0]LogFileManager: Warning: MoveFile was unable to move '../../../../../../Users/Shweta/Documents/GitHub/theshwetapatil/Epic-Approved-UE4-Certification-UE4/ArchVisDemoV2/Intermediate/AssetRegistryCache/94c5d5a7.bin.tmp' to '../../../../../../Users/Shweta/Documents/GitHub/theshwetapatil/Epic-Approved-UE4-Certification-UE4/ArchVisDemoV2/Intermediate/AssetRegistryCache/94c5d5a7.bin', retrying in .5s...
[2018.07.14-04.24.00:531][  0]LogFileManager: Warning: MoveFile was unable to move '../../../../../../Users/Shweta/Documents/GitHub/theshwetapatil/Epic-Approved-UE4-Certification-UE4/ArchVisDemoV2/Intermediate/AssetRegistryCache/94c5d5a7.bin.tmp' to '../../../../../../Users/Shweta/Documents/GitHub/theshwetapatil/Epic-Approved-UE4-Certification-UE4/ArchVisDemoV2/Intermediate/AssetRegistryCache/94c5d5a7.bin', retrying in .5s...
[2018.07.14-04.24.01:031][  0]LogFileManager: Warning: MoveFile was unable to move '../../../../../../Users/Shweta/Documents/GitHub/theshwetapatil/Epic-Approved-UE4-Certification-UE4/ArchVisDemoV2/Intermediate/AssetRegistryCache/94c5d5a7.bin.tmp' to '../../../../../../Users/Shweta/Documents/GitHub/theshwetapatil/Epic-Approved-UE4-Certification-UE4/ArchVisDemoV2/Intermediate/AssetRegistryCache/94c5d5a7.bin', retrying in .5s...
[2018.07.14-04.24.01:532][  0]LogFileManager: Warning: MoveFile was unable to move '../../../../../../Users/Shweta/Documents/GitHub/theshwetapatil/Epic-Approved-UE4-Certification-UE4/ArchVisDemoV2/Intermediate/AssetRegistryCache/94c5d5a7.bin.tmp' to '../../../../../../Users/Shweta/Documents/GitHub/theshwetapatil/Epic-Approved-UE4-Certification-UE4/ArchVisDemoV2/Intermediate/AssetRegistryCache/94c5d5a7.bin', retrying in .5s...
[2018.07.14-04.24.02:033][  0]LogFileManager: Warning: MoveFile was unable to move '../../../../../../Users/Shweta/Documents/GitHub/theshwetapatil/Epic-Approved-UE4-Certification-UE4/ArchVisDemoV2/Intermediate/AssetRegistryCache/94c5d5a7.bin.tmp' to '../../../../../../Users/Shweta/Documents/GitHub/theshwetapatil/Epic-Approved-UE4-Certification-UE4/ArchVisDemoV2/Intermediate/AssetRegistryCache/94c5d5a7.bin', retrying in .5s...
[2018.07.14-04.24.02:534][  0]LogFileManager: Warning: MoveFile was unable to move '../../../../../../Users/Shweta/Documents/GitHub/theshwetapatil/Epic-Approved-UE4-Certification-UE4/ArchVisDemoV2/Intermediate/AssetRegistryCache/94c5d5a7.bin.tmp' to '../../../../../../Users/Shweta/Documents/GitHub/theshwetapatil/Epic-Approved-UE4-Certification-UE4/ArchVisDemoV2/Intermediate/AssetRegistryCache/94c5d5a7.bin', retrying in .5s...
[2018.07.14-04.24.03:036][  0]LogFileManager: Warning: MoveFile was unable to move '../../../../../../Users/Shweta/Documents/GitHub/theshwetapatil/Epic-Approved-UE4-Certification-UE4/ArchVisDemoV2/Intermediate/AssetRegistryCache/94c5d5a7.bin.tmp' to '../../../../../../Users/Shweta/Documents/GitHub/theshwetapatil/Epic-Approved-UE4-Certification-UE4/ArchVisDemoV2/Intermediate/AssetRegistryCache/94c5d5a7.bin', retrying in .5s...
[2018.07.14-04.24.03:537][  0]LogFileManager: Error: Error moving file '../../../../../../Users/Shweta/Documents/GitHub/theshwetapatil/Epic-Approved-UE4-Certification-UE4/ArchVisDemoV2/Intermediate/AssetRegistryCache/94c5d5a7.bin.tmp' to '../../../../../../Users/Shweta/Documents/GitHub/theshwetapatil/Epic-Approved-UE4-Certification-UE4/ArchVisDemoV2/Intermediate/AssetRegistryCache/94c5d5a7.bin'.
[2018.07.14-04.24.03:876][  0]LogPackageLocalizationCache: Processed 9 localized package path(s) for 2 prioritized culture(s) in 5.489607 seconds
[2018.07.14-04.24.03:887][  0]LogUObjectArray: 36728 objects as part of root set at end of initial load.
[2018.07.14-04.24.03:887][  0]LogUObjectAllocator: 7314312 out of 0 bytes used by permanent object pool.
[2018.07.14-04.24.03:887][  0]LogUObjectArray: CloseDisregardForGC: 0/0 objects in disregard for GC pool
[2018.07.14-04.25.28:132][  0]LogTcpMessaging: Initializing TcpMessaging bridge
[2018.07.14-04.25.28:236][  0]LogUdpMessaging: Initializing bridge on interface 0.0.0.0:0 to multicast group 230.0.0.1:6666.
[2018.07.14-04.25.33:454][  0]SourceControl: Source control is disabled
[2018.07.14-04.25.33:454][  0]SourceControl: Source control is disabled
[2018.07.14-04.25.33:913][  0]SourceControl: Source control is disabled
[2018.07.14-04.25.34:018][  0]SourceControl: Source control is disabled
[2018.07.14-04.25.40:294][  0]LogConfig: Warning: Failed to saved backup for config[UnitTest]
[2018.07.14-04.25.40:912][  0]LogAndroidPermission: UAndroidPermissionCallbackProxy::GetInstance
[2018.07.14-04.25.42:012][  0]LogOcInput: OculusInput pre-init called
[2018.07.14-04.25.47:594][  0]LogAutomationTest: Warning: Smoke tests took > 2s to run: 2.43s
[2018.07.14-04.25.48:053][  0]LogEngine: Initializing Engine...
[2018.07.14-04.25.48:726][  0]LogHMD: Failed to initialize OpenVR with code 110
[2018.07.14-04.25.48:912][  0]LogStats: UGameplayTagsManager::ConstructGameplayTagTree: Construct from data asset -  0.000 s
[2018.07.14-04.25.49:041][  0]LogStats: UGameplayTagsManager::ConstructGameplayTagTree: GameplayTagTreeChangedEvent.Broadcast -  0.064 s
[2018.07.14-04.26.11:189][  0]LogAIModule: Creating AISystem for world Untitled
[2018.07.14-04.26.14:534][  0]LogInit: XAudio2 using 'Speaker/HP (Realtek High Definition Audio)' : 2 channels at 48 kHz using 32 bits per sample (channel mask 0x3)
[2018.07.14-04.26.17:690][  0]LogInit: FAudioDevice initialized.
[2018.07.14-04.26.18:415][  0]LogDerivedDataCache: Error: Could not save memory cache C:/Users/Shweta/AppData/Local/UnrealEngine/4.19/DerivedDataCache/Boot.ddc.
[2018.07.14-04.26.19:017][  0]LogInit: Texture streaming: Enabled
[2018.07.14-04.26.22:077][  0]LogEngineSessionManager: EngineSessionManager initialized
[2018.07.14-04.26.33:371][  0]LogInit: Transaction tracking system initialized
[2018.07.14-04.26.41:750][  0]BlueprintLog: New page: Editor Load
[2018.07.14-04.27.06:243][  0]LogConfig: Warning: Failed to saved backup for config[LocalizationServiceSettings]
[2018.07.14-04.27.06:476][  0]LocalizationService: Localization service is disabled
[2018.07.14-04.27.19:979][  0]LogConsoleResponse: Display: 
[2018.07.14-04.27.47:384][  0]LogCook: Display: Max memory allowance for cook 16384mb min free memory 0mb
[2018.07.14-04.27.47:384][  0]LogCook: Display: Mobile HDR setting 1
[2018.07.14-04.27.47:563][  0]LogGameplayTags: Display: UGameplayTagsManager::DoneAddingNativeTags. DelegateIsBound: 0
[2018.07.14-04.27.47:661][  0]LogStats: UGameplayTagsManager::ConstructGameplayTagTree: Construct from data asset -  0.000 s
[2018.07.14-04.27.47:661][  0]LogStats: UGameplayTagsManager::ConstructGameplayTagTree: GameplayTagTreeChangedEvent.Broadcast -  0.000 s
[2018.07.14-04.27.48:671][  0]LogFileCache: Scanning file cache for directory 'C:/Users/Shweta/Documents/GitHub/theshwetapatil/Epic-Approved-UE4-Certification-UE4/ArchVisDemoV2/Content/' took 1.51s
[2018.07.14-04.28.15:820][  0]SourceControl: Source control is disabled
[2018.07.14-04.28.16:088][  0]Cmd: MAP LOAD FILE="../../../Engine/Content/Maps/Templates/Template_Default.umap" TEMPLATE=1 SHOWPROGRESS=1 FEATURELEVEL=3
[2018.07.14-04.28.16:680][  0]LightingResults: New page: Lighting Build
[2018.07.14-04.28.17:870][  0]MapCheck: New page: Map Check
[2018.07.14-04.28.17:870][  0]LightingResults: New page: Lighting Build
[2018.07.14-04.28.37:952][  0]LogAIModule: Creating AISystem for world Untitled_1
[2018.07.14-04.28.45:030][  0]LogEditorServer: Finished looking for orphan Actors (0.000 secs)
[2018.07.14-04.28.48:097][  0]Cmd: MAP CHECKDEP NOCLEARLOG
[2018.07.14-04.28.48:570][  0]MapCheck: Map check complete: 0 Error(s), 0 Warning(s), took 472.995ms to complete.
[2018.07.14-04.28.48:591][  0]LogFileHelpers: Loading map 'Template_Default' took 32.681
[2018.07.14-04.29.19:674][  0]LogCollectionManager: Loaded 0 collections in 0.014528 seconds
[2018.07.14-04.29.24:565][  0]LogFileCache: Scanning file cache for directory 'C:/Users/Shweta/Documents/GitHub/theshwetapatil/Epic-Approved-UE4-Certification-UE4/ArchVisDemoV2/Saved/Collections/' took 0.01s
[2018.07.14-04.29.24:566][  0]LogFileCache: Scanning file cache for directory 'C:/Users/Shweta/Documents/GitHub/theshwetapatil/Epic-Approved-UE4-Certification-UE4/ArchVisDemoV2/Content/Developers/Shweta/Collections/' took 0.01s
[2018.07.14-04.29.24:566][  0]LogFileCache: Scanning file cache for directory 'C:/Users/Shweta/Documents/GitHub/theshwetapatil/Epic-Approved-UE4-Certification-UE4/ArchVisDemoV2/Content/Collections/' took 0.01s
[2018.07.14-04.29.24:566][  0]LogCollectionManager: Rebuilt the GUID cache for 0 collections in 0.000001 seconds
[2018.07.14-04.29.24:780][  0]LogContentBrowser: Native class hierarchy populated in 0.1078 seconds. Added 2452 classes and 558 folders.
[2018.07.14-04.29.26:422][  0]LogContentBrowser: Native class hierarchy updated for 'WidgetCarousel' in 0.0006 seconds. Added 0 classes and 0 folders.
[2018.07.14-04.29.36:802][  0]LogContentBrowser: Native class hierarchy updated for 'AddContentDialog' in 0.0007 seconds. Added 0 classes and 0 folders.
[2018.07.14-04.29.36:887][  0]LogContentBrowser: Native class hierarchy updated for 'SceneOutliner' in 0.0003 seconds. Added 1 classes and 2 folders.
[2018.07.14-04.29.41:736][  0]LogSlate: Took 0.140519 seconds to synchronously load lazily loaded font '../../../Engine/Content/Slate/Fonts/Roboto-Regular.ttf' (155K)
[2018.07.14-04.29.41:927][  0]LogSlate: Took 0.128067 seconds to synchronously load lazily loaded font '../../../Engine/Content/Slate/Fonts/Roboto-Bold.ttf' (160K)
[2018.07.14-04.29.42:145][  0]LogSlate: Took 0.075509 seconds to synchronously load lazily loaded font '../../../Engine/Content/Editor/Slate/Fonts/FontAwesome.ttf' (139K)
[2018.07.14-04.29.44:776][  0]LogRenderer: Reallocating scene render targets to support 856x372 Format 10 NumSamples 1 (Frame:1).
[2018.07.14-04.29.54:231][  0]LogSlate: FSceneViewport::OnFocusLost() reason 2
[2018.07.14-04.29.55:033][  0]LogSlate: Window 'Tutorials' being destroyed
[2018.07.14-04.29.57:235][  0]LogContentBrowser: Native class hierarchy updated for 'HierarchicalLODOutliner' in 0.0010 seconds. Added 0 classes and 0 folders.
[2018.07.14-04.29.57:235][  0]LogLoad: (Engine Initialization) Total time: 621.09 seconds
[2018.07.14-04.29.57:235][  0]LogLoad: (Engine Initialization) Total Blueprint compile time: 0.00 seconds
[2018.07.14-04.30.00:062][  0]LogContentStreaming: Texture pool size now 1000 MB
[2018.07.14-04.30.06:670][  1]LogSlate: Took 0.164457 seconds to synchronously load lazily loaded font '../../../Engine/Content/Slate/Fonts/Roboto-Light.ttf' (167K)
[2018.07.14-04.30.08:062][  5]LogAssetRegistry: Asset discovery search completed in 386.5197 seconds
[2018.07.14-04.30.08:352][  5]LogCollectionManager: Rebuilt the object cache for 0 collections in 0.000001 seconds (found 0 objects)
[2018.07.14-04.30.08:352][  5]LogCollectionManager: Fixed up redirectors for 0 collections in 0.036798 seconds (updated 0 objects)
[2018.07.14-04.50.41:200][699]LogSlate: Window 'ArchVisDemo - Unreal Editor' being destroyed
[2018.07.14-04.50.41:451][700]Cmd: QUIT_EDITOR
[2018.07.14-04.50.41:525][700]LogSlate: Slate User Destroyed.  User Index 0, Is Virtual User: 0
[2018.07.14-04.50.41:526][700]LogExit: Preparing to exit.
[2018.07.14-04.50.43:938][700]LogDirectoryWatcher: A directory notification for 'C:/Users/Shweta/Documents/GitHub/theshwetapatil/Epic-Approved-UE4-Certification-UE4/ArchVisDemoV2/Content/' was aborted.
[2018.07.14-04.50.45:120][700]LogExit: Editor shut down
[2018.07.14-04.50.45:390][700]LogExit: Transaction tracking system shut down
[2018.07.14-04.50.45:850][700]LogAssetRegistry: Error: Failed to open file for write ../../../../../../Users/Shweta/Documents/GitHub/theshwetapatil/Epic-Approved-UE4-Certification-UE4/ArchVisDemoV2/Intermediate/CachedAssetRegistry.bin
[2018.07.14-04.50.45:850][700]LogDirectoryWatcher: A directory notification for '../../../Engine/Content/' was aborted.
[2018.07.14-04.50.45:850][700]LogDirectoryWatcher: A directory notification for '../../../../../../Users/Shweta/Documents/GitHub/theshwetapatil/Epic-Approved-UE4-Certification-UE4/ArchVisDemoV2/Content/' was aborted.
[2018.07.14-04.50.45:850][700]LogDirectoryWatcher: A directory notification for '../../Plugins/2D/Paper2D/Content/' was aborted.
[2018.07.14-04.50.45:850][700]LogDirectoryWatcher: A directory notification for '../../Plugins/Enterprise/DatasmithContent/Content/' was aborted.
[2018.07.14-04.50.45:850][700]LogDirectoryWatcher: A directory notification for '../../Plugins/Media/MediaCompositing/Content/' was aborted.
[2018.07.14-04.50.45:850][700]LogDirectoryWatcher: A directory notification for '../../Plugins/Runtime/AppleARKit/Content/' was aborted.
[2018.07.14-04.50.45:850][700]LogDirectoryWatcher: A directory notification for '../../Plugins/Runtime/Oculus/OculusVR/Content/' was aborted.
[2018.07.14-04.50.45:851][700]LogDirectoryWatcher: A directory notification for '../../Plugins/Runtime/Steam/SteamVR/Content/' was aborted.
[2018.07.14-04.50.53:963][700]LogExit: Object subsystem successfully closed.
[2018.07.14-04.50.54:935][700]LogShaderCompilers: Display: Shaders left to compile 0
[2018.07.14-04.50.55:040][700]LogD3D11RHI: Shutdown
[2018.07.14-04.50.55:059][700]LogD3D11RHI: CleanupD3DDevice
[2018.07.14-04.50.55:805][700]LogD3D11RHI: ~FD3D11DynamicRHI
[2018.07.14-04.51.00:323][700]LogModuleManager: Shutting down and abandoning module HierarchicalLODOutliner (576)
[2018.07.14-04.51.00:324][700]LogModuleManager: Shutting down and abandoning module SceneOutliner (574)
[2018.07.14-04.51.00:324][700]LogModuleManager: Shutting down and abandoning module AddContentDialog (572)
[2018.07.14-04.51.00:368][700]LogDirectoryWatcher: A directory notification for 'C:/Program Files/Epic Games/UE_4.19/FeaturePacks/' was aborted.
[2018.07.14-04.51.00:407][700]LogModuleManager: Shutting down and abandoning module WidgetCarousel (571)
[2018.07.14-04.51.00:407][700]LogModuleManager: Shutting down and abandoning module EditorWidgets (568)
[2018.07.14-04.51.00:407][700]LogModuleManager: Shutting down and abandoning module CollectionManager (566)
[2018.07.14-04.51.00:455][700]LogDirectoryWatcher: A directory notification for 'C:/Users/Shweta/Documents/GitHub/theshwetapatil/Epic-Approved-UE4-Certification-UE4/ArchVisDemoV2/Content/Collections/' was aborted.
[2018.07.14-04.51.00:455][700]LogDirectoryWatcher: A directory notification for 'C:/Users/Shweta/Documents/GitHub/theshwetapatil/Epic-Approved-UE4-Certification-UE4/ArchVisDemoV2/Content/Developers/Shweta/Collections/' was aborted.
[2018.07.14-04.51.00:456][700]LogDirectoryWatcher: A directory notification for 'C:/Users/Shweta/Documents/GitHub/theshwetapatil/Epic-Approved-UE4-Certification-UE4/ArchVisDemoV2/Saved/Collections/' was aborted.
[2018.07.14-04.51.00:456][700]LogModuleManager: Shutting down and abandoning module HierarchicalLODUtilities (564)
[2018.07.14-04.51.00:578][700]LogModuleManager: Shutting down and abandoning module StatsViewer (562)
[2018.07.14-04.51.00:743][700]LogModuleManager: Shutting down and abandoning module FoliageEdit (560)
[2018.07.14-04.51.00:744][700]LogModuleManager: Shutting down and abandoning module LandscapeEditor (558)
[2018.07.14-04.51.00:776][700]LogModuleManager: Shutting down and abandoning module MeshPaintMode (556)
[2018.07.14-04.51.00:803][700]LogModuleManager: Shutting down and abandoning module SceneDepthPickerMode (554)
[2018.07.14-04.51.00:804][700]LogModuleManager: Shutting down and abandoning module ActorPickerMode (552)
[2018.07.14-04.51.00:804][700]LogModuleManager: Shutting down and abandoning module GeometryMode (550)
[2018.07.14-04.51.00:804][700]LogModuleManager: Shutting down and abandoning module TextureAlignMode (548)
[2018.07.14-04.51.00:804][700]LogModuleManager: Shutting down and abandoning module BspMode (546)
[2018.07.14-04.51.00:804][700]LogModuleManager: Shutting down and abandoning module PIEPreviewDeviceProfileSelector (544)
[2018.07.14-04.51.00:830][700]LogModuleManager: Shutting down and abandoning module HardwareSurvey (542)
[2018.07.14-04.51.00:830][700]LogModuleManager: Shutting down and abandoning module SequenceRecorderSections (540)
[2018.07.14-04.51.00:854][700]LogModuleManager: Shutting down and abandoning module AutomationWorker (538)
[2018.07.14-04.51.00:854][700]LogModuleManager: Shutting down and abandoning module AudioCaptureEditor (536)
[2018.07.14-04.51.00:854][700]LogModuleManager: Shutting down and abandoning module SequenceRecorder (535)
[2018.07.14-04.51.00:884][700]LogModuleManager: Shutting down and abandoning module MatineeToLevelSequence (532)
[2018.07.14-04.51.00:897][700]LogModuleManager: Shutting down and abandoning module LevelSequenceEditor (530)
[2018.07.14-04.51.01:142][700]LogModuleManager: Shutting down and abandoning module PlacementMode (529)
[2018.07.14-04.51.01:143][700]LogModuleManager: Shutting down and abandoning module MaterialEditor (528)
[2018.07.14-04.51.01:355][700]LogModuleManager: Shutting down and abandoning module WmfMediaFactory (524)
[2018.07.14-04.51.01:356][700]LogModuleManager: Shutting down and abandoning module WmfMediaEditor (522)
[2018.07.14-04.51.01:356][700]LogModuleManager: Shutting down and abandoning module MediaPlayerEditor (520)
[2018.07.14-04.51.01:519][700]LogModuleManager: Shutting down and abandoning module OpenExrWrapper (518)
[2018.07.14-04.51.01:519][700]LogModuleManager: Shutting down and abandoning module ImgMediaFactory (516)
[2018.07.14-04.51.01:519][700]LogModuleManager: Shutting down and abandoning module ImgMediaEditor (514)
[2018.07.14-04.51.01:519][700]LogModuleManager: Shutting down and abandoning module AvfMediaFactory (512)
[2018.07.14-04.51.01:519][700]LogModuleManager: Shutting down and abandoning module AvfMediaEditor (510)
[2018.07.14-04.51.01:519][700]LogModuleManager: Shutting down and abandoning module AndroidMediaFactory (508)
[2018.07.14-04.51.01:519][700]LogModuleManager: Shutting down and abandoning module AndroidMediaEditor (506)
[2018.07.14-04.51.01:519][700]LogModuleManager: Shutting down and abandoning module CharacterAI (504)
[2018.07.14-04.51.01:519][700]LogModuleManager: Shutting down and abandoning module SmartSnapping (502)
[2018.07.14-04.51.01:520][700]LogModuleManager: Shutting down and abandoning module SessionServices (500)
[2018.07.14-04.51.01:520][700]LogModuleManager: Shutting down and abandoning module ViewportSnapping (498)
[2018.07.14-04.51.01:520][700]LogModuleManager: Shutting down and abandoning module ViewportInteraction (496)
[2018.07.14-04.51.01:520][700]LogModuleManager: Shutting down and abandoning module ClothPainter (494)
[2018.07.14-04.51.01:643][700]LogModuleManager: Shutting down and abandoning module SkeletalMeshEditor (493)
[2018.07.14-04.51.01:815][700]LogModuleManager: Shutting down and abandoning module LogVisualizer (490)
[2018.07.14-04.51.01:900][700]LogModuleManager: Shutting down and abandoning module IntroTutorials (488)
[2018.07.14-04.51.01:965][700]LogModuleManager: Shutting down and abandoning module GameProjectGeneration (487)
[2018.07.14-04.51.02:054][700]LogModuleManager: Shutting down and abandoning module IOSPlatformEditor (484)
[2018.07.14-04.51.02:073][700]LogModuleManager: Shutting down and abandoning module HTML5PlatformEditor (482)
[2018.07.14-04.51.02:073][700]LogModuleManager: Shutting down and abandoning module AndroidPlatformEditor (480)
[2018.07.14-04.51.02:073][700]LogModuleManager: Shutting down and abandoning module AndroidDeviceDetection (479)
[2018.07.14-04.51.02:106][700]LogModuleManager: Shutting down and abandoning module WindowsPlatformEditor (476)
[2018.07.14-04.51.02:106][700]LogModuleManager: Shutting down and abandoning module IOSRuntimeSettings (474)
[2018.07.14-04.51.02:106][700]LogModuleManager: Shutting down and abandoning module AndroidRuntimeSettings (472)
[2018.07.14-04.51.02:106][700]LogModuleManager: Shutting down and abandoning module InputBindingEditor (470)
[2018.07.14-04.51.02:122][700]LogModuleManager: Shutting down and abandoning module MergeActors (468)
[2018.07.14-04.51.02:156][700]LogModuleManager: Shutting down and abandoning module LocalizationDashboard (466)
[2018.07.14-04.51.02:196][700]LogModuleManager: Shutting down and abandoning module LocalizationService (465)
[2018.07.14-04.51.02:228][700]LogModuleManager: Shutting down and abandoning module HardwareTargeting (462)
[2018.07.14-04.51.02:229][700]LogModuleManager: Shutting down and abandoning module DeviceProfileEditor (460)
[2018.07.14-04.51.02:253][700]LogModuleManager: Shutting down and abandoning module UndoHistory (458)
[2018.07.14-04.51.02:254][700]LogModuleManager: Shutting down and abandoning module XmlParser (456)
[2018.07.14-04.51.02:287][700]LogModuleManager: Shutting down and abandoning module Blutility (454)
[2018.07.14-04.51.02:287][700]LogModuleManager: Shutting down and abandoning module ProjectSettingsViewer (452)
[2018.07.14-04.51.02:287][700]LogModuleManager: Shutting down and abandoning module ProjectTargetPlatformEditor (451)
[2018.07.14-04.51.02:288][700]LogModuleManager: Shutting down and abandoning module EditorSettingsViewer (448)
[2018.07.14-04.51.02:288][700]LogModuleManager: Shutting down and abandoning module SettingsEditor (446)
[2018.07.14-04.51.02:439][700]LogModuleManager: Shutting down and abandoning module ProjectLauncher (444)
[2018.07.14-04.51.02:467][700]LogModuleManager: Shutting down and abandoning module SessionFrontend (442)
[2018.07.14-04.51.02:477][700]LogModuleManager: Shutting down and abandoning module ProfilerClient (440)
[2018.07.14-04.51.02:500][700]LogModuleManager: Shutting down and abandoning module DeviceManager (438)
[2018.07.14-04.51.02:524][700]LogModuleManager: Shutting down and abandoning module TargetDeviceServices (437)
[2018.07.14-04.51.02:590][700]LogModuleManager: Shutting down and abandoning module AutomationController (434)
[2018.07.14-04.51.02:635][700]LogModuleManager: Shutting down and abandoning module AutomationWindow (432)
[2018.07.14-04.51.02:836][700]LogModuleManager: Shutting down and abandoning module Layers (430)
[2018.07.14-04.51.02:974][700]LogModuleManager: Shutting down and abandoning module ComponentVisualizers (428)
[2018.07.14-04.51.02:974][700]LogModuleManager: Shutting down and abandoning module DetailCustomizations (426)
[2018.07.14-04.51.02:975][700]LogModuleManager: Shutting down and abandoning module PackagesDialog (424)
[2018.07.14-04.51.02:975][700]LogModuleManager: Shutting down and abandoning module Persona (422)
[2018.07.14-04.51.03:077][700]LogModuleManager: Shutting down and abandoning module AdvancedPreviewScene (421)
[2018.07.14-04.51.03:077][700]LogModuleManager: Shutting down and abandoning module AnimGraph (419)
[2018.07.14-04.51.03:077][700]LogModuleManager: Shutting down and abandoning module Kismet (416)
[2018.07.14-04.51.03:188][700]LogModuleManager: Shutting down and abandoning module GraphEditor (414)
[2018.07.14-04.51.03:355][700]LogModuleManager: Shutting down and abandoning module ClassViewer (412)
[2018.07.14-04.51.03:356][700]LogModuleManager: Shutting down and abandoning module Toolbox (410)
[2018.07.14-04.51.03:356][700]LogModuleManager: Shutting down and abandoning module ModuleUI (408)
[2018.07.14-04.51.03:374][700]LogModuleManager: Shutting down and abandoning module MovieSceneTools (406)
[2018.07.14-04.51.03:464][700]LogModuleManager: Shutting down and abandoning module OutputLog (404)
[2018.07.14-04.51.03:481][700]LogModuleManager: Shutting down and abandoning module GammaUI (402)
[2018.07.14-04.51.03:490][700]LogModuleManager: Shutting down and abandoning module Documentation (400)
[2018.07.14-04.51.03:490][700]LogModuleManager: Shutting down and abandoning module MovieSceneTracks (398)
[2018.07.14-04.51.03:491][700]LogModuleManager: Shutting down and abandoning module MovieScene (396)
[2018.07.14-04.51.03:510][700]LogModuleManager: Shutting down and abandoning module StreamingPauseRendering (394)
[2018.07.14-04.51.03:510][700]LogModuleManager: Shutting down and abandoning module LauncherPlatform (392)
[2018.07.14-04.51.03:510][700]LogModuleManager: Shutting down and abandoning module AnalyticsET (390)
[2018.07.14-04.51.03:510][700]LogModuleManager: Shutting down and abandoning module PortalServices (388)
[2018.07.14-04.51.03:511][700]LogModuleManager: Shutting down and abandoning module PortalRpc (386)
[2018.07.14-04.51.03:511][700]LogModuleManager: Shutting down and abandoning module MessagingRpc (384)
[2018.07.14-04.51.03:511][700]LogModuleManager: Shutting down and abandoning module AIModule (382)
[2018.07.14-04.51.03:511][700]LogModuleManager: Shutting down and abandoning module GameplayDebugger (381)
[2018.07.14-04.51.03:535][700]LogModuleManager: Shutting down and abandoning module AITestSuite (379)
[2018.07.14-04.51.03:570][700]LogModuleManager: Shutting down and abandoning module DesktopPlatform (376)
[2018.07.14-04.51.03:590][700]LogModuleManager: Shutting down and abandoning module ProfilerService (374)
[2018.07.14-04.51.03:620][700]LogModuleManager: Shutting down and abandoning module TaskGraph (372)
[2018.07.14-04.51.03:682][700]LogModuleManager: Shutting down and abandoning module SteamVRController (370)
[2018.07.14-04.51.03:683][700]LogModuleManager: Shutting down and abandoning module ProceduralMeshComponentEditor (368)
[2018.07.14-04.51.03:683][700]LogModuleManager: Shutting down and abandoning module ProceduralMeshComponent (366)
[2018.07.14-04.51.03:732][700]LogModuleManager: Shutting down and abandoning module OculusInput (364)
[2018.07.14-04.51.03:760][700]LogModuleManager: Shutting down and abandoning module MobilePatchingUtils (362)
[2018.07.14-04.51.03:760][700]LogModuleManager: Shutting down and abandoning module CustomMeshComponent (360)
[2018.07.14-04.51.03:760][700]LogModuleManager: Shutting down and abandoning module CableComponent (358)
[2018.07.14-04.51.03:789][700]LogModuleManager: Shutting down and abandoning module AudioCapture (356)
[2018.07.14-04.51.03:789][700]LogModuleManager: Shutting down and abandoning module ArchVisCharacter (354)
[2018.07.14-04.51.03:789][700]LogModuleManager: Shutting down and abandoning module AndroidPermission (352)
[2018.07.14-04.51.03:789][700]LogModuleManager: Shutting down and abandoning module NUTUnrealEngine4 (348)
[2018.07.14-04.51.03:789][700]LogModuleManager: Shutting down and abandoning module NetcodeUnitTest (346)
[2018.07.14-04.51.03:860][700]LogModuleManager: Shutting down and abandoning module MediaCompositingEditor (344)
[2018.07.14-04.51.03:860][700]LogModuleManager: Shutting down and abandoning module MediaCompositing (342)
[2018.07.14-04.51.03:860][700]LogModuleManager: Shutting down and abandoning module LinearTimecode (340)
[2018.07.14-04.51.03:860][700]LogModuleManager: Shutting down and abandoning module ImgMedia (338)
[2018.07.14-04.51.03:892][700]LogModuleManager: Shutting down and abandoning module HTML5Networking (336)
[2018.07.14-04.51.03:893][700]LogModuleManager: Shutting down and abandoning module AlembicImporter (334)
[2018.07.14-04.51.03:910][700]LogModuleManager: Shutting down and abandoning module AlembicLibrary (333)
[2018.07.14-04.51.03:910][700]LogModuleManager: Shutting down and abandoning module GeometryCache (332)
[2018.07.14-04.51.03:911][700]LogModuleManager: Shutting down and abandoning module GeometryCacheEd (331)
[2018.07.14-04.51.03:911][700]LogModuleManager: Shutting down and abandoning module DatasmithContent (326)
[2018.07.14-04.51.03:911][700]LogModuleManager: Shutting down and abandoning module SpeedTreeImporter (324)
[2018.07.14-04.51.03:911][700]LogModuleManager: Shutting down and abandoning module PluginBrowser (322)
[2018.07.14-04.51.03:934][700]LogModuleManager: Shutting down and abandoning module MobileLauncherProfileWizard (320)
[2018.07.14-04.51.04:001][700]LogModuleManager: Shutting down and abandoning module CryptoKeysOpenSSL (318)
[2018.07.14-04.51.04:033][700]LogModuleManager: Shutting down and abandoning module CryptoKeys (316)
[2018.07.14-04.51.04:033][700]LogModuleManager: Shutting down and abandoning module VisualStudioSourceCodeAccess (314)
[2018.07.14-04.51.04:033][700]LogModuleManager: Shutting down and abandoning module VisualStudioCodeSourceCodeAccess (312)
[2018.07.14-04.51.04:033][700]LogModuleManager: Shutting down and abandoning module UObjectPlugin (310)
[2018.07.14-04.51.04:033][700]LogModuleManager: Shutting down and abandoning module SubversionSourceControl (308)
[2018.07.14-04.51.04:077][700]LogModuleManager: Shutting down and abandoning module PerforceSourceControl (306)
[2018.07.14-04.51.04:211][700]LogModuleManager: Shutting down and abandoning module GitSourceControl (304)
[2018.07.14-04.51.04:253][700]LogModuleManager: Shutting down and abandoning module SourceControl (303)
[2018.07.14-04.51.04:272][700]LogModuleManager: Shutting down and abandoning module CLionSourceCodeAccess (300)
[2018.07.14-04.51.04:294][700]LogModuleManager: Shutting down and abandoning module LightPropagationVolumeEditor (298)
[2018.07.14-04.51.04:294][700]LogModuleManager: Shutting down and abandoning module PaperTiledImporter (296)
[2018.07.14-04.51.04:294][700]LogModuleManager: Shutting down and abandoning module PaperSpriteSheetImporter (294)
[2018.07.14-04.51.04:294][700]LogModuleManager: Shutting down and abandoning module Paper2DEditor (292)
[2018.07.14-04.51.04:362][700]LogModuleManager: Shutting down and abandoning module MeshPaint (291)
[2018.07.14-04.51.04:392][700]LogModuleManager: Shutting down and abandoning module RuntimePhysXCooking (288)
[2018.07.14-04.51.04:392][700]LogModuleManager: Shutting down and abandoning module PhysXVehiclesEditor (286)
[2018.07.14-04.51.04:392][700]LogModuleManager: Shutting down and abandoning module PhysXVehicles (284)
[2018.07.14-04.51.04:392][700]LogModuleManager: Shutting down and abandoning module OculusEditor (282)
[2018.07.14-04.51.04:392][700]LogModuleManager: Shutting down and abandoning module LocationServicesBPLibrary (280)
[2018.07.14-04.51.04:392][700]LogModuleManager: Shutting down and abandoning module ImmediatePhysicsEditor (278)
[2018.07.14-04.51.04:392][700]LogModuleManager: Shutting down and abandoning module ImmediatePhysics (276)
[2018.07.14-04.51.04:392][700]LogModuleManager: Shutting down and abandoning module ActorSequence (274)
[2018.07.14-04.51.04:392][700]LogModuleManager: Shutting down and abandoning module UdpMessaging (272)
[2018.07.14-04.51.04:557][700]LogModuleManager: Shutting down and abandoning module TcpMessaging (270)
[2018.07.14-04.51.04:659][700]LogModuleManager: Shutting down and abandoning module GameplayTagsEditor (268)
[2018.07.14-04.51.04:683][700]LogModuleManager: Shutting down and abandoning module FacialAnimationEditor (266)
[2018.07.14-04.51.04:702][700]LogModuleManager: Shutting down and abandoning module FacialAnimation (264)
[2018.07.14-04.51.04:703][700]LogModuleManager: Shutting down and abandoning module DataValidation (262)
[2018.07.14-04.51.04:732][700]LogModuleManager: Shutting down and abandoning module AssetManagerEditor (260)
[2018.07.14-04.51.04:753][700]LogModuleManager: Shutting down and abandoning module LevelEditor (259)
[2018.07.14-04.51.04:817][700]LogModuleManager: Shutting down and abandoning module PixelInspectorModule (258)
[2018.07.14-04.51.04:866][700]LogModuleManager: Shutting down and abandoning module CommonMenuExtensions (256)
[2018.07.14-04.51.04:910][700]LogModuleManager: Shutting down and abandoning module MainFrame (254)
[2018.07.14-04.51.04:911][700]LogModuleManager: Shutting down and abandoning module HotReload (253)
[2018.07.14-04.51.04:912][700]LogModuleManager: Shutting down and abandoning module ContentBrowser (249)
[2018.07.14-04.51.04:941][700]LogModuleManager: Shutting down and abandoning module TreeMap (247)
[2018.07.14-04.51.05:005][700]LogModuleManager: Shutting down and abandoning module LightPropagationVolumeRuntime (244)
[2018.07.14-04.51.05:005][700]LogModuleManager: Shutting down and abandoning module LiveLinkEditor (242)
[2018.07.14-04.51.05:072][700]LogModuleManager: Shutting down and abandoning module LiveLink (240)
[2018.07.14-04.51.05:940][700]LogModuleManager: Shutting down and abandoning module Paper2D (238)
[2018.07.14-04.51.05:941][700]LogModuleManager: Shutting down and abandoning module WindowsMoviePlayer (236)
[2018.07.14-04.51.05:976][700]LogModuleManager: Shutting down and abandoning module WmfMedia (234)
[2018.07.14-04.51.05:990][700]LogModuleManager: Shutting down and abandoning module Media (233)
[2018.07.14-04.51.05:996][700]LogModuleManager: Shutting down and abandoning module PacketHandler (230)
[2018.07.14-04.51.05:997][700]LogModuleManager: Shutting down and abandoning module ClothingSystemEditor (228)
[2018.07.14-04.51.05:997][700]LogModuleManager: Shutting down and abandoning module ClothingSystemRuntime (226)
[2018.07.14-04.51.06:029][700]LogModuleManager: Shutting down and abandoning module MediaAssets (224)
[2018.07.14-04.51.06:029][700]LogModuleManager: Shutting down and abandoning module Overlay (222)
[2018.07.14-04.51.06:029][700]LogModuleManager: Shutting down and abandoning module OverlayEditor (221)
[2018.07.14-04.51.06:029][700]LogModuleManager: Shutting down and abandoning module VREditor (218)
[2018.07.14-04.51.06:160][700]LogModuleManager: Shutting down and abandoning module StringTableEditor (216)
[2018.07.14-04.51.06:160][700]LogModuleManager: Shutting down and abandoning module GameplayTasksEditor (214)
[2018.07.14-04.51.06:160][700]LogModuleManager: Shutting down and abandoning module BehaviorTreeEditor (212)
[2018.07.14-04.51.06:352][700]LogModuleManager: Shutting down and abandoning module FunctionalTesting (210)
[2018.07.14-04.51.06:353][700]LogModuleManager: Shutting down and abandoning module CollisionAnalyzer (208)
[2018.07.14-04.51.06:513][700]LogModuleManager: Shutting down and abandoning module WorkspaceMenuStructure (207)
[2018.07.14-04.51.06:513][700]LogModuleManager: Shutting down and abandoning module UMG (204)
[2018.07.14-04.51.06:595][700]LogModuleManager: Shutting down and abandoning module UMGEditor (203)
[2018.07.14-04.51.06:818][700]LogModuleManager: Shutting down and abandoning module Sequencer (202)
[2018.07.14-04.51.06:994][700]LogModuleManager: Shutting down and abandoning module MessageLog (199)
[2018.07.14-04.51.06:995][700]LogModuleManager: Shutting down and abandoning module SlateReflector (194)
[2018.07.14-04.51.07:113][700]LogModuleManager: Shutting down and abandoning module Slate (192)
[2018.07.14-04.51.07:114][700]LogModuleManager: Shutting down and abandoning module EditorStyle (190)
[2018.07.14-04.51.07:363][700]LogModuleManager: Shutting down and abandoning module MRMesh (188)
[2018.07.14-04.51.07:363][700]LogModuleManager: Shutting down and abandoning module SourceCodeAccess (186)
[2018.07.14-04.51.07:363][700]LogModuleManager: Shutting down and abandoning module HeadMountedDisplay (184)
[2018.07.14-04.51.07:363][700]LogModuleManager: Shutting down and abandoning module XAudio2 (182)
[2018.07.14-04.51.07:363][700]LogModuleManager: Shutting down and abandoning module Networking (180)
[2018.07.14-04.51.07:363][700]LogModuleManager: Shutting down and abandoning module Core (178)
[2018.07.14-04.51.07:363][700]LogModuleManager: Shutting down and abandoning module LevelSequence (176)
[2018.07.14-04.51.07:364][700]LogModuleManager: Shutting down and abandoning module KismetCompiler (174)
[2018.07.14-04.51.07:364][700]LogModuleManager: Shutting down and abandoning module MeshUtilities (172)
[2018.07.14-04.51.07:450][700]LogModuleManager: Shutting down and abandoning module MeshMergeUtilities (171)
[2018.07.14-04.51.07:475][700]LogModuleManager: Shutting down and abandoning module MeshReductionInterface (170)
[2018.07.14-04.51.07:475][700]LogModuleManager: Shutting down and abandoning module SimplygonSwarm (169)
[2018.07.14-04.51.07:526][700]LogModuleManager: Shutting down and abandoning module SimplygonMeshReduction (167)
[2018.07.14-04.51.07:556][700]LogModuleManager: Shutting down and abandoning module QuadricMeshReduction (165)
[2018.07.14-04.51.07:591][700]LogModuleManager: Shutting down and abandoning module MaterialBaking (161)
[2018.07.14-04.51.07:648][700]LogModuleManager: Shutting down and abandoning module DirectoryWatcher (157)
[2018.07.14-04.51.07:675][700]LogModuleManager: Shutting down and abandoning module DerivedDataCache (154)
[2018.07.14-04.51.07:746][700]LogDerivedDataCache: Shutdown
[2018.07.14-04.51.07:746][700]LogModuleManager: Shutting down and abandoning module XGEController (152)
[2018.07.14-04.51.07:747][700]LogModuleManager: Shutting down and abandoning module TargetPlatform (150)
[2018.07.14-04.51.07:774][700]LogModuleManager: Shutting down and abandoning module VulkanShaderFormat (149)
[2018.07.14-04.51.07:774][700]LogModuleManager: Shutting down and abandoning module ShaderFormatVectorVM (147)
[2018.07.14-04.51.07:794][700]LogModuleManager: Shutting down and abandoning module ShaderFormatOpenGL (145)
[2018.07.14-04.51.07:830][700]LogModuleManager: Shutting down and abandoning module ShaderFormatD3D (143)
[2018.07.14-04.51.07:850][700]LogModuleManager: Shutting down and abandoning module MetalShaderFormat (141)
[2018.07.14-04.51.07:924][700]LogModuleManager: Shutting down and abandoning module TextureFormatUncompressed (139)
[2018.07.14-04.51.07:946][700]LogModuleManager: Shutting down and abandoning module TextureFormatPVR (137)
[2018.07.14-04.51.07:985][700]LogModuleManager: Shutting down and abandoning module TextureFormatDXT (135)
[2018.07.14-04.51.07:985][700]LogModuleManager: Shutting down and abandoning module TextureFormatIntelISPCTexComp (133)
[2018.07.14-04.51.08:114][700]LogModuleManager: Shutting down and abandoning module TextureFormatASTC (131)
[2018.07.14-04.51.08:114][700]LogModuleManager: Shutting down and abandoning module ImageWrapper (130)
[2018.07.14-04.51.08:114][700]LogModuleManager: Shutting down and abandoning module TextureFormatAndroid (127)
[2018.07.14-04.51.08:136][700]LogModuleManager: Shutting down and abandoning module AudioFormatOpus (125)
[2018.07.14-04.51.08:136][700]LogModuleManager: Shutting down and abandoning module AudioFormatOgg (123)
[2018.07.14-04.51.08:167][700]LogModuleManager: Shutting down and abandoning module AudioFormatADPCM (121)
[2018.07.14-04.51.08:185][700]LogModuleManager: Shutting down and abandoning module LinuxTargetPlatform (119)
[2018.07.14-04.51.08:287][700]LogModuleManager: Shutting down and abandoning module LinuxServerTargetPlatform (117)
[2018.07.14-04.51.08:287][700]LogModuleManager: Shutting down and abandoning module LinuxNoEditorTargetPlatform (115)
[2018.07.14-04.51.08:288][700]LogModuleManager: Shutting down and abandoning module LinuxClientTargetPlatform (113)
[2018.07.14-04.51.08:304][700]LogModuleManager: Shutting down and abandoning module TVOSTargetPlatform (111)
[2018.07.14-04.51.08:304][700]LogModuleManager: Shutting down and abandoning module Messaging (109)
[2018.07.14-04.51.08:320][700]LogModuleManager: Shutting down and abandoning module IOSTargetPlatform (107)
[2018.07.14-04.51.08:320][700]LogModuleManager: Shutting down and abandoning module HTML5TargetPlatform (105)
[2018.07.14-04.51.08:342][700]LogModuleManager: Shutting down and abandoning module AndroidTargetPlatform (103)
[2018.07.14-04.51.08:342][700]LogModuleManager: Shutting down and abandoning module Android_PVRTCTargetPlatform (101)
[2018.07.14-04.51.08:342][700]LogModuleManager: Shutting down and abandoning module Android_MultiTargetPlatform (99)
[2018.07.14-04.51.08:343][700]LogModuleManager: Shutting down and abandoning module Android_ETC2TargetPlatform (97)
[2018.07.14-04.51.08:343][700]LogModuleManager: Shutting down and abandoning module Android_ETC1TargetPlatform (95)
[2018.07.14-04.51.08:343][700]LogModuleManager: Shutting down and abandoning module Android_ETC1aTargetPlatform (93)
[2018.07.14-04.51.08:343][700]LogModuleManager: Shutting down and abandoning module Android_DXTTargetPlatform (91)
[2018.07.14-04.51.08:343][700]LogModuleManager: Shutting down and abandoning module Android_ATCTargetPlatform (89)
[2018.07.14-04.51.08:343][700]LogModuleManager: Shutting down and abandoning module Android_ASTCTargetPlatform (87)
[2018.07.14-04.51.08:343][700]LogModuleManager: Shutting down and abandoning module WindowsTargetPlatform (85)
[2018.07.14-04.51.08:344][700]LogModuleManager: Shutting down and abandoning module WindowsServerTargetPlatform (83)
[2018.07.14-04.51.08:358][700]LogModuleManager: Shutting down and abandoning module WindowsNoEditorTargetPlatform (81)
[2018.07.14-04.51.08:358][700]LogModuleManager: Shutting down and abandoning module WindowsClientTargetPlatform (79)
[2018.07.14-04.51.08:358][700]LogModuleManager: Shutting down and abandoning module MacTargetPlatform (77)
[2018.07.14-04.51.08:358][700]LogModuleManager: Shutting down and abandoning module MacServerTargetPlatform (75)
[2018.07.14-04.51.08:358][700]LogModuleManager: Shutting down and abandoning module MacNoEditorTargetPlatform (73)
[2018.07.14-04.51.08:359][700]LogModuleManager: Shutting down and abandoning module MacClientTargetPlatform (71)
[2018.07.14-04.51.08:359][700]LogModuleManager: Shutting down and abandoning module AllDesktopTargetPlatform (69)
[2018.07.14-04.51.08:359][700]LogModuleManager: Shutting down and abandoning module InputCore (66)
[2018.07.14-04.51.08:359][700]LogModuleManager: Shutting down and abandoning module Settings (64)
[2018.07.14-04.51.08:359][700]LogModuleManager: Shutting down and abandoning module PhysXCooking (62)
[2018.07.14-04.51.08:359][700]LogModuleManager: Shutting down and abandoning module SteamVR (60)
[2018.07.14-04.51.08:359][700]LogModuleManager: Shutting down and abandoning module OculusHMD (58)
[2018.07.14-04.51.08:387][700]LogModuleManager: Shutting down and abandoning module ExampleDeviceProfileSelector (56)
[2018.07.14-04.51.08:387][700]LogModuleManager: Shutting down and abandoning module AppleARKit (54)
[2018.07.14-04.51.08:387][700]LogModuleManager: Shutting down and abandoning module AugmentedReality (51)
[2018.07.14-04.51.08:387][700]LogModuleManager: Shutting down and abandoning module OnlineBlueprintSupport (48)
[2018.07.14-04.51.08:387][700]LogModuleManager: Shutting down and abandoning module OnlineSubsystem (44)
[2018.07.14-04.51.08:456][700]LogModuleManager: Shutting down and abandoning module XMPP (43)
[2018.07.14-04.51.08:563][700]LogModuleManager: Shutting down and abandoning module HTTP (41)
[2018.07.14-04.51.08:584][700]LogHttp: Display: Http module shutting down, but needs to wait on 1 outstanding Http requests:
[2018.07.14-04.51.08:585][700]LogHttp: Display: 	verb=[POST] url=[https://datarouter.ol.epicgames.com/datarouter/api/v1/public/data?SessionID=%7B3DF6DDC6-4C6F-E34E-16DE-5D891605278B%7D&AppID=UEEditor.Rocket.Release&AppVersion=4.19.2-4033788%2B%2B%2BUE4%2BRelease-4.19&UserID=c76cbc614dc4c6a1dc888b8aa3470b3f%7C57113a4ef07749e899daf8a54070ea17%7C6d46c3db-d58f-4b5d-93cd-6fe936b97061&AppEnvironment=datacollector-binary&UploadType=eteventstream] status=Processing
[2018.07.14-04.51.08:757][700]LogModuleManager: Shutting down and abandoning module SSL (40)
[2018.07.14-04.51.08:904][700]LogModuleManager: Shutting down and abandoning module AnimationModifiers (36)
[2018.07.14-04.51.08:920][700]LogModuleManager: Shutting down and abandoning module PropertyEditor (35)
[2018.07.14-04.51.08:993][700]LogModuleManager: Shutting down and abandoning module AudioEditor (32)
[2018.07.14-04.51.09:123][700]LogModuleManager: Shutting down and abandoning module TextureCompressor (30)
[2018.07.14-04.51.09:399][700]LogModuleManager: Shutting down and abandoning module ShaderCore (28)
[2018.07.14-04.51.09:399][700]LogModuleManager: Shutting down and abandoning module Landscape (26)
[2018.07.14-04.51.09:399][700]LogModuleManager: Shutting down and abandoning module SlateRHIRenderer (24)
[2018.07.14-04.51.09:586][700]LogModuleManager: Shutting down and abandoning module OpenGLDrv (22)
[2018.07.14-04.51.09:674][700]LogModuleManager: Shutting down and abandoning module D3D11RHI (20)
[2018.07.14-04.51.09:674][700]LogModuleManager: Shutting down and abandoning module AnimGraphRuntime (18)
[2018.07.14-04.51.09:674][700]LogModuleManager: Shutting down and abandoning module Renderer (16)
[2018.07.14-04.51.09:674][700]LogModuleManager: Shutting down and abandoning module Engine (14)
[2018.07.14-04.51.09:707][700]LogModuleManager: Shutting down and abandoning module CoreUObject (12)
[2018.07.14-04.51.09:707][700]LogModuleManager: Shutting down and abandoning module NetworkFile (10)
[2018.07.14-04.51.09:740][700]LogModuleManager: Shutting down and abandoning module CookedIterativeFile (8)
[2018.07.14-04.51.09:766][700]LogModuleManager: Shutting down and abandoning module StreamingFile (6)
[2018.07.14-04.51.09:788][700]LogModuleManager: Shutting down and abandoning module SandboxFile (4)
[2018.07.14-04.51.09:788][700]LogModuleManager: Shutting down and abandoning module PakFile (2)
[2018.07.14-04.51.09:876][700]LogExit: Exiting.
[2018.07.14-04.51.10:043][700]Log file closed, 07/14/18 10:21:10
