Log file open, 07/16/18 14:33:07
LogWindows: Failed to load 'aqProf.dll' (GetLastError=126)
LogWindows: File 'aqProf.dll' does not exist
LogWindows: Failed to load 'VtuneApi.dll' (GetLastError=126)
LogWindows: File 'VtuneApi.dll' does not exist
LogWindows: Failed to load 'VtuneApi32e.dll' (GetLastError=126)
LogWindows: File 'VtuneApi32e.dll' does not exist
LogInit: Display: Running engine for game: ArchVisDemo
LogPlatformFile: Not using cached read wrapper
LogInit: Display: RandInit(69414947) SRandInit(69414947).
LogInit: Read version file with build ID '3944462'
LogInit: Overriding engine version to CL 4033788, compatible CL 3944462
LogInit: Registered custom module enumerator with build ID '3944462'
LogTaskGraph: Started task graph with 5 named threads and 11 total threads with 3 sets of task threads.
LogStats: Stats thread started at 0.167993
LogD3D11RHI: Aftermath initialized
LogICUInternationalization: Display: ICU TimeZone Detection - Raw Offset: +5:30, Platform Override: ''
LogModuleManager: Display: Found up-to-date module file ../../../Engine/Plugins/2D/Paper2D/Binaries/Win64/UE4Editor-Paper2D.dll (API version 3944462).
LogModuleManager: Display: Found up-to-date module file ../../../Engine/Plugins/2D/Paper2D/Binaries/Win64/UE4Editor-Paper2DEditor.dll (API version 3944462).
LogModuleManager: Display: Found up-to-date module file ../../../Engine/Plugins/2D/Paper2D/Binaries/Win64/UE4Editor-PaperSpriteSheetImporter.dll (API version 3944462).
LogModuleManager: Display: Found up-to-date module file ../../../Engine/Plugins/2D/Paper2D/Binaries/Win64/UE4Editor-PaperTiledImporter.dll (API version 3944462).
LogModuleManager: Display: Found up-to-date module file ../../../Engine/Plugins/2D/Paper2D/Binaries/Win64/UE4Editor-SmartSnapping.dll (API version 3944462).
LogModuleManager: Display: Found up-to-date module file ../../../Engine/Plugins/Blendables/LightPropagationVolume/Binaries/Win64/UE4Editor-LightPropagationVolumeRuntime.dll (API version 3944462).
LogModuleManager: Display: Found up-to-date module file ../../../Engine/Plugins/Blendables/LightPropagationVolume/Binaries/Win64/UE4Editor-LightPropagationVolumeEditor.dll (API version 3944462).
LogModuleManager: Display: Found up-to-date module file ../../../Engine/Plugins/Developer/CLionSourceCodeAccess/Binaries/Win64/UE4Editor-CLionSourceCodeAccess.dll (API version 3944462).
LogModuleManager: Display: Found up-to-date module file ../../../Engine/Plugins/Developer/GitSourceControl/Binaries/Win64/UE4Editor-GitSourceControl.dll (API version 3944462).
LogModuleManager: Display: Found up-to-date module file ../../../Engine/Plugins/Developer/PerforceSourceControl/Binaries/Win64/UE4Editor-PerforceSourceControl.dll (API version 3944462).
LogModuleManager: Display: Found up-to-date module file ../../../Engine/Plugins/Developer/SubversionSourceControl/Binaries/Win64/UE4Editor-SubversionSourceControl.dll (API version 3944462).
LogModuleManager: Display: Found up-to-date module file ../../../Engine/Plugins/Developer/UObjectPlugin/Binaries/Win64/UE4Editor-UObjectPlugin.dll (API version 3944462).
LogModuleManager: Display: Found up-to-date module file ../../../Engine/Plugins/Developer/VisualStudioCodeSourceCodeAccess/Binaries/Win64/UE4Editor-VisualStudioCodeSourceCodeAccess.dll (API version 3944462).
LogModuleManager: Display: Found up-to-date module file ../../../Engine/Plugins/Developer/VisualStudioSourceCodeAccess/Binaries/Win64/UE4Editor-VisualStudioSourceCodeAccess.dll (API version 3944462).
LogModuleManager: Display: Found up-to-date module file ../../../Engine/Plugins/Editor/AssetManagerEditor/Binaries/Win64/UE4Editor-AssetManagerEditor.dll (API version 3944462).
LogModuleManager: Display: Found up-to-date module file ../../../Engine/Plugins/Editor/CryptoKeys/Binaries/Win64/UE4Editor-CryptoKeys.dll (API version 3944462).
LogModuleManager: Display: Found up-to-date module file ../../../Engine/Plugins/Editor/CryptoKeys/Binaries/Win64/UE4Editor-CryptoKeysOpenSSL.dll (API version 3944462).
LogModuleManager: Display: Found up-to-date module file ../../../Engine/Plugins/Editor/DataValidation/Binaries/Win64/UE4Editor-DataValidation.dll (API version 3944462).
LogModuleManager: Display: Found up-to-date module file ../../../Engine/Plugins/Editor/FacialAnimation/Binaries/Win64/UE4Editor-FacialAnimation.dll (API version 3944462).
LogModuleManager: Display: Found up-to-date module file ../../../Engine/Plugins/Editor/FacialAnimation/Binaries/Win64/UE4Editor-FacialAnimationEditor.dll (API version 3944462).
LogModuleManager: Display: Found up-to-date module file ../../../Engine/Plugins/Editor/GameplayTagsEditor/Binaries/Win64/UE4Editor-GameplayTagsEditor.dll (API version 3944462).
LogModuleManager: Display: Found up-to-date module file ../../../Engine/Plugins/Editor/MobileLauncherProfileWizard/Binaries/Win64/UE4Editor-MobileLauncherProfileWizard.dll (API version 3944462).
LogModuleManager: Display: Found up-to-date module file ../../../Engine/Plugins/Editor/PluginBrowser/Binaries/Win64/UE4Editor-PluginBrowser.dll (API version 3944462).
LogModuleManager: Display: Found up-to-date module file ../../../Engine/Plugins/Editor/SpeedTreeImporter/Binaries/Win64/UE4Editor-SpeedTreeImporter.dll (API version 3944462).
LogModuleManager: Display: Found up-to-date module file ../../../Engine/Plugins/Enterprise/DatasmithContent/Binaries/Win64/UE4Editor-DatasmithContent.dll (API version 3944462).
LogModuleManager: Display: Found up-to-date module file ../../../Engine/Plugins/Experimental/AlembicImporter/Binaries/Win64/UE4Editor-AlembicImporter.dll (API version 3944462).
LogModuleManager: Display: Found up-to-date module file ../../../Engine/Plugins/Experimental/AlembicImporter/Binaries/Win64/UE4Editor-AlembicLibrary.dll (API version 3944462).
LogModuleManager: Display: Found up-to-date module file ../../../Engine/Plugins/Experimental/CharacterAI/Binaries/Win64/UE4Editor-CharacterAI.dll (API version 3944462).
LogModuleManager: Display: Found up-to-date module file ../../../Engine/Plugins/Experimental/HTML5Networking/Binaries/Win64/UE4Editor-HTML5Networking.dll (API version 3944462).
LogModuleManager: Display: Found up-to-date module file ../../../Engine/Plugins/Media/AndroidMedia/Binaries/Win64/UE4Editor-AndroidMediaEditor.dll (API version 3944462).
LogModuleManager: Display: Found up-to-date module file ../../../Engine/Plugins/Media/AndroidMedia/Binaries/Win64/UE4Editor-AndroidMediaFactory.dll (API version 3944462).
LogModuleManager: Display: Found up-to-date module file ../../../Engine/Plugins/Media/AvfMedia/Binaries/Win64/UE4Editor-AvfMediaEditor.dll (API version 3944462).
LogModuleManager: Display: Found up-to-date module file ../../../Engine/Plugins/Media/AvfMedia/Binaries/Win64/UE4Editor-AvfMediaFactory.dll (API version 3944462).
LogModuleManager: Display: Found up-to-date module file ../../../Engine/Plugins/Media/AvfMedia/Binaries/Win64/UE4Editor-AvfMediaFactory.dll (API version 3944462).
LogModuleManager: Display: Found up-to-date module file ../../../Engine/Plugins/Media/ImgMedia/Binaries/Win64/UE4Editor-ImgMedia.dll (API version 3944462).
LogModuleManager: Display: Found up-to-date module file ../../../Engine/Plugins/Media/ImgMedia/Binaries/Win64/UE4Editor-ImgMediaEditor.dll (API version 3944462).
LogModuleManager: Display: Found up-to-date module file ../../../Engine/Plugins/Media/ImgMedia/Binaries/Win64/UE4Editor-ImgMediaFactory.dll (API version 3944462).
LogModuleManager: Display: Found up-to-date module file ../../../Engine/Plugins/Media/ImgMedia/Binaries/Win64/UE4Editor-ImgMediaFactory.dll (API version 3944462).
LogModuleManager: Display: Found up-to-date module file ../../../Engine/Plugins/Media/ImgMedia/Binaries/Win64/UE4Editor-OpenExrWrapper.dll (API version 3944462).
LogModuleManager: Display: Found up-to-date module file ../../../Engine/Plugins/Media/LinearTimecode/Binaries/Win64/UE4Editor-LinearTimecode.dll (API version 3944462).
LogModuleManager: Display: Found up-to-date module file ../../../Engine/Plugins/Media/MediaCompositing/Binaries/Win64/UE4Editor-MediaCompositing.dll (API version 3944462).
LogModuleManager: Display: Found up-to-date module file ../../../Engine/Plugins/Media/MediaCompositing/Binaries/Win64/UE4Editor-MediaCompositingEditor.dll (API version 3944462).
LogModuleManager: Display: Found up-to-date module file ../../../Engine/Plugins/Media/MediaPlayerEditor/Binaries/Win64/UE4Editor-MediaPlayerEditor.dll (API version 3944462).
LogModuleManager: Display: Found up-to-date module file ../../../Engine/Plugins/Media/WmfMedia/Binaries/Win64/UE4Editor-WmfMedia.dll (API version 3944462).
LogModuleManager: Display: Found up-to-date module file ../../../Engine/Plugins/Media/WmfMedia/Binaries/Win64/UE4Editor-WmfMediaEditor.dll (API version 3944462).
LogModuleManager: Display: Found up-to-date module file ../../../Engine/Plugins/Media/WmfMedia/Binaries/Win64/UE4Editor-WmfMediaFactory.dll (API version 3944462).
LogModuleManager: Display: Found up-to-date module file ../../../Engine/Plugins/Media/WmfMedia/Binaries/Win64/UE4Editor-WmfMediaFactory.dll (API version 3944462).
LogModuleManager: Display: Found up-to-date module file ../../../Engine/Plugins/Messaging/TcpMessaging/Binaries/Win64/UE4Editor-TcpMessaging.dll (API version 3944462).
LogModuleManager: Display: Found up-to-date module file ../../../Engine/Plugins/Messaging/UdpMessaging/Binaries/Win64/UE4Editor-UdpMessaging.dll (API version 3944462).
LogModuleManager: Display: Found up-to-date module file ../../../Engine/Plugins/MovieScene/ActorSequence/Binaries/Win64/UE4Editor-ActorSequence.dll (API version 3944462).
LogModuleManager: Display: Found up-to-date module file ../../../Engine/Plugins/MovieScene/LevelSequenceEditor/Binaries/Win64/UE4Editor-LevelSequenceEditor.dll (API version 3944462).
LogModuleManager: Display: Found up-to-date module file ../../../Engine/Plugins/MovieScene/MatineeToLevelSequence/Binaries/Win64/UE4Editor-MatineeToLevelSequence.dll (API version 3944462).
LogModuleManager: Display: Found up-to-date module file ../../../Engine/Plugins/NetcodeUnitTest/NetcodeUnitTest/Binaries/Win64/UE4Editor-NetcodeUnitTest.dll (API version 3944462).
LogModuleManager: Display: Found up-to-date module file ../../../Engine/Plugins/NetcodeUnitTest/NUTUnrealEngine4/Binaries/Win64/UE4Editor-NUTUnrealEngine4.dll (API version 3944462).
LogModuleManager: Display: Found up-to-date module file ../../../Engine/Plugins/Online/OnlineSubsystem/Binaries/Win64/UE4Editor-OnlineSubsystem.dll (API version 3944462).
LogModuleManager: Display: Found up-to-date module file ../../../Engine/Plugins/Runtime/AndroidPermission/Binaries/Win64/UE4Editor-AndroidPermission.dll (API version 3944462).
LogModuleManager: Display: Found up-to-date module file ../../../Engine/Plugins/Online/OnlineSubsystemNull/Binaries/Win64/UE4Editor-OnlineSubsystemNull.dll (API version 3944462).
LogModuleManager: Display: Found up-to-date module file ../../../Engine/Plugins/Online/OnlineSubsystemUtils/Binaries/Win64/UE4Editor-OnlineSubsystemUtils.dll (API version 3944462).
LogModuleManager: Display: Found up-to-date module file ../../../Engine/Plugins/Online/OnlineSubsystemUtils/Binaries/Win64/UE4Editor-OnlineBlueprintSupport.dll (API version 3944462).
LogModuleManager: Display: Found up-to-date module file ../../../Engine/Plugins/Runtime/AndroidDeviceProfileSelector/Binaries/Win64/UE4Editor-AndroidDeviceProfileSelector.dll (API version 3944462).
LogModuleManager: Display: Found up-to-date module file ../../../Engine/Plugins/Runtime/AppleARKit/Binaries/Win64/UE4Editor-AppleARKit.dll (API version 3944462).
LogModuleManager: Display: Found up-to-date module file ../../../Engine/Plugins/Runtime/ProceduralMeshComponent/Binaries/Win64/UE4Editor-ProceduralMeshComponent.dll (API version 3944462).
LogModuleManager: Display: Found up-to-date module file ../../../Engine/Plugins/Runtime/ProceduralMeshComponent/Binaries/Win64/UE4Editor-ProceduralMeshComponentEditor.dll (API version 3944462).
LogModuleManager: Display: Found up-to-date module file ../../../Engine/Plugins/Animation/LiveLink/Binaries/Win64/UE4Editor-LiveLink.dll (API version 3944462).
LogModuleManager: Display: Found up-to-date module file ../../../Engine/Plugins/Animation/LiveLink/Binaries/Win64/UE4Editor-LiveLinkEditor.dll (API version 3944462).
LogModuleManager: Display: Found up-to-date module file ../../../Engine/Plugins/Runtime/ArchVisCharacter/Binaries/Win64/UE4Editor-ArchVisCharacter.dll (API version 3944462).
LogModuleManager: Display: Found up-to-date module file ../../../Engine/Plugins/Runtime/AudioCapture/Binaries/Win64/UE4Editor-AudioCapture.dll (API version 3944462).
LogModuleManager: Display: Found up-to-date module file ../../../Engine/Plugins/Runtime/AudioCapture/Binaries/Win64/UE4Editor-AudioCaptureEditor.dll (API version 3944462).
LogModuleManager: Display: Found up-to-date module file ../../../Engine/Plugins/Runtime/CableComponent/Binaries/Win64/UE4Editor-CableComponent.dll (API version 3944462).
LogModuleManager: Display: Found up-to-date module file ../../../Engine/Plugins/Runtime/CustomMeshComponent/Binaries/Win64/UE4Editor-CustomMeshComponent.dll (API version 3944462).
LogModuleManager: Display: Found up-to-date module file ../../../Engine/Plugins/Runtime/ExampleDeviceProfileSelector/Binaries/Win64/UE4Editor-ExampleDeviceProfileSelector.dll (API version 3944462).
LogModuleManager: Display: Found up-to-date module file ../../../Engine/Plugins/Runtime/ImmediatePhysics/Binaries/Win64/UE4Editor-ImmediatePhysics.dll (API version 3944462).
LogModuleManager: Display: Found up-to-date module file ../../../Engine/Plugins/Runtime/ImmediatePhysics/Binaries/Win64/UE4Editor-ImmediatePhysicsEditor.dll (API version 3944462).
LogModuleManager: Display: Found up-to-date module file ../../../Engine/Plugins/Runtime/LocationServicesBPLibrary/Binaries/Win64/UE4Editor-LocationServicesBPLibrary.dll (API version 3944462).
LogModuleManager: Display: Found up-to-date module file ../../../Engine/Plugins/Runtime/MobilePatchingUtils/Binaries/Win64/UE4Editor-MobilePatchingUtils.dll (API version 3944462).
LogModuleManager: Display: Found up-to-date module file ../../../Engine/Plugins/Runtime/Oculus/OculusVR/Binaries/Win64/UE4Editor-OculusHMD.dll (API version 3944462).
LogModuleManager: Display: Found up-to-date module file ../../../Engine/Plugins/Runtime/Oculus/OculusVR/Binaries/Win64/UE4Editor-OculusInput.dll (API version 3944462).
LogModuleManager: Display: Found up-to-date module file ../../../Engine/Plugins/Runtime/Oculus/OculusVR/Binaries/Win64/UE4Editor-OculusEditor.dll (API version 3944462).
LogModuleManager: Display: Found up-to-date module file ../../../Engine/Plugins/Runtime/PhysXVehicles/Binaries/Win64/UE4Editor-PhysXVehicles.dll (API version 3944462).
LogModuleManager: Display: Found up-to-date module file ../../../Engine/Plugins/Runtime/PhysXVehicles/Binaries/Win64/UE4Editor-PhysXVehiclesEditor.dll (API version 3944462).
LogModuleManager: Display: Found up-to-date module file ../../../Engine/Plugins/Runtime/RuntimePhysXCooking/Binaries/Win64/UE4Editor-RuntimePhysXCooking.dll (API version 3944462).
LogModuleManager: Display: Found up-to-date module file ../../../Engine/Plugins/Runtime/Steam/SteamVR/Binaries/Win64/UE4Editor-SteamVR.dll (API version 3944462).
LogModuleManager: Display: Found up-to-date module file ../../../Engine/Plugins/Runtime/Steam/SteamVR/Binaries/Win64/UE4Editor-SteamVRController.dll (API version 3944462).
LogModuleManager: Display: Found up-to-date module file ../../../Engine/Plugins/Runtime/WindowsMoviePlayer/Binaries/Win64/UE4Editor-WindowsMoviePlayer.dll (API version 3944462).
LogPluginManager: Mounting plugin Paper2D
LogPluginManager: Mounting plugin LiveLink
LogPluginManager: Mounting plugin LightPropagationVolume
LogPluginManager: Mounting plugin CLionSourceCodeAccess
LogPluginManager: Mounting plugin CodeLiteSourceCodeAccess
LogPluginManager: Mounting plugin GitSourceControl
LogPluginManager: Mounting plugin KDevelopSourceCodeAccess
LogPluginManager: Mounting plugin NullSourceCodeAccess
LogPluginManager: Mounting plugin PerforceSourceControl
LogPluginManager: Mounting plugin SubversionSourceControl
LogPluginManager: Mounting plugin UObjectPlugin
LogPluginManager: Mounting plugin VisualStudioCodeSourceCodeAccess
LogPluginManager: Mounting plugin VisualStudioSourceCodeAccess
LogPluginManager: Mounting plugin XCodeSourceCodeAccess
LogPluginManager: Mounting plugin AssetManagerEditor
LogPluginManager: Mounting plugin CryptoKeys
LogPluginManager: Mounting plugin DataValidation
LogPluginManager: Mounting plugin FacialAnimation
LogPluginManager: Mounting plugin GameplayTagsEditor
LogPluginManager: Mounting plugin MobileLauncherProfileWizard
LogPluginManager: Mounting plugin PluginBrowser
LogPluginManager: Mounting plugin SpeedTreeImporter
LogPluginManager: Mounting plugin DatasmithContent
LogPluginManager: Mounting plugin AlembicImporter
LogPluginManager: Mounting plugin CharacterAI
LogPluginManager: Mounting plugin HTML5Networking
LogPluginManager: Mounting plugin AndroidMedia
LogPluginManager: Mounting plugin AvfMedia
LogPluginManager: Mounting plugin ImgMedia
LogPluginManager: Mounting plugin LinearTimecode
LogPluginManager: Mounting plugin MediaCompositing
LogPluginManager: Mounting plugin MediaPlayerEditor
LogPluginManager: Mounting plugin WmfMedia
LogPluginManager: Mounting plugin TcpMessaging
LogPluginManager: Mounting plugin UdpMessaging
LogPluginManager: Mounting plugin ActorSequence
LogPluginManager: Mounting plugin LevelSequenceEditor
LogPluginManager: Mounting plugin MatineeToLevelSequence
LogPluginManager: Mounting plugin NetcodeUnitTest
LogPluginManager: Mounting plugin NUTUnrealEngine4
LogPluginManager: Mounting plugin OnlineSubsystemGooglePlay
LogPluginManager: Mounting plugin OnlineSubsystemIOS
LogPluginManager: Mounting plugin OnlineSubsystem
LogPluginManager: Mounting plugin OnlineSubsystemNull
LogPluginManager: Mounting plugin OnlineSubsystemUtils
LogPluginManager: Mounting plugin AndroidDeviceProfileSelector
LogPluginManager: Mounting plugin AndroidMoviePlayer
LogPluginManager: Mounting plugin AndroidPermission
LogPluginManager: Mounting plugin AppleARKit
LogPluginManager: Mounting plugin AppleMoviePlayer
LogPluginManager: Mounting plugin ArchVisCharacter
LogPluginManager: Mounting plugin AudioCapture
LogPluginManager: Mounting plugin CableComponent
LogPluginManager: Mounting plugin CustomMeshComponent
LogPluginManager: Mounting plugin ExampleDeviceProfileSelector
LogPluginManager: Mounting plugin GoogleCloudMessaging
LogPluginManager: Mounting plugin ImmediatePhysics
LogPluginManager: Mounting plugin IOSDeviceProfileSelector
LogPluginManager: Mounting plugin LinuxDeviceProfileSelector
LogPluginManager: Mounting plugin LocationServicesBPLibrary
LogPluginManager: Mounting plugin MobilePatchingUtils
LogPluginManager: Mounting plugin OculusVR
LogPluginManager: Plugin shader directory ../../../Engine/Plugins/Runtime/Oculus/OculusVR/Shaders found
LogPluginManager: Mapping shader source directory ../../../Engine/Plugins/Runtime/Oculus/OculusVR/Shaders to virtual directory /Plugin/OculusVR
LogPluginManager: Mounting plugin PhysXVehicles
LogPluginManager: Mounting plugin ProceduralMeshComponent
LogPluginManager: Mounting plugin RuntimePhysXCooking
LogPluginManager: Mounting plugin SteamVR
LogPluginManager: Mounting plugin WindowsMoviePlayer
LogStreaming: Display: Took  1.242s to configure plugins.
LogInit: Using libcurl 7.47.1
LogInit:  - built for x86_64-pc-win32
LogInit:  - supports SSL with OpenSSL/1.0.2g
LogInit:  - supports HTTP deflate (compression) using libz 1.2.8
LogInit:  - other features:
LogInit:      CURL_VERSION_SSL
LogInit:      CURL_VERSION_LIBZ
LogInit:      CURL_VERSION_IPV6
LogInit:      CURL_VERSION_ASYNCHDNS
LogInit:      CURL_VERSION_LARGEFILE
LogInit:      CURL_VERSION_IDN
LogInit:  CurlRequestOptions (configurable via config and command line):
LogInit:  - bVerifyPeer = false  - Libcurl will NOT verify peer certificate
LogInit:  - bUseHttpProxy = false  - Libcurl will NOT use HTTP proxy
LogInit:  - bDontReuseConnections = false  - Libcurl will reuse connections
LogInit:  - CertBundlePath = nullptr  - Libcurl will use whatever was configured at build time.
LogInit:  - MaxHostConnections = 16  - Libcurl will limit the number of connections to a host
LogInit:  - LocalHostAddr = Default
LogInit: WinSock: version 1.1 (2.2), MaxSocks=32767, MaxUdp=65467
LogInit: WinSock: I am LAPTOP-SNI5BBA7 (192.168.0.21:0)
LogInit: Build: ++UE4+Release-4.19-CL-4033788
LogInit: Engine Version: 4.19.2-4033788+++UE4+Release-4.19
LogInit: Compatible Engine Version: 4.19.0-3944462+++UE4+Release-4.19
LogInit: Net CL: 3944462
LogDevObjectVersion: Number of dev versions registered: 18
LogDevObjectVersion:   Dev-Blueprints (B0D832E4-1F89-4F0D-ACCF-7EB736FD4AA2): 10
LogDevObjectVersion:   Dev-Build (E1C64328-A22C-4D53-A36C-8E866417BD8C): 0
LogDevObjectVersion:   Dev-Core (375EC13C-06E4-48FB-B500-84F0262A717E): 2
LogDevObjectVersion:   Dev-Editor (E4B068ED-F494-42E9-A231-DA0B2E46BB41): 23
LogDevObjectVersion:   Dev-Framework (CFFC743F-43B0-4480-9391-14DF171D2073): 33
LogDevObjectVersion:   Dev-Mobile (B02B49B5-BB20-44E9-A304-32B752E40360): 2
LogDevObjectVersion:   Dev-Networking (A4E4105C-59A1-49B5-A7C5-40C4547EDFEE): 0
LogDevObjectVersion:   Dev-Online (39C831C9-5AE6-47DC-9A44-9C173E1C8E7C): 0
LogDevObjectVersion:   Dev-Physics (78F01B33-EBEA-4F98-B9B4-84EACCB95AA2): 0
LogDevObjectVersion:   Dev-Platform (6631380F-2D4D-43E0-8009-CF276956A95A): 0
LogDevObjectVersion:   Dev-Rendering (12F88B9F-8875-4AFC-A67C-D90C383ABD29): 25
LogDevObjectVersion:   Dev-Sequencer (7B5AE74C-D270-4C10-A958-57980B212A5A): 6
LogDevObjectVersion:   Dev-VR (D7296918-1DD6-4BDD-9DE2-64A83CC13884): 1
LogDevObjectVersion:   Dev-LoadTimes (C2A15278-BFE7-4AFE-6C17-90FF531DF755): 1
LogDevObjectVersion:   Private-Geometry (6EACA3D4-40EC-4CC1-B786-8BED09428FC5): 2
LogDevObjectVersion:   Dev-AnimPhys (29E575DD-E0A3-4627-9D10-D276232CDCEA): 16
LogDevObjectVersion:   Dev-ReflectionCapture (6B266CEC-1EC7-4B8F-A30B-E4D90942FC07): 1
LogDevObjectVersion:   Dev-Automation (0DF73D61-A23F-47EA-B727-89E90C41499A): 1
LogInit: Compiled (64-bit): Apr 27 2018 02:06:57
LogInit: Compiled with Visual C++: 19.00.24215.01
LogInit: Build Configuration: Development
LogInit: Branch Name: ++UE4+Release-4.19
LogInit: Command Line: 
LogInit: Base Directory: C:/Program Files/Epic Games/UE_4.19/Engine/Binaries/Win64/
LogInit: Installed Engine Build: 1
LogStreaming: Display: Took  0.002s to delete old logs.
LogInit: Presizing for max 8388607 objects, including 0 objects not considered by GC, pre-allocating 0 bytes for permanent pool.
LogInit: Object subsystem initialized
[2018.07.16-09.03.08:270][  0]LogInit: Selected Device Profile: [Windows]
[2018.07.16-09.03.08:270][  0]LogInit: Applying CVar settings loaded from the selected device profile: [Windows]
[2018.07.16-09.03.08:283][  0]LogInit: Computer: LAPTOP-SNI5BBA7
[2018.07.16-09.03.08:283][  0]LogInit: User: Shweta
[2018.07.16-09.03.08:283][  0]LogInit: CPU Page size=4096, Cores=2
[2018.07.16-09.03.08:283][  0]LogInit: High frequency timer resolution =2.835937 MHz
[2018.07.16-09.03.08:283][  0]LogMemory: Memory total: Physical=7.9GB (8GB approx)
[2018.07.16-09.03.08:283][  0]LogMemory: Platform Memory Stats for Windows
[2018.07.16-09.03.08:283][  0]LogMemory: Process Physical Memory: 272.42 MB used, 272.42 MB peak
[2018.07.16-09.03.08:283][  0]LogMemory: Process Virtual Memory: 266.10 MB used, 266.10 MB peak
[2018.07.16-09.03.08:283][  0]LogMemory: Physical Memory: 5171.40 MB used,  2903.01 MB free, 8074.41 MB total
[2018.07.16-09.03.08:283][  0]LogMemory: Virtual Memory: 4781.83 MB used,  2903.01 MB free, 134217728.00 MB total
[2018.07.16-09.03.08:295][  0]LogInit: Using OS detected language (en-US).
[2018.07.16-09.03.08:295][  0]LogInit: Using OS detected locale (en-US).
[2018.07.16-09.03.08:297][  0]LogTextLocalizationManager: No specific localization for 'en-US' exists, so the 'en' localization will be used.
[2018.07.16-09.03.08:699][  0]LogStreaming: Display: Took  0.405s to EndInitTextLocalization.
[2018.07.16-09.03.08:699][  0]LogInit: Setting process to per monitor DPI aware
[2018.07.16-09.03.08:751][  0]LogSlate: New Slate User Created.  User Index 0, Is Virtual User: 0
[2018.07.16-09.03.08:751][  0]LogSlate: Slate User Registered.  User Index 0, Is Virtual User: 0
[2018.07.16-09.03.08:971][  0]LogD3D11RHI: D3D11 adapters:
[2018.07.16-09.03.08:977][  0]LogD3D11RHI:    0. 'Intel(R) HD Graphics 620' (Feature Level 11_0)
[2018.07.16-09.03.08:977][  0]LogD3D11RHI:       128/0/4037 MB DedicatedVideo/DedicatedSystem/SharedSystem, Outputs:1, VendorId:0x8086
[2018.07.16-09.03.08:980][  0]LogD3D11RHI:    1. 'Microsoft Basic Render Driver' (Feature Level 11_0)
[2018.07.16-09.03.08:980][  0]LogD3D11RHI:       0/0/4037 MB DedicatedVideo/DedicatedSystem/SharedSystem, Outputs:0, VendorId:0x1414
[2018.07.16-09.03.08:980][  0]LogD3D11RHI: Chosen D3D11 Adapter: 0
[2018.07.16-09.03.08:986][  0]LogD3D11RHI: Creating new Direct3DDevice
[2018.07.16-09.03.08:986][  0]LogD3D11RHI:     GPU DeviceId: 0x5916 (for the marketing name, search the web for "GPU Device Id")
[2018.07.16-09.03.08:986][  0]LogWindows: EnumDisplayDevices:
[2018.07.16-09.03.08:986][  0]LogWindows:    0. 'Intel(R) HD Graphics 620' (P:1 D:1)
[2018.07.16-09.03.08:986][  0]LogWindows:    1. 'Intel(R) HD Graphics 620' (P:0 D:0)
[2018.07.16-09.03.08:987][  0]LogWindows:    2. 'Intel(R) HD Graphics 620' (P:0 D:0)
[2018.07.16-09.03.08:987][  0]LogWindows: DebugString: GetVideoDriverDetailsInvalid PrimaryIsNotTheChoosenAdapter GetVideoDriverDetailsInvalid PrimaryIsNotTheChoosenAdapter GetVideoDriverDetailsInvalid PrimaryIsNotTheChoosenAdapter FoundDriverCount:0 
[2018.07.16-09.03.08:987][  0]LogD3D11RHI:     Adapter Name: Intel(R) HD Graphics 620
[2018.07.16-09.03.08:987][  0]LogD3D11RHI:   Driver Version: Unknown (internal:Unknown, unified:Unknown)
[2018.07.16-09.03.08:987][  0]LogD3D11RHI:      Driver Date: Unknown
[2018.07.16-09.03.08:987][  0]LogRHI: Texture pool is 1502 MB (70% of 2146 MB)
[2018.07.16-09.03.08:993][  0]LogD3D11RHI: Async texture creation enabled
[2018.07.16-09.03.08:999][  0]LogD3D11RHI: GPU Timing Frequency: 12.000000 (Debug: 2 0)
[2018.07.16-09.03.09:000][  0]LogShaderCompilers: Guid format shader working directory is -65 characters bigger than the processId version (../../../../../../Users/Shweta/Documents/GitHub/theshwetapatil/Epic-Approved-UE4-Certification-UE4/ArchVisDemoV2/Intermediate/Shaders/WorkingDirectory/8528/).
[2018.07.16-09.03.09:000][  0]LogShaderCompilers: Cleaned the shader compiler working directory 'C:/Users/Shweta/AppData/Local/Temp/UnrealShaderWorkingDir/747138FF4AFA975AD88B939EE05CDFA2/'.
[2018.07.16-09.03.09:242][  0]LogTemp: Display: Loaded TP AllDesktopTargetPlatform
[2018.07.16-09.03.09:256][  0]LogTemp: Display: Loaded TP MacClientTargetPlatform
[2018.07.16-09.03.09:268][  0]LogTemp: Display: Loaded TP MacNoEditorTargetPlatform
[2018.07.16-09.03.09:281][  0]LogTemp: Display: Loaded TP MacServerTargetPlatform
[2018.07.16-09.03.09:294][  0]LogTemp: Display: Loaded TP MacTargetPlatform
[2018.07.16-09.03.09:306][  0]LogTemp: Display: Loaded TP WindowsClientTargetPlatform
[2018.07.16-09.03.09:319][  0]LogTemp: Display: Loaded TP WindowsNoEditorTargetPlatform
[2018.07.16-09.03.09:332][  0]LogTemp: Display: Loaded TP WindowsServerTargetPlatform
[2018.07.16-09.03.09:338][  0]LogTemp: Display: Loaded TP WindowsTargetPlatform
[2018.07.16-09.03.09:351][  0]LogTemp: Display: Loaded TP Android_ASTCTargetPlatform
[2018.07.16-09.03.09:363][  0]LogTemp: Display: Loaded TP Android_ATCTargetPlatform
[2018.07.16-09.03.09:374][  0]LogTemp: Display: Loaded TP Android_DXTTargetPlatform
[2018.07.16-09.03.09:386][  0]LogTemp: Display: Loaded TP Android_ETC1aTargetPlatform
[2018.07.16-09.03.09:397][  0]LogTemp: Display: Loaded TP Android_ETC1TargetPlatform
[2018.07.16-09.03.09:408][  0]LogTemp: Display: Loaded TP Android_ETC2TargetPlatform
[2018.07.16-09.03.09:432][  0]LogTemp: Display: Loaded TP Android_MultiTargetPlatform
[2018.07.16-09.03.09:432][  0]LogTemp: Display: Loaded TP Android_PVRTCTargetPlatform
[2018.07.16-09.03.09:443][  0]LogTemp: Display: Loaded TP AndroidTargetPlatform
[2018.07.16-09.03.09:444][  0]LogTemp: Display: Loaded TP HTML5TargetPlatform
[2018.07.16-09.03.09:480][  0]LogTemp: Display: Loaded TP IOSTargetPlatform
[2018.07.16-09.03.09:491][  0]LogTemp: Display: Loaded TP TVOSTargetPlatform
[2018.07.16-09.03.09:503][  0]LogTemp: Display: Loaded TP LinuxClientTargetPlatform
[2018.07.16-09.03.09:514][  0]LogTemp: Display: Loaded TP LinuxNoEditorTargetPlatform
[2018.07.16-09.03.09:526][  0]LogTemp: Display: Loaded TP LinuxServerTargetPlatform
[2018.07.16-09.03.09:536][  0]LogTemp: Display: Loaded TP LinuxTargetPlatform
[2018.07.16-09.03.09:536][  0]LogTargetPlatformManager: Display: Building Assets For Windows
[2018.07.16-09.03.09:636][  0]LogXGEController: Cannot use XGE Controller as Incredibuild is not installed on this machine.
[2018.07.16-09.03.09:636][  0]LogShaderCompilers: Cannot use XGE Shader Compiler as Incredibuild is not installed on this machine.
[2018.07.16-09.03.09:636][  0]LogShaderCompilers: Display: Using Local Shader Compiler.
[2018.07.16-09.03.10:278][  0]LogDerivedDataCache: Display: Max Cache Size: 512 MB
[2018.07.16-09.03.10:357][  0]LogDerivedDataCache: Loaded boot cache 0.08s 74MB C:/Users/Shweta/AppData/Local/UnrealEngine/4.19/DerivedDataCache/Boot.ddc.
[2018.07.16-09.03.10:357][  0]LogDerivedDataCache: Display: Loaded Boot cache: C:/Users/Shweta/AppData/Local/UnrealEngine/4.19/DerivedDataCache/Boot.ddc
[2018.07.16-09.03.10:357][  0]LogDerivedDataCache: FDerivedDataBackendGraph:  Pak pak cache file ../../../../../../Users/Shweta/Documents/GitHub/theshwetapatil/Epic-Approved-UE4-Certification-UE4/ArchVisDemoV2/DerivedDataCache/DDC.ddp not found, will not use a pak cache.
[2018.07.16-09.03.10:357][  0]LogDerivedDataCache: Unable to find inner node Pak for hierarchical cache Hierarchy.
[2018.07.16-09.03.10:357][  0]LogDerivedDataCache: FDerivedDataBackendGraph:  CompressedPak pak cache file ../../../../../../Users/Shweta/Documents/GitHub/theshwetapatil/Epic-Approved-UE4-Certification-UE4/ArchVisDemoV2/DerivedDataCache/Compressed.ddp not found, will not use a pak cache.
[2018.07.16-09.03.10:357][  0]LogDerivedDataCache: Unable to find inner node CompressedPak for hierarchical cache Hierarchy.
[2018.07.16-09.03.10:371][  0]LogDerivedDataCache: Display: Pak cache opened for reading ../../../Engine/DerivedDataCache/Compressed.ddp.
[2018.07.16-09.03.10:384][  0]LogDerivedDataCache: Using Local data cache path C:/Users/Shweta/AppData/Local/UnrealEngine/Common/DerivedDataCache: Writable
[2018.07.16-09.03.10:384][  0]LogDerivedDataCache: Shared data cache path not found in *engine.ini, will not use an Shared cache.
[2018.07.16-09.03.10:384][  0]LogDerivedDataCache: Unable to find inner node Shared for hierarchical cache Hierarchy.
[2018.07.16-09.03.10:396][  0]LogMaterial: Verifying Global Shaders for PCD3D_SM5
[2018.07.16-09.03.10:397][  0]LogSlate: Using Freetype 2.6.0
[2018.07.16-09.03.10:397][  0]LogSlate: SlateFontCache - WITH_FREETYPE: 1, WITH_HARFBUZZ: 1
[2018.07.16-09.03.10:397][  0]LogSlate: SlateFontCache - WITH_FREETYPE: 1, WITH_HARFBUZZ: 1
[2018.07.16-09.03.10:507][  0]LogAssetRegistry: FAssetRegistry took 0.0258 seconds to start up
[2018.07.16-09.03.10:790][  0]LogInit: Selected Device Profile: [Windows]
[2018.07.16-09.03.10:931][  0]LogSimplygon: Simplygon DLL not present - disabling.
[2018.07.16-09.03.10:933][  0]LogMeshReduction: Using SimplygonSwarm for distributed automatic mesh merging
[2018.07.16-09.03.10:933][  0]LogMeshReduction: Using QuadricMeshReduction for automatic static mesh reduction
[2018.07.16-09.03.10:933][  0]LogMeshReduction: No automatic skeletal mesh reduction module available
[2018.07.16-09.03.10:933][  0]LogMeshReduction: No automatic mesh merging module available
[2018.07.16-09.03.10:933][  0]LogMeshMerging: No automatic mesh merging module available
[2018.07.16-09.03.10:962][  0]LogNetVersion: ArchVisDemo , NetCL: 3944462, EngineNetVer: 2, GameNetVer: 0 (Checksum: 677477482)
[2018.07.16-09.03.11:408][  0]LogPackageLocalizationCache: Processed 9 localized package path(s) for 2 prioritized culture(s) in 0.078947 seconds
[2018.07.16-09.03.11:413][  0]LogUObjectArray: 36728 objects as part of root set at end of initial load.
[2018.07.16-09.03.11:413][  0]LogUObjectAllocator: 7314304 out of 0 bytes used by permanent object pool.
[2018.07.16-09.03.11:413][  0]LogUObjectArray: CloseDisregardForGC: 0/0 objects in disregard for GC pool
[2018.07.16-09.03.42:228][  0]LogTcpMessaging: Initializing TcpMessaging bridge
[2018.07.16-09.03.42:260][  0]LogUdpMessaging: Initializing bridge on interface 0.0.0.0:0 to multicast group 230.0.0.1:6666.
[2018.07.16-09.03.42:774][  0]SourceControl: Source control is disabled
[2018.07.16-09.03.42:774][  0]SourceControl: Source control is disabled
[2018.07.16-09.03.42:793][  0]SourceControl: Source control is disabled
[2018.07.16-09.03.42:813][  0]SourceControl: Source control is disabled
[2018.07.16-09.03.43:643][  0]LogAndroidPermission: UAndroidPermissionCallbackProxy::GetInstance
[2018.07.16-09.03.43:798][  0]LogOcInput: OculusInput pre-init called
[2018.07.16-09.03.44:113][  0]LogEngine: Initializing Engine...
[2018.07.16-09.03.44:115][  0]LogHMD: Failed to initialize OpenVR with code 110
[2018.07.16-09.03.44:118][  0]LogStats: UGameplayTagsManager::ConstructGameplayTagTree: Construct from data asset -  0.000 s
[2018.07.16-09.03.44:118][  0]LogStats: UGameplayTagsManager::ConstructGameplayTagTree: GameplayTagTreeChangedEvent.Broadcast -  0.000 s
[2018.07.16-09.03.44:440][  0]LogAIModule: Creating AISystem for world Untitled
[2018.07.16-09.03.44:496][  0]LogInit: XAudio2 using 'Speaker/HP (Realtek High Definition Audio)' : 2 channels at 48 kHz using 32 bits per sample (channel mask 0x3)
[2018.07.16-09.03.44:504][  0]LogInit: FAudioDevice initialized.
[2018.07.16-09.03.44:514][  0]LogDerivedDataCache: Error: Could not save memory cache C:/Users/Shweta/AppData/Local/UnrealEngine/4.19/DerivedDataCache/Boot.ddc.
[2018.07.16-09.03.44:529][  0]LogInit: Texture streaming: Enabled
[2018.07.16-09.03.44:549][  0]LogEngineSessionManager: EngineSessionManager initialized
[2018.07.16-09.03.44:549][  0]LogEngineSessionManager: EngineSessionManager sent abnormal shutdown report. Type=Crashed, SessionId={0B01272D-4007-8E29-0964-EEB9EA3A99C8}
[2018.07.16-09.03.44:563][  0]LogInit: Transaction tracking system initialized
[2018.07.16-09.03.44:585][  0]BlueprintLog: New page: Editor Load
[2018.07.16-09.03.44:655][  0]LocalizationService: Localization service is disabled
[2018.07.16-09.03.44:813][  0]LogConsoleResponse: Display: 
[2018.07.16-09.03.44:987][  0]LogCook: Display: Max memory allowance for cook 16384mb min free memory 0mb
[2018.07.16-09.03.44:987][  0]LogCook: Display: Mobile HDR setting 1
[2018.07.16-09.03.44:987][  0]LogGameplayTags: Display: UGameplayTagsManager::DoneAddingNativeTags. DelegateIsBound: 0
[2018.07.16-09.03.44:987][  0]LogStats: UGameplayTagsManager::ConstructGameplayTagTree: Construct from data asset -  0.000 s
[2018.07.16-09.03.44:987][  0]LogStats: UGameplayTagsManager::ConstructGameplayTagTree: GameplayTagTreeChangedEvent.Broadcast -  0.000 s
[2018.07.16-09.03.45:968][  0]LogFileCache: Scanning file cache for directory 'C:/Users/Shweta/Documents/GitHub/theshwetapatil/Epic-Approved-UE4-Certification-UE4/ArchVisDemoV2/Content/' took 0.02s
[2018.07.16-09.03.45:980][  0]SourceControl: Source control is disabled
[2018.07.16-09.03.46:148][  0]LogWindowsTextInputMethodSystem: Display: IME system now deactivated.
[2018.07.16-09.03.46:149][  0]LogSlate: Took 0.000228 seconds to synchronously load lazily loaded font '../../../Engine/Content/Slate/Fonts/Roboto-Regular.ttf' (155K)
[2018.07.16-09.04.00:061][  0]LogSlate: Window 'Restore Packages' being destroyed
[2018.07.16-09.04.00:061][  0]LogWindowsTextInputMethodSystem: Display: IME system now deactivated.
[2018.07.16-09.04.00:064][  0]LogWindowsTextInputMethodSystem: Display: IME system now deactivated.
[2018.07.16-09.04.16:321][  0]LogSlate: Window 'Unable to Check Out From Source Control!' being destroyed
[2018.07.16-09.04.16:322][  0]LogWindowsTextInputMethodSystem: Display: IME system now deactivated.
[2018.07.16-09.04.16:324][  0]LogWindowsTextInputMethodSystem: Display: IME system now deactivated.
[2018.07.16-09.04.16:346][  0]Cmd: MAP LOAD FILE="../../../Engine/Content/Maps/Templates/Template_Default.umap" TEMPLATE=1 SHOWPROGRESS=1 FEATURELEVEL=3
[2018.07.16-09.04.16:346][  0]LightingResults: New page: Lighting Build
[2018.07.16-09.04.16:350][  0]MapCheck: New page: Map Check
[2018.07.16-09.04.16:350][  0]LightingResults: New page: Lighting Build
[2018.07.16-09.04.16:553][  0]LogAIModule: Creating AISystem for world Untitled_1
[2018.07.16-09.04.16:560][  0]LogEditorServer: Finished looking for orphan Actors (0.000 secs)
[2018.07.16-09.04.16:593][  0]Cmd: MAP CHECKDEP NOCLEARLOG
[2018.07.16-09.04.16:652][  0]MapCheck: Map check complete: 0 Error(s), 0 Warning(s), took 58.306ms to complete.
[2018.07.16-09.04.16:652][  0]LogFileHelpers: Loading map 'Template_Default' took 0.306
[2018.07.16-09.04.16:895][  0]LogStats: Warning: MetaData mismatch. Did you assign a stat to two groups? New //STATGROUP_Threads//SplashScreenThread///Thread_37fc_0///####STATCAT_Advanced#### old //STATGROUP_Threads//SplashScreenThread///Thread_2c6c_0///####STATCAT_Advanced####
[2018.07.16-09.04.16:895][  0]LogCollectionManager: Loaded 0 collections in 0.001773 seconds
[2018.07.16-09.04.16:935][  0]LogFileCache: Scanning file cache for directory 'C:/Users/Shweta/Documents/GitHub/theshwetapatil/Epic-Approved-UE4-Certification-UE4/ArchVisDemoV2/Saved/Collections/' took 0.01s
[2018.07.16-09.04.16:935][  0]LogFileCache: Scanning file cache for directory 'C:/Users/Shweta/Documents/GitHub/theshwetapatil/Epic-Approved-UE4-Certification-UE4/ArchVisDemoV2/Content/Developers/Shweta/Collections/' took 0.01s
[2018.07.16-09.04.16:935][  0]LogFileCache: Scanning file cache for directory 'C:/Users/Shweta/Documents/GitHub/theshwetapatil/Epic-Approved-UE4-Certification-UE4/ArchVisDemoV2/Content/Collections/' took 0.01s
[2018.07.16-09.04.16:935][  0]LogCollectionManager: Rebuilt the GUID cache for 0 collections in 0.000000 seconds
[2018.07.16-09.04.16:947][  0]LogContentBrowser: Native class hierarchy populated in 0.0114 seconds. Added 2452 classes and 558 folders.
[2018.07.16-09.04.16:960][  0]LogContentBrowser: Native class hierarchy updated for 'WidgetCarousel' in 0.0004 seconds. Added 0 classes and 0 folders.
[2018.07.16-09.04.17:733][  0]LogContentBrowser: Native class hierarchy updated for 'AddContentDialog' in 0.0007 seconds. Added 0 classes and 0 folders.
[2018.07.16-09.04.17:748][  0]LogContentBrowser: Native class hierarchy updated for 'SceneOutliner' in 0.0007 seconds. Added 1 classes and 2 folders.
[2018.07.16-09.04.17:785][  0]LogSlate: Took 0.000388 seconds to synchronously load lazily loaded font '../../../Engine/Content/Slate/Fonts/Roboto-Bold.ttf' (160K)
[2018.07.16-09.04.17:868][  0]LogSlate: Took 0.068015 seconds to synchronously load lazily loaded font '../../../Engine/Content/Editor/Slate/Fonts/FontAwesome.ttf' (139K)
[2018.07.16-09.04.17:999][  0]LogRenderer: Reallocating scene render targets to support 796x372 Format 10 NumSamples 1 (Frame:1).
[2018.07.16-09.04.18:607][  0]LogContentBrowser: Native class hierarchy updated for 'HierarchicalLODOutliner' in 0.0002 seconds. Added 0 classes and 0 folders.
[2018.07.16-09.04.18:607][  0]LogLoad: (Engine Initialization) Total time: 72.80 seconds
[2018.07.16-09.04.18:607][  0]LogLoad: (Engine Initialization) Total Blueprint compile time: 0.00 seconds
[2018.07.16-09.04.18:628][  0]LogEditorViewport: Clicking on Actor (LMB): StaticMeshActor (Floor)
[2018.07.16-09.04.18:971][  0]LogContentStreaming: Texture pool size now 1000 MB
[2018.07.16-09.04.19:376][  2]LogAssetRegistry: Asset discovery search completed in 68.8909 seconds
[2018.07.16-09.04.19:385][  2]LogCollectionManager: Rebuilt the object cache for 0 collections in 0.000003 seconds (found 0 objects)
[2018.07.16-09.04.19:386][  2]LogCollectionManager: Fixed up redirectors for 0 collections in 0.000439 seconds (updated 0 objects)
[2018.07.16-09.04.22:298][103]LogSlate: FSceneViewport::OnFocusLost() reason 2
[2018.07.16-09.04.23:033][146]LogSlate: Took 0.000291 seconds to synchronously load lazily loaded font '../../../Engine/Content/Slate/Fonts/Roboto-Light.ttf' (167K)
[2018.07.16-09.04.26:806][359]LogSlate: FSceneViewport::OnFocusLost() reason 2
[2018.07.16-09.04.28:775][418]Cmd: MAP LOAD FILE="../../../../../../Users/Shweta/Documents/GitHub/theshwetapatil/Epic-Approved-UE4-Certification-UE4/ArchVisDemoV2/Content/Maps/_room.umap" TEMPLATE=0 SHOWPROGRESS=1 FEATURELEVEL=3
[2018.07.16-09.04.28:783][418]LogSlate: Took 0.000254 seconds to synchronously load lazily loaded font '../../../Engine/Content/Slate/Fonts/Roboto-Light.ttf' (167K)
[2018.07.16-09.04.28:815][418]LightingResults: New page: Lighting Build
[2018.07.16-09.04.28:817][418]LoadErrors: New page: Loading map: _room.umap
[2018.07.16-09.04.28:820][418]MapCheck: New page: Map Check
[2018.07.16-09.04.28:820][418]LightingResults: New page: Lighting Build
[2018.07.16-09.04.31:906][418]LogAIModule: Creating AISystem for world _room
[2018.07.16-09.04.31:917][418]LogEditorServer: Finished looking for orphan Actors (0.000 secs)
[2018.07.16-09.04.32:063][418]Cmd: MAP CHECKDEP NOCLEARLOG
[2018.07.16-09.04.32:123][418]MapCheck: Map check complete: 0 Error(s), 0 Warning(s), took 59.617ms to complete.
[2018.07.16-09.04.32:123][418]LogFileHelpers: Loading map '_room' took 3.349
[2018.07.16-09.04.32:125][418]LogSlate: Window 'Open Level' being destroyed
[2018.07.16-09.04.37:873][552]LogSlate: FSceneViewport::OnFocusLost() reason 2
[2018.07.16-09.04.39:472][647]MapCheck: New page: Map Check
[2018.07.16-09.04.39:482][647]LogSlate: FSceneViewport::OnFocusLost() reason 2
[2018.07.16-09.04.39:485][647]Cmd: MAP REBUILD ALLVISIBLE
[2018.07.16-09.04.39:485][647]LogEditorServer: Rebuildmap Clear paths rebuilt
[2018.07.16-09.04.39:668][647]LightingResults: New page: Lighting Build - Jul 16, 2018, 8:04:39 PM
[2018.07.16-09.04.40:252][647]LogSwarmInterface: [OpenConnection] Registering TCP channel ...
[2018.07.16-09.04.41:321][647]LogSwarmInterface: [OpenConnection] Connecting to agent ...
[2018.07.16-09.04.42:010][647]LogSwarmInterface: [TryOpenConnection] Testing the Agent
[2018.07.16-09.04.47:470][647]LogSwarmInterface: Error: [TryOpenConnection] Waiting for the agent to start up ...
[2018.07.16-09.04.47:772][647]LogSwarmInterface: Error: System.Net.Sockets.SocketException (0x80004005): No connection could be made because the target machine actively refused it 127.0.0.1:8008

Server stack trace: 
   at System.Net.Sockets.Socket.DoConnect(EndPoint endPointSnapshot, SocketAddress socketAddress)
   at System.Net.Sockets.Socket.Connect(EndPoint remoteEP)
   at System.Runtime.Remoting.Channels.RemoteConnection.CreateNewSocket(EndPoint ipEndPoint)
   at System.Runtime.Remoting.Channels.SocketCache.GetSocket(String machinePortAndSid, Boolean openNew)
   at System.Runtime.Remoting.Channels.Tcp.TcpClientTransportSink.SendRequestWithRetry(IMessage msg, ITransportHeaders requestHeaders, Stream requestStream)
   at System.Runtime.Remoting.Channels.Tcp.TcpClientTransportSink.AsyncProcessRequest(IClientChannelSinkStack sinkStack, IMessage msg, ITransportHeaders headers, Stream stream)
   at System.Runtime.Remoting.Channels.BinaryClientFormatterSink.AsyncProcessMessage(IMessage msg, IMessageSink replySink)

Exception rethrown at [0]: 
   at System.Runtime.Remoting.Proxies.RealProxy.HandleReturnMessage(IMessage reqMsg, IMessage retMsg)
   at System.Runtime.Remoting.Proxies.RealProxy.PrivateInvoke(MessageData& msgData, Int32 type)
   at NSwarm.IAgentInterfaceWrapper.MethodDelegate.EndInvoke(Hashtable& OutParameters, IAsyncResult result)
   at NSwarm.FSwarmInterface.TryOpenConnection(FConnectionCallback CallbackFunc, IntPtr CallbackData, ELogFlags LoggingFlags)
[2018.07.16-09.04.53:589][647]LogSwarmInterface: [TryOpenConnection] Opening Connection to Agent
[2018.07.16-09.04.53:590][647]LogSwarmInterface: [TryOpenConnection] Local Process ID is 8528
[2018.07.16-09.05.04:891][647]LogStaticLightingSystem: Warning: No importance volume found, so the scene bounding box was used.  You can optimize your scene's quality and lighting build times by adding importance volumes.
[2018.07.16-09.05.04:891][647]LogStaticLightingSystem: Running Lightmass w/ ImmediateImport mode ENABLED
[2018.07.16-09.05.04:892][647]LogStaticLightingSystem: Running Lightmass w/ ImmediateProcess mode ENABLED
[2018.07.16-09.05.04:892][647]LogStaticLightingSystem: Running Lightmass w/ Sorting mode ENABLED
[2018.07.16-09.05.04:892][647]LogStaticLightingSystem: Running Lightmass w/ Mapping paddings ENABLED
[2018.07.16-09.05.04:892][647]LogStaticLightingSystem: Running Lightmass w/ Mapping debug paddings DISABLED
[2018.07.16-09.05.06:219][647]LogEditorBuildUtils: Build time 0:26
[2018.07.16-09.05.06:257][647]LogMaterial: Missing cached shader map for material FLightmassMaterialRenderer M_Painting_3, compiling. 
[2018.07.16-09.05.06:268][647]LogShaderCompilers: Display: Shaders left to compile 2
[2018.07.16-09.05.06:268][647]LogMaterial: Missing cached shader map for material FLightmassMaterialRenderer M_Painting_3, compiling. 
[2018.07.16-09.05.06:290][648]LogMaterial: Missing cached shader map for material FLightmassMaterialRenderer M_Curtain_MAT_Inst, compiling. 
[2018.07.16-09.05.06:316][648]LogMaterial: Missing cached shader map for material FLightmassMaterialRenderer M_Curtain_MAT_Inst, compiling. 
[2018.07.16-09.05.07:946][650]LogShaderCompilers: Display: Shaders left to compile 6
[2018.07.16-09.05.11:819][666]LogSlate: FSceneViewport::OnFocusLost() reason 2
[2018.07.16-09.05.14:007][776]LogSlate: FSceneViewport::OnFocusLost() reason 2
[2018.07.16-09.05.32:337][286]LogEditorViewport: Clicking on Actor (LMB): StaticMeshActor (SM_Curtain2)
[2018.07.16-09.05.37:686][420]LogEditorViewport: Clicking on Actor (CTRL LMB): StaticMeshActor (SM_Curtain)
[2018.07.16-09.05.39:974][477]LogSlate: FSceneViewport::OnFocusLost() reason 2
[2018.07.16-09.05.49:064][793]Job is a success!
[2018.07.16-09.05.49:192][794]LogEditorTransaction: Non zero active count in UTransBuffer::Reset
ActiveCount : 1
SessionName : 
Reason      : Applying Lighting

Purging the undo buffer...

[2018.07.16-09.05.49:263][794]LogSlate: FSceneViewport::OnFocusLost() reason 2
[2018.07.16-09.05.49:513][794]LogVolumetricLightmapImport: Imported Volumetric Lightmap in 0.050s
[2018.07.16-09.05.49:513][794]LogVolumetricLightmapImport:      Indirection Texture 16x16x16 = 0.0Mb
[2018.07.16-09.05.49:513][794]LogVolumetricLightmapImport:      BrickData 50x5x5 = 0.0Mb
[2018.07.16-09.05.49:513][794]LogVolumetricLightmapImport:      Bricks at Level
[2018.07.16-09.05.49:513][794]LogVolumetricLightmapImport:          0: 10.0% covering 100.0% of volume
[2018.07.16-09.05.49:513][794]LogVolumetricLightmapImport:          1: 10.0% covering 1.6% of volume
[2018.07.16-09.05.49:513][794]LogVolumetricLightmapImport:          2: 80.0% covering 0.2% of volume
[2018.07.16-09.05.51:439][794]LogTexture: Display: Building textures: HQ_Lightmap0_1 (AutoDXT, 1024X1024)
[2018.07.16-09.05.51:439][794]LogTexture: Display: Building textures: LQ_Lightmap_0_1 (DXT1, 1024X1024)
[2018.07.16-09.05.51:439][794]LogTexture: Display: Building textures: HQ_Lightmap0_2 (AutoDXT, 256X256)
[2018.07.16-09.05.51:439][794]LogTexture: Display: Building textures: LQ_Lightmap_0_2 (DXT1, 256X256)
[2018.07.16-09.05.51:641][794]LogTexture: Display: Building textures: ShadowMapTexture2D_1 (BGRA8, 128X128)
[2018.07.16-09.05.51:641][794]LogTexture: Display: Building textures: ShadowMapTexture2D_0 (BGRA8, 1024X512)
[2018.07.16-09.05.52:442][794]Lightmass on LAPTOP-SNI5BBA7: 40.5 sec total, 2.88 sec importing, 286 ms setup, 3.09 sec photons, 34.1 sec processing, 0 ms extra exporting [64/64 mappings]. Threads: 2:16 min total, 1:30 min processing.
[2018.07.16-09.05.52:558][794]LogStaticLightingSystem: Illumination: 1:12 min (1.48 sec encoding lightmaps, 199 ms encoding shadowmaps)
[2018.07.16-09.05.52:558][794]LogStaticLightingSystem: Lightmap texture memory:  2.1 MB (2.0 MB streaming, 0.1 MB non-streaming), 4 textures
[2018.07.16-09.05.52:558][794]LogStaticLightingSystem: Shadowmap texture memory: 2.8 MB (2.7 MB streaming, 0.1 MB non-streaming), 2 textures
[2018.07.16-09.05.53:056][794]DumpUnbuiltLightIteractions
[2018.07.16-09.05.53:056][794]Lights with unbuilt interactions: 0
[2018.07.16-09.05.53:056][794]
[2018.07.16-09.05.53:056][794]Primitives with unbuilt interactions: 0
[2018.07.16-09.05.53:075][794]LogSlate: FSceneViewport::OnFocusLost() reason 2
[2018.07.16-09.05.53:104][795]Cmd: MAP CHECK NOTIFYRESULTS
[2018.07.16-09.05.53:104][795]MapCheck: New page: _room - Jul 16, 2018, 8:05:53 PM
[2018.07.16-09.05.53:565][795]MapCheck: Map check complete: 0 Error(s), 0 Warning(s), took 459.765ms to complete.
[2018.07.16-09.05.59:475][976]LogSlate: FSceneViewport::OnFocusLost() reason 0
[2018.07.16-09.06.07:247][260]LogSlate: FSceneViewport::OnFocusLost() reason 0
[2018.07.16-09.06.20:668][785]Cmd: TRANSACTION UNDO
[2018.07.16-09.06.20:669][785]LogEditorTransaction: Undo Scale Actors
[2018.07.16-09.06.25:680][ 15]LogSlate: FSceneViewport::OnFocusLost() reason 0
[2018.07.16-09.06.37:948][519]LogSlate: FSceneViewport::OnFocusLost() reason 0
[2018.07.16-09.06.54:330][150]LogSlate: FSceneViewport::OnFocusLost() reason 0
[2018.07.16-09.07.29:028][667]LogSavePackage: Save=38.10ms
[2018.07.16-09.07.29:028][667]LogSavePackage: Moving '../../../../../../Users/Shweta/Documents/GitHub/theshwetapatil/Epic-Approved-UE4-Certification-UE4/ArchVisDemoV2/Saved/_room943537244B4D06A1D952D2B87DEB074B.tmp' to '../../../../../../Users/Shweta/Documents/GitHub/theshwetapatil/Epic-Approved-UE4-Certification-UE4/ArchVisDemoV2/Content/Maps/_room.umap'
[2018.07.16-09.07.29:031][667]LogSavePackage: Display: Finished SavePackage ../../../../../../Users/Shweta/Documents/GitHub/theshwetapatil/Epic-Approved-UE4-Certification-UE4/ArchVisDemoV2/Content/Maps/_room.umap
[2018.07.16-09.07.29:592][667]LogSavePackage: Save=470.12ms
[2018.07.16-09.07.29:592][667]LogSavePackage: Moving '../../../../../../Users/Shweta/Documents/GitHub/theshwetapatil/Epic-Approved-UE4-Certification-UE4/ArchVisDemoV2/Saved/_room_BuiltData2043099F4B7BF0546B01AE8C326C9BAE.tmp' to '../../../../../../Users/Shweta/Documents/GitHub/theshwetapatil/Epic-Approved-UE4-Certification-UE4/ArchVisDemoV2/Content/Maps/_room_BuiltData.uasset'
[2018.07.16-09.07.29:602][667]LogSavePackage: Display: Finished SavePackage ../../../../../../Users/Shweta/Documents/GitHub/theshwetapatil/Epic-Approved-UE4-Certification-UE4/ArchVisDemoV2/Content/Maps/_room_BuiltData.uasset
[2018.07.16-09.07.43:302][108]LogSlate: FSceneViewport::OnFocusLost() reason 0
[2018.07.16-09.08.02:245][671]LogSlate: FSceneViewport::OnFocusLost() reason 0
[2018.07.16-09.08.12:424][ 29]LogSlate: FSceneViewport::OnFocusLost() reason 0
[2018.07.16-09.08.22:193][488]LogSlate: FSceneViewport::OnFocusLost() reason 2
[2018.07.16-09.08.23:003][529]LogSlate: FSceneViewport::OnFocusLost() reason 2
[2018.07.16-09.08.23:896][582]LogSlate: FSceneViewport::OnFocusLost() reason 2
[2018.07.16-09.08.27:997][723]LogSlate: FSceneViewport::OnFocusLost() reason 0
[2018.07.16-09.08.40:363][181]LogSavePackage: Save=43.13ms
[2018.07.16-09.08.40:363][181]LogSavePackage: Moving '../../../../../../Users/Shweta/Documents/GitHub/theshwetapatil/Epic-Approved-UE4-Certification-UE4/ArchVisDemoV2/Saved/_roomC1F10EDC4E603BD8DC217DB93892DF08.tmp' to '../../../../../../Users/Shweta/Documents/GitHub/theshwetapatil/Epic-Approved-UE4-Certification-UE4/ArchVisDemoV2/Content/Maps/_room.umap'
[2018.07.16-09.08.40:366][181]LogSavePackage: Display: Finished SavePackage ../../../../../../Users/Shweta/Documents/GitHub/theshwetapatil/Epic-Approved-UE4-Certification-UE4/ArchVisDemoV2/Content/Maps/_room.umap
[2018.07.16-09.08.40:839][181]LogSavePackage: Save=443.27ms
[2018.07.16-09.08.40:839][181]LogSavePackage: Moving '../../../../../../Users/Shweta/Documents/GitHub/theshwetapatil/Epic-Approved-UE4-Certification-UE4/ArchVisDemoV2/Saved/_room_BuiltData5A36938F4D4D6B42C7E5C991F185166F.tmp' to '../../../../../../Users/Shweta/Documents/GitHub/theshwetapatil/Epic-Approved-UE4-Certification-UE4/ArchVisDemoV2/Content/Maps/_room_BuiltData.uasset'
[2018.07.16-09.08.40:840][181]LogSavePackage: Display: Finished SavePackage ../../../../../../Users/Shweta/Documents/GitHub/theshwetapatil/Epic-Approved-UE4-Certification-UE4/ArchVisDemoV2/Content/Maps/_room_BuiltData.uasset
[2018.07.16-09.08.55:425][545]LogSlate: FSceneViewport::OnFocusLost() reason 0
[2018.07.16-09.09.22:127][490]LogSlate: FSceneViewport::OnFocusLost() reason 0
[2018.07.16-09.10.14:130][655]LogSlate: FSceneViewport::OnFocusLost() reason 0
[2018.07.16-09.10.31:935][710]LogSlate: FSceneViewport::OnFocusLost() reason 0
[2018.07.16-09.10.46:325][568]LogEditorViewport: Clicking Background
[2018.07.16-09.10.48:733][712]LogSlate: FSceneViewport::OnFocusLost() reason 0
[2018.07.16-09.10.55:844][137]LogSlate: FSceneViewport::OnFocusLost() reason 0
[2018.07.16-09.11.50:628][504]LogSlate: FSceneViewport::OnFocusLost() reason 2
[2018.07.16-09.12.01:179][104]LogSlate: FSceneViewport::OnFocusLost() reason 2
[2018.07.16-09.12.26:400][607]LogEditorViewport: Clicking Background
[2018.07.16-09.12.27:263][658]LogEditorViewport: Clicking Background
[2018.07.16-09.12.28:627][739]LogEditorViewport: Clicking on Actor (LMB): Brush (Balcony)
[2018.07.16-09.12.42:874][574]LogSlate: FSceneViewport::OnFocusLost() reason 0
[2018.07.16-09.12.56:909][408]LogSlate: FSceneViewport::OnFocusLost() reason 2
[2018.07.16-09.13.28:637][436]LogEditorViewport: Clicking Background
[2018.07.16-09.13.32:286][558]LogSlate: FSceneViewport::OnFocusLost() reason 2
[2018.07.16-09.13.40:570][ 54]LogSlate: FSceneViewport::OnFocusLost() reason 2
[2018.07.16-09.13.51:885][584]LogSlate: FSceneViewport::OnFocusLost() reason 0
[2018.07.16-09.14.43:413][440]LogEditorActor: Deleted Actor: Brush
[2018.07.16-09.14.43:430][440]LogEditorActor: Deleted 1 Actors (0.079 secs)
[2018.07.16-09.14.46:074][535]LogStaticMesh: Building static mesh SM_Balcony...
[2018.07.16-09.14.46:086][535]LogStaticMesh: Built static mesh [0.03s] /Game/ArchVis/Mesh/SM_Balcony.SM_Balcony
[2018.07.16-09.14.46:163][536]LogActorFactory: Actor Factory created SM_Balcony
[2018.07.16-09.14.50:814][815]LogActorFactory: Actor Factory created SM_Balcony
[2018.07.16-09.14.53:290][906]LogSlate: FSceneViewport::OnFocusLost() reason 2
[2018.07.16-09.15.27:029][939]LogSlate: FSceneViewport::OnFocusLost() reason 2
[2018.07.16-09.15.30:505][145]LogSlate: FSceneViewport::OnFocusLost() reason 2
[2018.07.16-09.15.33:187][304]LogEditorViewport: Clicking Background
[2018.07.16-09.15.47:306][723]LogEditorViewport: Clicking on Actor (LMB): StaticMeshActor (SM_Balcony)
[2018.07.16-09.15.48:644][745]LogEditorViewport: Clicking on Actor (LMB): StaticMeshActor (SM_Balcony)
[2018.07.16-09.15.50:417][777]LogEditorViewport: Clicking on Actor (LMB): StaticMeshActor (SM_Balcony)
[2018.07.16-09.15.55:696][873]Cmd: TRANSACTION UNDO
[2018.07.16-09.15.55:696][873]LogEditorTransaction: Undo Move Actors
[2018.07.16-09.16.03:047][ 37]LogEditorViewport: Clicking on Actor (LMB): StaticMeshActor (SM_Balcony)
[2018.07.16-09.16.03:680][ 48]LogEditorViewport: Clicking on Actor (LMB): StaticMeshActor (SM_Balcony)
[2018.07.16-09.16.03:827][ 48]LogEditorViewport: Clicking on Component (LMB): StaticMeshComponent (StaticMeshComponent0)
[2018.07.16-09.16.06:317][ 95]LogEditorViewport: Clicking on Component (LMB): StaticMeshComponent (StaticMeshComponent0)
[2018.07.16-09.16.08:247][129]LogEditorViewport: Clicking on Component (LMB): StaticMeshComponent (StaticMeshComponent0)
[2018.07.16-09.16.19:459][278]LogSlate: FSceneViewport::OnFocusLost() reason 0
[2018.07.16-09.17.15:951][163]LogSlate: FSceneViewport::OnFocusLost() reason 0
[2018.07.16-09.18.01:759][809]LogSlate: FSceneViewport::OnFocusLost() reason 2
[2018.07.16-09.18.05:887][ 12]LogSlate: FSceneViewport::OnFocusLost() reason 2
[2018.07.16-09.18.20:767][499]LogEditorViewport: Clicking on Actor (LMB): StaticMeshActor (SM_SlidingDoors)
[2018.07.16-09.18.23:769][578]LogEditorViewport: Clicking on Actor (LMB): StaticMeshActor (SM_SlidingDoors)
[2018.07.16-09.18.33:765][853]LogEditorViewport: Clicking on Actor (LMB): StaticMeshActor (SM_Balcony)
[2018.07.16-09.18.43:009][113]LogSlate: FSceneViewport::OnFocusLost() reason 2
[2018.07.16-09.18.51:288][444]LogSlate: FSceneViewport::OnFocusLost() reason 0
[2018.07.16-09.19.36:361][135]LogEditorViewport: Clicking Background
[2018.07.16-09.19.43:158][396]LogEditorViewport: Clicking on Actor (LMB): StaticMeshActor (SM_Balcony)
[2018.07.16-09.19.44:987][447]LogSlate: FSceneViewport::OnFocusLost() reason 0
[2018.07.16-09.20.12:946][ 78]LogSlate: FSceneViewport::OnFocusLost() reason 0
[2018.07.16-09.21.12:921][218]LogTexture: Display: Building textures: T_Railing_AOMASK (DXT1, 2048X2048)
[2018.07.16-09.21.12:921][218]LogTexture: Display: Building textures: T_Railing_N (BC5, 2048X2048)
[2018.07.16-09.21.19:425][218]LogTexture: Display: Building textures: T_Galvanized_D (DXT1, 2048X2048)
[2018.07.16-09.21.19:425][218]LogTexture: Display: Building textures: T_Galvanized_N (BC5, 2048X2048)
[2018.07.16-09.21.19:425][218]LogTexture: Display: Building textures: T_Galvanized_M (DXT1, 2048X2048)
[2018.07.16-09.21.19:425][218]LogMaterial: Missing cached shader map for material M_Railing_MAT, compiling. 
[2018.07.16-09.21.19:478][218]LogStaticMesh: Building static mesh SM_Railing...
[2018.07.16-09.21.19:484][218]LogShaderCompilers: Display: Shaders left to compile 31
[2018.07.16-09.21.19:484][218]LogShaderCompilers: Display: Shaders left to compile 21
[2018.07.16-09.21.19:484][218]LogShaderCompilers: Display: Shaders left to compile 11
[2018.07.16-09.21.19:492][218]LogStaticMesh: Built static mesh [0.01s] /Game/ArchVis/Mesh/SM_Railing.SM_Railing
[2018.07.16-09.21.19:568][218]LogActorFactory: Actor Factory created SM_Railing
[2018.07.16-09.21.25:294][343]LogActorFactory: Actor Factory created SM_Railing
[2018.07.16-09.21.27:628][396]LogActorFactory: Actor Factory created SM_Railing
[2018.07.16-09.21.39:556][668]LogShaderCompilers: Display: Shaders left to compile 1
[2018.07.16-09.21.41:463][712]LogSlate: FSceneViewport::OnFocusLost() reason 0
[2018.07.16-09.21.52:638][979]LogSlate: FSceneViewport::OnFocusLost() reason 0
[2018.07.16-09.21.58:677][132]LogSlate: FSceneViewport::OnFocusLost() reason 2
[2018.07.16-09.22.56:682][422]LogSlate: FSceneViewport::OnFocusLost() reason 0
[2018.07.16-09.23.04:627][895]LogEditorViewport: Clicking on Actor (context menu): StaticMeshActor (SM_Railing3)
[2018.07.16-09.23.04:649][895]LogSlate: FSceneViewport::OnFocusLost() reason 2
[2018.07.16-09.23.12:313][340]Cmd: ACTOR MIRROR X=-1
[2018.07.16-09.23.17:176][527]Cmd: TRANSACTION UNDO
[2018.07.16-09.23.17:177][527]LogEditorTransaction: Undo Mirroring Actors
[2018.07.16-09.23.21:920][810]LogSlate: FSceneViewport::OnFocusLost() reason 2
[2018.07.16-09.23.26:106][953]LogEditorViewport: Clicking on Actor (LMB): StaticMeshActor (SM_Railing3)
[2018.07.16-09.23.26:836][970]LogEditorViewport: Clicking on Actor (context menu): StaticMeshActor (SM_Railing3)
[2018.07.16-09.23.26:933][970]LogSlate: FSceneViewport::OnFocusLost() reason 2
[2018.07.16-09.23.37:211][578]Cmd: ACTOR MIRROR X=-1
[2018.07.16-09.23.40:781][648]LogSlate: FSceneViewport::OnFocusLost() reason 2
[2018.07.16-09.24.02:879][961]LogEditorViewport: Clicking on Actor (LMB): StaticMeshActor (SM_Railing)
[2018.07.16-09.24.07:363][224]LogSlate: FSceneViewport::OnFocusLost() reason 0
[2018.07.16-09.24.14:032][623]LogEditorViewport: Clicking on Actor (LMB): StaticMeshActor (SM_Railing6)
[2018.07.16-09.24.21:659][ 76]LogSlate: FSceneViewport::OnFocusLost() reason 2
[2018.07.16-09.24.33:289][414]LogSlate: FSceneViewport::OnFocusLost() reason 2
[2018.07.16-09.24.42:106][941]LogSlate: FSceneViewport::OnFocusLost() reason 0
[2018.07.16-09.25.04:389][270]LogEditorViewport: Clicking Background
[2018.07.16-09.25.06:646][405]LogEditorViewport: Clicking on Actor (LMB): StaticMeshActor (SM_Railing6)
[2018.07.16-09.25.07:943][480]LogSlate: FSceneViewport::OnFocusLost() reason 0
[2018.07.16-09.25.14:809][886]LogSlate: FSceneViewport::OnFocusLost() reason 0
[2018.07.16-09.25.28:376][696]LogEditorViewport: Clicking on Actor (context menu): StaticMeshActor (SM_Railing7)
[2018.07.16-09.25.28:399][696]LogSlate: FSceneViewport::OnFocusLost() reason 2
[2018.07.16-09.25.35:484][116]Cmd: ACTOR MIRROR X=-1
[2018.07.16-09.25.42:536][494]LogSlate: FSceneViewport::OnFocusLost() reason 0
[2018.07.16-09.25.58:987][477]LogSlate: FSceneViewport::OnFocusLost() reason 0
[2018.07.16-09.26.08:998][ 72]LogEditorViewport: Clicking on Actor (LMB): StaticMeshActor (SM_Railing6)
[2018.07.16-09.26.22:491][873]LogEditorViewport: Clicking Background
[2018.07.16-09.26.26:557][116]LogSlate: FSceneViewport::OnFocusLost() reason 2
[2018.07.16-09.26.58:094][970]LogSlate: FSceneViewport::OnFocusLost() reason 2
[2018.07.16-09.27.02:289][221]LogSlate: FSceneViewport::OnFocusLost() reason 0
[2018.07.16-09.27.08:684][603]LogEditorActor: Deleted Actor: StaticMeshActor
[2018.07.16-09.27.08:697][603]LogEditorActor: Deleted 1 Actors (0.015 secs)
[2018.07.16-09.27.10:638][720]LogEditorViewport: Clicking on Actor (LMB): StaticMeshActor (SM_Railing9)
[2018.07.16-09.27.16:868][ 89]LogSlate: FSceneViewport::OnFocusLost() reason 2
[2018.07.16-09.27.47:840][920]LogSlate: FSceneViewport::OnFocusLost() reason 2
[2018.07.16-09.27.54:136][296]LogEditorViewport: Clicking on Actor (LMB): StaticMeshActor (SM_Railing8)
[2018.07.16-09.27.58:349][499]LogSlate: FSceneViewport::OnFocusLost() reason 0
[2018.07.16-09.28.03:268][793]LogEditorViewport: Clicking on Actor (LMB): StaticMeshActor (SM_Railing9)
[2018.07.16-09.28.07:447][828]LogD3D11RHI: Timed out while waiting for GPU to catch up. (0.5 s)
[2018.07.16-09.28.07:449][828]LogEditorViewport: Clicking on Actor (LMB): StaticMeshActor (SM_Railing9)
[2018.07.16-09.28.07:465][828]LogD3D11RHI: Error: Result failed 
 at D:\Build\++UE4+Release-4.19+Compile\Sync\Engine\Source\Runtime\Windows\D3D11RHI\Private\D3D11Viewport.cpp:303 
 with error DXGI_ERROR_DEVICE_REMOVED DXGI_ERROR_DEVICE_HUNG
[2018.07.16-09.28.07:465][828]LogWindows: Windows GetLastError: The operation completed successfully. (0)
[2018.07.16-09.28.10:816][828]LogWindows: Windows GetLastError: The operation completed successfully. (0)
[2018.07.16-09.28.10:816][828]LogWindows: Error: === Critical error: ===
[2018.07.16-09.28.10:816][828]LogWindows: Error: 
[2018.07.16-09.28.10:816][828]LogWindows: Error: Fatal error: [File:D:\Build\++UE4+Release-4.19+Compile\Sync\Engine\Source\Runtime\RenderCore\Private\RenderingThread.cpp] [Line: 819] 
[2018.07.16-09.28.10:816][828]LogWindows: Error: Rendering thread exception:
[2018.07.16-09.28.10:816][828]LogWindows: Error: Fatal error: [File:D:\Build\++UE4+Release-4.19+Compile\Sync\Engine\Source\Runtime\Windows\D3D11RHI\Private\D3D11Util.cpp] [Line: 182] 
[2018.07.16-09.28.10:816][828]LogWindows: Error: Unreal Engine is exiting due to D3D device being lost. (Error: 0x887A0006 - 'HUNG')
[2018.07.16-09.28.10:816][828]LogWindows: Error: 
[2018.07.16-09.28.10:816][828]LogWindows: Error: 
[2018.07.16-09.28.10:816][828]LogWindows: Error: [Callstack] 0x0000000018FCA388 KERNELBASE.dll!UnknownFunction []
[2018.07.16-09.28.10:816][828]LogWindows: Error: [Callstack] 0x0000000002437884 UE4Editor-ApplicationCore.dll!UnknownFunction []
[2018.07.16-09.28.10:816][828]LogWindows: Error: [Callstack] 0x00000000E69D6D9B UE4Editor-Core.dll!UnknownFunction []
[2018.07.16-09.28.10:816][828]LogWindows: Error: [Callstack] 0x00000000E6911949 UE4Editor-Core.dll!UnknownFunction []
[2018.07.16-09.28.10:816][828]LogWindows: Error: [Callstack] 0x00000000CDF6A0CF UE4Editor-D3D11RHI.dll!UnknownFunction []
[2018.07.16-09.28.10:816][828]LogWindows: Error: [Callstack] 0x00000000CDF6E5E0 UE4Editor-D3D11RHI.dll!UnknownFunction []
[2018.07.16-09.28.10:816][828]LogWindows: Error: [Callstack] 0x00000000CDF4D62A UE4Editor-D3D11RHI.dll!UnknownFunction []
[2018.07.16-09.28.10:816][828]LogWindows: Error: [Callstack] 0x00000000CDF4D58C UE4Editor-D3D11RHI.dll!UnknownFunction []
[2018.07.16-09.28.10:816][828]LogWindows: Error: [Callstack] 0x00000000CDF5AADF UE4Editor-D3D11RHI.dll!UnknownFunction []
[2018.07.16-09.28.10:816][828]LogWindows: Error: [Callstack] 0x00000000F439F0B6 UE4Editor-RHI.dll!UnknownFunction []
[2018.07.16-09.28.10:816][828]LogWindows: Error: [Callstack] 0x00000000CE6B1FF8 UE4Editor-SlateRHIRenderer.dll!UnknownFunction []
[2018.07.16-09.28.10:816][828]LogWindows: Error: [Callstack] 0x00000000CE6B7C4C UE4Editor-SlateRHIRenderer.dll!UnknownFunction []
[2018.07.16-09.28.10:816][828]LogWindows: Error: [Callstack] 0x00000000E67EB713 UE4Editor-Core.dll!UnknownFunction []
[2018.07.16-09.28.10:816][828]LogWindows: Error: [Callstack] 0x00000000E67EBD3A UE4Editor-Core.dll!UnknownFunction []
[2018.07.16-09.28.10:816][828]LogWindows: Error: [Callstack] 0x0000000002C93CC9 UE4Editor-RenderCore.dll!UnknownFunction []
[2018.07.16-09.28.10:816][828]LogWindows: Error: [Callstack] 0x0000000002C94CF6 UE4Editor-RenderCore.dll!UnknownFunction []
[2018.07.16-09.28.10:816][828]LogWindows: Error: [Callstack] 0x00000000E6BB9FFC UE4Editor-Core.dll!UnknownFunction []
[2018.07.16-09.28.10:816][828]LogWindows: Error: [Callstack] 0x00000000E6BAED63 UE4Editor-Core.dll!UnknownFunction []
[2018.07.16-09.28.10:816][828]LogWindows: Error: [Callstack] 0x000000001BE83034 KERNEL32.DLL!UnknownFunction []
[2018.07.16-09.28.10:816][828]LogWindows: Error: [Callstack] 0x000000001C321431 ntdll.dll!UnknownFunction []
[2018.07.16-09.28.10:816][828]LogWindows: Error: [Callstack] 0x000000001C321431 ntdll.dll!UnknownFunction []
[2018.07.16-09.28.10:816][828]LogWindows: Error: 
[2018.07.16-09.28.10:816][828]LogWindows: Error: 
[2018.07.16-09.28.10:816][828]LogWindows: Error: 
[2018.07.16-09.28.10:816][828]LogWindows: Error: 
[2018.07.16-09.28.10:831][828]LogExit: Executing StaticShutdownAfterError
[2018.07.16-09.28.10:836][828]LogWindows: FPlatformMisc::RequestExit(1)
[2018.07.16-09.28.10:836][828]Log file closed, 07/16/18 14:58:10
