Log file open, 07/15/18 10:55:09
LogWindows: Failed to load 'aqProf.dll' (GetLastError=126)
LogWindows: File 'aqProf.dll' does not exist
LogWindows: Failed to load 'VtuneApi.dll' (GetLastError=126)
LogWindows: File 'VtuneApi.dll' does not exist
LogWindows: Failed to load 'VtuneApi32e.dll' (GetLastError=126)
LogWindows: File 'VtuneApi32e.dll' does not exist
LogInit: Display: Running engine for game: ArchVisDemo
LogPlatformFile: Not using cached read wrapper
LogInit: Display: RandInit(-326299584) SRandInit(-326299584).
LogInit: Read version file with build ID '3944462'
LogInit: Overriding engine version to CL 4033788, compatible CL 3944462
LogInit: Registered custom module enumerator with build ID '3944462'
LogTaskGraph: Started task graph with 5 named threads and 11 total threads with 3 sets of task threads.
LogStats: Stats thread started at 0.411623
LogD3D11RHI: Aftermath initialized
LogICUInternationalization: Display: ICU TimeZone Detection - Raw Offset: +5:30, Platform Override: ''
LogModuleManager: Display: Found up-to-date module file ../../../Engine/Plugins/2D/Paper2D/Binaries/Win64/UE4Editor-Paper2D.dll (API version 3944462).
LogModuleManager: Display: Found up-to-date module file ../../../Engine/Plugins/2D/Paper2D/Binaries/Win64/UE4Editor-Paper2DEditor.dll (API version 3944462).
LogModuleManager: Display: Found up-to-date module file ../../../Engine/Plugins/2D/Paper2D/Binaries/Win64/UE4Editor-PaperSpriteSheetImporter.dll (API version 3944462).
LogModuleManager: Display: Found up-to-date module file ../../../Engine/Plugins/2D/Paper2D/Binaries/Win64/UE4Editor-PaperTiledImporter.dll (API version 3944462).
LogModuleManager: Display: Found up-to-date module file ../../../Engine/Plugins/2D/Paper2D/Binaries/Win64/UE4Editor-SmartSnapping.dll (API version 3944462).
LogModuleManager: Display: Found up-to-date module file ../../../Engine/Plugins/Blendables/LightPropagationVolume/Binaries/Win64/UE4Editor-LightPropagationVolumeRuntime.dll (API version 3944462).
LogModuleManager: Display: Found up-to-date module file ../../../Engine/Plugins/Blendables/LightPropagationVolume/Binaries/Win64/UE4Editor-LightPropagationVolumeEditor.dll (API version 3944462).
LogModuleManager: Display: Found up-to-date module file ../../../Engine/Plugins/Developer/CLionSourceCodeAccess/Binaries/Win64/UE4Editor-CLionSourceCodeAccess.dll (API version 3944462).
LogModuleManager: Display: Found up-to-date module file ../../../Engine/Plugins/Developer/GitSourceControl/Binaries/Win64/UE4Editor-GitSourceControl.dll (API version 3944462).
LogModuleManager: Display: Found up-to-date module file ../../../Engine/Plugins/Developer/PerforceSourceControl/Binaries/Win64/UE4Editor-PerforceSourceControl.dll (API version 3944462).
LogModuleManager: Display: Found up-to-date module file ../../../Engine/Plugins/Developer/SubversionSourceControl/Binaries/Win64/UE4Editor-SubversionSourceControl.dll (API version 3944462).
LogModuleManager: Display: Found up-to-date module file ../../../Engine/Plugins/Developer/UObjectPlugin/Binaries/Win64/UE4Editor-UObjectPlugin.dll (API version 3944462).
LogModuleManager: Display: Found up-to-date module file ../../../Engine/Plugins/Developer/VisualStudioCodeSourceCodeAccess/Binaries/Win64/UE4Editor-VisualStudioCodeSourceCodeAccess.dll (API version 3944462).
LogModuleManager: Display: Found up-to-date module file ../../../Engine/Plugins/Developer/VisualStudioSourceCodeAccess/Binaries/Win64/UE4Editor-VisualStudioSourceCodeAccess.dll (API version 3944462).
LogModuleManager: Display: Found up-to-date module file ../../../Engine/Plugins/Editor/AssetManagerEditor/Binaries/Win64/UE4Editor-AssetManagerEditor.dll (API version 3944462).
LogModuleManager: Display: Found up-to-date module file ../../../Engine/Plugins/Editor/CryptoKeys/Binaries/Win64/UE4Editor-CryptoKeys.dll (API version 3944462).
LogModuleManager: Display: Found up-to-date module file ../../../Engine/Plugins/Editor/CryptoKeys/Binaries/Win64/UE4Editor-CryptoKeysOpenSSL.dll (API version 3944462).
LogModuleManager: Display: Found up-to-date module file ../../../Engine/Plugins/Editor/DataValidation/Binaries/Win64/UE4Editor-DataValidation.dll (API version 3944462).
LogModuleManager: Display: Found up-to-date module file ../../../Engine/Plugins/Editor/FacialAnimation/Binaries/Win64/UE4Editor-FacialAnimation.dll (API version 3944462).
LogModuleManager: Display: Found up-to-date module file ../../../Engine/Plugins/Editor/FacialAnimation/Binaries/Win64/UE4Editor-FacialAnimationEditor.dll (API version 3944462).
LogModuleManager: Display: Found up-to-date module file ../../../Engine/Plugins/Editor/GameplayTagsEditor/Binaries/Win64/UE4Editor-GameplayTagsEditor.dll (API version 3944462).
LogModuleManager: Display: Found up-to-date module file ../../../Engine/Plugins/Editor/MobileLauncherProfileWizard/Binaries/Win64/UE4Editor-MobileLauncherProfileWizard.dll (API version 3944462).
LogModuleManager: Display: Found up-to-date module file ../../../Engine/Plugins/Editor/PluginBrowser/Binaries/Win64/UE4Editor-PluginBrowser.dll (API version 3944462).
LogModuleManager: Display: Found up-to-date module file ../../../Engine/Plugins/Editor/SpeedTreeImporter/Binaries/Win64/UE4Editor-SpeedTreeImporter.dll (API version 3944462).
LogModuleManager: Display: Found up-to-date module file ../../../Engine/Plugins/Enterprise/DatasmithContent/Binaries/Win64/UE4Editor-DatasmithContent.dll (API version 3944462).
LogModuleManager: Display: Found up-to-date module file ../../../Engine/Plugins/Experimental/AlembicImporter/Binaries/Win64/UE4Editor-AlembicImporter.dll (API version 3944462).
LogModuleManager: Display: Found up-to-date module file ../../../Engine/Plugins/Experimental/AlembicImporter/Binaries/Win64/UE4Editor-AlembicLibrary.dll (API version 3944462).
LogModuleManager: Display: Found up-to-date module file ../../../Engine/Plugins/Experimental/CharacterAI/Binaries/Win64/UE4Editor-CharacterAI.dll (API version 3944462).
LogModuleManager: Display: Found up-to-date module file ../../../Engine/Plugins/Experimental/HTML5Networking/Binaries/Win64/UE4Editor-HTML5Networking.dll (API version 3944462).
LogModuleManager: Display: Found up-to-date module file ../../../Engine/Plugins/Media/AndroidMedia/Binaries/Win64/UE4Editor-AndroidMediaEditor.dll (API version 3944462).
LogModuleManager: Display: Found up-to-date module file ../../../Engine/Plugins/Media/AndroidMedia/Binaries/Win64/UE4Editor-AndroidMediaFactory.dll (API version 3944462).
LogModuleManager: Display: Found up-to-date module file ../../../Engine/Plugins/Media/AvfMedia/Binaries/Win64/UE4Editor-AvfMediaEditor.dll (API version 3944462).
LogModuleManager: Display: Found up-to-date module file ../../../Engine/Plugins/Media/AvfMedia/Binaries/Win64/UE4Editor-AvfMediaFactory.dll (API version 3944462).
LogModuleManager: Display: Found up-to-date module file ../../../Engine/Plugins/Media/AvfMedia/Binaries/Win64/UE4Editor-AvfMediaFactory.dll (API version 3944462).
LogModuleManager: Display: Found up-to-date module file ../../../Engine/Plugins/Media/ImgMedia/Binaries/Win64/UE4Editor-ImgMedia.dll (API version 3944462).
LogModuleManager: Display: Found up-to-date module file ../../../Engine/Plugins/Media/ImgMedia/Binaries/Win64/UE4Editor-ImgMediaEditor.dll (API version 3944462).
LogModuleManager: Display: Found up-to-date module file ../../../Engine/Plugins/Media/ImgMedia/Binaries/Win64/UE4Editor-ImgMediaFactory.dll (API version 3944462).
LogModuleManager: Display: Found up-to-date module file ../../../Engine/Plugins/Media/ImgMedia/Binaries/Win64/UE4Editor-ImgMediaFactory.dll (API version 3944462).
LogModuleManager: Display: Found up-to-date module file ../../../Engine/Plugins/Media/ImgMedia/Binaries/Win64/UE4Editor-OpenExrWrapper.dll (API version 3944462).
LogModuleManager: Display: Found up-to-date module file ../../../Engine/Plugins/Media/LinearTimecode/Binaries/Win64/UE4Editor-LinearTimecode.dll (API version 3944462).
LogModuleManager: Display: Found up-to-date module file ../../../Engine/Plugins/Media/MediaCompositing/Binaries/Win64/UE4Editor-MediaCompositing.dll (API version 3944462).
LogModuleManager: Display: Found up-to-date module file ../../../Engine/Plugins/Media/MediaCompositing/Binaries/Win64/UE4Editor-MediaCompositingEditor.dll (API version 3944462).
LogModuleManager: Display: Found up-to-date module file ../../../Engine/Plugins/Media/MediaPlayerEditor/Binaries/Win64/UE4Editor-MediaPlayerEditor.dll (API version 3944462).
LogModuleManager: Display: Found up-to-date module file ../../../Engine/Plugins/Media/WmfMedia/Binaries/Win64/UE4Editor-WmfMedia.dll (API version 3944462).
LogModuleManager: Display: Found up-to-date module file ../../../Engine/Plugins/Media/WmfMedia/Binaries/Win64/UE4Editor-WmfMediaEditor.dll (API version 3944462).
LogModuleManager: Display: Found up-to-date module file ../../../Engine/Plugins/Media/WmfMedia/Binaries/Win64/UE4Editor-WmfMediaFactory.dll (API version 3944462).
LogModuleManager: Display: Found up-to-date module file ../../../Engine/Plugins/Media/WmfMedia/Binaries/Win64/UE4Editor-WmfMediaFactory.dll (API version 3944462).
LogModuleManager: Display: Found up-to-date module file ../../../Engine/Plugins/Messaging/TcpMessaging/Binaries/Win64/UE4Editor-TcpMessaging.dll (API version 3944462).
LogModuleManager: Display: Found up-to-date module file ../../../Engine/Plugins/Messaging/UdpMessaging/Binaries/Win64/UE4Editor-UdpMessaging.dll (API version 3944462).
LogModuleManager: Display: Found up-to-date module file ../../../Engine/Plugins/MovieScene/ActorSequence/Binaries/Win64/UE4Editor-ActorSequence.dll (API version 3944462).
LogModuleManager: Display: Found up-to-date module file ../../../Engine/Plugins/MovieScene/LevelSequenceEditor/Binaries/Win64/UE4Editor-LevelSequenceEditor.dll (API version 3944462).
LogModuleManager: Display: Found up-to-date module file ../../../Engine/Plugins/MovieScene/MatineeToLevelSequence/Binaries/Win64/UE4Editor-MatineeToLevelSequence.dll (API version 3944462).
LogModuleManager: Display: Found up-to-date module file ../../../Engine/Plugins/NetcodeUnitTest/NetcodeUnitTest/Binaries/Win64/UE4Editor-NetcodeUnitTest.dll (API version 3944462).
LogModuleManager: Display: Found up-to-date module file ../../../Engine/Plugins/NetcodeUnitTest/NUTUnrealEngine4/Binaries/Win64/UE4Editor-NUTUnrealEngine4.dll (API version 3944462).
LogModuleManager: Display: Found up-to-date module file ../../../Engine/Plugins/Online/OnlineSubsystem/Binaries/Win64/UE4Editor-OnlineSubsystem.dll (API version 3944462).
LogModuleManager: Display: Found up-to-date module file ../../../Engine/Plugins/Runtime/AndroidPermission/Binaries/Win64/UE4Editor-AndroidPermission.dll (API version 3944462).
LogModuleManager: Display: Found up-to-date module file ../../../Engine/Plugins/Online/OnlineSubsystemNull/Binaries/Win64/UE4Editor-OnlineSubsystemNull.dll (API version 3944462).
LogModuleManager: Display: Found up-to-date module file ../../../Engine/Plugins/Online/OnlineSubsystemUtils/Binaries/Win64/UE4Editor-OnlineSubsystemUtils.dll (API version 3944462).
LogModuleManager: Display: Found up-to-date module file ../../../Engine/Plugins/Online/OnlineSubsystemUtils/Binaries/Win64/UE4Editor-OnlineBlueprintSupport.dll (API version 3944462).
LogModuleManager: Display: Found up-to-date module file ../../../Engine/Plugins/Runtime/AndroidDeviceProfileSelector/Binaries/Win64/UE4Editor-AndroidDeviceProfileSelector.dll (API version 3944462).
LogModuleManager: Display: Found up-to-date module file ../../../Engine/Plugins/Runtime/AppleARKit/Binaries/Win64/UE4Editor-AppleARKit.dll (API version 3944462).
LogModuleManager: Display: Found up-to-date module file ../../../Engine/Plugins/Runtime/ProceduralMeshComponent/Binaries/Win64/UE4Editor-ProceduralMeshComponent.dll (API version 3944462).
LogModuleManager: Display: Found up-to-date module file ../../../Engine/Plugins/Runtime/ProceduralMeshComponent/Binaries/Win64/UE4Editor-ProceduralMeshComponentEditor.dll (API version 3944462).
LogModuleManager: Display: Found up-to-date module file ../../../Engine/Plugins/Animation/LiveLink/Binaries/Win64/UE4Editor-LiveLink.dll (API version 3944462).
LogModuleManager: Display: Found up-to-date module file ../../../Engine/Plugins/Animation/LiveLink/Binaries/Win64/UE4Editor-LiveLinkEditor.dll (API version 3944462).
LogModuleManager: Display: Found up-to-date module file ../../../Engine/Plugins/Runtime/ArchVisCharacter/Binaries/Win64/UE4Editor-ArchVisCharacter.dll (API version 3944462).
LogModuleManager: Display: Found up-to-date module file ../../../Engine/Plugins/Runtime/AudioCapture/Binaries/Win64/UE4Editor-AudioCapture.dll (API version 3944462).
LogModuleManager: Display: Found up-to-date module file ../../../Engine/Plugins/Runtime/AudioCapture/Binaries/Win64/UE4Editor-AudioCaptureEditor.dll (API version 3944462).
LogModuleManager: Display: Found up-to-date module file ../../../Engine/Plugins/Runtime/CableComponent/Binaries/Win64/UE4Editor-CableComponent.dll (API version 3944462).
LogModuleManager: Display: Found up-to-date module file ../../../Engine/Plugins/Runtime/CustomMeshComponent/Binaries/Win64/UE4Editor-CustomMeshComponent.dll (API version 3944462).
LogModuleManager: Display: Found up-to-date module file ../../../Engine/Plugins/Runtime/ExampleDeviceProfileSelector/Binaries/Win64/UE4Editor-ExampleDeviceProfileSelector.dll (API version 3944462).
LogModuleManager: Display: Found up-to-date module file ../../../Engine/Plugins/Runtime/ImmediatePhysics/Binaries/Win64/UE4Editor-ImmediatePhysics.dll (API version 3944462).
LogModuleManager: Display: Found up-to-date module file ../../../Engine/Plugins/Runtime/ImmediatePhysics/Binaries/Win64/UE4Editor-ImmediatePhysicsEditor.dll (API version 3944462).
LogModuleManager: Display: Found up-to-date module file ../../../Engine/Plugins/Runtime/LocationServicesBPLibrary/Binaries/Win64/UE4Editor-LocationServicesBPLibrary.dll (API version 3944462).
LogModuleManager: Display: Found up-to-date module file ../../../Engine/Plugins/Runtime/MobilePatchingUtils/Binaries/Win64/UE4Editor-MobilePatchingUtils.dll (API version 3944462).
LogModuleManager: Display: Found up-to-date module file ../../../Engine/Plugins/Runtime/Oculus/OculusVR/Binaries/Win64/UE4Editor-OculusHMD.dll (API version 3944462).
LogModuleManager: Display: Found up-to-date module file ../../../Engine/Plugins/Runtime/Oculus/OculusVR/Binaries/Win64/UE4Editor-OculusInput.dll (API version 3944462).
LogModuleManager: Display: Found up-to-date module file ../../../Engine/Plugins/Runtime/Oculus/OculusVR/Binaries/Win64/UE4Editor-OculusEditor.dll (API version 3944462).
LogModuleManager: Display: Found up-to-date module file ../../../Engine/Plugins/Runtime/PhysXVehicles/Binaries/Win64/UE4Editor-PhysXVehicles.dll (API version 3944462).
LogModuleManager: Display: Found up-to-date module file ../../../Engine/Plugins/Runtime/PhysXVehicles/Binaries/Win64/UE4Editor-PhysXVehiclesEditor.dll (API version 3944462).
LogModuleManager: Display: Found up-to-date module file ../../../Engine/Plugins/Runtime/RuntimePhysXCooking/Binaries/Win64/UE4Editor-RuntimePhysXCooking.dll (API version 3944462).
LogModuleManager: Display: Found up-to-date module file ../../../Engine/Plugins/Runtime/Steam/SteamVR/Binaries/Win64/UE4Editor-SteamVR.dll (API version 3944462).
LogModuleManager: Display: Found up-to-date module file ../../../Engine/Plugins/Runtime/Steam/SteamVR/Binaries/Win64/UE4Editor-SteamVRController.dll (API version 3944462).
LogModuleManager: Display: Found up-to-date module file ../../../Engine/Plugins/Runtime/WindowsMoviePlayer/Binaries/Win64/UE4Editor-WindowsMoviePlayer.dll (API version 3944462).
LogPluginManager: Mounting plugin Paper2D
LogPluginManager: Mounting plugin LiveLink
LogPluginManager: Mounting plugin LightPropagationVolume
LogPluginManager: Mounting plugin CLionSourceCodeAccess
LogPluginManager: Mounting plugin CodeLiteSourceCodeAccess
LogPluginManager: Mounting plugin GitSourceControl
LogPluginManager: Mounting plugin KDevelopSourceCodeAccess
LogPluginManager: Mounting plugin NullSourceCodeAccess
LogPluginManager: Mounting plugin PerforceSourceControl
LogPluginManager: Mounting plugin SubversionSourceControl
LogPluginManager: Mounting plugin UObjectPlugin
LogPluginManager: Mounting plugin VisualStudioCodeSourceCodeAccess
LogPluginManager: Mounting plugin VisualStudioSourceCodeAccess
LogPluginManager: Mounting plugin XCodeSourceCodeAccess
LogPluginManager: Mounting plugin AssetManagerEditor
LogPluginManager: Mounting plugin CryptoKeys
LogPluginManager: Mounting plugin DataValidation
LogPluginManager: Mounting plugin FacialAnimation
LogPluginManager: Mounting plugin GameplayTagsEditor
LogPluginManager: Mounting plugin MobileLauncherProfileWizard
LogPluginManager: Mounting plugin PluginBrowser
LogPluginManager: Mounting plugin SpeedTreeImporter
LogPluginManager: Mounting plugin DatasmithContent
LogPluginManager: Mounting plugin AlembicImporter
LogPluginManager: Mounting plugin CharacterAI
LogPluginManager: Mounting plugin HTML5Networking
LogPluginManager: Mounting plugin AndroidMedia
LogPluginManager: Mounting plugin AvfMedia
LogPluginManager: Mounting plugin ImgMedia
LogPluginManager: Mounting plugin LinearTimecode
LogPluginManager: Mounting plugin MediaCompositing
LogPluginManager: Mounting plugin MediaPlayerEditor
LogPluginManager: Mounting plugin WmfMedia
LogPluginManager: Mounting plugin TcpMessaging
LogPluginManager: Mounting plugin UdpMessaging
LogPluginManager: Mounting plugin ActorSequence
LogPluginManager: Mounting plugin LevelSequenceEditor
LogPluginManager: Mounting plugin MatineeToLevelSequence
LogPluginManager: Mounting plugin NetcodeUnitTest
LogPluginManager: Mounting plugin NUTUnrealEngine4
LogPluginManager: Mounting plugin OnlineSubsystemGooglePlay
LogPluginManager: Mounting plugin OnlineSubsystemIOS
LogPluginManager: Mounting plugin OnlineSubsystem
LogPluginManager: Mounting plugin OnlineSubsystemNull
LogPluginManager: Mounting plugin OnlineSubsystemUtils
LogPluginManager: Mounting plugin AndroidDeviceProfileSelector
LogPluginManager: Mounting plugin AndroidMoviePlayer
LogPluginManager: Mounting plugin AndroidPermission
LogPluginManager: Mounting plugin AppleARKit
LogPluginManager: Mounting plugin AppleMoviePlayer
LogPluginManager: Mounting plugin ArchVisCharacter
LogPluginManager: Mounting plugin AudioCapture
LogPluginManager: Mounting plugin CableComponent
LogPluginManager: Mounting plugin CustomMeshComponent
LogPluginManager: Mounting plugin ExampleDeviceProfileSelector
LogPluginManager: Mounting plugin GoogleCloudMessaging
LogPluginManager: Mounting plugin ImmediatePhysics
LogPluginManager: Mounting plugin IOSDeviceProfileSelector
LogPluginManager: Mounting plugin LinuxDeviceProfileSelector
LogPluginManager: Mounting plugin LocationServicesBPLibrary
LogPluginManager: Mounting plugin MobilePatchingUtils
LogPluginManager: Mounting plugin OculusVR
LogPluginManager: Plugin shader directory ../../../Engine/Plugins/Runtime/Oculus/OculusVR/Shaders found
LogPluginManager: Mapping shader source directory ../../../Engine/Plugins/Runtime/Oculus/OculusVR/Shaders to virtual directory /Plugin/OculusVR
LogPluginManager: Mounting plugin PhysXVehicles
LogPluginManager: Mounting plugin ProceduralMeshComponent
LogPluginManager: Mounting plugin RuntimePhysXCooking
LogPluginManager: Mounting plugin SteamVR
LogPluginManager: Mounting plugin WindowsMoviePlayer
LogStreaming: Display: Took  6.232s to configure plugins.
LogInit: Using libcurl 7.47.1
LogInit:  - built for x86_64-pc-win32
LogInit:  - supports SSL with OpenSSL/1.0.2g
LogInit:  - supports HTTP deflate (compression) using libz 1.2.8
LogInit:  - other features:
LogInit:      CURL_VERSION_SSL
LogInit:      CURL_VERSION_LIBZ
LogInit:      CURL_VERSION_IPV6
LogInit:      CURL_VERSION_ASYNCHDNS
LogInit:      CURL_VERSION_LARGEFILE
LogInit:      CURL_VERSION_IDN
LogInit:  CurlRequestOptions (configurable via config and command line):
LogInit:  - bVerifyPeer = false  - Libcurl will NOT verify peer certificate
LogInit:  - bUseHttpProxy = false  - Libcurl will NOT use HTTP proxy
LogInit:  - bDontReuseConnections = false  - Libcurl will reuse connections
LogInit:  - CertBundlePath = nullptr  - Libcurl will use whatever was configured at build time.
LogInit:  - MaxHostConnections = 16  - Libcurl will limit the number of connections to a host
LogInit:  - LocalHostAddr = Default
LogInit: WinSock: version 1.1 (2.2), MaxSocks=32767, MaxUdp=65467
LogInit: WinSock: I am LAPTOP-SNI5BBA7 (192.168.0.21:0)
LogInit: Build: ++UE4+Release-4.19-CL-4033788
LogInit: Engine Version: 4.19.2-4033788+++UE4+Release-4.19
LogInit: Compatible Engine Version: 4.19.0-3944462+++UE4+Release-4.19
LogInit: Net CL: 3944462
LogDevObjectVersion: Number of dev versions registered: 18
LogDevObjectVersion:   Dev-Blueprints (B0D832E4-1F89-4F0D-ACCF-7EB736FD4AA2): 10
LogDevObjectVersion:   Dev-Build (E1C64328-A22C-4D53-A36C-8E866417BD8C): 0
LogDevObjectVersion:   Dev-Core (375EC13C-06E4-48FB-B500-84F0262A717E): 2
LogDevObjectVersion:   Dev-Editor (E4B068ED-F494-42E9-A231-DA0B2E46BB41): 23
LogDevObjectVersion:   Dev-Framework (CFFC743F-43B0-4480-9391-14DF171D2073): 33
LogDevObjectVersion:   Dev-Mobile (B02B49B5-BB20-44E9-A304-32B752E40360): 2
LogDevObjectVersion:   Dev-Networking (A4E4105C-59A1-49B5-A7C5-40C4547EDFEE): 0
LogDevObjectVersion:   Dev-Online (39C831C9-5AE6-47DC-9A44-9C173E1C8E7C): 0
LogDevObjectVersion:   Dev-Physics (78F01B33-EBEA-4F98-B9B4-84EACCB95AA2): 0
LogDevObjectVersion:   Dev-Platform (6631380F-2D4D-43E0-8009-CF276956A95A): 0
LogDevObjectVersion:   Dev-Rendering (12F88B9F-8875-4AFC-A67C-D90C383ABD29): 25
LogDevObjectVersion:   Dev-Sequencer (7B5AE74C-D270-4C10-A958-57980B212A5A): 6
LogDevObjectVersion:   Dev-VR (D7296918-1DD6-4BDD-9DE2-64A83CC13884): 1
LogDevObjectVersion:   Dev-LoadTimes (C2A15278-BFE7-4AFE-6C17-90FF531DF755): 1
LogDevObjectVersion:   Private-Geometry (6EACA3D4-40EC-4CC1-B786-8BED09428FC5): 2
LogDevObjectVersion:   Dev-AnimPhys (29E575DD-E0A3-4627-9D10-D276232CDCEA): 16
LogDevObjectVersion:   Dev-ReflectionCapture (6B266CEC-1EC7-4B8F-A30B-E4D90942FC07): 1
LogDevObjectVersion:   Dev-Automation (0DF73D61-A23F-47EA-B727-89E90C41499A): 1
LogInit: Compiled (64-bit): Apr 27 2018 02:06:57
LogInit: Compiled with Visual C++: 19.00.24215.01
LogInit: Build Configuration: Development
LogInit: Branch Name: ++UE4+Release-4.19
LogInit: Command Line:  
LogInit: Base Directory: C:/Program Files/Epic Games/UE_4.19/Engine/Binaries/Win64/
LogInit: Installed Engine Build: 1
LogStreaming: Display: Took  0.004s to delete old logs.
LogInit: Presizing for max 8388607 objects, including 0 objects not considered by GC, pre-allocating 0 bytes for permanent pool.
LogInit: Object subsystem initialized
[2018.07.15-05.25.16:739][  0]LogInit: Selected Device Profile: [Windows]
[2018.07.15-05.25.16:739][  0]LogInit: Applying CVar settings loaded from the selected device profile: [Windows]
[2018.07.15-05.25.16:836][  0]LogInit: Computer: LAPTOP-SNI5BBA7
[2018.07.15-05.25.16:837][  0]LogInit: User: Shweta
[2018.07.15-05.25.16:837][  0]LogInit: CPU Page size=4096, Cores=2
[2018.07.15-05.25.16:837][  0]LogInit: High frequency timer resolution =2.835938 MHz
[2018.07.15-05.25.16:837][  0]LogMemory: Memory total: Physical=7.9GB (8GB approx)
[2018.07.15-05.25.16:837][  0]LogMemory: Platform Memory Stats for Windows
[2018.07.15-05.25.16:837][  0]LogMemory: Process Physical Memory: 273.50 MB used, 273.50 MB peak
[2018.07.15-05.25.16:837][  0]LogMemory: Process Virtual Memory: 266.45 MB used, 266.45 MB peak
[2018.07.15-05.25.16:837][  0]LogMemory: Physical Memory: 4921.52 MB used,  3152.89 MB free, 8074.41 MB total
[2018.07.15-05.25.16:837][  0]LogMemory: Virtual Memory: 4781.84 MB used,  3152.89 MB free, 134217728.00 MB total
[2018.07.15-05.25.18:184][  0]LogInit: Using OS detected language (en-US).
[2018.07.15-05.25.18:184][  0]LogInit: Using OS detected locale (en-US).
[2018.07.15-05.25.18:467][  0]LogTextLocalizationManager: No specific localization for 'en-US' exists, so the 'en' localization will be used.
[2018.07.15-05.25.18:941][  0]LogStreaming: Display: Took  0.757s to EndInitTextLocalization.
[2018.07.15-05.25.18:941][  0]LogInit: Setting process to per monitor DPI aware
[2018.07.15-05.25.19:141][  0]LogSlate: New Slate User Created.  User Index 0, Is Virtual User: 0
[2018.07.15-05.25.19:141][  0]LogSlate: Slate User Registered.  User Index 0, Is Virtual User: 0
[2018.07.15-05.25.25:498][  0]LogD3D11RHI: D3D11 adapters:
[2018.07.15-05.25.25:505][  0]LogD3D11RHI:    0. 'Intel(R) HD Graphics 620' (Feature Level 11_0)
[2018.07.15-05.25.25:505][  0]LogD3D11RHI:       128/0/4037 MB DedicatedVideo/DedicatedSystem/SharedSystem, Outputs:1, VendorId:0x8086
[2018.07.15-05.25.25:507][  0]LogD3D11RHI:    1. 'Microsoft Basic Render Driver' (Feature Level 11_0)
[2018.07.15-05.25.25:507][  0]LogD3D11RHI:       0/0/4037 MB DedicatedVideo/DedicatedSystem/SharedSystem, Outputs:0, VendorId:0x1414
[2018.07.15-05.25.25:507][  0]LogD3D11RHI: Chosen D3D11 Adapter: 0
[2018.07.15-05.25.25:514][  0]LogD3D11RHI: Creating new Direct3DDevice
[2018.07.15-05.25.25:514][  0]LogD3D11RHI:     GPU DeviceId: 0x5916 (for the marketing name, search the web for "GPU Device Id")
[2018.07.15-05.25.25:514][  0]LogWindows: EnumDisplayDevices:
[2018.07.15-05.25.25:514][  0]LogWindows:    0. 'Intel(R) HD Graphics 620' (P:1 D:1)
[2018.07.15-05.25.25:514][  0]LogWindows:    1. 'Intel(R) HD Graphics 620' (P:0 D:0)
[2018.07.15-05.25.25:515][  0]LogWindows:    2. 'Intel(R) HD Graphics 620' (P:0 D:0)
[2018.07.15-05.25.25:515][  0]LogWindows: DebugString: GetVideoDriverDetailsInvalid PrimaryIsNotTheChoosenAdapter GetVideoDriverDetailsInvalid PrimaryIsNotTheChoosenAdapter GetVideoDriverDetailsInvalid PrimaryIsNotTheChoosenAdapter FoundDriverCount:0 
[2018.07.15-05.25.25:515][  0]LogD3D11RHI:     Adapter Name: Intel(R) HD Graphics 620
[2018.07.15-05.25.25:515][  0]LogD3D11RHI:   Driver Version: Unknown (internal:Unknown, unified:Unknown)
[2018.07.15-05.25.25:515][  0]LogD3D11RHI:      Driver Date: Unknown
[2018.07.15-05.25.25:515][  0]LogRHI: Texture pool is 1502 MB (70% of 2146 MB)
[2018.07.15-05.25.25:520][  0]LogD3D11RHI: Async texture creation enabled
[2018.07.15-05.25.25:525][  0]LogD3D11RHI: GPU Timing Frequency: 12.000000 (Debug: 2 0)
[2018.07.15-05.25.25:525][  0]LogShaderCompilers: Guid format shader working directory is -66 characters bigger than the processId version (../../../../../../Users/Shweta/Documents/GitHub/theshwetapatil/Epic-Approved-UE4-Certification-UE4/ArchVisDemoV2/Intermediate/Shaders/WorkingDirectory/12252/).
[2018.07.15-05.25.25:525][  0]LogShaderCompilers: Cleaned the shader compiler working directory 'C:/Users/Shweta/AppData/Local/Temp/UnrealShaderWorkingDir/860B2FEF4ABD1F71720720BC0FC888E9/'.
[2018.07.15-05.25.27:753][  0]LogTemp: Display: Loaded TP AllDesktopTargetPlatform
[2018.07.15-05.25.27:771][  0]LogTemp: Display: Loaded TP MacClientTargetPlatform
[2018.07.15-05.25.27:788][  0]LogTemp: Display: Loaded TP MacNoEditorTargetPlatform
[2018.07.15-05.25.27:800][  0]LogTemp: Display: Loaded TP MacServerTargetPlatform
[2018.07.15-05.25.27:828][  0]LogTemp: Display: Loaded TP MacTargetPlatform
[2018.07.15-05.25.27:841][  0]LogTemp: Display: Loaded TP WindowsClientTargetPlatform
[2018.07.15-05.25.27:857][  0]LogTemp: Display: Loaded TP WindowsNoEditorTargetPlatform
[2018.07.15-05.25.27:870][  0]LogTemp: Display: Loaded TP WindowsServerTargetPlatform
[2018.07.15-05.25.27:877][  0]LogTemp: Display: Loaded TP WindowsTargetPlatform
[2018.07.15-05.25.27:887][  0]LogTemp: Display: Loaded TP Android_ASTCTargetPlatform
[2018.07.15-05.25.27:898][  0]LogTemp: Display: Loaded TP Android_ATCTargetPlatform
[2018.07.15-05.25.27:909][  0]LogTemp: Display: Loaded TP Android_DXTTargetPlatform
[2018.07.15-05.25.27:920][  0]LogTemp: Display: Loaded TP Android_ETC1aTargetPlatform
[2018.07.15-05.25.27:931][  0]LogTemp: Display: Loaded TP Android_ETC1TargetPlatform
[2018.07.15-05.25.27:943][  0]LogTemp: Display: Loaded TP Android_ETC2TargetPlatform
[2018.07.15-05.25.27:965][  0]LogTemp: Display: Loaded TP Android_MultiTargetPlatform
[2018.07.15-05.25.27:965][  0]LogTemp: Display: Loaded TP Android_PVRTCTargetPlatform
[2018.07.15-05.25.27:981][  0]LogTemp: Display: Loaded TP AndroidTargetPlatform
[2018.07.15-05.25.27:982][  0]LogTemp: Display: Loaded TP HTML5TargetPlatform
[2018.07.15-05.25.28:172][  0]LogTemp: Display: Loaded TP IOSTargetPlatform
[2018.07.15-05.25.28:212][  0]LogTemp: Display: Loaded TP TVOSTargetPlatform
[2018.07.15-05.25.28:241][  0]LogTemp: Display: Loaded TP LinuxClientTargetPlatform
[2018.07.15-05.25.28:265][  0]LogTemp: Display: Loaded TP LinuxNoEditorTargetPlatform
[2018.07.15-05.25.28:276][  0]LogTemp: Display: Loaded TP LinuxServerTargetPlatform
[2018.07.15-05.25.28:291][  0]LogTemp: Display: Loaded TP LinuxTargetPlatform
[2018.07.15-05.25.28:291][  0]LogTargetPlatformManager: Display: Building Assets For Windows
[2018.07.15-05.25.29:954][  0]LogXGEController: Cleaning working directory: C:/Users/Shweta/AppData/Local/Temp/UnrealXGEWorkingDir/
[2018.07.15-05.25.29:954][  0]LogXGEController: Cannot use XGE Controller as Incredibuild is not installed on this machine.
[2018.07.15-05.25.29:954][  0]LogShaderCompilers: Cannot use XGE Shader Compiler as Incredibuild is not installed on this machine.
[2018.07.15-05.25.29:954][  0]LogShaderCompilers: Display: Using Local Shader Compiler.
[2018.07.15-05.25.33:031][  0]LogDerivedDataCache: Display: Max Cache Size: 512 MB
[2018.07.15-05.25.33:440][  0]LogDerivedDataCache: Loaded boot cache 0.41s 74MB C:/Users/Shweta/AppData/Local/UnrealEngine/4.19/DerivedDataCache/Boot.ddc.
[2018.07.15-05.25.33:440][  0]LogDerivedDataCache: Display: Loaded Boot cache: C:/Users/Shweta/AppData/Local/UnrealEngine/4.19/DerivedDataCache/Boot.ddc
[2018.07.15-05.25.33:440][  0]LogDerivedDataCache: FDerivedDataBackendGraph:  Pak pak cache file ../../../../../../Users/Shweta/Documents/GitHub/theshwetapatil/Epic-Approved-UE4-Certification-UE4/ArchVisDemoV2/DerivedDataCache/DDC.ddp not found, will not use a pak cache.
[2018.07.15-05.25.33:440][  0]LogDerivedDataCache: Unable to find inner node Pak for hierarchical cache Hierarchy.
[2018.07.15-05.25.33:440][  0]LogDerivedDataCache: FDerivedDataBackendGraph:  CompressedPak pak cache file ../../../../../../Users/Shweta/Documents/GitHub/theshwetapatil/Epic-Approved-UE4-Certification-UE4/ArchVisDemoV2/DerivedDataCache/Compressed.ddp not found, will not use a pak cache.
[2018.07.15-05.25.33:440][  0]LogDerivedDataCache: Unable to find inner node CompressedPak for hierarchical cache Hierarchy.
[2018.07.15-05.25.33:576][  0]LogDerivedDataCache: Display: Pak cache opened for reading ../../../Engine/DerivedDataCache/Compressed.ddp.
[2018.07.15-05.25.33:590][  0]LogDerivedDataCache: Using Local data cache path C:/Users/Shweta/AppData/Local/UnrealEngine/Common/DerivedDataCache: Writable
[2018.07.15-05.25.33:590][  0]LogDerivedDataCache: Shared data cache path not found in *engine.ini, will not use an Shared cache.
[2018.07.15-05.25.33:590][  0]LogDerivedDataCache: Unable to find inner node Shared for hierarchical cache Hierarchy.
[2018.07.15-05.25.33:611][  0]LogMaterial: Verifying Global Shaders for PCD3D_SM5
[2018.07.15-05.25.33:612][  0]LogSlate: Using Freetype 2.6.0
[2018.07.15-05.25.33:643][  0]LogSlate: SlateFontCache - WITH_FREETYPE: 1, WITH_HARFBUZZ: 1
[2018.07.15-05.25.33:643][  0]LogSlate: SlateFontCache - WITH_FREETYPE: 1, WITH_HARFBUZZ: 1
[2018.07.15-05.25.47:222][  0]LogAssetRegistry: FAssetRegistry took 0.0334 seconds to start up
[2018.07.15-05.25.47:540][  0]LogInit: Selected Device Profile: [Windows]
[2018.07.15-05.25.48:333][  0]LogSimplygon: Simplygon DLL not present - disabling.
[2018.07.15-05.25.48:337][  0]LogMeshReduction: Using SimplygonSwarm for distributed automatic mesh merging
[2018.07.15-05.25.48:337][  0]LogMeshReduction: Using QuadricMeshReduction for automatic static mesh reduction
[2018.07.15-05.25.48:337][  0]LogMeshReduction: No automatic skeletal mesh reduction module available
[2018.07.15-05.25.48:337][  0]LogMeshReduction: No automatic mesh merging module available
[2018.07.15-05.25.48:337][  0]LogMeshMerging: No automatic mesh merging module available
[2018.07.15-05.25.48:520][  0]LogNetVersion: ArchVisDemo , NetCL: 3944462, EngineNetVer: 2, GameNetVer: 0 (Checksum: 677477482)
[2018.07.15-05.25.50:010][  0]LogPackageLocalizationCache: Processed 9 localized package path(s) for 2 prioritized culture(s) in 0.190248 seconds
[2018.07.15-05.25.50:016][  0]LogUObjectArray: 36728 objects as part of root set at end of initial load.
[2018.07.15-05.25.50:016][  0]LogUObjectAllocator: 7314304 out of 0 bytes used by permanent object pool.
[2018.07.15-05.25.50:016][  0]LogUObjectArray: CloseDisregardForGC: 0/0 objects in disregard for GC pool
[2018.07.15-05.26.07:262][  0]LogTcpMessaging: Initializing TcpMessaging bridge
[2018.07.15-05.26.07:288][  0]LogUdpMessaging: Initializing bridge on interface 0.0.0.0:0 to multicast group 230.0.0.1:6666.
[2018.07.15-05.26.08:003][  0]SourceControl: Source control is disabled
[2018.07.15-05.26.08:003][  0]SourceControl: Source control is disabled
[2018.07.15-05.26.08:018][  0]SourceControl: Source control is disabled
[2018.07.15-05.26.08:032][  0]SourceControl: Source control is disabled
[2018.07.15-05.26.08:801][  0]LogAndroidPermission: UAndroidPermissionCallbackProxy::GetInstance
[2018.07.15-05.26.08:933][  0]LogOcInput: OculusInput pre-init called
[2018.07.15-05.26.09:063][  0]LogEngine: Initializing Engine...
[2018.07.15-05.26.09:064][  0]LogHMD: Failed to initialize OpenVR with code 110
[2018.07.15-05.26.09:065][  0]LogStats: UGameplayTagsManager::ConstructGameplayTagTree: Construct from data asset -  0.000 s
[2018.07.15-05.26.09:065][  0]LogStats: UGameplayTagsManager::ConstructGameplayTagTree: GameplayTagTreeChangedEvent.Broadcast -  0.000 s
[2018.07.15-05.26.09:704][  0]LogAIModule: Creating AISystem for world Untitled
[2018.07.15-05.26.09:709][  0]LogInit: XAudio2 using 'Speaker/HP (Realtek High Definition Audio)' : 2 channels at 48 kHz using 32 bits per sample (channel mask 0x3)
[2018.07.15-05.26.09:731][  0]LogInit: FAudioDevice initialized.
[2018.07.15-05.26.09:982][  0]LogDerivedDataCache: Saved boot cache 0.25s 74MB C:/Users/Shweta/AppData/Local/UnrealEngine/4.19/DerivedDataCache/Boot.ddc.
[2018.07.15-05.26.10:002][  0]LogInit: Texture streaming: Enabled
[2018.07.15-05.26.10:155][  0]LogEngineSessionManager: EngineSessionManager initialized
[2018.07.15-05.26.10:206][  0]LogInit: Transaction tracking system initialized
[2018.07.15-05.26.10:241][  0]BlueprintLog: New page: Editor Load
[2018.07.15-05.26.10:335][  0]LocalizationService: Localization service is disabled
[2018.07.15-05.26.10:441][  0]LogConsoleResponse: Display: 
[2018.07.15-05.26.10:855][  0]LogCook: Display: Max memory allowance for cook 16384mb min free memory 0mb
[2018.07.15-05.26.10:855][  0]LogCook: Display: Mobile HDR setting 1
[2018.07.15-05.26.10:855][  0]LogGameplayTags: Display: UGameplayTagsManager::DoneAddingNativeTags. DelegateIsBound: 0
[2018.07.15-05.26.10:855][  0]LogStats: UGameplayTagsManager::ConstructGameplayTagTree: Construct from data asset -  0.000 s
[2018.07.15-05.26.10:855][  0]LogStats: UGameplayTagsManager::ConstructGameplayTagTree: GameplayTagTreeChangedEvent.Broadcast -  0.000 s
[2018.07.15-05.26.11:763][  0]LogFileCache: Scanning file cache for directory 'C:/Users/Shweta/Documents/GitHub/theshwetapatil/Epic-Approved-UE4-Certification-UE4/ArchVisDemoV2/Content/' took 0.02s
[2018.07.15-05.26.11:790][  0]SourceControl: Source control is disabled
[2018.07.15-05.26.11:791][  0]Cmd: MAP LOAD FILE="../../../Engine/Content/Maps/Templates/Template_Default.umap" TEMPLATE=1 SHOWPROGRESS=1 FEATURELEVEL=3
[2018.07.15-05.26.11:827][  0]LightingResults: New page: Lighting Build
[2018.07.15-05.26.11:832][  0]MapCheck: New page: Map Check
[2018.07.15-05.26.11:832][  0]LightingResults: New page: Lighting Build
[2018.07.15-05.26.12:141][  0]LogAIModule: Creating AISystem for world Untitled_1
[2018.07.15-05.26.12:150][  0]LogEditorServer: Finished looking for orphan Actors (0.000 secs)
[2018.07.15-05.26.12:172][  0]Cmd: MAP CHECKDEP NOCLEARLOG
[2018.07.15-05.26.12:213][  0]MapCheck: Map check complete: 0 Error(s), 0 Warning(s), took 41.078ms to complete.
[2018.07.15-05.26.12:213][  0]LogFileHelpers: Loading map 'Template_Default' took 0.422
[2018.07.15-05.26.12:605][  0]LogCollectionManager: Loaded 0 collections in 0.002952 seconds
[2018.07.15-05.26.12:650][  0]LogFileCache: Scanning file cache for directory 'C:/Users/Shweta/Documents/GitHub/theshwetapatil/Epic-Approved-UE4-Certification-UE4/ArchVisDemoV2/Saved/Collections/' took 0.01s
[2018.07.15-05.26.12:650][  0]LogFileCache: Scanning file cache for directory 'C:/Users/Shweta/Documents/GitHub/theshwetapatil/Epic-Approved-UE4-Certification-UE4/ArchVisDemoV2/Content/Developers/Shweta/Collections/' took 0.01s
[2018.07.15-05.26.12:650][  0]LogFileCache: Scanning file cache for directory 'C:/Users/Shweta/Documents/GitHub/theshwetapatil/Epic-Approved-UE4-Certification-UE4/ArchVisDemoV2/Content/Collections/' took 0.01s
[2018.07.15-05.26.12:650][  0]LogCollectionManager: Rebuilt the GUID cache for 0 collections in 0.000001 seconds
[2018.07.15-05.26.12:664][  0]LogContentBrowser: Native class hierarchy populated in 0.0136 seconds. Added 2452 classes and 558 folders.
[2018.07.15-05.26.12:672][  0]LogContentBrowser: Native class hierarchy updated for 'WidgetCarousel' in 0.0002 seconds. Added 0 classes and 0 folders.
[2018.07.15-05.26.13:565][  0]LogContentBrowser: Native class hierarchy updated for 'AddContentDialog' in 0.0007 seconds. Added 0 classes and 0 folders.
[2018.07.15-05.26.13:580][  0]LogContentBrowser: Native class hierarchy updated for 'SceneOutliner' in 0.0008 seconds. Added 1 classes and 2 folders.
[2018.07.15-05.26.13:630][  0]LogSlate: Took 0.008764 seconds to synchronously load lazily loaded font '../../../Engine/Content/Slate/Fonts/Roboto-Regular.ttf' (155K)
[2018.07.15-05.26.13:638][  0]LogSlate: Took 0.005053 seconds to synchronously load lazily loaded font '../../../Engine/Content/Slate/Fonts/Roboto-Bold.ttf' (160K)
[2018.07.15-05.26.13:649][  0]LogSlate: Took 0.005063 seconds to synchronously load lazily loaded font '../../../Engine/Content/Editor/Slate/Fonts/FontAwesome.ttf' (139K)
[2018.07.15-05.26.13:909][  0]LogRenderer: Reallocating scene render targets to support 796x372 Format 10 NumSamples 1 (Frame:1).
[2018.07.15-05.26.14:512][  0]LogSlate: FSceneViewport::OnFocusLost() reason 2
[2018.07.15-05.26.14:552][  0]LogSlate: Window 'Tutorials' being destroyed
[2018.07.15-05.26.14:583][  0]LogContentBrowser: Native class hierarchy updated for 'HierarchicalLODOutliner' in 0.0002 seconds. Added 0 classes and 0 folders.
[2018.07.15-05.26.14:584][  0]LogLoad: (Engine Initialization) Total time: 67.40 seconds
[2018.07.15-05.26.14:584][  0]LogLoad: (Engine Initialization) Total Blueprint compile time: 0.00 seconds
[2018.07.15-05.26.14:618][  0]LogContentStreaming: Texture pool size now 1000 MB
[2018.07.15-05.26.14:648][  0]LogSlate: Took 0.000161 seconds to synchronously load lazily loaded font '../../../Engine/Content/Slate/Fonts/Roboto-Light.ttf' (167K)
[2018.07.15-05.26.14:666][  1]LogAssetRegistry: Asset discovery search completed in 27.4665 seconds
[2018.07.15-05.26.14:726][  1]LogCollectionManager: Rebuilt the object cache for 0 collections in 0.000000 seconds (found 0 objects)
[2018.07.15-05.26.14:726][  1]LogCollectionManager: Fixed up redirectors for 0 collections in 0.000173 seconds (updated 0 objects)
[2018.07.15-05.26.15:649][ 21]LogSlate: Took 0.000195 seconds to synchronously load lazily loaded font '../../../Engine/Content/Slate/Fonts/Roboto-Light.ttf' (167K)
[2018.07.15-05.26.24:864][394]LogSlate: FSceneViewport::OnFocusLost() reason 0
[2018.07.15-05.26.28:593][537]LogEditorViewport: Clicking on Actor (LMB): StaticMeshActor (Floor)
[2018.07.15-05.26.32:338][627]LogSlate: FSceneViewport::OnFocusLost() reason 0
[2018.07.15-05.26.39:685][754]LogRenderer: Reallocating scene render targets to support 1016x612 Format 10 NumSamples 1 (Frame:35).
[2018.07.15-05.26.40:264][783]LogSlate: Window 'SM_Template_Map_Floor' being destroyed
[2018.07.15-05.30.49:790][ 57]LogTexture: Display: Building textures: T_Couch_Mask (DXT1, 2048X2048)
[2018.07.15-05.30.49:790][ 57]LogTexture: Display: Building textures: T_Couch_AO (AutoDXT, 4096X4096)
[2018.07.15-05.30.49:790][ 57]LogTexture: Display: Building textures: T_Couch_N (BC5, 4096X4096)
[2018.07.15-05.30.49:790][ 57]LogTexture: Display: Building textures: T_Leather_S (DXT1, 2048X2048)
[2018.07.15-05.30.49:790][ 57]LogTexture: Display: Building textures: T_Leather_N (BC5, 2048X2048)
[2018.07.15-05.30.49:790][ 57]LogTexture: Display: Building textures: T_Leather_D (DXT1, 2048X2048)
[2018.07.15-05.30.49:790][ 57]LogMaterial: Missing cached shader map for material M_Couch_NOSSS_Mat, compiling. 
[2018.07.15-05.30.50:344][ 57]LogShaderCompilers: Display: Shaders left to compile 59
[2018.07.15-05.30.50:344][ 57]LogShaderCompilers: Display: Shaders left to compile 49
[2018.07.15-05.30.50:344][ 57]LogShaderCompilers: Display: Shaders left to compile 39
[2018.07.15-05.30.50:344][ 57]LogStaticMesh: Building static mesh SM_Couch...
[2018.07.15-05.30.50:742][ 57]LogStaticMesh: Built static mesh [0.45s] /Game/ArchVis/Mesh/SM_Couch.SM_Couch
[2018.07.15-05.31.03:485][139]LogShaderCompilers: Display: Shaders left to compile 29
[2018.07.15-05.31.04:857][143]LogShaderCompilers: Display: Shaders left to compile 19
[2018.07.15-05.31.04:857][143]LogShaderCompilers: Display: Shaders left to compile 9
[2018.07.15-05.33.25:605][680]LogTexture: Display: Building textures: T_MugLogo_D (AutoDXT, 512X512)
[2018.07.15-05.33.25:605][680]LogTexture: Display: Building textures: T_Mug_N (BC5, 2048X2048)
[2018.07.15-05.33.25:605][680]LogTexture: Display: Building textures: T_Mug_M (AutoDXT, 2048X2048)
[2018.07.15-05.33.25:605][680]LogMaterial: Missing cached shader map for material M_Mug, compiling. 
[2018.07.15-05.33.25:639][680]LogStaticMesh: Building static mesh Mug...
[2018.07.15-05.33.25:644][680]LogShaderCompilers: Display: Shaders left to compile 31
[2018.07.15-05.33.25:644][680]LogShaderCompilers: Display: Shaders left to compile 21
[2018.07.15-05.33.25:644][680]LogShaderCompilers: Display: Shaders left to compile 11
[2018.07.15-05.33.25:697][680]LogStaticMesh: Built static mesh [0.06s] /Game/ArchVis/Mesh/Mug.Mug
[2018.07.15-05.33.28:763][737]LogSlate: Window 'Mug' being destroyed
[2018.07.15-05.33.33:968][817]LogShaderCompilers: Display: Shaders left to compile 1
[2018.07.15-05.35.03:386][235]LogMaterial: Missing cached shader map for material M_Mug, compiling. 
[2018.07.15-05.35.04:517][235]LogMaterial: Missing cached shader map for material M_Mug, compiling. 
[2018.07.15-05.35.04:570][235]LogShaderCompilers: Display: Shaders left to compile 18
[2018.07.15-05.35.04:570][235]LogShaderCompilers: Display: Shaders left to compile 17
[2018.07.15-05.35.04:571][235]LogShaderCompilers: Display: Shaders left to compile 16
[2018.07.15-05.35.04:605][235]LogMaterial: Missing cached shader map for material FMatExpressionPreview MaterialExpressionTextureSample_3, compiling. 
[2018.07.15-05.35.04:622][235]LogMaterial: Missing cached shader map for material FMatExpressionPreview MaterialExpressionTextureSample_2, compiling. 
[2018.07.15-05.35.04:651][235]LogMaterial: Missing cached shader map for material FMatExpressionPreview MaterialExpressionTextureSample_5, compiling. 
[2018.07.15-05.35.04:665][235]LogMaterial: Missing cached shader map for material FMatExpressionPreview MaterialExpressionVectorParameter_0, compiling. 
[2018.07.15-05.35.04:775][235]LogSlate: Took 0.039804 seconds to synchronously load lazily loaded font '../../../Engine/Content/Slate/Fonts/Roboto-BoldCondensed.ttf' (158K)
[2018.07.15-05.35.05:566][236]LogShaderCompilers: Display: Shaders left to compile 23
[2018.07.15-05.35.05:566][236]LogShaderCompilers: Display: Shaders left to compile 22
[2018.07.15-05.35.05:566][236]LogShaderCompilers: Display: Shaders left to compile 21
[2018.07.15-05.35.05:566][236]LogShaderCompilers: Display: Shaders left to compile 20
[2018.07.15-05.35.05:566][236]LogShaderCompilers: Display: Shaders left to compile 19
[2018.07.15-05.35.05:566][236]LogShaderCompilers: Display: Shaders left to compile 18
[2018.07.15-05.35.05:754][237]LogShaderCompilers: Display: Shaders left to compile 17
[2018.07.15-05.35.07:091][255]LogShaderCompilers: Display: Shaders left to compile 16
[2018.07.15-05.35.08:019][268]LogShaderCompilers: Display: Shaders left to compile 15
[2018.07.15-05.35.08:926][280]LogShaderCompilers: Display: Shaders left to compile 14
[2018.07.15-05.35.09:447][287]LogShaderCompilers: Display: Shaders left to compile 13
[2018.07.15-05.35.09:895][293]LogShaderCompilers: Display: Shaders left to compile 12
[2018.07.15-05.35.11:319][313]LogShaderCompilers: Display: Shaders left to compile 11
[2018.07.15-05.35.11:637][317]LogShaderCompilers: Display: Shaders left to compile 10
[2018.07.15-05.35.12:528][328]LogShaderCompilers: Display: Shaders left to compile 9
[2018.07.15-05.35.13:727][344]LogShaderCompilers: Display: Shaders left to compile 8
[2018.07.15-05.35.13:940][346]LogShaderCompilers: Display: Shaders left to compile 7
[2018.07.15-05.35.14:303][351]LogShaderCompilers: Display: Shaders left to compile 6
[2018.07.15-05.35.14:430][352]MaterialEditorStats: Base pass shader: 112 instructions
[2018.07.15-05.35.14:430][352]MaterialEditorStats: Base pass shader with Surface Lightmap: 129 instructions
[2018.07.15-05.35.14:430][352]MaterialEditorStats: Base pass shader with Volumetric Lightmap: 185 instructions
[2018.07.15-05.35.14:430][352]MaterialEditorStats: Vertex shader: 42 instructions
[2018.07.15-05.35.14:430][352]MaterialEditorStats: Texture samplers: 6/16
[2018.07.15-05.35.14:430][352]MaterialEditorStats: User interpolators: 4/4 Scalars (1/4 Vectors) (TexCoords: 4, Custom: 0)
[2018.07.15-05.35.15:495][365]LogShaderCompilers: Display: Shaders left to compile 5
[2018.07.15-05.35.15:803][369]LogShaderCompilers: Display: Shaders left to compile 4
[2018.07.15-05.35.16:265][376]LogShaderCompilers: Display: Shaders left to compile 3
[2018.07.15-05.35.17:000][384]LogShaderCompilers: Display: Shaders left to compile 2
[2018.07.15-05.35.17:796][395]LogShaderCompilers: Display: Shaders left to compile 1
[2018.07.15-05.36.29:644][924]LogSlate: Took 0.072005 seconds to synchronously load lazily loaded font '../../../Engine/Content/Slate/Fonts/Roboto-Italic.ttf' (157K)
[2018.07.15-05.39.10:631][742]LogSlate: FSceneViewport::OnFocusLost() reason 0
[2018.07.15-05.41.43:323][902]LogMaterial: Missing cached shader map for material PreviewMaterial_0, compiling. 
[2018.07.15-05.41.43:344][902]LogShaderCompilers: Display: Shaders left to compile 2
[2018.07.15-05.41.43:345][902]LogShaderCompilers: Display: Shaders left to compile 1
[2018.07.15-05.41.43:345][902]LogMaterial: Missing cached shader map for material M_Mug, compiling. 
[2018.07.15-05.41.43:469][903]LogShaderCompilers: Display: Shaders left to compile 18
[2018.07.15-05.41.45:541][936]LogShaderCompilers: Display: Shaders left to compile 17
[2018.07.15-05.41.45:591][938]LogShaderCompilers: Display: Shaders left to compile 16
[2018.07.15-05.41.45:784][948]LogShaderCompilers: Display: Shaders left to compile 15
[2018.07.15-05.41.46:091][966]LogShaderCompilers: Display: Shaders left to compile 14
[2018.07.15-05.41.46:108][967]LogShaderCompilers: Display: Shaders left to compile 13
[2018.07.15-05.41.46:194][972]LogShaderCompilers: Display: Shaders left to compile 12
[2018.07.15-05.41.46:485][989]LogShaderCompilers: Display: Shaders left to compile 11
[2018.07.15-05.41.46:502][990]LogShaderCompilers: Display: Shaders left to compile 10
[2018.07.15-05.41.46:639][998]LogShaderCompilers: Display: Shaders left to compile 9
[2018.07.15-05.41.47:338][ 39]LogShaderCompilers: Display: Shaders left to compile 8
[2018.07.15-05.41.47:355][ 40]LogShaderCompilers: Display: Shaders left to compile 7
[2018.07.15-05.41.47:526][ 50]LogShaderCompilers: Display: Shaders left to compile 6
[2018.07.15-05.41.47:837][ 68]LogShaderCompilers: Display: Shaders left to compile 5
[2018.07.15-05.41.48:157][ 87]LogShaderCompilers: Display: Shaders left to compile 4
[2018.07.15-05.41.48:431][103]LogShaderCompilers: Display: Shaders left to compile 3
[2018.07.15-05.41.48:582][112]LogShaderCompilers: Display: Shaders left to compile 2
[2018.07.15-05.41.48:912][131]LogShaderCompilers: Display: Shaders left to compile 1
[2018.07.15-05.41.49:059][133]LogMaterial: Missing cached shader map for material M_Mug, compiling. 
[2018.07.15-05.41.49:069][133]LogShaderCompilers: Display: Shaders left to compile 18
[2018.07.15-05.41.49:285][137]LogShaderCompilers: Display: Shaders left to compile 17
[2018.07.15-05.41.49:604][142]LogShaderCompilers: Display: Shaders left to compile 16
[2018.07.15-05.41.50:687][156]LogShaderCompilers: Display: Shaders left to compile 15
[2018.07.15-05.41.51:184][164]LogShaderCompilers: Display: Shaders left to compile 14
[2018.07.15-05.41.51:334][166]LogShaderCompilers: Display: Shaders left to compile 13
[2018.07.15-05.41.51:746][172]LogShaderCompilers: Display: Shaders left to compile 12
[2018.07.15-05.41.52:638][184]LogShaderCompilers: Display: Shaders left to compile 11
[2018.07.15-05.41.52:770][186]LogShaderCompilers: Display: Shaders left to compile 10
[2018.07.15-05.41.53:040][190]LogShaderCompilers: Display: Shaders left to compile 9
[2018.07.15-05.41.55:303][220]LogShaderCompilers: Display: Shaders left to compile 8
[2018.07.15-05.41.55:866][228]LogShaderCompilers: Display: Shaders left to compile 7
[2018.07.15-05.41.55:925][229]LogShaderCompilers: Display: Shaders left to compile 6
[2018.07.15-05.41.56:652][252]LogShaderCompilers: Display: Shaders left to compile 5
[2018.07.15-05.41.56:806][261]LogShaderCompilers: Display: Shaders left to compile 4
[2018.07.15-05.41.57:044][275]LogShaderCompilers: Display: Shaders left to compile 3
[2018.07.15-05.41.57:315][291]LogShaderCompilers: Display: Shaders left to compile 2
[2018.07.15-05.41.57:623][309]LogShaderCompilers: Display: Shaders left to compile 1
[2018.07.15-05.41.59:807][436]MaterialEditorStats: Base pass shader: 112 instructions
[2018.07.15-05.41.59:807][436]MaterialEditorStats: Base pass shader with Surface Lightmap: 129 instructions
[2018.07.15-05.41.59:807][436]MaterialEditorStats: Base pass shader with Volumetric Lightmap: 185 instructions
[2018.07.15-05.41.59:807][436]MaterialEditorStats: Vertex shader: 42 instructions
[2018.07.15-05.41.59:807][436]MaterialEditorStats: Texture samplers: 6/16
[2018.07.15-05.41.59:807][436]MaterialEditorStats: User interpolators: 4/4 Scalars (1/4 Vectors) (TexCoords: 4, Custom: 0)
[2018.07.15-05.43.16:490][234]LogMaterial: Missing cached shader map for material M_Mug, compiling. 
[2018.07.15-05.43.16:504][234]LogMaterial: Missing cached shader map for material FMatExpressionPreview MaterialExpressionVectorParameter_0, compiling. 
[2018.07.15-05.43.16:519][234]LogShaderCompilers: Display: Shaders left to compile 18
[2018.07.15-05.43.16:519][234]LogShaderCompilers: Display: Shaders left to compile 17
[2018.07.15-05.43.16:519][234]LogShaderCompilers: Display: Shaders left to compile 16
[2018.07.15-05.43.19:223][274]LogShaderCompilers: Display: Shaders left to compile 17
[2018.07.15-05.43.19:433][277]LogShaderCompilers: Display: Shaders left to compile 16
[2018.07.15-05.43.19:525][278]LogShaderCompilers: Display: Shaders left to compile 15
[2018.07.15-05.43.19:872][300]LogShaderCompilers: Display: Shaders left to compile 14
[2018.07.15-05.43.20:098][315]LogShaderCompilers: Display: Shaders left to compile 13
[2018.07.15-05.43.20:111][316]LogShaderCompilers: Display: Shaders left to compile 12
[2018.07.15-05.43.20:314][333]LogShaderCompilers: Display: Shaders left to compile 11
[2018.07.15-05.43.21:315][412]LogShaderCompilers: Display: Shaders left to compile 10
[2018.07.15-05.43.21:535][430]LogShaderCompilers: Display: Shaders left to compile 9
[2018.07.15-05.43.21:652][440]LogShaderCompilers: Display: Shaders left to compile 8
[2018.07.15-05.43.22:236][485]LogShaderCompilers: Display: Shaders left to compile 7
[2018.07.15-05.43.22:487][505]LogShaderCompilers: Display: Shaders left to compile 6
[2018.07.15-05.43.22:850][534]LogShaderCompilers: Display: Shaders left to compile 5
[2018.07.15-05.43.23:250][565]LogShaderCompilers: Display: Shaders left to compile 4
[2018.07.15-05.43.23:671][598]LogShaderCompilers: Display: Shaders left to compile 3
[2018.07.15-05.43.23:953][620]LogShaderCompilers: Display: Shaders left to compile 2
[2018.07.15-05.43.24:338][650]LogShaderCompilers: Display: Shaders left to compile 1
[2018.07.15-05.43.26:458][857]LogMaterial: Missing cached shader map for material M_Mug, compiling. 
[2018.07.15-05.43.26:475][857]LogMaterial: Missing cached shader map for material FMatExpressionPreview MaterialExpressionVectorParameter_0, compiling. 
[2018.07.15-05.43.26:489][857]LogShaderCompilers: Display: Shaders left to compile 18
[2018.07.15-05.43.26:489][857]LogShaderCompilers: Display: Shaders left to compile 17
[2018.07.15-05.43.26:489][857]LogShaderCompilers: Display: Shaders left to compile 16
[2018.07.15-05.43.28:216][883]LogShaderCompilers: Display: Shaders left to compile 17
[2018.07.15-05.43.28:300][884]LogShaderCompilers: Display: Shaders left to compile 16
[2018.07.15-05.43.28:415][886]LogShaderCompilers: Display: Shaders left to compile 15
[2018.07.15-05.43.29:372][899]LogShaderCompilers: Display: Shaders left to compile 14
[2018.07.15-05.43.29:515][901]LogShaderCompilers: Display: Shaders left to compile 13
[2018.07.15-05.43.29:587][902]LogShaderCompilers: Display: Shaders left to compile 12
[2018.07.15-05.43.29:871][905]LogMaterial: Missing cached shader map for material M_Mug, compiling. 
[2018.07.15-05.43.29:890][905]LogMaterial: Missing cached shader map for material FMatExpressionPreview MaterialExpressionVectorParameter_0, compiling. 
[2018.07.15-05.43.29:918][905]LogShaderCompilers: Display: Shaders left to compile 20
[2018.07.15-05.43.29:918][905]LogSlate: Window 'Color Picker' being destroyed
[2018.07.15-05.43.31:761][933]LogShaderCompilers: Display: Shaders left to compile 19
[2018.07.15-05.43.31:844][934]LogShaderCompilers: Display: Shaders left to compile 18
[2018.07.15-05.43.32:302][940]LogShaderCompilers: Display: Shaders left to compile 17
[2018.07.15-05.43.33:440][956]LogShaderCompilers: Display: Shaders left to compile 16
[2018.07.15-05.43.33:465][956]LogShaderCompilers: Display: Shaders left to compile 15
[2018.07.15-05.43.33:556][958]LogShaderCompilers: Display: Shaders left to compile 14
[2018.07.15-05.43.34:411][970]LogShaderCompilers: Display: Shaders left to compile 13
[2018.07.15-05.43.34:667][974]LogShaderCompilers: Display: Shaders left to compile 12
[2018.07.15-05.43.34:830][976]LogShaderCompilers: Display: Shaders left to compile 11
[2018.07.15-05.43.36:573][993]LogShaderCompilers: Display: Shaders left to compile 10
[2018.07.15-05.43.36:574][993]LogShaderCompilers: Display: Shaders left to compile 9
[2018.07.15-05.43.36:574][993]LogShaderCompilers: Display: Shaders left to compile 8
[2018.07.15-05.43.36:932][994]LogShaderCompilers: Display: Shaders left to compile 7
[2018.07.15-05.43.36:932][994]LogShaderCompilers: Display: Shaders left to compile 6
[2018.07.15-05.43.36:932][994]LogShaderCompilers: Display: Shaders left to compile 5
[2018.07.15-05.43.37:280][995]LogShaderCompilers: Display: Shaders left to compile 4
[2018.07.15-05.43.37:280][995]LogShaderCompilers: Display: Shaders left to compile 3
[2018.07.15-05.43.37:280][995]LogShaderCompilers: Display: Shaders left to compile 2
[2018.07.15-05.43.37:592][996]LogShaderCompilers: Display: Shaders left to compile 1
[2018.07.15-05.43.37:593][996]MaterialEditorStats: Base pass shader: 112 instructions
[2018.07.15-05.43.37:594][996]MaterialEditorStats: Base pass shader with Surface Lightmap: 129 instructions
[2018.07.15-05.43.37:594][996]MaterialEditorStats: Base pass shader with Volumetric Lightmap: 185 instructions
[2018.07.15-05.43.37:594][996]MaterialEditorStats: Vertex shader: 42 instructions
[2018.07.15-05.43.37:594][996]MaterialEditorStats: Texture samplers: 6/16
[2018.07.15-05.43.37:594][996]MaterialEditorStats: User interpolators: 4/4 Scalars (1/4 Vectors) (TexCoords: 4, Custom: 0)
[2018.07.15-05.44.06:333][777]LogMaterial: Missing cached shader map for material M_Mug, compiling. 
[2018.07.15-05.44.06:394][777]LogShaderCompilers: Display: Shaders left to compile 18
[2018.07.15-05.44.06:394][777]LogShaderCompilers: Display: Shaders left to compile 17
[2018.07.15-05.44.06:394][777]LogShaderCompilers: Display: Shaders left to compile 16
[2018.07.15-05.44.06:394][777]LogMaterial: Missing cached shader map for material FMatExpressionPreview MaterialExpressionVectorParameter_0, compiling. 
[2018.07.15-05.44.08:888][814]LogShaderCompilers: Display: Shaders left to compile 17
[2018.07.15-05.44.08:960][815]LogShaderCompilers: Display: Shaders left to compile 16
[2018.07.15-05.44.09:105][817]LogShaderCompilers: Display: Shaders left to compile 15
[2018.07.15-05.44.09:336][818]LogMaterial: Missing cached shader map for material M_Mug, compiling. 
[2018.07.15-05.44.09:359][818]LogMaterial: Missing cached shader map for material FMatExpressionPreview MaterialExpressionVectorParameter_0, compiling. 
[2018.07.15-05.44.09:808][826]LogShaderCompilers: Display: Shaders left to compile 20
[2018.07.15-05.44.10:010][829]LogShaderCompilers: Display: Shaders left to compile 19
[2018.07.15-05.44.10:163][831]LogShaderCompilers: Display: Shaders left to compile 18
[2018.07.15-05.44.11:165][843]LogMaterial: Missing cached shader map for material M_Mug, compiling. 
[2018.07.15-05.44.11:189][843]LogMaterial: Missing cached shader map for material FMatExpressionPreview MaterialExpressionVectorParameter_0, compiling. 
[2018.07.15-05.44.11:246][844]LogShaderCompilers: Display: Shaders left to compile 20
[2018.07.15-05.44.11:490][849]LogShaderCompilers: Display: Shaders left to compile 19
[2018.07.15-05.44.11:696][852]LogShaderCompilers: Display: Shaders left to compile 18
[2018.07.15-05.44.12:647][878]LogShaderCompilers: Display: Shaders left to compile 17
[2018.07.15-05.44.12:762][887]LogShaderCompilers: Display: Shaders left to compile 16
[2018.07.15-05.44.12:974][904]LogShaderCompilers: Display: Shaders left to compile 15
[2018.07.15-05.44.13:360][933]LogShaderCompilers: Display: Shaders left to compile 14
[2018.07.15-05.44.13:570][949]LogShaderCompilers: Display: Shaders left to compile 13
[2018.07.15-05.44.13:726][961]LogShaderCompilers: Display: Shaders left to compile 12
[2018.07.15-05.44.14:061][987]LogShaderCompilers: Display: Shaders left to compile 11
[2018.07.15-05.44.14:795][ 41]LogShaderCompilers: Display: Shaders left to compile 10
[2018.07.15-05.44.15:340][ 82]LogShaderCompilers: Display: Shaders left to compile 9
[2018.07.15-05.44.15:340][ 82]LogShaderCompilers: Display: Shaders left to compile 8
[2018.07.15-05.44.16:076][137]LogShaderCompilers: Display: Shaders left to compile 7
[2018.07.15-05.44.16:154][143]LogShaderCompilers: Display: Shaders left to compile 6
[2018.07.15-05.44.16:319][154]LogMaterial: Missing cached shader map for material M_Mug, compiling. 
[2018.07.15-05.44.16:352][154]LogMaterial: Missing cached shader map for material FMatExpressionPreview MaterialExpressionVectorParameter_0, compiling. 
[2018.07.15-05.44.17:376][170]LogShaderCompilers: Display: Shaders left to compile 20
[2018.07.15-05.44.17:598][173]LogShaderCompilers: Display: Shaders left to compile 19
[2018.07.15-05.44.17:642][176]LogSlate: Window 'Color Picker' being destroyed
[2018.07.15-05.44.19:753][204]LogShaderCompilers: Display: Shaders left to compile 18
[2018.07.15-05.44.19:753][204]LogShaderCompilers: Display: Shaders left to compile 17
[2018.07.15-05.44.19:753][204]LogShaderCompilers: Display: Shaders left to compile 16
[2018.07.15-05.44.20:092][205]LogShaderCompilers: Display: Shaders left to compile 15
[2018.07.15-05.44.20:092][205]LogShaderCompilers: Display: Shaders left to compile 14
[2018.07.15-05.44.20:092][205]LogShaderCompilers: Display: Shaders left to compile 13
[2018.07.15-05.44.20:454][206]LogShaderCompilers: Display: Shaders left to compile 12
[2018.07.15-05.44.20:454][206]LogShaderCompilers: Display: Shaders left to compile 11
[2018.07.15-05.44.20:799][207]LogShaderCompilers: Display: Shaders left to compile 10
[2018.07.15-05.44.21:137][208]LogShaderCompilers: Display: Shaders left to compile 9
[2018.07.15-05.44.21:137][208]LogShaderCompilers: Display: Shaders left to compile 8
[2018.07.15-05.44.21:497][209]LogShaderCompilers: Display: Shaders left to compile 7
[2018.07.15-05.44.21:498][209]LogShaderCompilers: Display: Shaders left to compile 6
[2018.07.15-05.44.21:835][210]LogShaderCompilers: Display: Shaders left to compile 5
[2018.07.15-05.44.21:836][210]LogShaderCompilers: Display: Shaders left to compile 4
[2018.07.15-05.44.22:174][211]LogShaderCompilers: Display: Shaders left to compile 3
[2018.07.15-05.44.22:175][211]LogShaderCompilers: Display: Shaders left to compile 2
[2018.07.15-05.44.22:175][211]LogShaderCompilers: Display: Shaders left to compile 1
[2018.07.15-05.44.22:503][211]MaterialEditorStats: Base pass shader: 112 instructions
[2018.07.15-05.44.22:503][211]MaterialEditorStats: Base pass shader with Surface Lightmap: 129 instructions
[2018.07.15-05.44.22:503][211]MaterialEditorStats: Base pass shader with Volumetric Lightmap: 185 instructions
[2018.07.15-05.44.22:503][211]MaterialEditorStats: Vertex shader: 42 instructions
[2018.07.15-05.44.22:503][211]MaterialEditorStats: Texture samplers: 6/16
[2018.07.15-05.44.22:503][211]MaterialEditorStats: User interpolators: 4/4 Scalars (1/4 Vectors) (TexCoords: 4, Custom: 0)
[2018.07.15-05.45.14:002][ 85]LogMaterial: Missing cached shader map for material M_Mug, compiling. 
[2018.07.15-05.45.14:040][ 85]LogShaderCompilers: Display: Shaders left to compile 18
[2018.07.15-05.45.14:040][ 85]LogShaderCompilers: Display: Shaders left to compile 17
[2018.07.15-05.45.14:040][ 85]LogShaderCompilers: Display: Shaders left to compile 16
[2018.07.15-05.45.14:044][ 85]LogMaterial: Missing cached shader map for material FMatExpressionPreview MaterialExpressionVectorParameter_0, compiling. 
[2018.07.15-05.45.17:044][130]LogShaderCompilers: Display: Shaders left to compile 17
[2018.07.15-05.45.17:055][130]LogShaderCompilers: Display: Shaders left to compile 16
[2018.07.15-05.45.17:127][131]LogShaderCompilers: Display: Shaders left to compile 15
[2018.07.15-05.45.17:686][165]LogShaderCompilers: Display: Shaders left to compile 14
[2018.07.15-05.45.17:699][166]LogShaderCompilers: Display: Shaders left to compile 13
[2018.07.15-05.45.17:713][167]LogShaderCompilers: Display: Shaders left to compile 12
[2018.07.15-05.45.18:401][222]LogShaderCompilers: Display: Shaders left to compile 11
[2018.07.15-05.45.18:754][250]LogMaterial: Missing cached shader map for material M_Mug, compiling. 
[2018.07.15-05.45.18:774][250]LogMaterial: Missing cached shader map for material FMatExpressionPreview MaterialExpressionVectorParameter_0, compiling. 
[2018.07.15-05.45.18:827][251]LogShaderCompilers: Display: Shaders left to compile 20
[2018.07.15-05.45.19:517][262]LogShaderCompilers: Display: Shaders left to compile 19
[2018.07.15-05.45.20:778][285]LogShaderCompilers: Display: Shaders left to compile 18
[2018.07.15-05.45.20:778][285]LogShaderCompilers: Display: Shaders left to compile 17
[2018.07.15-05.45.20:902][294]LogShaderCompilers: Display: Shaders left to compile 16
[2018.07.15-05.45.21:338][324]LogShaderCompilers: Display: Shaders left to compile 15
[2018.07.15-05.45.21:389][328]LogShaderCompilers: Display: Shaders left to compile 14
[2018.07.15-05.45.21:402][329]LogShaderCompilers: Display: Shaders left to compile 13
[2018.07.15-05.45.21:929][371]LogShaderCompilers: Display: Shaders left to compile 12
[2018.07.15-05.45.22:023][378]LogShaderCompilers: Display: Shaders left to compile 11
[2018.07.15-05.45.22:756][434]LogShaderCompilers: Display: Shaders left to compile 10
[2018.07.15-05.45.23:071][459]LogShaderCompilers: Display: Shaders left to compile 9
[2018.07.15-05.45.23:387][483]LogShaderCompilers: Display: Shaders left to compile 8
[2018.07.15-05.45.23:721][509]LogShaderCompilers: Display: Shaders left to compile 7
[2018.07.15-05.45.24:217][547]LogShaderCompilers: Display: Shaders left to compile 6
[2018.07.15-05.45.24:687][582]LogShaderCompilers: Display: Shaders left to compile 5
[2018.07.15-05.45.24:887][596]LogShaderCompilers: Display: Shaders left to compile 4
[2018.07.15-05.45.25:115][612]LogShaderCompilers: Display: Shaders left to compile 3
[2018.07.15-05.45.25:618][649]LogShaderCompilers: Display: Shaders left to compile 2
[2018.07.15-05.45.25:794][663]LogShaderCompilers: Display: Shaders left to compile 1
[2018.07.15-05.45.38:805][ 61]LogMaterial: Missing cached shader map for material M_Mug, compiling. 
[2018.07.15-05.45.38:816][ 61]LogMaterial: Missing cached shader map for material FMatExpressionPreview MaterialExpressionVectorParameter_0, compiling. 
[2018.07.15-05.45.38:830][ 61]LogShaderCompilers: Display: Shaders left to compile 18
[2018.07.15-05.45.38:830][ 61]LogShaderCompilers: Display: Shaders left to compile 17
[2018.07.15-05.45.38:830][ 61]LogShaderCompilers: Display: Shaders left to compile 16
[2018.07.15-05.45.40:895][ 92]LogShaderCompilers: Display: Shaders left to compile 17
[2018.07.15-05.45.40:916][ 92]LogShaderCompilers: Display: Shaders left to compile 16
[2018.07.15-05.45.41:116][ 95]LogShaderCompilers: Display: Shaders left to compile 15
[2018.07.15-05.45.42:442][114]LogShaderCompilers: Display: Shaders left to compile 14
[2018.07.15-05.45.42:446][114]LogShaderCompilers: Display: Shaders left to compile 13
[2018.07.15-05.45.42:728][118]LogShaderCompilers: Display: Shaders left to compile 12
[2018.07.15-05.45.43:989][136]LogShaderCompilers: Display: Shaders left to compile 11
[2018.07.15-05.45.45:606][159]LogShaderCompilers: Display: Shaders left to compile 10
[2018.07.15-05.45.46:173][167]LogShaderCompilers: Display: Shaders left to compile 9
[2018.07.15-05.45.47:163][181]LogShaderCompilers: Display: Shaders left to compile 8
[2018.07.15-05.45.47:928][192]LogShaderCompilers: Display: Shaders left to compile 7
[2018.07.15-05.45.48:910][206]LogShaderCompilers: Display: Shaders left to compile 6
[2018.07.15-05.45.50:684][231]LogShaderCompilers: Display: Shaders left to compile 5
[2018.07.15-05.45.50:813][233]LogShaderCompilers: Display: Shaders left to compile 4
[2018.07.15-05.45.51:860][248]LogShaderCompilers: Display: Shaders left to compile 3
[2018.07.15-05.45.53:452][270]LogShaderCompilers: Display: Shaders left to compile 2
[2018.07.15-05.45.53:792][275]LogShaderCompilers: Display: Shaders left to compile 1
[2018.07.15-05.45.54:436][284]MaterialEditorStats: Base pass shader: 112 instructions
[2018.07.15-05.45.54:436][284]MaterialEditorStats: Base pass shader with Surface Lightmap: 129 instructions
[2018.07.15-05.45.54:436][284]MaterialEditorStats: Base pass shader with Volumetric Lightmap: 185 instructions
[2018.07.15-05.45.54:436][284]MaterialEditorStats: Vertex shader: 42 instructions
[2018.07.15-05.45.54:436][284]MaterialEditorStats: Texture samplers: 6/16
[2018.07.15-05.45.54:436][284]MaterialEditorStats: User interpolators: 4/4 Scalars (1/4 Vectors) (TexCoords: 4, Custom: 0)
[2018.07.15-05.45.57:747][335]LogMaterial: Missing cached shader map for material M_Mug, compiling. 
[2018.07.15-05.45.57:826][335]LogShaderCompilers: Display: Shaders left to compile 18
[2018.07.15-05.45.57:826][335]LogShaderCompilers: Display: Shaders left to compile 17
[2018.07.15-05.45.57:826][335]LogShaderCompilers: Display: Shaders left to compile 16
[2018.07.15-05.45.57:826][335]LogMaterial: Missing cached shader map for material FMatExpressionPreview MaterialExpressionVectorParameter_0, compiling. 
[2018.07.15-05.45.57:852][335]LogSlate: Window 'Color Picker' being destroyed
[2018.07.15-05.45.59:473][360]LogShaderCompilers: Display: Shaders left to compile 17
[2018.07.15-05.45.59:542][361]LogShaderCompilers: Display: Shaders left to compile 16
[2018.07.15-05.45.59:653][363]LogShaderCompilers: Display: Shaders left to compile 15
[2018.07.15-05.46.01:176][381]LogShaderCompilers: Display: Shaders left to compile 14
[2018.07.15-05.46.01:176][381]LogShaderCompilers: Display: Shaders left to compile 13
[2018.07.15-05.46.01:176][381]LogShaderCompilers: Display: Shaders left to compile 12
[2018.07.15-05.46.01:527][382]LogShaderCompilers: Display: Shaders left to compile 11
[2018.07.15-05.46.01:891][383]LogShaderCompilers: Display: Shaders left to compile 10
[2018.07.15-05.46.01:891][383]LogShaderCompilers: Display: Shaders left to compile 9
[2018.07.15-05.46.01:891][383]LogShaderCompilers: Display: Shaders left to compile 8
[2018.07.15-05.46.02:216][384]LogShaderCompilers: Display: Shaders left to compile 7
[2018.07.15-05.46.02:216][384]LogShaderCompilers: Display: Shaders left to compile 6
[2018.07.15-05.46.02:583][385]LogShaderCompilers: Display: Shaders left to compile 5
[2018.07.15-05.46.02:583][385]LogShaderCompilers: Display: Shaders left to compile 4
[2018.07.15-05.46.02:583][385]LogShaderCompilers: Display: Shaders left to compile 3
[2018.07.15-05.46.03:170][386]LogShaderCompilers: Display: Shaders left to compile 2
[2018.07.15-05.46.03:170][386]LogShaderCompilers: Display: Shaders left to compile 1
[2018.07.15-05.46.03:235][386]MaterialEditorStats: Base pass shader: 112 instructions
[2018.07.15-05.46.03:235][386]MaterialEditorStats: Base pass shader with Surface Lightmap: 129 instructions
[2018.07.15-05.46.03:235][386]MaterialEditorStats: Base pass shader with Volumetric Lightmap: 185 instructions
[2018.07.15-05.46.03:235][386]MaterialEditorStats: Vertex shader: 42 instructions
[2018.07.15-05.46.03:235][386]MaterialEditorStats: Texture samplers: 6/16
[2018.07.15-05.46.03:235][386]MaterialEditorStats: User interpolators: 4/4 Scalars (1/4 Vectors) (TexCoords: 4, Custom: 0)
[2018.07.15-05.46.56:137][566]LogSlate: Window 'Message' being destroyed
[2018.07.15-06.12.52:209][239]LogD3D11RHI: Timed out while waiting for GPU to catch up. (500 ms)
[2018.07.15-06.18.55:601][329]LogInit: XAudio2 using 'Speaker/HP (Realtek High Definition Audio)' : 2 channels at 48 kHz using 32 bits per sample (channel mask 0x3)
