Log file open, 07/16/18 15:12:59
LogWindows: Failed to load 'aqProf.dll' (GetLastError=126)
LogWindows: File 'aqProf.dll' does not exist
LogWindows: Failed to load 'VtuneApi.dll' (GetLastError=126)
LogWindows: File 'VtuneApi.dll' does not exist
LogWindows: Failed to load 'VtuneApi32e.dll' (GetLastError=126)
LogWindows: File 'VtuneApi32e.dll' does not exist
LogInit: Display: Running engine for game: ArchVisDemo
LogPlatformFile: Not using cached read wrapper
LogInit: Display: RandInit(-1736122572) SRandInit(-1736122572).
LogInit: Read version file with build ID '3944462'
LogInit: Overriding engine version to CL 4033788, compatible CL 3944462
LogInit: Registered custom module enumerator with build ID '3944462'
LogTaskGraph: Started task graph with 5 named threads and 11 total threads with 3 sets of task threads.
LogStats: Stats thread started at 0.151967
LogD3D11RHI: Aftermath initialized
LogICUInternationalization: Display: ICU TimeZone Detection - Raw Offset: +5:30, Platform Override: ''
LogModuleManager: Display: Found up-to-date module file ../../../Engine/Plugins/2D/Paper2D/Binaries/Win64/UE4Editor-Paper2D.dll (API version 3944462).
LogModuleManager: Display: Found up-to-date module file ../../../Engine/Plugins/2D/Paper2D/Binaries/Win64/UE4Editor-Paper2DEditor.dll (API version 3944462).
LogModuleManager: Display: Found up-to-date module file ../../../Engine/Plugins/2D/Paper2D/Binaries/Win64/UE4Editor-PaperSpriteSheetImporter.dll (API version 3944462).
LogModuleManager: Display: Found up-to-date module file ../../../Engine/Plugins/2D/Paper2D/Binaries/Win64/UE4Editor-PaperTiledImporter.dll (API version 3944462).
LogModuleManager: Display: Found up-to-date module file ../../../Engine/Plugins/2D/Paper2D/Binaries/Win64/UE4Editor-SmartSnapping.dll (API version 3944462).
LogModuleManager: Display: Found up-to-date module file ../../../Engine/Plugins/Blendables/LightPropagationVolume/Binaries/Win64/UE4Editor-LightPropagationVolumeRuntime.dll (API version 3944462).
LogModuleManager: Display: Found up-to-date module file ../../../Engine/Plugins/Blendables/LightPropagationVolume/Binaries/Win64/UE4Editor-LightPropagationVolumeEditor.dll (API version 3944462).
LogModuleManager: Display: Found up-to-date module file ../../../Engine/Plugins/Developer/CLionSourceCodeAccess/Binaries/Win64/UE4Editor-CLionSourceCodeAccess.dll (API version 3944462).
LogModuleManager: Display: Found up-to-date module file ../../../Engine/Plugins/Developer/GitSourceControl/Binaries/Win64/UE4Editor-GitSourceControl.dll (API version 3944462).
LogModuleManager: Display: Found up-to-date module file ../../../Engine/Plugins/Developer/PerforceSourceControl/Binaries/Win64/UE4Editor-PerforceSourceControl.dll (API version 3944462).
LogModuleManager: Display: Found up-to-date module file ../../../Engine/Plugins/Developer/SubversionSourceControl/Binaries/Win64/UE4Editor-SubversionSourceControl.dll (API version 3944462).
LogModuleManager: Display: Found up-to-date module file ../../../Engine/Plugins/Developer/UObjectPlugin/Binaries/Win64/UE4Editor-UObjectPlugin.dll (API version 3944462).
LogModuleManager: Display: Found up-to-date module file ../../../Engine/Plugins/Developer/VisualStudioCodeSourceCodeAccess/Binaries/Win64/UE4Editor-VisualStudioCodeSourceCodeAccess.dll (API version 3944462).
LogModuleManager: Display: Found up-to-date module file ../../../Engine/Plugins/Developer/VisualStudioSourceCodeAccess/Binaries/Win64/UE4Editor-VisualStudioSourceCodeAccess.dll (API version 3944462).
LogModuleManager: Display: Found up-to-date module file ../../../Engine/Plugins/Editor/AssetManagerEditor/Binaries/Win64/UE4Editor-AssetManagerEditor.dll (API version 3944462).
LogModuleManager: Display: Found up-to-date module file ../../../Engine/Plugins/Editor/CryptoKeys/Binaries/Win64/UE4Editor-CryptoKeys.dll (API version 3944462).
LogModuleManager: Display: Found up-to-date module file ../../../Engine/Plugins/Editor/CryptoKeys/Binaries/Win64/UE4Editor-CryptoKeysOpenSSL.dll (API version 3944462).
LogModuleManager: Display: Found up-to-date module file ../../../Engine/Plugins/Editor/DataValidation/Binaries/Win64/UE4Editor-DataValidation.dll (API version 3944462).
LogModuleManager: Display: Found up-to-date module file ../../../Engine/Plugins/Editor/FacialAnimation/Binaries/Win64/UE4Editor-FacialAnimation.dll (API version 3944462).
LogModuleManager: Display: Found up-to-date module file ../../../Engine/Plugins/Editor/FacialAnimation/Binaries/Win64/UE4Editor-FacialAnimationEditor.dll (API version 3944462).
LogModuleManager: Display: Found up-to-date module file ../../../Engine/Plugins/Editor/GameplayTagsEditor/Binaries/Win64/UE4Editor-GameplayTagsEditor.dll (API version 3944462).
LogModuleManager: Display: Found up-to-date module file ../../../Engine/Plugins/Editor/MobileLauncherProfileWizard/Binaries/Win64/UE4Editor-MobileLauncherProfileWizard.dll (API version 3944462).
LogModuleManager: Display: Found up-to-date module file ../../../Engine/Plugins/Editor/PluginBrowser/Binaries/Win64/UE4Editor-PluginBrowser.dll (API version 3944462).
LogModuleManager: Display: Found up-to-date module file ../../../Engine/Plugins/Editor/SpeedTreeImporter/Binaries/Win64/UE4Editor-SpeedTreeImporter.dll (API version 3944462).
LogModuleManager: Display: Found up-to-date module file ../../../Engine/Plugins/Enterprise/DatasmithContent/Binaries/Win64/UE4Editor-DatasmithContent.dll (API version 3944462).
LogModuleManager: Display: Found up-to-date module file ../../../Engine/Plugins/Experimental/AlembicImporter/Binaries/Win64/UE4Editor-AlembicImporter.dll (API version 3944462).
LogModuleManager: Display: Found up-to-date module file ../../../Engine/Plugins/Experimental/AlembicImporter/Binaries/Win64/UE4Editor-AlembicLibrary.dll (API version 3944462).
LogModuleManager: Display: Found up-to-date module file ../../../Engine/Plugins/Experimental/CharacterAI/Binaries/Win64/UE4Editor-CharacterAI.dll (API version 3944462).
LogModuleManager: Display: Found up-to-date module file ../../../Engine/Plugins/Experimental/HTML5Networking/Binaries/Win64/UE4Editor-HTML5Networking.dll (API version 3944462).
LogModuleManager: Display: Found up-to-date module file ../../../Engine/Plugins/Media/AndroidMedia/Binaries/Win64/UE4Editor-AndroidMediaEditor.dll (API version 3944462).
LogModuleManager: Display: Found up-to-date module file ../../../Engine/Plugins/Media/AndroidMedia/Binaries/Win64/UE4Editor-AndroidMediaFactory.dll (API version 3944462).
LogModuleManager: Display: Found up-to-date module file ../../../Engine/Plugins/Media/AvfMedia/Binaries/Win64/UE4Editor-AvfMediaEditor.dll (API version 3944462).
LogModuleManager: Display: Found up-to-date module file ../../../Engine/Plugins/Media/AvfMedia/Binaries/Win64/UE4Editor-AvfMediaFactory.dll (API version 3944462).
LogModuleManager: Display: Found up-to-date module file ../../../Engine/Plugins/Media/AvfMedia/Binaries/Win64/UE4Editor-AvfMediaFactory.dll (API version 3944462).
LogModuleManager: Display: Found up-to-date module file ../../../Engine/Plugins/Media/ImgMedia/Binaries/Win64/UE4Editor-ImgMedia.dll (API version 3944462).
LogModuleManager: Display: Found up-to-date module file ../../../Engine/Plugins/Media/ImgMedia/Binaries/Win64/UE4Editor-ImgMediaEditor.dll (API version 3944462).
LogModuleManager: Display: Found up-to-date module file ../../../Engine/Plugins/Media/ImgMedia/Binaries/Win64/UE4Editor-ImgMediaFactory.dll (API version 3944462).
LogModuleManager: Display: Found up-to-date module file ../../../Engine/Plugins/Media/ImgMedia/Binaries/Win64/UE4Editor-ImgMediaFactory.dll (API version 3944462).
LogModuleManager: Display: Found up-to-date module file ../../../Engine/Plugins/Media/ImgMedia/Binaries/Win64/UE4Editor-OpenExrWrapper.dll (API version 3944462).
LogModuleManager: Display: Found up-to-date module file ../../../Engine/Plugins/Media/LinearTimecode/Binaries/Win64/UE4Editor-LinearTimecode.dll (API version 3944462).
LogModuleManager: Display: Found up-to-date module file ../../../Engine/Plugins/Media/MediaCompositing/Binaries/Win64/UE4Editor-MediaCompositing.dll (API version 3944462).
LogModuleManager: Display: Found up-to-date module file ../../../Engine/Plugins/Media/MediaCompositing/Binaries/Win64/UE4Editor-MediaCompositingEditor.dll (API version 3944462).
LogModuleManager: Display: Found up-to-date module file ../../../Engine/Plugins/Media/MediaPlayerEditor/Binaries/Win64/UE4Editor-MediaPlayerEditor.dll (API version 3944462).
LogModuleManager: Display: Found up-to-date module file ../../../Engine/Plugins/Media/WmfMedia/Binaries/Win64/UE4Editor-WmfMedia.dll (API version 3944462).
LogModuleManager: Display: Found up-to-date module file ../../../Engine/Plugins/Media/WmfMedia/Binaries/Win64/UE4Editor-WmfMediaEditor.dll (API version 3944462).
LogModuleManager: Display: Found up-to-date module file ../../../Engine/Plugins/Media/WmfMedia/Binaries/Win64/UE4Editor-WmfMediaFactory.dll (API version 3944462).
LogModuleManager: Display: Found up-to-date module file ../../../Engine/Plugins/Media/WmfMedia/Binaries/Win64/UE4Editor-WmfMediaFactory.dll (API version 3944462).
LogModuleManager: Display: Found up-to-date module file ../../../Engine/Plugins/Messaging/TcpMessaging/Binaries/Win64/UE4Editor-TcpMessaging.dll (API version 3944462).
LogModuleManager: Display: Found up-to-date module file ../../../Engine/Plugins/Messaging/UdpMessaging/Binaries/Win64/UE4Editor-UdpMessaging.dll (API version 3944462).
LogModuleManager: Display: Found up-to-date module file ../../../Engine/Plugins/MovieScene/ActorSequence/Binaries/Win64/UE4Editor-ActorSequence.dll (API version 3944462).
LogModuleManager: Display: Found up-to-date module file ../../../Engine/Plugins/MovieScene/LevelSequenceEditor/Binaries/Win64/UE4Editor-LevelSequenceEditor.dll (API version 3944462).
LogModuleManager: Display: Found up-to-date module file ../../../Engine/Plugins/MovieScene/MatineeToLevelSequence/Binaries/Win64/UE4Editor-MatineeToLevelSequence.dll (API version 3944462).
LogModuleManager: Display: Found up-to-date module file ../../../Engine/Plugins/NetcodeUnitTest/NetcodeUnitTest/Binaries/Win64/UE4Editor-NetcodeUnitTest.dll (API version 3944462).
LogModuleManager: Display: Found up-to-date module file ../../../Engine/Plugins/NetcodeUnitTest/NUTUnrealEngine4/Binaries/Win64/UE4Editor-NUTUnrealEngine4.dll (API version 3944462).
LogModuleManager: Display: Found up-to-date module file ../../../Engine/Plugins/Online/OnlineSubsystem/Binaries/Win64/UE4Editor-OnlineSubsystem.dll (API version 3944462).
LogModuleManager: Display: Found up-to-date module file ../../../Engine/Plugins/Runtime/AndroidPermission/Binaries/Win64/UE4Editor-AndroidPermission.dll (API version 3944462).
LogModuleManager: Display: Found up-to-date module file ../../../Engine/Plugins/Online/OnlineSubsystemNull/Binaries/Win64/UE4Editor-OnlineSubsystemNull.dll (API version 3944462).
LogModuleManager: Display: Found up-to-date module file ../../../Engine/Plugins/Online/OnlineSubsystemUtils/Binaries/Win64/UE4Editor-OnlineSubsystemUtils.dll (API version 3944462).
LogModuleManager: Display: Found up-to-date module file ../../../Engine/Plugins/Online/OnlineSubsystemUtils/Binaries/Win64/UE4Editor-OnlineBlueprintSupport.dll (API version 3944462).
LogModuleManager: Display: Found up-to-date module file ../../../Engine/Plugins/Runtime/AndroidDeviceProfileSelector/Binaries/Win64/UE4Editor-AndroidDeviceProfileSelector.dll (API version 3944462).
LogModuleManager: Display: Found up-to-date module file ../../../Engine/Plugins/Runtime/AppleARKit/Binaries/Win64/UE4Editor-AppleARKit.dll (API version 3944462).
LogModuleManager: Display: Found up-to-date module file ../../../Engine/Plugins/Runtime/ProceduralMeshComponent/Binaries/Win64/UE4Editor-ProceduralMeshComponent.dll (API version 3944462).
LogModuleManager: Display: Found up-to-date module file ../../../Engine/Plugins/Runtime/ProceduralMeshComponent/Binaries/Win64/UE4Editor-ProceduralMeshComponentEditor.dll (API version 3944462).
LogModuleManager: Display: Found up-to-date module file ../../../Engine/Plugins/Animation/LiveLink/Binaries/Win64/UE4Editor-LiveLink.dll (API version 3944462).
LogModuleManager: Display: Found up-to-date module file ../../../Engine/Plugins/Animation/LiveLink/Binaries/Win64/UE4Editor-LiveLinkEditor.dll (API version 3944462).
LogModuleManager: Display: Found up-to-date module file ../../../Engine/Plugins/Runtime/ArchVisCharacter/Binaries/Win64/UE4Editor-ArchVisCharacter.dll (API version 3944462).
LogModuleManager: Display: Found up-to-date module file ../../../Engine/Plugins/Runtime/AudioCapture/Binaries/Win64/UE4Editor-AudioCapture.dll (API version 3944462).
LogModuleManager: Display: Found up-to-date module file ../../../Engine/Plugins/Runtime/AudioCapture/Binaries/Win64/UE4Editor-AudioCaptureEditor.dll (API version 3944462).
LogModuleManager: Display: Found up-to-date module file ../../../Engine/Plugins/Runtime/CableComponent/Binaries/Win64/UE4Editor-CableComponent.dll (API version 3944462).
LogModuleManager: Display: Found up-to-date module file ../../../Engine/Plugins/Runtime/CustomMeshComponent/Binaries/Win64/UE4Editor-CustomMeshComponent.dll (API version 3944462).
LogModuleManager: Display: Found up-to-date module file ../../../Engine/Plugins/Runtime/ExampleDeviceProfileSelector/Binaries/Win64/UE4Editor-ExampleDeviceProfileSelector.dll (API version 3944462).
LogModuleManager: Display: Found up-to-date module file ../../../Engine/Plugins/Runtime/ImmediatePhysics/Binaries/Win64/UE4Editor-ImmediatePhysics.dll (API version 3944462).
LogModuleManager: Display: Found up-to-date module file ../../../Engine/Plugins/Runtime/ImmediatePhysics/Binaries/Win64/UE4Editor-ImmediatePhysicsEditor.dll (API version 3944462).
LogModuleManager: Display: Found up-to-date module file ../../../Engine/Plugins/Runtime/LocationServicesBPLibrary/Binaries/Win64/UE4Editor-LocationServicesBPLibrary.dll (API version 3944462).
LogModuleManager: Display: Found up-to-date module file ../../../Engine/Plugins/Runtime/MobilePatchingUtils/Binaries/Win64/UE4Editor-MobilePatchingUtils.dll (API version 3944462).
LogModuleManager: Display: Found up-to-date module file ../../../Engine/Plugins/Runtime/Oculus/OculusVR/Binaries/Win64/UE4Editor-OculusHMD.dll (API version 3944462).
LogModuleManager: Display: Found up-to-date module file ../../../Engine/Plugins/Runtime/Oculus/OculusVR/Binaries/Win64/UE4Editor-OculusInput.dll (API version 3944462).
LogModuleManager: Display: Found up-to-date module file ../../../Engine/Plugins/Runtime/Oculus/OculusVR/Binaries/Win64/UE4Editor-OculusEditor.dll (API version 3944462).
LogModuleManager: Display: Found up-to-date module file ../../../Engine/Plugins/Runtime/PhysXVehicles/Binaries/Win64/UE4Editor-PhysXVehicles.dll (API version 3944462).
LogModuleManager: Display: Found up-to-date module file ../../../Engine/Plugins/Runtime/PhysXVehicles/Binaries/Win64/UE4Editor-PhysXVehiclesEditor.dll (API version 3944462).
LogModuleManager: Display: Found up-to-date module file ../../../Engine/Plugins/Runtime/RuntimePhysXCooking/Binaries/Win64/UE4Editor-RuntimePhysXCooking.dll (API version 3944462).
LogModuleManager: Display: Found up-to-date module file ../../../Engine/Plugins/Runtime/Steam/SteamVR/Binaries/Win64/UE4Editor-SteamVR.dll (API version 3944462).
LogModuleManager: Display: Found up-to-date module file ../../../Engine/Plugins/Runtime/Steam/SteamVR/Binaries/Win64/UE4Editor-SteamVRController.dll (API version 3944462).
LogModuleManager: Display: Found up-to-date module file ../../../Engine/Plugins/Runtime/WindowsMoviePlayer/Binaries/Win64/UE4Editor-WindowsMoviePlayer.dll (API version 3944462).
LogPluginManager: Mounting plugin Paper2D
LogPluginManager: Mounting plugin LiveLink
LogPluginManager: Mounting plugin LightPropagationVolume
LogPluginManager: Mounting plugin CLionSourceCodeAccess
LogPluginManager: Mounting plugin CodeLiteSourceCodeAccess
LogPluginManager: Mounting plugin GitSourceControl
LogPluginManager: Mounting plugin KDevelopSourceCodeAccess
LogPluginManager: Mounting plugin NullSourceCodeAccess
LogPluginManager: Mounting plugin PerforceSourceControl
LogPluginManager: Mounting plugin SubversionSourceControl
LogPluginManager: Mounting plugin UObjectPlugin
LogPluginManager: Mounting plugin VisualStudioCodeSourceCodeAccess
LogPluginManager: Mounting plugin VisualStudioSourceCodeAccess
LogPluginManager: Mounting plugin XCodeSourceCodeAccess
LogPluginManager: Mounting plugin AssetManagerEditor
LogPluginManager: Mounting plugin CryptoKeys
LogPluginManager: Mounting plugin DataValidation
LogPluginManager: Mounting plugin FacialAnimation
LogPluginManager: Mounting plugin GameplayTagsEditor
LogPluginManager: Mounting plugin MobileLauncherProfileWizard
LogPluginManager: Mounting plugin PluginBrowser
LogPluginManager: Mounting plugin SpeedTreeImporter
LogPluginManager: Mounting plugin DatasmithContent
LogPluginManager: Mounting plugin AlembicImporter
LogPluginManager: Mounting plugin CharacterAI
LogPluginManager: Mounting plugin HTML5Networking
LogPluginManager: Mounting plugin AndroidMedia
LogPluginManager: Mounting plugin AvfMedia
LogPluginManager: Mounting plugin ImgMedia
LogPluginManager: Mounting plugin LinearTimecode
LogPluginManager: Mounting plugin MediaCompositing
LogPluginManager: Mounting plugin MediaPlayerEditor
LogPluginManager: Mounting plugin WmfMedia
LogPluginManager: Mounting plugin TcpMessaging
LogPluginManager: Mounting plugin UdpMessaging
LogPluginManager: Mounting plugin ActorSequence
LogPluginManager: Mounting plugin LevelSequenceEditor
LogPluginManager: Mounting plugin MatineeToLevelSequence
LogPluginManager: Mounting plugin NetcodeUnitTest
LogPluginManager: Mounting plugin NUTUnrealEngine4
LogPluginManager: Mounting plugin OnlineSubsystemGooglePlay
LogPluginManager: Mounting plugin OnlineSubsystemIOS
LogPluginManager: Mounting plugin OnlineSubsystem
LogPluginManager: Mounting plugin OnlineSubsystemNull
LogPluginManager: Mounting plugin OnlineSubsystemUtils
LogPluginManager: Mounting plugin AndroidDeviceProfileSelector
LogPluginManager: Mounting plugin AndroidMoviePlayer
LogPluginManager: Mounting plugin AndroidPermission
LogPluginManager: Mounting plugin AppleARKit
LogPluginManager: Mounting plugin AppleMoviePlayer
LogPluginManager: Mounting plugin ArchVisCharacter
LogPluginManager: Mounting plugin AudioCapture
LogPluginManager: Mounting plugin CableComponent
LogPluginManager: Mounting plugin CustomMeshComponent
LogPluginManager: Mounting plugin ExampleDeviceProfileSelector
LogPluginManager: Mounting plugin GoogleCloudMessaging
LogPluginManager: Mounting plugin ImmediatePhysics
LogPluginManager: Mounting plugin IOSDeviceProfileSelector
LogPluginManager: Mounting plugin LinuxDeviceProfileSelector
LogPluginManager: Mounting plugin LocationServicesBPLibrary
LogPluginManager: Mounting plugin MobilePatchingUtils
LogPluginManager: Mounting plugin OculusVR
LogPluginManager: Plugin shader directory ../../../Engine/Plugins/Runtime/Oculus/OculusVR/Shaders found
LogPluginManager: Mapping shader source directory ../../../Engine/Plugins/Runtime/Oculus/OculusVR/Shaders to virtual directory /Plugin/OculusVR
LogPluginManager: Mounting plugin PhysXVehicles
LogPluginManager: Mounting plugin ProceduralMeshComponent
LogPluginManager: Mounting plugin RuntimePhysXCooking
LogPluginManager: Mounting plugin SteamVR
LogPluginManager: Mounting plugin WindowsMoviePlayer
LogStreaming: Display: Took  1.016s to configure plugins.
LogInit: Using libcurl 7.47.1
LogInit:  - built for x86_64-pc-win32
LogInit:  - supports SSL with OpenSSL/1.0.2g
LogInit:  - supports HTTP deflate (compression) using libz 1.2.8
LogInit:  - other features:
LogInit:      CURL_VERSION_SSL
LogInit:      CURL_VERSION_LIBZ
LogInit:      CURL_VERSION_IPV6
LogInit:      CURL_VERSION_ASYNCHDNS
LogInit:      CURL_VERSION_LARGEFILE
LogInit:      CURL_VERSION_IDN
LogInit:  CurlRequestOptions (configurable via config and command line):
LogInit:  - bVerifyPeer = false  - Libcurl will NOT verify peer certificate
LogInit:  - bUseHttpProxy = false  - Libcurl will NOT use HTTP proxy
LogInit:  - bDontReuseConnections = false  - Libcurl will reuse connections
LogInit:  - CertBundlePath = nullptr  - Libcurl will use whatever was configured at build time.
LogInit:  - MaxHostConnections = 16  - Libcurl will limit the number of connections to a host
LogInit:  - LocalHostAddr = Default
LogInit: WinSock: version 1.1 (2.2), MaxSocks=32767, MaxUdp=65467
LogInit: WinSock: I am LAPTOP-SNI5BBA7 (192.168.0.21:0)
LogInit: Build: ++UE4+Release-4.19-CL-4033788
LogInit: Engine Version: 4.19.2-4033788+++UE4+Release-4.19
LogInit: Compatible Engine Version: 4.19.0-3944462+++UE4+Release-4.19
LogInit: Net CL: 3944462
LogDevObjectVersion: Number of dev versions registered: 18
LogDevObjectVersion:   Dev-Blueprints (B0D832E4-1F89-4F0D-ACCF-7EB736FD4AA2): 10
LogDevObjectVersion:   Dev-Build (E1C64328-A22C-4D53-A36C-8E866417BD8C): 0
LogDevObjectVersion:   Dev-Core (375EC13C-06E4-48FB-B500-84F0262A717E): 2
LogDevObjectVersion:   Dev-Editor (E4B068ED-F494-42E9-A231-DA0B2E46BB41): 23
LogDevObjectVersion:   Dev-Framework (CFFC743F-43B0-4480-9391-14DF171D2073): 33
LogDevObjectVersion:   Dev-Mobile (B02B49B5-BB20-44E9-A304-32B752E40360): 2
LogDevObjectVersion:   Dev-Networking (A4E4105C-59A1-49B5-A7C5-40C4547EDFEE): 0
LogDevObjectVersion:   Dev-Online (39C831C9-5AE6-47DC-9A44-9C173E1C8E7C): 0
LogDevObjectVersion:   Dev-Physics (78F01B33-EBEA-4F98-B9B4-84EACCB95AA2): 0
LogDevObjectVersion:   Dev-Platform (6631380F-2D4D-43E0-8009-CF276956A95A): 0
LogDevObjectVersion:   Dev-Rendering (12F88B9F-8875-4AFC-A67C-D90C383ABD29): 25
LogDevObjectVersion:   Dev-Sequencer (7B5AE74C-D270-4C10-A958-57980B212A5A): 6
LogDevObjectVersion:   Dev-VR (D7296918-1DD6-4BDD-9DE2-64A83CC13884): 1
LogDevObjectVersion:   Dev-LoadTimes (C2A15278-BFE7-4AFE-6C17-90FF531DF755): 1
LogDevObjectVersion:   Private-Geometry (6EACA3D4-40EC-4CC1-B786-8BED09428FC5): 2
LogDevObjectVersion:   Dev-AnimPhys (29E575DD-E0A3-4627-9D10-D276232CDCEA): 16
LogDevObjectVersion:   Dev-ReflectionCapture (6B266CEC-1EC7-4B8F-A30B-E4D90942FC07): 1
LogDevObjectVersion:   Dev-Automation (0DF73D61-A23F-47EA-B727-89E90C41499A): 1
LogInit: Compiled (64-bit): Apr 27 2018 02:06:57
LogInit: Compiled with Visual C++: 19.00.24215.01
LogInit: Build Configuration: Development
LogInit: Branch Name: ++UE4+Release-4.19
LogInit: Command Line: 
LogInit: Base Directory: C:/Program Files/Epic Games/UE_4.19/Engine/Binaries/Win64/
LogInit: Installed Engine Build: 1
LogStreaming: Display: Took  0.003s to delete old logs.
LogInit: Presizing for max 8388607 objects, including 0 objects not considered by GC, pre-allocating 0 bytes for permanent pool.
LogInit: Object subsystem initialized
[2018.07.16-09.43.00:317][  0]LogInit: Selected Device Profile: [Windows]
[2018.07.16-09.43.00:317][  0]LogInit: Applying CVar settings loaded from the selected device profile: [Windows]
[2018.07.16-09.43.00:344][  0]LogInit: Computer: LAPTOP-SNI5BBA7
[2018.07.16-09.43.00:344][  0]LogInit: User: Shweta
[2018.07.16-09.43.00:344][  0]LogInit: CPU Page size=4096, Cores=2
[2018.07.16-09.43.00:344][  0]LogInit: High frequency timer resolution =2.835937 MHz
[2018.07.16-09.43.00:345][  0]LogMemory: Memory total: Physical=7.9GB (8GB approx)
[2018.07.16-09.43.00:345][  0]LogMemory: Platform Memory Stats for Windows
[2018.07.16-09.43.00:345][  0]LogMemory: Process Physical Memory: 272.77 MB used, 272.77 MB peak
[2018.07.16-09.43.00:345][  0]LogMemory: Process Virtual Memory: 266.01 MB used, 266.01 MB peak
[2018.07.16-09.43.00:345][  0]LogMemory: Physical Memory: 4197.62 MB used,  3876.79 MB free, 8074.41 MB total
[2018.07.16-09.43.00:345][  0]LogMemory: Virtual Memory: 4781.83 MB used,  3876.79 MB free, 134217728.00 MB total
[2018.07.16-09.43.00:370][  0]LogInit: Using OS detected language (en-US).
[2018.07.16-09.43.00:370][  0]LogInit: Using OS detected locale (en-US).
[2018.07.16-09.43.00:374][  0]LogTextLocalizationManager: No specific localization for 'en-US' exists, so the 'en' localization will be used.
[2018.07.16-09.43.00:773][  0]LogStreaming: Display: Took  0.404s to EndInitTextLocalization.
[2018.07.16-09.43.00:773][  0]LogInit: Setting process to per monitor DPI aware
[2018.07.16-09.43.00:807][  0]LogSlate: New Slate User Created.  User Index 0, Is Virtual User: 0
[2018.07.16-09.43.00:807][  0]LogSlate: Slate User Registered.  User Index 0, Is Virtual User: 0
[2018.07.16-09.43.01:028][  0]LogD3D11RHI: D3D11 adapters:
[2018.07.16-09.43.01:036][  0]LogD3D11RHI:    0. 'Intel(R) HD Graphics 620' (Feature Level 11_0)
[2018.07.16-09.43.01:036][  0]LogD3D11RHI:       128/0/4037 MB DedicatedVideo/DedicatedSystem/SharedSystem, Outputs:1, VendorId:0x8086
[2018.07.16-09.43.01:038][  0]LogD3D11RHI:    1. 'Microsoft Basic Render Driver' (Feature Level 11_0)
[2018.07.16-09.43.01:038][  0]LogD3D11RHI:       0/0/4037 MB DedicatedVideo/DedicatedSystem/SharedSystem, Outputs:0, VendorId:0x1414
[2018.07.16-09.43.01:038][  0]LogD3D11RHI: Chosen D3D11 Adapter: 0
[2018.07.16-09.43.01:044][  0]LogD3D11RHI: Creating new Direct3DDevice
[2018.07.16-09.43.01:044][  0]LogD3D11RHI:     GPU DeviceId: 0x5916 (for the marketing name, search the web for "GPU Device Id")
[2018.07.16-09.43.01:044][  0]LogWindows: EnumDisplayDevices:
[2018.07.16-09.43.01:044][  0]LogWindows:    0. 'Intel(R) HD Graphics 620' (P:1 D:1)
[2018.07.16-09.43.01:045][  0]LogWindows:    1. 'Intel(R) HD Graphics 620' (P:0 D:0)
[2018.07.16-09.43.01:045][  0]LogWindows:    2. 'Intel(R) HD Graphics 620' (P:0 D:0)
[2018.07.16-09.43.01:045][  0]LogWindows: DebugString: GetVideoDriverDetailsInvalid PrimaryIsNotTheChoosenAdapter GetVideoDriverDetailsInvalid PrimaryIsNotTheChoosenAdapter GetVideoDriverDetailsInvalid PrimaryIsNotTheChoosenAdapter FoundDriverCount:0 
[2018.07.16-09.43.01:045][  0]LogD3D11RHI:     Adapter Name: Intel(R) HD Graphics 620
[2018.07.16-09.43.01:045][  0]LogD3D11RHI:   Driver Version: Unknown (internal:Unknown, unified:Unknown)
[2018.07.16-09.43.01:045][  0]LogD3D11RHI:      Driver Date: Unknown
[2018.07.16-09.43.01:045][  0]LogRHI: Texture pool is 1502 MB (70% of 2146 MB)
[2018.07.16-09.43.01:051][  0]LogD3D11RHI: Async texture creation enabled
[2018.07.16-09.43.01:057][  0]LogD3D11RHI: GPU Timing Frequency: 12.000000 (Debug: 2 0)
[2018.07.16-09.43.01:058][  0]LogShaderCompilers: Guid format shader working directory is -65 characters bigger than the processId version (../../../../../../Users/Shweta/Documents/GitHub/theshwetapatil/Epic-Approved-UE4-Certification-UE4/ArchVisDemoV2/Intermediate/Shaders/WorkingDirectory/2408/).
[2018.07.16-09.43.01:058][  0]LogShaderCompilers: Cleaned the shader compiler working directory 'C:/Users/Shweta/AppData/Local/Temp/UnrealShaderWorkingDir/836F2DD44F59C00F32C9CBB4A1FB6C52/'.
[2018.07.16-09.43.01:259][  0]LogTemp: Display: Loaded TP AllDesktopTargetPlatform
[2018.07.16-09.43.01:271][  0]LogTemp: Display: Loaded TP MacClientTargetPlatform
[2018.07.16-09.43.01:284][  0]LogTemp: Display: Loaded TP MacNoEditorTargetPlatform
[2018.07.16-09.43.01:297][  0]LogTemp: Display: Loaded TP MacServerTargetPlatform
[2018.07.16-09.43.01:310][  0]LogTemp: Display: Loaded TP MacTargetPlatform
[2018.07.16-09.43.01:323][  0]LogTemp: Display: Loaded TP WindowsClientTargetPlatform
[2018.07.16-09.43.01:335][  0]LogTemp: Display: Loaded TP WindowsNoEditorTargetPlatform
[2018.07.16-09.43.01:350][  0]LogTemp: Display: Loaded TP WindowsServerTargetPlatform
[2018.07.16-09.43.01:356][  0]LogTemp: Display: Loaded TP WindowsTargetPlatform
[2018.07.16-09.43.01:368][  0]LogTemp: Display: Loaded TP Android_ASTCTargetPlatform
[2018.07.16-09.43.01:379][  0]LogTemp: Display: Loaded TP Android_ATCTargetPlatform
[2018.07.16-09.43.01:396][  0]LogTemp: Display: Loaded TP Android_DXTTargetPlatform
[2018.07.16-09.43.01:408][  0]LogTemp: Display: Loaded TP Android_ETC1aTargetPlatform
[2018.07.16-09.43.01:424][  0]LogTemp: Display: Loaded TP Android_ETC1TargetPlatform
[2018.07.16-09.43.01:436][  0]LogTemp: Display: Loaded TP Android_ETC2TargetPlatform
[2018.07.16-09.43.01:467][  0]LogTemp: Display: Loaded TP Android_MultiTargetPlatform
[2018.07.16-09.43.01:467][  0]LogTemp: Display: Loaded TP Android_PVRTCTargetPlatform
[2018.07.16-09.43.01:479][  0]LogTemp: Display: Loaded TP AndroidTargetPlatform
[2018.07.16-09.43.01:480][  0]LogTemp: Display: Loaded TP HTML5TargetPlatform
[2018.07.16-09.43.01:518][  0]LogTemp: Display: Loaded TP IOSTargetPlatform
[2018.07.16-09.43.01:529][  0]LogTemp: Display: Loaded TP TVOSTargetPlatform
[2018.07.16-09.43.01:540][  0]LogTemp: Display: Loaded TP LinuxClientTargetPlatform
[2018.07.16-09.43.01:551][  0]LogTemp: Display: Loaded TP LinuxNoEditorTargetPlatform
[2018.07.16-09.43.01:561][  0]LogTemp: Display: Loaded TP LinuxServerTargetPlatform
[2018.07.16-09.43.01:572][  0]LogTemp: Display: Loaded TP LinuxTargetPlatform
[2018.07.16-09.43.01:573][  0]LogTargetPlatformManager: Display: Building Assets For Windows
[2018.07.16-09.43.01:683][  0]LogXGEController: Cleaning working directory: C:/Users/Shweta/AppData/Local/Temp/UnrealXGEWorkingDir/
[2018.07.16-09.43.01:683][  0]LogXGEController: Cannot use XGE Controller as Incredibuild is not installed on this machine.
[2018.07.16-09.43.01:683][  0]LogShaderCompilers: Cannot use XGE Shader Compiler as Incredibuild is not installed on this machine.
[2018.07.16-09.43.01:683][  0]LogShaderCompilers: Display: Using Local Shader Compiler.
[2018.07.16-09.43.02:313][  0]LogDerivedDataCache: Display: Max Cache Size: 512 MB
[2018.07.16-09.43.02:395][  0]LogDerivedDataCache: Loaded boot cache 0.08s 74MB C:/Users/Shweta/AppData/Local/UnrealEngine/4.19/DerivedDataCache/Boot.ddc.
[2018.07.16-09.43.02:395][  0]LogDerivedDataCache: Display: Loaded Boot cache: C:/Users/Shweta/AppData/Local/UnrealEngine/4.19/DerivedDataCache/Boot.ddc
[2018.07.16-09.43.02:395][  0]LogDerivedDataCache: FDerivedDataBackendGraph:  Pak pak cache file ../../../../../../Users/Shweta/Documents/GitHub/theshwetapatil/Epic-Approved-UE4-Certification-UE4/ArchVisDemoV2/DerivedDataCache/DDC.ddp not found, will not use a pak cache.
[2018.07.16-09.43.02:395][  0]LogDerivedDataCache: Unable to find inner node Pak for hierarchical cache Hierarchy.
[2018.07.16-09.43.02:395][  0]LogDerivedDataCache: FDerivedDataBackendGraph:  CompressedPak pak cache file ../../../../../../Users/Shweta/Documents/GitHub/theshwetapatil/Epic-Approved-UE4-Certification-UE4/ArchVisDemoV2/DerivedDataCache/Compressed.ddp not found, will not use a pak cache.
[2018.07.16-09.43.02:395][  0]LogDerivedDataCache: Unable to find inner node CompressedPak for hierarchical cache Hierarchy.
[2018.07.16-09.43.02:414][  0]LogDerivedDataCache: Display: Pak cache opened for reading ../../../Engine/DerivedDataCache/Compressed.ddp.
[2018.07.16-09.43.02:427][  0]LogDerivedDataCache: Using Local data cache path C:/Users/Shweta/AppData/Local/UnrealEngine/Common/DerivedDataCache: Writable
[2018.07.16-09.43.02:427][  0]LogDerivedDataCache: Shared data cache path not found in *engine.ini, will not use an Shared cache.
[2018.07.16-09.43.02:427][  0]LogDerivedDataCache: Unable to find inner node Shared for hierarchical cache Hierarchy.
[2018.07.16-09.43.02:438][  0]LogMaterial: Verifying Global Shaders for PCD3D_SM5
[2018.07.16-09.43.02:438][  0]LogSlate: Using Freetype 2.6.0
[2018.07.16-09.43.02:439][  0]LogSlate: SlateFontCache - WITH_FREETYPE: 1, WITH_HARFBUZZ: 1
[2018.07.16-09.43.02:439][  0]LogSlate: SlateFontCache - WITH_FREETYPE: 1, WITH_HARFBUZZ: 1
[2018.07.16-09.43.02:565][  0]LogAssetRegistry: FAssetRegistry took 0.0264 seconds to start up
[2018.07.16-09.43.02:858][  0]LogInit: Selected Device Profile: [Windows]
[2018.07.16-09.43.02:991][  0]LogSimplygon: Simplygon DLL not present - disabling.
[2018.07.16-09.43.02:993][  0]LogMeshReduction: Using SimplygonSwarm for distributed automatic mesh merging
[2018.07.16-09.43.02:993][  0]LogMeshReduction: Using QuadricMeshReduction for automatic static mesh reduction
[2018.07.16-09.43.02:993][  0]LogMeshReduction: No automatic skeletal mesh reduction module available
[2018.07.16-09.43.02:993][  0]LogMeshReduction: No automatic mesh merging module available
[2018.07.16-09.43.02:993][  0]LogMeshMerging: No automatic mesh merging module available
[2018.07.16-09.43.03:021][  0]LogNetVersion: ArchVisDemo , NetCL: 3944462, EngineNetVer: 2, GameNetVer: 0 (Checksum: 677477482)
[2018.07.16-09.43.03:492][  0]LogPackageLocalizationCache: Processed 9 localized package path(s) for 2 prioritized culture(s) in 0.077079 seconds
[2018.07.16-09.43.03:498][  0]LogUObjectArray: 36728 objects as part of root set at end of initial load.
[2018.07.16-09.43.03:498][  0]LogUObjectAllocator: 7314304 out of 0 bytes used by permanent object pool.
[2018.07.16-09.43.03:498][  0]LogUObjectArray: CloseDisregardForGC: 0/0 objects in disregard for GC pool
[2018.07.16-09.43.05:009][  0]LogTcpMessaging: Initializing TcpMessaging bridge
[2018.07.16-09.43.05:038][  0]LogUdpMessaging: Initializing bridge on interface 0.0.0.0:0 to multicast group 230.0.0.1:6666.
[2018.07.16-09.43.05:383][  0]SourceControl: Source control is disabled
[2018.07.16-09.43.05:383][  0]SourceControl: Source control is disabled
[2018.07.16-09.43.05:405][  0]SourceControl: Source control is disabled
[2018.07.16-09.43.05:420][  0]SourceControl: Source control is disabled
[2018.07.16-09.43.05:885][  0]LogAndroidPermission: UAndroidPermissionCallbackProxy::GetInstance
[2018.07.16-09.43.06:009][  0]LogOcInput: OculusInput pre-init called
[2018.07.16-09.43.06:108][  0]LogEngine: Initializing Engine...
[2018.07.16-09.43.06:109][  0]LogHMD: Failed to initialize OpenVR with code 110
[2018.07.16-09.43.06:110][  0]LogStats: UGameplayTagsManager::ConstructGameplayTagTree: Construct from data asset -  0.000 s
[2018.07.16-09.43.06:110][  0]LogStats: UGameplayTagsManager::ConstructGameplayTagTree: GameplayTagTreeChangedEvent.Broadcast -  0.000 s
[2018.07.16-09.43.06:368][  0]LogAIModule: Creating AISystem for world Untitled
[2018.07.16-09.43.06:373][  0]LogInit: XAudio2 using 'Speaker/HP (Realtek High Definition Audio)' : 2 channels at 48 kHz using 32 bits per sample (channel mask 0x3)
[2018.07.16-09.43.06:381][  0]LogInit: FAudioDevice initialized.
[2018.07.16-09.43.06:608][  0]LogDerivedDataCache: Saved boot cache 0.23s 74MB C:/Users/Shweta/AppData/Local/UnrealEngine/4.19/DerivedDataCache/Boot.ddc.
[2018.07.16-09.43.06:636][  0]LogInit: Texture streaming: Enabled
[2018.07.16-09.43.06:662][  0]LogEngineSessionManager: EngineSessionManager initialized
[2018.07.16-09.43.06:662][  0]LogEngineSessionManager: EngineSessionManager sent abnormal shutdown report. Type=Crashed, SessionId={0BDAFE92-4F78-0BAB-5326-21A5712F8AD8}
[2018.07.16-09.43.06:674][  0]LogInit: Transaction tracking system initialized
[2018.07.16-09.43.06:696][  0]BlueprintLog: New page: Editor Load
[2018.07.16-09.43.06:763][  0]LocalizationService: Localization service is disabled
[2018.07.16-09.43.06:853][  0]LogConsoleResponse: Display: 
[2018.07.16-09.43.07:005][  0]LogCook: Display: Max memory allowance for cook 16384mb min free memory 0mb
[2018.07.16-09.43.07:005][  0]LogCook: Display: Mobile HDR setting 1
[2018.07.16-09.43.07:005][  0]LogGameplayTags: Display: UGameplayTagsManager::DoneAddingNativeTags. DelegateIsBound: 0
[2018.07.16-09.43.07:005][  0]LogStats: UGameplayTagsManager::ConstructGameplayTagTree: Construct from data asset -  0.000 s
[2018.07.16-09.43.07:005][  0]LogStats: UGameplayTagsManager::ConstructGameplayTagTree: GameplayTagTreeChangedEvent.Broadcast -  0.000 s
[2018.07.16-09.43.07:349][  0]LogFileCache: Scanning file cache for directory 'C:/Users/Shweta/Documents/GitHub/theshwetapatil/Epic-Approved-UE4-Certification-UE4/ArchVisDemoV2/Content/' took 0.02s
[2018.07.16-09.43.07:349][  0]SourceControl: Source control is disabled
[2018.07.16-09.43.07:349][  0]Cmd: MAP LOAD FILE="../../../Engine/Content/Maps/Templates/Template_Default.umap" TEMPLATE=1 SHOWPROGRESS=1 FEATURELEVEL=3
[2018.07.16-09.43.07:350][  0]LightingResults: New page: Lighting Build
[2018.07.16-09.43.07:352][  0]MapCheck: New page: Map Check
[2018.07.16-09.43.07:352][  0]LightingResults: New page: Lighting Build
[2018.07.16-09.43.07:533][  0]LogAIModule: Creating AISystem for world Untitled_1
[2018.07.16-09.43.07:538][  0]LogEditorServer: Finished looking for orphan Actors (0.000 secs)
[2018.07.16-09.43.07:560][  0]Cmd: MAP CHECKDEP NOCLEARLOG
[2018.07.16-09.43.07:604][  0]MapCheck: Map check complete: 0 Error(s), 0 Warning(s), took 43.365ms to complete.
[2018.07.16-09.43.07:604][  0]LogFileHelpers: Loading map 'Template_Default' took 0.254
[2018.07.16-09.43.07:744][  0]LogCollectionManager: Loaded 0 collections in 0.001756 seconds
[2018.07.16-09.43.07:784][  0]LogFileCache: Scanning file cache for directory 'C:/Users/Shweta/Documents/GitHub/theshwetapatil/Epic-Approved-UE4-Certification-UE4/ArchVisDemoV2/Saved/Collections/' took 0.01s
[2018.07.16-09.43.07:785][  0]LogFileCache: Scanning file cache for directory 'C:/Users/Shweta/Documents/GitHub/theshwetapatil/Epic-Approved-UE4-Certification-UE4/ArchVisDemoV2/Content/Developers/Shweta/Collections/' took 0.01s
[2018.07.16-09.43.07:785][  0]LogFileCache: Scanning file cache for directory 'C:/Users/Shweta/Documents/GitHub/theshwetapatil/Epic-Approved-UE4-Certification-UE4/ArchVisDemoV2/Content/Collections/' took 0.01s
[2018.07.16-09.43.07:785][  0]LogCollectionManager: Rebuilt the GUID cache for 0 collections in 0.000000 seconds
[2018.07.16-09.43.07:795][  0]LogContentBrowser: Native class hierarchy populated in 0.0102 seconds. Added 2452 classes and 558 folders.
[2018.07.16-09.43.07:802][  0]LogContentBrowser: Native class hierarchy updated for 'WidgetCarousel' in 0.0002 seconds. Added 0 classes and 0 folders.
[2018.07.16-09.43.07:842][  0]LogContentBrowser: Native class hierarchy updated for 'AddContentDialog' in 0.0002 seconds. Added 0 classes and 0 folders.
[2018.07.16-09.43.07:846][  0]LogContentBrowser: Native class hierarchy updated for 'SceneOutliner' in 0.0003 seconds. Added 1 classes and 2 folders.
[2018.07.16-09.43.07:860][  0]LogSlate: Took 0.000234 seconds to synchronously load lazily loaded font '../../../Engine/Content/Slate/Fonts/Roboto-Regular.ttf' (155K)
[2018.07.16-09.43.07:862][  0]LogSlate: Took 0.000239 seconds to synchronously load lazily loaded font '../../../Engine/Content/Slate/Fonts/Roboto-Bold.ttf' (160K)
[2018.07.16-09.43.07:869][  0]LogSlate: Took 0.000194 seconds to synchronously load lazily loaded font '../../../Engine/Content/Editor/Slate/Fonts/FontAwesome.ttf' (139K)
[2018.07.16-09.43.07:963][  0]LogRenderer: Reallocating scene render targets to support 796x372 Format 10 NumSamples 1 (Frame:1).
[2018.07.16-09.43.08:606][  0]LogContentBrowser: Native class hierarchy updated for 'HierarchicalLODOutliner' in 0.0002 seconds. Added 0 classes and 0 folders.
[2018.07.16-09.43.08:606][  0]LogLoad: (Engine Initialization) Total time: 10.49 seconds
[2018.07.16-09.43.08:606][  0]LogLoad: (Engine Initialization) Total Blueprint compile time: 0.00 seconds
[2018.07.16-09.43.08:624][  0]LogWindowsTextInputMethodSystem: Display: IME system now deactivated.
[2018.07.16-09.43.08:641][  0]LogContentStreaming: Texture pool size now 1000 MB
[2018.07.16-09.43.08:673][  1]LogAssetRegistry: Asset discovery search completed in 6.1300 seconds
[2018.07.16-09.43.08:675][  1]LogCollectionManager: Rebuilt the object cache for 0 collections in 0.000000 seconds (found 0 objects)
[2018.07.16-09.43.08:675][  1]LogCollectionManager: Fixed up redirectors for 0 collections in 0.000060 seconds (updated 0 objects)
[2018.07.16-09.43.10:949][ 68]LogSlate: FSceneViewport::OnFocusLost() reason 2
[2018.07.16-09.43.12:665][170]LogSlate: Took 0.000252 seconds to synchronously load lazily loaded font '../../../Engine/Content/Slate/Fonts/Roboto-Light.ttf' (167K)
[2018.07.16-09.43.12:713][171]LogSlate: FSceneViewport::OnFocusLost() reason 2
[2018.07.16-09.43.14:611][233]Cmd: MAP LOAD FILE="../../../../../../Users/Shweta/Documents/GitHub/theshwetapatil/Epic-Approved-UE4-Certification-UE4/ArchVisDemoV2/Content/Maps/_room.umap" TEMPLATE=0 SHOWPROGRESS=1 FEATURELEVEL=3
[2018.07.16-09.43.14:620][233]LogSlate: Took 0.001117 seconds to synchronously load lazily loaded font '../../../Engine/Content/Slate/Fonts/Roboto-Light.ttf' (167K)
[2018.07.16-09.43.14:650][233]LightingResults: New page: Lighting Build
[2018.07.16-09.43.14:652][233]LoadErrors: New page: Loading map: _room.umap
[2018.07.16-09.43.14:655][233]MapCheck: New page: Map Check
[2018.07.16-09.43.14:655][233]LightingResults: New page: Lighting Build
[2018.07.16-09.43.15:041][233]LogAIModule: Creating AISystem for world _room
[2018.07.16-09.43.15:053][233]LogEditorServer: Finished looking for orphan Actors (0.000 secs)
[2018.07.16-09.43.15:180][233]Cmd: MAP CHECKDEP NOCLEARLOG
[2018.07.16-09.43.15:241][233]MapCheck: Map check complete: 0 Error(s), 0 Warning(s), took 60.81ms to complete.
[2018.07.16-09.43.15:241][233]LogFileHelpers: Loading map '_room' took 0.632
[2018.07.16-09.43.15:243][233]LogSlate: Window 'Open Level' being destroyed
[2018.07.16-09.43.18:411][298]LogEditorViewport: Clicking on Actor (LMB): StaticMeshActor (SM_SlidingDoors)
[2018.07.16-09.43.21:944][398]LogSlate: FSceneViewport::OnFocusLost() reason 2
[2018.07.16-09.43.25:110][587]LogEditorViewport: Clicking Background
[2018.07.16-09.43.33:407][ 84]LogEditorViewport: Clicking on Actor (LMB): StaticMeshActor (SM_Balcony)
[2018.07.16-09.43.36:530][266]LogSlate: FSceneViewport::OnFocusLost() reason 0
[2018.07.16-09.43.53:052][717]LogD3D11RHI: Timed out while waiting for GPU to catch up. (0.5 s)
[2018.07.16-09.43.53:078][718]LogD3D11RHI: Error: Result failed 
 at D:\Build\++UE4+Release-4.19+Compile\Sync\Engine\Source\Runtime\Windows\D3D11RHI\Private\D3D11Viewport.cpp:303 
 with error DXGI_ERROR_DEVICE_REMOVED DXGI_ERROR_DEVICE_HUNG
[2018.07.16-09.43.53:078][718]LogWindows: Windows GetLastError: The operation completed successfully. (0)
[2018.07.16-09.43.53:659][718]LogWindows: Windows GetLastError: The operation completed successfully. (0)
[2018.07.16-09.43.53:659][718]LogWindows: Error: === Critical error: ===
[2018.07.16-09.43.53:659][718]LogWindows: Error: 
[2018.07.16-09.43.53:659][718]LogWindows: Error: Fatal error: [File:D:\Build\++UE4+Release-4.19+Compile\Sync\Engine\Source\Runtime\RenderCore\Private\RenderingThread.cpp] [Line: 819] 
[2018.07.16-09.43.53:659][718]LogWindows: Error: Rendering thread exception:
[2018.07.16-09.43.53:659][718]LogWindows: Error: Fatal error: [File:D:\Build\++UE4+Release-4.19+Compile\Sync\Engine\Source\Runtime\Windows\D3D11RHI\Private\D3D11Util.cpp] [Line: 182] 
[2018.07.16-09.43.53:659][718]LogWindows: Error: Unreal Engine is exiting due to D3D device being lost. (Error: 0x887A0006 - 'HUNG')
[2018.07.16-09.43.53:659][718]LogWindows: Error: 
[2018.07.16-09.43.53:659][718]LogWindows: Error: 
[2018.07.16-09.43.53:659][718]LogWindows: Error: [Callstack] 0x0000000018FCA388 KERNELBASE.dll!UnknownFunction []
[2018.07.16-09.43.53:659][718]LogWindows: Error: [Callstack] 0x0000000002607884 UE4Editor-ApplicationCore.dll!UnknownFunction []
[2018.07.16-09.43.53:659][718]LogWindows: Error: [Callstack] 0x00000000E6DE6D9B UE4Editor-Core.dll!UnknownFunction []
[2018.07.16-09.43.53:659][718]LogWindows: Error: [Callstack] 0x00000000E6D21949 UE4Editor-Core.dll!UnknownFunction []
[2018.07.16-09.43.53:659][718]LogWindows: Error: [Callstack] 0x00000000CDF6A0CF UE4Editor-D3D11RHI.dll!UnknownFunction []
[2018.07.16-09.43.53:659][718]LogWindows: Error: [Callstack] 0x00000000CDF6E5E0 UE4Editor-D3D11RHI.dll!UnknownFunction []
[2018.07.16-09.43.53:659][718]LogWindows: Error: [Callstack] 0x00000000CDF4D62A UE4Editor-D3D11RHI.dll!UnknownFunction []
[2018.07.16-09.43.53:659][718]LogWindows: Error: [Callstack] 0x00000000CDF4D58C UE4Editor-D3D11RHI.dll!UnknownFunction []
[2018.07.16-09.43.53:659][718]LogWindows: Error: [Callstack] 0x00000000CDF5AADF UE4Editor-D3D11RHI.dll!UnknownFunction []
[2018.07.16-09.43.53:659][718]LogWindows: Error: [Callstack] 0x000000000244F0B6 UE4Editor-RHI.dll!UnknownFunction []
[2018.07.16-09.43.53:659][718]LogWindows: Error: [Callstack] 0x00000000B5FE1FF8 UE4Editor-SlateRHIRenderer.dll!UnknownFunction []
[2018.07.16-09.43.53:659][718]LogWindows: Error: [Callstack] 0x00000000B5FE7C4C UE4Editor-SlateRHIRenderer.dll!UnknownFunction []
[2018.07.16-09.43.53:659][718]LogWindows: Error: [Callstack] 0x00000000E6BFB713 UE4Editor-Core.dll!UnknownFunction []
[2018.07.16-09.43.53:659][718]LogWindows: Error: [Callstack] 0x00000000E6BFBD3A UE4Editor-Core.dll!UnknownFunction []
[2018.07.16-09.43.53:659][718]LogWindows: Error: [Callstack] 0x0000000002C93CC9 UE4Editor-RenderCore.dll!UnknownFunction []
[2018.07.16-09.43.53:659][718]LogWindows: Error: [Callstack] 0x0000000002C94CF6 UE4Editor-RenderCore.dll!UnknownFunction []
[2018.07.16-09.43.53:659][718]LogWindows: Error: [Callstack] 0x00000000E6FC9FFC UE4Editor-Core.dll!UnknownFunction []
[2018.07.16-09.43.53:659][718]LogWindows: Error: [Callstack] 0x00000000E6FBED63 UE4Editor-Core.dll!UnknownFunction []
[2018.07.16-09.43.53:659][718]LogWindows: Error: [Callstack] 0x000000001BE83034 KERNEL32.DLL!UnknownFunction []
[2018.07.16-09.43.53:659][718]LogWindows: Error: [Callstack] 0x000000001C321431 ntdll.dll!UnknownFunction []
[2018.07.16-09.43.53:659][718]LogWindows: Error: [Callstack] 0x000000001C321431 ntdll.dll!UnknownFunction []
[2018.07.16-09.43.53:659][718]LogWindows: Error: 
[2018.07.16-09.43.53:659][718]LogWindows: Error: 
[2018.07.16-09.43.53:659][718]LogWindows: Error: 
[2018.07.16-09.43.53:659][718]LogWindows: Error: 
[2018.07.16-09.43.53:670][718]LogExit: Executing StaticShutdownAfterError
[2018.07.16-09.43.53:674][718]LogWindows: FPlatformMisc::RequestExit(1)
[2018.07.16-09.43.53:674][718]Log file closed, 07/16/18 15:13:53
